<?xml version="1.0" encoding="UTF-8"?>
<robot generator="Robot 7.2.2 (Python 3.11.9 on win32)" generated="2025-05-20T15:00:03.315147" rpa="false" schemaversion="5">
<suite id="s1" name="ExemplosEscoposVariaveis" source="C:\Users\rapha\OneDrive\Documentos\compassuol\Documentos\Semana 5\VariaveisEscoposArgumentos\VariaveisEscoposArgumentos\ExemplosEscoposVariaveis.robot">
<test id="s1-t1" name="Caso de teste de exemplo 01" line="9">
<kw name="Uma keyword qualquer 01">
<kw name="Generate Random String" owner="String">
<msg time="2025-05-20T15:00:03.475922" level="INFO">${GLOBAL_CRIADA_EM_TEMPO_EXECUCAO} = k8JIiYcS</msg>
<var>${GLOBAL_CRIADA_EM_TEMPO_EXECUCAO}</var>
<doc>Generates a string with a desired ``length`` from the given ``chars``.</doc>
<status status="PASS" start="2025-05-20T15:00:03.475922" elapsed="0.000000"/>
</kw>
<kw name="Set Global Variable" owner="BuiltIn">
<msg time="2025-05-20T15:00:03.477437" level="INFO">${GLOBAL_CRIADA_EM_TEMPO_EXECUCAO} = k8JIiYcS</msg>
<arg>${GLOBAL_CRIADA_EM_TEMPO_EXECUCAO}</arg>
<doc>Makes a variable available globally in all tests and suites.</doc>
<status status="PASS" start="2025-05-20T15:00:03.475922" elapsed="0.001515"/>
</kw>
<kw name="Set Suite Variable" owner="BuiltIn">
<msg time="2025-05-20T15:00:03.478554" level="INFO">${SUITE_CRIADA_EM_TEMPO_EXECUCAO} = Variável da suíte</msg>
<arg>${SUITE_CRIADA_EM_TEMPO_EXECUCAO}</arg>
<arg>Variável da suíte</arg>
<doc>Makes a variable available everywhere within the scope of the current suite.</doc>
<status status="PASS" start="2025-05-20T15:00:03.477437" elapsed="0.001117"/>
</kw>
<kw name="Set Test Variable" owner="BuiltIn">
<msg time="2025-05-20T15:00:03.478554" level="INFO">${TESTE_01} = Variável do teste 01</msg>
<arg>${TESTE_01}</arg>
<arg>Variável do teste 01</arg>
<doc>Makes a variable available everywhere within the scope of the current test.</doc>
<status status="PASS" start="2025-05-20T15:00:03.478554" elapsed="0.000000"/>
</kw>
<kw name="Log" owner="BuiltIn">
<msg time="2025-05-20T15:00:03.479556" level="INFO">Variável do teste 01</msg>
<arg>${TESTE_01}</arg>
<doc>Logs the given message with the given level.</doc>
<status status="PASS" start="2025-05-20T15:00:03.479556" elapsed="0.000000"/>
</kw>
<kw name="Set Variable" owner="BuiltIn">
<msg time="2025-05-20T15:00:03.479556" level="INFO">${LOCAL} = Variável local da keyword 01</msg>
<var>${LOCAL}</var>
<arg>Variável local da keyword 01</arg>
<doc>Returns the given values which can then be assigned to a variables.</doc>
<status status="PASS" start="2025-05-20T15:00:03.479556" elapsed="0.000000"/>
</kw>
<kw name="Log" owner="BuiltIn">
<msg time="2025-05-20T15:00:03.479556" level="INFO">Variável local da keyword 01</msg>
<arg>${LOCAL}</arg>
<doc>Logs the given message with the given level.</doc>
<status status="PASS" start="2025-05-20T15:00:03.479556" elapsed="0.000000"/>
</kw>
<status status="PASS" start="2025-05-20T15:00:03.452787" elapsed="0.026769"/>
</kw>
<kw name="Uma keyword qualquer 02">
<kw name="Set Variable" owner="BuiltIn">
<msg time="2025-05-20T15:00:03.480349" level="INFO">${LOCAL} = Variável local da keyword 02</msg>
<var>${LOCAL}</var>
<arg>Variável local da keyword 02</arg>
<doc>Returns the given values which can then be assigned to a variables.</doc>
<status status="PASS" start="2025-05-20T15:00:03.480349" elapsed="0.000000"/>
</kw>
<kw name="Log" owner="BuiltIn">
<msg time="2025-05-20T15:00:03.480349" level="INFO">Variável local da keyword 02</msg>
<arg>${LOCAL}</arg>
<doc>Logs the given message with the given level.</doc>
<status status="PASS" start="2025-05-20T15:00:03.480349" elapsed="0.000000"/>
</kw>
<kw name="Log" owner="BuiltIn">
<msg time="2025-05-20T15:00:03.481359" level="INFO">Minha variável GLOBAL_INSTANCIADA foi instanciada para a suíte / k8JIiYcS / Variável da suíte / Variável local da keyword 02</msg>
<arg>${GLOBAL_INSTANCIADA} / ${GLOBAL_CRIADA_EM_TEMPO_EXECUCAO} / ${SUITE_CRIADA_EM_TEMPO_EXECUCAO} / ${LOCAL}</arg>
<doc>Logs the given message with the given level.</doc>
<status status="PASS" start="2025-05-20T15:00:03.480349" elapsed="0.001010"/>
</kw>
<kw name="Log" owner="BuiltIn">
<msg time="2025-05-20T15:00:03.481359" level="INFO">Variável do teste 01</msg>
<arg>${TESTE_01}</arg>
<doc>Logs the given message with the given level.</doc>
<status status="PASS" start="2025-05-20T15:00:03.481359" elapsed="0.000000"/>
</kw>
<status status="PASS" start="2025-05-20T15:00:03.480349" elapsed="0.001010"/>
</kw>
<status status="PASS" start="2025-05-20T15:00:03.451776" elapsed="0.030006"/>
</test>
<test id="s1-t2" name="Caso de teste de exemplo 02" line="13">
<kw name="Uma keyword qualquer 02">
<kw name="Set Variable" owner="BuiltIn">
<msg time="2025-05-20T15:00:03.482901" level="INFO">${LOCAL} = Variável local da keyword 02</msg>
<var>${LOCAL}</var>
<arg>Variável local da keyword 02</arg>
<doc>Returns the given values which can then be assigned to a variables.</doc>
<status status="PASS" start="2025-05-20T15:00:03.482901" elapsed="0.000000"/>
</kw>
<kw name="Log" owner="BuiltIn">
<msg time="2025-05-20T15:00:03.482901" level="INFO">Variável local da keyword 02</msg>
<arg>${LOCAL}</arg>
<doc>Logs the given message with the given level.</doc>
<status status="PASS" start="2025-05-20T15:00:03.482901" elapsed="0.000000"/>
</kw>
<kw name="Log" owner="BuiltIn">
<msg time="2025-05-20T15:00:03.482901" level="INFO">Minha variável GLOBAL_INSTANCIADA foi instanciada para a suíte / k8JIiYcS / Variável da suíte / Variável local da keyword 02</msg>
<arg>${GLOBAL_INSTANCIADA} / ${GLOBAL_CRIADA_EM_TEMPO_EXECUCAO} / ${SUITE_CRIADA_EM_TEMPO_EXECUCAO} / ${LOCAL}</arg>
<doc>Logs the given message with the given level.</doc>
<status status="PASS" start="2025-05-20T15:00:03.482901" elapsed="0.000000"/>
</kw>
<kw name="Log" owner="BuiltIn">
<msg time="2025-05-20T15:00:03.483903" level="FAIL">Variable '${TESTE_01}' not found.</msg>
<arg>${TESTE_01}</arg>
<doc>Logs the given message with the given level.</doc>
<status status="FAIL" start="2025-05-20T15:00:03.482901" elapsed="0.001002">Variable '${TESTE_01}' not found.</status>
</kw>
<status status="FAIL" start="2025-05-20T15:00:03.482901" elapsed="0.001002">Variable '${TESTE_01}' not found.</status>
</kw>
<kw name="Uma keyword qualquer 03">
<status status="NOT RUN" start="2025-05-20T15:00:03.484347" elapsed="0.000000"/>
</kw>
<status status="FAIL" start="2025-05-20T15:00:03.482499" elapsed="0.002103">Variable '${TESTE_01}' not found.</status>
</test>
<test id="s1-t3" name="Caso de teste de exemplo 03" line="17">
<kw name="Uma keyword qualquer 04">
<kw name="Set Variable" owner="BuiltIn">
<msg time="2025-05-20T15:00:03.486245" level="INFO">${LOCAL} = Variável local da keyword 04</msg>
<var>${LOCAL}</var>
<arg>Variável local da keyword 04</arg>
<doc>Returns the given values which can then be assigned to a variables.</doc>
<status status="PASS" start="2025-05-20T15:00:03.486245" elapsed="0.000000"/>
</kw>
<kw name="Log" owner="BuiltIn">
<msg time="2025-05-20T15:00:03.486245" level="INFO">Variável local da keyword 04</msg>
<arg>${LOCAL}</arg>
<doc>Logs the given message with the given level.</doc>
<status status="PASS" start="2025-05-20T15:00:03.486245" elapsed="0.000000"/>
</kw>
<kw name="Log" owner="BuiltIn">
<msg time="2025-05-20T15:00:03.486245" level="INFO">Minha variável GLOBAL_INSTANCIADA foi instanciada para a suíte / k8JIiYcS / Variável da suíte / Variável local da keyword 04</msg>
<arg>${GLOBAL_INSTANCIADA} / ${GLOBAL_CRIADA_EM_TEMPO_EXECUCAO} / ${SUITE_CRIADA_EM_TEMPO_EXECUCAO} / ${LOCAL}</arg>
<doc>Logs the given message with the given level.</doc>
<status status="PASS" start="2025-05-20T15:00:03.486245" elapsed="0.000000"/>
</kw>
<status status="PASS" start="2025-05-20T15:00:03.485236" elapsed="0.001009"/>
</kw>
<status status="PASS" start="2025-05-20T15:00:03.485236" elapsed="0.001009"/>
</test>
<doc>Exemplo de escopo de variáveis: GLOBAIS, SUITE, TESTE (test case) e LOCAL (keyword)</doc>
<status status="FAIL" start="2025-05-20T15:00:03.331317" elapsed="0.156436"/>
</suite>
<statistics>
<total>
<stat pass="2" fail="1" skip="0">All Tests</stat>
</total>
<tag>
</tag>
<suite>
<stat name="ExemplosEscoposVariaveis" id="s1" pass="2" fail="1" skip="0">ExemplosEscoposVariaveis</stat>
</suite>
</statistics>
<errors>
<msg time="2025-05-20T15:00:03.081810" level="WARN">Error in file 'C:\Users\rapha\OneDrive\Documentos\compassuol\Documentos\Semana 5\VariaveisEscoposArgumentos\VariaveisEscoposArgumentos\ExemplosEscoposVariaveis.robot' on line 5: Singular section headers like '*** Variable ***' are deprecated. Use plural format like '*** Variables ***' instead.</msg>
</errors>
</robot>
