<?xml version="1.0" encoding="UTF-8"?>
<robot generator="Robot 7.2.2 (Python 3.11.9 on win32)" generated="2025-05-23T09:32:49.728662" rpa="false" schemaversion="5">
<suite id="s1" name="Tests" source="C:\Users\rapha\OneDrive\Documentos\compassuol\Documentos\Semana 10\API Reqres\Robot teste\tests.robot">
<test id="s1-t1" name="Cenario Registrar Usuario Com Dados Validos" line="10">
<kw name="Criar Sessao" owner="base">
<kw name="Create Dictionary" owner="BuiltIn">
<msg time="2025-05-23T09:32:50.245936" level="INFO">${headers} = {'x-api-key': 'reqres-free-v1'}</msg>
<var>${headers}</var>
<arg>x-api-key=${API_KEY}</arg>
<doc>Creates and returns a dictionary based on the given ``items``.</doc>
<status status="PASS" start="2025-05-23T09:32:50.245936" elapsed="0.000000"/>
</kw>
<kw name="Create Session" owner="RequestsLibrary">
<msg time="2025-05-23T09:32:50.245936" level="INFO">Creating Session using : alias=reqres, url=https://reqres.in/api, headers={'x-api-key': 'reqres-free-v1'},                     cookies={}, auth=None, timeout=None, proxies=None, verify=False,                     debug=0 </msg>
<arg>${SESSION_NAME}</arg>
<arg>${BASE_URL}</arg>
<arg>headers=${headers}</arg>
<doc>Create Session: create a HTTP session to a server</doc>
<status status="PASS" start="2025-05-23T09:32:50.245936" elapsed="0.000000"/>
</kw>
<status status="PASS" start="2025-05-23T09:32:50.242222" elapsed="0.003714"/>
</kw>
<kw name="Registrar Usuario" owner="POST_keywords">
<kw name="Set Variable" owner="BuiltIn">
<msg time="2025-05-23T09:32:50.245936" level="INFO">${endpoint} = /register</msg>
<var>${endpoint}</var>
<arg>/register</arg>
<doc>Returns the given values which can then be assigned to a variables.</doc>
<status status="PASS" start="2025-05-23T09:32:50.245936" elapsed="0.000000"/>
</kw>
<kw name="Create Dictionary" owner="BuiltIn">
<msg time="2025-05-23T09:32:50.245936" level="INFO">&amp;{payload} = { email=eve.holt@reqres.in | password=pistol }</msg>
<var>&amp;{payload}</var>
<arg>email=${email}</arg>
<arg>password=${password}</arg>
<doc>Creates and returns a dictionary based on the given ``items``.</doc>
<status status="PASS" start="2025-05-23T09:32:50.245936" elapsed="0.000000"/>
</kw>
<kw name="Create Dictionary" owner="BuiltIn">
<msg time="2025-05-23T09:32:50.245936" level="INFO">&amp;{headers} = { Content-Type=application/json | Accept=application/json }</msg>
<var>&amp;{headers}</var>
<arg>Content-Type=application/json</arg>
<arg>Accept=application/json</arg>
<doc>Creates and returns a dictionary based on the given ``items``.</doc>
<status status="PASS" start="2025-05-23T09:32:50.245936" elapsed="0.000000"/>
</kw>
<kw name="POST On Session" owner="RequestsLibrary">
<msg time="2025-05-23T09:32:50.765969" level="INFO">POST Request : url=https://reqres.in/api/register 
 path_url=/api/register 
 headers={'User-Agent': 'python-requests/2.32.3', 'Accept-Encoding': 'gzip, deflate', 'Accept': 'application/json', 'Connection': 'keep-alive', 'x-api-key': 'reqres-free-v1', 'Content-Type': 'application/json', 'Content-Length': '53'} 
 body=b'{"email": "eve.holt@reqres.in", "password": "pistol"}' 
 </msg>
<msg time="2025-05-23T09:32:50.765969" level="INFO">POST Response : url=https://reqres.in/api/register 
 status=200, reason=OK 
 headers={'Date': 'Fri, 23 May 2025 12:32:51 GMT', 'Content-Type': 'application/json; charset=utf-8', 'Transfer-Encoding': 'chunked', 'Connection': 'keep-alive', 'Server': 'cloudflare', 'Cf-Ray': '944494113cae09d3-SJK', 'Report-To': '{"group":"heroku-nel","max_age":3600,"endpoints":[{"url":"https://nel.heroku.com/reports?ts=1748003571&amp;sid=c4c9725f-1ab0-44d8-820f-430df2718e11&amp;s=eOadaY%2FZgTtxGKI%2FSy%2FqRC7ioH5Ekltc0EQshthpEPo%3D"}]}', 'Reporting-Endpoints': 'heroku-nel=https://nel.heroku.com/reports?ts=1748003571&amp;sid=c4c9725f-1ab0-44d8-820f-430df2718e11&amp;s=eOadaY%2FZgTtxGKI%2FSy%2FqRC7ioH5Ekltc0EQshthpEPo%3D', 'Nel': '{"report_to":"heroku-nel","max_age":3600,"success_fraction":0.005,"failure_fraction":0.05,"response_headers":["Via"]}', 'X-Powered-By': 'Express', 'Access-Control-Allow-Origin': '*', 'Ratelimit-Policy': '100;w=60', 'Ratelimit-Limit': '100', 'Ratelimit-Remaining': '98', 'Ratelimit-Reset': '60', 'Etag': 'W/"24-4iP0za1geN2he+ohu8F0FhCjLks"', 'Via': '1.1 vegur', 'Cf-Cache-Status': 'DYNAMIC', 'Content-Encoding': 'gzip', 'server-timing': 'cfL4;desc="?proto=TCP&amp;rtt=4833&amp;min_rtt=3973&amp;rtt_var=3210&amp;sent=5&amp;recv=6&amp;lost=0&amp;retrans=0&amp;sent_bytes=2837&amp;recv_bytes=939&amp;delivery_rate=390198&amp;cwnd=252&amp;unsent_bytes=0&amp;cid=8037d2b984dc2585&amp;ts=442&amp;x=0"'} 
 body={"id":4,"token":"QpwL5tke4Pnpja7X4"} 
 </msg>
<msg time="2025-05-23T09:32:50.765969" level="INFO">C:\Users\rapha\AppData\Local\Packages\PythonSoftwareFoundation.Python.3.11_qbz5n2kfra8p0\LocalCache\local-packages\Python311\site-packages\urllib3\connectionpool.py:1099: InsecureRequestWarning: Unverified HTTPS request is being made to host 'reqres.in'. Adding certificate verification is strongly advised. See: https://urllib3.readthedocs.io/en/latest/advanced-usage.html#tls-warnings
  warnings.warn(</msg>
<msg time="2025-05-23T09:32:50.765969" level="INFO">${response} = &lt;Response [200]&gt;</msg>
<var>${response}</var>
<arg>${SESSION_NAME}</arg>
<arg>${endpoint}</arg>
<arg>json=${payload}</arg>
<arg>headers=${headers}</arg>
<arg>expected_status=ANY</arg>
<doc>Sends a POST request on a previously created HTTP Session.</doc>
<status status="PASS" start="2025-05-23T09:32:50.245936" elapsed="0.520033"/>
</kw>
<kw name="Set Suite Variable" owner="BuiltIn">
<msg time="2025-05-23T09:32:50.765969" level="INFO">${response} = &lt;Response [200]&gt;</msg>
<arg>${response}</arg>
<doc>Makes a variable available everywhere within the scope of the current suite.</doc>
<status status="PASS" start="2025-05-23T09:32:50.765969" elapsed="0.000000"/>
</kw>
<arg>eve.holt@reqres.in</arg>
<arg>pistol</arg>
<status status="PASS" start="2025-05-23T09:32:50.245936" elapsed="0.520033"/>
</kw>
<kw name="Validar Status Code" owner="base">
<kw name="Should Be Equal As Integers" owner="BuiltIn">
<msg time="2025-05-23T09:32:50.765969" level="INFO">Argument types are:
&lt;class 'int'&gt;
&lt;class 'str'&gt;</msg>
<arg>${response.status_code}</arg>
<arg>${status_code}</arg>
<doc>Fails if objects are unequal after converting them to integers.</doc>
<status status="PASS" start="2025-05-23T09:32:50.765969" elapsed="0.000000"/>
</kw>
<arg>200</arg>
<status status="PASS" start="2025-05-23T09:32:50.765969" elapsed="0.000000"/>
</kw>
<kw name="Validar Campo No Corpo Da Resposta" owner="POST_keywords">
<kw name="Dictionary Should Contain Key" owner="Collections">
<arg>${response.json()}</arg>
<arg>${campo}</arg>
<doc>Fails if ``key`` is not found from ``dictionary``.</doc>
<status status="PASS" start="2025-05-23T09:32:50.781641" elapsed="0.000000"/>
</kw>
<arg>token</arg>
<status status="PASS" start="2025-05-23T09:32:50.765969" elapsed="0.015672"/>
</kw>
<status status="PASS" start="2025-05-23T09:32:50.242222" elapsed="0.539419"/>
</test>
<test id="s1-t2" name="Cenario Registrar Usuario Com Dados Incompletos" line="16">
<kw name="Criar Sessao" owner="base">
<kw name="Create Dictionary" owner="BuiltIn">
<msg time="2025-05-23T09:32:50.781641" level="INFO">${headers} = {'x-api-key': 'reqres-free-v1'}</msg>
<var>${headers}</var>
<arg>x-api-key=${API_KEY}</arg>
<doc>Creates and returns a dictionary based on the given ``items``.</doc>
<status status="PASS" start="2025-05-23T09:32:50.781641" elapsed="0.000000"/>
</kw>
<kw name="Create Session" owner="RequestsLibrary">
<msg time="2025-05-23T09:32:50.781641" level="INFO">Creating Session using : alias=reqres, url=https://reqres.in/api, headers={'x-api-key': 'reqres-free-v1'},                     cookies={}, auth=None, timeout=None, proxies=None, verify=False,                     debug=0 </msg>
<arg>${SESSION_NAME}</arg>
<arg>${BASE_URL}</arg>
<arg>headers=${headers}</arg>
<doc>Create Session: create a HTTP session to a server</doc>
<status status="PASS" start="2025-05-23T09:32:50.781641" elapsed="0.000000"/>
</kw>
<status status="PASS" start="2025-05-23T09:32:50.781641" elapsed="0.000000"/>
</kw>
<kw name="Registrar Usuario" owner="POST_keywords">
<kw name="Set Variable" owner="BuiltIn">
<msg time="2025-05-23T09:32:50.781641" level="INFO">${endpoint} = /register</msg>
<var>${endpoint}</var>
<arg>/register</arg>
<doc>Returns the given values which can then be assigned to a variables.</doc>
<status status="PASS" start="2025-05-23T09:32:50.781641" elapsed="0.000000"/>
</kw>
<kw name="Create Dictionary" owner="BuiltIn">
<msg time="2025-05-23T09:32:50.781641" level="INFO">&amp;{payload} = { email= | password= }</msg>
<var>&amp;{payload}</var>
<arg>email=${email}</arg>
<arg>password=${password}</arg>
<doc>Creates and returns a dictionary based on the given ``items``.</doc>
<status status="PASS" start="2025-05-23T09:32:50.781641" elapsed="0.000000"/>
</kw>
<kw name="Create Dictionary" owner="BuiltIn">
<msg time="2025-05-23T09:32:50.781641" level="INFO">&amp;{headers} = { Content-Type=application/json | Accept=application/json }</msg>
<var>&amp;{headers}</var>
<arg>Content-Type=application/json</arg>
<arg>Accept=application/json</arg>
<doc>Creates and returns a dictionary based on the given ``items``.</doc>
<status status="PASS" start="2025-05-23T09:32:50.781641" elapsed="0.000000"/>
</kw>
<kw name="POST On Session" owner="RequestsLibrary">
<msg time="2025-05-23T09:32:51.247336" level="INFO">POST Request : url=https://reqres.in/api/register 
 path_url=/api/register 
 headers={'User-Agent': 'python-requests/2.32.3', 'Accept-Encoding': 'gzip, deflate', 'Accept': 'application/json', 'Connection': 'keep-alive', 'x-api-key': 'reqres-free-v1', 'Content-Type': 'application/json', 'Content-Length': '29'} 
 body=b'{"email": "", "password": ""}' 
 </msg>
<msg time="2025-05-23T09:32:51.250055" level="INFO">POST Response : url=https://reqres.in/api/register 
 status=400, reason=Bad Request 
 headers={'Date': 'Fri, 23 May 2025 12:32:52 GMT', 'Content-Type': 'application/json; charset=utf-8', 'Content-Length': '37', 'Connection': 'keep-alive', 'Server': 'cloudflare', 'Cf-Ray': '94449414480009d3-SJK', 'Report-To': '{"group":"heroku-nel","max_age":3600,"endpoints":[{"url":"https://nel.heroku.com/reports?ts=1748003572&amp;sid=c4c9725f-1ab0-44d8-820f-430df2718e11&amp;s=NB%2BOaaHvMCrbiRiWBM6jG5QWSDM9bzLznAPf%2FQfMDUw%3D"}]}', 'Reporting-Endpoints': 'heroku-nel=https://nel.heroku.com/reports?ts=1748003572&amp;sid=c4c9725f-1ab0-44d8-820f-430df2718e11&amp;s=NB%2BOaaHvMCrbiRiWBM6jG5QWSDM9bzLznAPf%2FQfMDUw%3D', 'Nel': '{"report_to":"heroku-nel","max_age":3600,"success_fraction":0.005,"failure_fraction":0.05,"response_headers":["Via"]}', 'X-Powered-By': 'Express', 'Access-Control-Allow-Origin': '*', 'Ratelimit-Policy': '100;w=60', 'Ratelimit-Limit': '100', 'Ratelimit-Remaining': '96', 'Ratelimit-Reset': '60', 'Etag': 'W/"25-Ik70kof1lbc973ShN5FoVPxYn7A"', 'Via': '1.1 vegur', 'Cf-Cache-Status': 'DYNAMIC', 'server-timing': 'cfL4;desc="?proto=TCP&amp;rtt=4596&amp;min_rtt=3952&amp;rtt_var=2770&amp;sent=5&amp;recv=5&amp;lost=0&amp;retrans=0&amp;sent_bytes=2837&amp;recv_bytes=915&amp;delivery_rate=465187&amp;cwnd=252&amp;unsent_bytes=0&amp;cid=540b454f0d694a4b&amp;ts=417&amp;x=0"'} 
 body={"error":"Missing email or username"} 
 </msg>
<msg time="2025-05-23T09:32:51.250055" level="INFO">C:\Users\rapha\AppData\Local\Packages\PythonSoftwareFoundation.Python.3.11_qbz5n2kfra8p0\LocalCache\local-packages\Python311\site-packages\urllib3\connectionpool.py:1099: InsecureRequestWarning: Unverified HTTPS request is being made to host 'reqres.in'. Adding certificate verification is strongly advised. See: https://urllib3.readthedocs.io/en/latest/advanced-usage.html#tls-warnings
  warnings.warn(</msg>
<msg time="2025-05-23T09:32:51.250055" level="INFO">${response} = &lt;Response [400]&gt;</msg>
<var>${response}</var>
<arg>${SESSION_NAME}</arg>
<arg>${endpoint}</arg>
<arg>json=${payload}</arg>
<arg>headers=${headers}</arg>
<arg>expected_status=ANY</arg>
<doc>Sends a POST request on a previously created HTTP Session.</doc>
<status status="PASS" start="2025-05-23T09:32:50.781641" elapsed="0.468414"/>
</kw>
<kw name="Set Suite Variable" owner="BuiltIn">
<msg time="2025-05-23T09:32:51.250055" level="INFO">${response} = &lt;Response [400]&gt;</msg>
<arg>${response}</arg>
<doc>Makes a variable available everywhere within the scope of the current suite.</doc>
<status status="PASS" start="2025-05-23T09:32:51.250055" elapsed="0.000000"/>
</kw>
<arg>${EMPTY}</arg>
<arg>${EMPTY}</arg>
<status status="PASS" start="2025-05-23T09:32:50.781641" elapsed="0.468414"/>
</kw>
<kw name="Validar Status Code" owner="base">
<kw name="Should Be Equal As Integers" owner="BuiltIn">
<msg time="2025-05-23T09:32:51.250055" level="INFO">Argument types are:
&lt;class 'int'&gt;
&lt;class 'str'&gt;</msg>
<arg>${response.status_code}</arg>
<arg>${status_code}</arg>
<doc>Fails if objects are unequal after converting them to integers.</doc>
<status status="PASS" start="2025-05-23T09:32:51.250055" elapsed="0.000000"/>
</kw>
<arg>400</arg>
<status status="PASS" start="2025-05-23T09:32:51.250055" elapsed="0.000000"/>
</kw>
<kw name="Validar Campo No Corpo Da Resposta" owner="POST_keywords">
<kw name="Dictionary Should Contain Key" owner="Collections">
<arg>${response.json()}</arg>
<arg>${campo}</arg>
<doc>Fails if ``key`` is not found from ``dictionary``.</doc>
<status status="PASS" start="2025-05-23T09:32:51.250055" elapsed="0.000000"/>
</kw>
<arg>error</arg>
<status status="PASS" start="2025-05-23T09:32:51.250055" elapsed="0.000000"/>
</kw>
<status status="PASS" start="2025-05-23T09:32:50.781641" elapsed="0.468414"/>
</test>
<test id="s1-t3" name="Cenario Obter Usuario" line="22">
<kw name="Criar Sessao" owner="base">
<kw name="Create Dictionary" owner="BuiltIn">
<msg time="2025-05-23T09:32:51.261063" level="INFO">${headers} = {'x-api-key': 'reqres-free-v1'}</msg>
<var>${headers}</var>
<arg>x-api-key=${API_KEY}</arg>
<doc>Creates and returns a dictionary based on the given ``items``.</doc>
<status status="PASS" start="2025-05-23T09:32:51.261063" elapsed="0.000000"/>
</kw>
<kw name="Create Session" owner="RequestsLibrary">
<msg time="2025-05-23T09:32:51.262310" level="INFO">Creating Session using : alias=reqres, url=https://reqres.in/api, headers={'x-api-key': 'reqres-free-v1'},                     cookies={}, auth=None, timeout=None, proxies=None, verify=False,                     debug=0 </msg>
<arg>${SESSION_NAME}</arg>
<arg>${BASE_URL}</arg>
<arg>headers=${headers}</arg>
<doc>Create Session: create a HTTP session to a server</doc>
<status status="PASS" start="2025-05-23T09:32:51.261063" elapsed="0.001247"/>
</kw>
<status status="PASS" start="2025-05-23T09:32:51.250055" elapsed="0.012776"/>
</kw>
<kw name="GET Usuarios" owner="GET_keywords">
<kw name="GET On Session" owner="RequestsLibrary">
<msg time="2025-05-23T09:32:51.342439" level="INFO">GET Request : url=https://reqres.in/api/users 
 path_url=/api/users 
 headers={'User-Agent': 'python-requests/2.32.3', 'Accept-Encoding': 'gzip, deflate', 'Accept': '*/*', 'Connection': 'keep-alive', 'x-api-key': 'reqres-free-v1'} 
 body=None 
 </msg>
<msg time="2025-05-23T09:32:51.342439" level="INFO">GET Response : url=https://reqres.in/api/users 
 status=200, reason=OK 
 headers={'Date': 'Fri, 23 May 2025 12:32:52 GMT', 'Content-Type': 'application/json; charset=utf-8', 'Transfer-Encoding': 'chunked', 'Connection': 'keep-alive', 'Cf-Ray': '944494174b8409d3-SJK', 'Server': 'cloudflare', 'Content-Encoding': 'gzip', 'Report-To': '{"group":"heroku-nel","max_age":3600,"endpoints":[{"url":"https://nel.heroku.com/reports?ts=1747962765&amp;sid=c4c9725f-1ab0-44d8-820f-430df2718e11&amp;s=FQ8XjPpZxhDIaCyhKsDhz%2FOW%2BDalvDGOdNUw9tA9Kz0%3D"}]}', 'Reporting-Endpoints': 'heroku-nel=https://nel.heroku.com/reports?ts=1747962765&amp;sid=c4c9725f-1ab0-44d8-820f-430df2718e11&amp;s=FQ8XjPpZxhDIaCyhKsDhz%2FOW%2BDalvDGOdNUw9tA9Kz0%3D', 'Nel': '{"report_to":"heroku-nel","max_age":3600,"success_fraction":0.005,"failure_fraction":0.05,"response_headers":["Via"]}', 'X-Powered-By': 'Express', 'Access-Control-Allow-Origin': '*', 'Ratelimit-Policy': '100;w=60', 'Ratelimit-Limit': '100', 'Ratelimit-Remaining': '98', 'Ratelimit-Reset': '60', 'Etag': 'W/"41e-bY3U72nulxuwNd/TmihMEHjLmek"', 'Via': '1.1 vegur', 'Cache-Control': 'max-age=14400', 'Cf-Cache-Status': 'HIT', 'Age': '4706', 'Vary': 'Accept-Encoding', 'server-timing': 'cfL4;desc="?proto=TCP&amp;rtt=4718&amp;min_rtt=3964&amp;rtt_var=2995&amp;sent=5&amp;recv=5&amp;lost=0&amp;retrans=0&amp;sent_bytes=2837&amp;recv_bytes=795&amp;delivery_rate=423557&amp;cwnd=252&amp;unsent_bytes=0&amp;cid=5aa6032402cc5c8e&amp;ts=37&amp;x=0"'} 
 body={"page":1,"per_page":6,"total":12,"total_pages":2,"data":[{"id":1,"email":"george.bluth@reqres.in","first_name":"George","last_name":"Bluth","avatar":"https://reqres.in/img/faces/1-image.jpg"},{"id":2,"email":"janet.weaver@reqres.in","first_name":"Janet","last_name":"Weaver","avatar":"https://reqres.in/img/faces/2-image.jpg"},{"id":3,"email":"emma.wong@reqres.in","first_name":"Emma","last_name":"Wong","avatar":"https://reqres.in/img/faces/3-image.jpg"},{"id":4,"email":"eve.holt@reqres.in","first_name":"Eve","last_name":"Holt","avatar":"https://reqres.in/img/faces/4-image.jpg"},{"id":5,"email":"charles.morris@reqres.in","first_name":"Charles","last_name":"Morris","avatar":"https://reqres.in/img/faces/5-image.jpg"},{"id":6,"email":"tracey.ramos@reqres.in","first_name":"Tracey","last_name":"Ramos","avatar":"https://reqres.in/img/faces/6-image.jpg"}],"support":{"url":"https://contentcaddy.io?utm_source=reqres&amp;utm_medium=json&amp;utm_campaign=referral","text":"Tired of writing endless social media content? Let Content Caddy generate it for you."}} 
 </msg>
<msg time="2025-05-23T09:32:51.342439" level="INFO">C:\Users\rapha\AppData\Local\Packages\PythonSoftwareFoundation.Python.3.11_qbz5n2kfra8p0\LocalCache\local-packages\Python311\site-packages\urllib3\connectionpool.py:1099: InsecureRequestWarning: Unverified HTTPS request is being made to host 'reqres.in'. Adding certificate verification is strongly advised. See: https://urllib3.readthedocs.io/en/latest/advanced-usage.html#tls-warnings
  warnings.warn(</msg>
<msg time="2025-05-23T09:32:51.342439" level="INFO">${response} = &lt;Response [200]&gt;</msg>
<var>${response}</var>
<arg>${SESSION_NAME}</arg>
<arg>/users</arg>
<doc>Sends a GET request on a previously created HTTP Session.</doc>
<status status="PASS" start="2025-05-23T09:32:51.263527" elapsed="0.078912"/>
</kw>
<kw name="Set Suite Variable" owner="BuiltIn">
<msg time="2025-05-23T09:32:51.342439" level="INFO">${response} = &lt;Response [200]&gt;</msg>
<arg>${response}</arg>
<doc>Makes a variable available everywhere within the scope of the current suite.</doc>
<status status="PASS" start="2025-05-23T09:32:51.342439" elapsed="0.000000"/>
</kw>
<status status="PASS" start="2025-05-23T09:32:51.262831" elapsed="0.079608"/>
</kw>
<kw name="Validar Status Code" owner="base">
<kw name="Should Be Equal As Integers" owner="BuiltIn">
<msg time="2025-05-23T09:32:51.348409" level="INFO">Argument types are:
&lt;class 'int'&gt;
&lt;class 'str'&gt;</msg>
<arg>${response.status_code}</arg>
<arg>${status_code}</arg>
<doc>Fails if objects are unequal after converting them to integers.</doc>
<status status="PASS" start="2025-05-23T09:32:51.342439" elapsed="0.005970"/>
</kw>
<arg>200</arg>
<status status="PASS" start="2025-05-23T09:32:51.342439" elapsed="0.005970"/>
</kw>
<status status="PASS" start="2025-05-23T09:32:51.250055" elapsed="0.098354"/>
</test>
<test id="s1-t4" name="Cenario Deletar Usuario" line="27">
<kw name="Criar Sessao" owner="base">
<kw name="Create Dictionary" owner="BuiltIn">
<msg time="2025-05-23T09:32:51.349091" level="INFO">${headers} = {'x-api-key': 'reqres-free-v1'}</msg>
<var>${headers}</var>
<arg>x-api-key=${API_KEY}</arg>
<doc>Creates and returns a dictionary based on the given ``items``.</doc>
<status status="PASS" start="2025-05-23T09:32:51.349091" elapsed="0.000000"/>
</kw>
<kw name="Create Session" owner="RequestsLibrary">
<msg time="2025-05-23T09:32:51.349091" level="INFO">Creating Session using : alias=reqres, url=https://reqres.in/api, headers={'x-api-key': 'reqres-free-v1'},                     cookies={}, auth=None, timeout=None, proxies=None, verify=False,                     debug=0 </msg>
<arg>${SESSION_NAME}</arg>
<arg>${BASE_URL}</arg>
<arg>headers=${headers}</arg>
<doc>Create Session: create a HTTP session to a server</doc>
<status status="PASS" start="2025-05-23T09:32:51.349091" elapsed="0.000000"/>
</kw>
<status status="PASS" start="2025-05-23T09:32:51.349091" elapsed="0.000000"/>
</kw>
<kw name="DELETE Usuario Por ID" owner="DELETE_keywords">
<kw name="DELETE On Session" owner="RequestsLibrary">
<msg time="2025-05-23T09:32:51.804802" level="INFO">DELETE Request : url=https://reqres.in/api/users/2 
 path_url=/api/users/2 
 headers={'User-Agent': 'python-requests/2.32.3', 'Accept-Encoding': 'gzip, deflate', 'Accept': '*/*', 'Connection': 'keep-alive', 'x-api-key': 'reqres-free-v1', 'Content-Length': '0'} 
 body=None 
 </msg>
<msg time="2025-05-23T09:32:51.804802" level="INFO">DELETE Response : url=https://reqres.in/api/users/2 
 status=204, reason=No Content 
 headers={'Date': 'Fri, 23 May 2025 12:32:52 GMT', 'Connection': 'keep-alive', 'Server': 'cloudflare', 'Cf-Ray': '94449417cc3d09d3-SJK', 'Report-To': '{"group":"heroku-nel","max_age":3600,"endpoints":[{"url":"https://nel.heroku.com/reports?ts=1748003572&amp;sid=c4c9725f-1ab0-44d8-820f-430df2718e11&amp;s=NB%2BOaaHvMCrbiRiWBM6jG5QWSDM9bzLznAPf%2FQfMDUw%3D"}]}', 'Reporting-Endpoints': 'heroku-nel=https://nel.heroku.com/reports?ts=1748003572&amp;sid=c4c9725f-1ab0-44d8-820f-430df2718e11&amp;s=NB%2BOaaHvMCrbiRiWBM6jG5QWSDM9bzLznAPf%2FQfMDUw%3D', 'Nel': '{"report_to":"heroku-nel","max_age":3600,"success_fraction":0.005,"failure_fraction":0.05,"response_headers":["Via"]}', 'X-Powered-By': 'Express', 'Access-Control-Allow-Origin': '*', 'Ratelimit-Policy': '100;w=60', 'Ratelimit-Limit': '100', 'Ratelimit-Remaining': '94', 'Ratelimit-Reset': '59', 'Etag': 'W/"2-vyGp6PvFo4RvsFtPoIWeCReyIC8"', 'Via': '1.1 vegur', 'Cf-Cache-Status': 'DYNAMIC', 'server-timing': 'cfL4;desc="?proto=TCP&amp;rtt=5025&amp;min_rtt=4402&amp;rtt_var=2897&amp;sent=5&amp;recv=5&amp;lost=0&amp;retrans=0&amp;sent_bytes=2837&amp;recv_bytes=819&amp;delivery_rate=451262&amp;cwnd=252&amp;unsent_bytes=0&amp;cid=7bb64d4e38792038&amp;ts=424&amp;x=0"'} 
 body=None 
 </msg>
<msg time="2025-05-23T09:32:51.804802" level="INFO">C:\Users\rapha\AppData\Local\Packages\PythonSoftwareFoundation.Python.3.11_qbz5n2kfra8p0\LocalCache\local-packages\Python311\site-packages\urllib3\connectionpool.py:1099: InsecureRequestWarning: Unverified HTTPS request is being made to host 'reqres.in'. Adding certificate verification is strongly advised. See: https://urllib3.readthedocs.io/en/latest/advanced-usage.html#tls-warnings
  warnings.warn(</msg>
<msg time="2025-05-23T09:32:51.804802" level="INFO">${response} = &lt;Response [204]&gt;</msg>
<var>${response}</var>
<arg>${SESSION_NAME}</arg>
<arg>/users/${id}</arg>
<doc>Sends a DELETE request on a previously created HTTP Session.</doc>
<status status="PASS" start="2025-05-23T09:32:51.349091" elapsed="0.455711"/>
</kw>
<kw name="Set Suite Variable" owner="BuiltIn">
<msg time="2025-05-23T09:32:51.804802" level="INFO">${response} = &lt;Response [204]&gt;</msg>
<arg>${response}</arg>
<doc>Makes a variable available everywhere within the scope of the current suite.</doc>
<status status="PASS" start="2025-05-23T09:32:51.804802" elapsed="0.000000"/>
</kw>
<arg>2</arg>
<status status="PASS" start="2025-05-23T09:32:51.349091" elapsed="0.455711"/>
</kw>
<kw name="Validar Status Code" owner="base">
<kw name="Should Be Equal As Integers" owner="BuiltIn">
<msg time="2025-05-23T09:32:51.820538" level="INFO">Argument types are:
&lt;class 'int'&gt;
&lt;class 'str'&gt;</msg>
<arg>${response.status_code}</arg>
<arg>${status_code}</arg>
<doc>Fails if objects are unequal after converting them to integers.</doc>
<status status="PASS" start="2025-05-23T09:32:51.820538" elapsed="0.000000"/>
</kw>
<arg>204</arg>
<status status="PASS" start="2025-05-23T09:32:51.820538" elapsed="0.000000"/>
</kw>
<status status="PASS" start="2025-05-23T09:32:51.349091" elapsed="0.471447"/>
</test>
<test id="s1-t5" name="Cenario Atualizar Usuario Com PUT" line="33">
<kw name="Criar Sessao" owner="base">
<kw name="Create Dictionary" owner="BuiltIn">
<msg time="2025-05-23T09:32:51.820538" level="INFO">${headers} = {'x-api-key': 'reqres-free-v1'}</msg>
<var>${headers}</var>
<arg>x-api-key=${API_KEY}</arg>
<doc>Creates and returns a dictionary based on the given ``items``.</doc>
<status status="PASS" start="2025-05-23T09:32:51.820538" elapsed="0.000000"/>
</kw>
<kw name="Create Session" owner="RequestsLibrary">
<msg time="2025-05-23T09:32:51.828706" level="INFO">Creating Session using : alias=reqres, url=https://reqres.in/api, headers={'x-api-key': 'reqres-free-v1'},                     cookies={}, auth=None, timeout=None, proxies=None, verify=False,                     debug=0 </msg>
<arg>${SESSION_NAME}</arg>
<arg>${BASE_URL}</arg>
<arg>headers=${headers}</arg>
<doc>Create Session: create a HTTP session to a server</doc>
<status status="PASS" start="2025-05-23T09:32:51.820538" elapsed="0.008168"/>
</kw>
<status status="PASS" start="2025-05-23T09:32:51.820538" elapsed="0.008168"/>
</kw>
<kw name="Create Dictionary" owner="BuiltIn">
<msg time="2025-05-23T09:32:51.829839" level="INFO">&amp;{dados} = { name=Morpheus | job=Zion Leader }</msg>
<var>&amp;{dados}</var>
<arg>name=Morpheus</arg>
<arg>job=Zion Leader</arg>
<doc>Creates and returns a dictionary based on the given ``items``.</doc>
<status status="PASS" start="2025-05-23T09:32:51.829839" elapsed="0.000000"/>
</kw>
<kw name="Atualizar Usuario" owner="PUT_keywords">
<kw name="Set Variable" owner="BuiltIn">
<msg time="2025-05-23T09:32:51.830791" level="INFO">${endpoint} = /users/2</msg>
<var>${endpoint}</var>
<arg>/users/${id}</arg>
<doc>Returns the given values which can then be assigned to a variables.</doc>
<status status="PASS" start="2025-05-23T09:32:51.830791" elapsed="0.000000"/>
</kw>
<kw name="Create Dictionary" owner="BuiltIn">
<msg time="2025-05-23T09:32:51.830791" level="INFO">&amp;{headers} = { Content-Type=application/json | Accept=application/json }</msg>
<var>&amp;{headers}</var>
<arg>Content-Type=application/json</arg>
<arg>Accept=application/json</arg>
<doc>Creates and returns a dictionary based on the given ``items``.</doc>
<status status="PASS" start="2025-05-23T09:32:51.830791" elapsed="0.000000"/>
</kw>
<kw name="PUT On Session" owner="RequestsLibrary">
<msg time="2025-05-23T09:32:52.289217" level="INFO">PUT Request : url=https://reqres.in/api/users/2 
 path_url=/api/users/2 
 headers={'User-Agent': 'python-requests/2.32.3', 'Accept-Encoding': 'gzip, deflate', 'Accept': 'application/json', 'Connection': 'keep-alive', 'x-api-key': 'reqres-free-v1', 'Content-Type': 'application/json', 'Content-Length': '42'} 
 body=b'{"name": "Morpheus", "job": "Zion Leader"}' 
 </msg>
<msg time="2025-05-23T09:32:52.289217" level="INFO">PUT Response : url=https://reqres.in/api/users/2 
 status=200, reason=OK 
 headers={'Date': 'Fri, 23 May 2025 12:32:53 GMT', 'Content-Type': 'application/json; charset=utf-8', 'Transfer-Encoding': 'chunked', 'Connection': 'keep-alive', 'Cf-Ray': '9444941ac97309d7-SJK', 'Server': 'cloudflare', 'Content-Encoding': 'gzip', 'Report-To': '{"group":"heroku-nel","max_age":3600,"endpoints":[{"url":"https://nel.heroku.com/reports?ts=1748003573&amp;sid=c4c9725f-1ab0-44d8-820f-430df2718e11&amp;s=swaoTafLfQTxbcerZnGFedXlvnRFCF%2FmqWH8RpScTXQ%3D"}]}', 'Reporting-Endpoints': 'heroku-nel=https://nel.heroku.com/reports?ts=1748003573&amp;sid=c4c9725f-1ab0-44d8-820f-430df2718e11&amp;s=swaoTafLfQTxbcerZnGFedXlvnRFCF%2FmqWH8RpScTXQ%3D', 'Nel': '{"report_to":"heroku-nel","max_age":3600,"success_fraction":0.005,"failure_fraction":0.05,"response_headers":["Via"]}', 'X-Powered-By': 'Express', 'Access-Control-Allow-Origin': '*', 'Ratelimit-Policy': '100;w=60', 'Ratelimit-Limit': '100', 'Ratelimit-Remaining': '92', 'Ratelimit-Reset': '59', 'Etag': 'W/"4e-USuquDTCw9JeXrHs3SKYvzTykog"', 'Via': '1.1 vegur', 'Cf-Cache-Status': 'DYNAMIC', 'Vary': 'Accept-Encoding', 'server-timing': 'cfL4;desc="?proto=TCP&amp;rtt=4480&amp;min_rtt=3930&amp;rtt_var=2574&amp;sent=5&amp;recv=6&amp;lost=0&amp;retrans=0&amp;sent_bytes=2837&amp;recv_bytes=926&amp;delivery_rate=508401&amp;cwnd=252&amp;unsent_bytes=0&amp;cid=51a57fa79100863c&amp;ts=391&amp;x=0"'} 
 body={"name":"Morpheus","job":"Zion Leader","updatedAt":"2025-05-23T12:32:53.209Z"} 
 </msg>
<msg time="2025-05-23T09:32:52.289217" level="INFO">C:\Users\rapha\AppData\Local\Packages\PythonSoftwareFoundation.Python.3.11_qbz5n2kfra8p0\LocalCache\local-packages\Python311\site-packages\urllib3\connectionpool.py:1099: InsecureRequestWarning: Unverified HTTPS request is being made to host 'reqres.in'. Adding certificate verification is strongly advised. See: https://urllib3.readthedocs.io/en/latest/advanced-usage.html#tls-warnings
  warnings.warn(</msg>
<msg time="2025-05-23T09:32:52.289217" level="INFO">${response} = &lt;Response [200]&gt;</msg>
<var>${response}</var>
<arg>${SESSION_NAME}</arg>
<arg>${endpoint}</arg>
<arg>json=${body}</arg>
<arg>headers=${headers}</arg>
<arg>expected_status=ANY</arg>
<doc>Sends a PUT request on a previously created HTTP Session.</doc>
<status status="PASS" start="2025-05-23T09:32:51.830791" elapsed="0.458426"/>
</kw>
<kw name="Set Suite Variable" owner="BuiltIn">
<msg time="2025-05-23T09:32:52.289217" level="INFO">${response} = &lt;Response [200]&gt;</msg>
<arg>${response}</arg>
<doc>Makes a variable available everywhere within the scope of the current suite.</doc>
<status status="PASS" start="2025-05-23T09:32:52.289217" elapsed="0.000000"/>
</kw>
<arg>2</arg>
<arg>${dados}</arg>
<status status="PASS" start="2025-05-23T09:32:51.830417" elapsed="0.458800"/>
</kw>
<kw name="Validar Status Code" owner="base">
<kw name="Should Be Equal As Integers" owner="BuiltIn">
<msg time="2025-05-23T09:32:52.289217" level="INFO">Argument types are:
&lt;class 'int'&gt;
&lt;class 'str'&gt;</msg>
<arg>${response.status_code}</arg>
<arg>${status_code}</arg>
<doc>Fails if objects are unequal after converting them to integers.</doc>
<status status="PASS" start="2025-05-23T09:32:52.289217" elapsed="0.000000"/>
</kw>
<arg>200</arg>
<status status="PASS" start="2025-05-23T09:32:52.289217" elapsed="0.000000"/>
</kw>
<kw name="Validar Campo Atualizado Na Resposta" owner="PUT_keywords">
<kw name="Dictionary Should Contain Key" owner="Collections">
<arg>${response.json()}</arg>
<arg>${campo}</arg>
<doc>Fails if ``key`` is not found from ``dictionary``.</doc>
<status status="PASS" start="2025-05-23T09:32:52.289217" elapsed="0.000000"/>
</kw>
<arg>updatedAt</arg>
<status status="PASS" start="2025-05-23T09:32:52.289217" elapsed="0.000000"/>
</kw>
<status status="PASS" start="2025-05-23T09:32:51.820538" elapsed="0.468679"/>
</test>
<status status="PASS" start="2025-05-23T09:32:49.744772" elapsed="2.544445"/>
</suite>
<statistics>
<total>
<stat pass="5" fail="0" skip="0">All Tests</stat>
</total>
<tag>
</tag>
<suite>
<stat name="Tests" id="s1" pass="5" fail="0" skip="0">Tests</stat>
</suite>
</statistics>
<errors>
</errors>
</robot>
