<?xml version="1.0" encoding="UTF-8"?>
<robot generator="Robot 7.2.2 (Python 3.11.9 on win32)" generated="2025-05-30T17:16:50.123780" rpa="false" schemaversion="5">
<suite id="s1" name="Tests" source="C:\Users\rapha\OneDrive\Documentos\compassuol\Documentos\Sprint 5\Semana 10\API Reqres\Robot teste\testes\tests.robot">
<test id="s1-t1" name="Teste: Registrar Usuário Com Dados Válidos" line="13">
<kw name="Criar Sessao" owner="keywords" type="SETUP">
<kw name="Create Dictionary" owner="BuiltIn">
<msg time="2025-05-30T17:16:56.422597" level="INFO">${headers} = {'x-api-key': 'reqres-free-v1'}</msg>
<var>${headers}</var>
<arg>x-api-key=${API_KEY}</arg>
<doc>Creates and returns a dictionary based on the given ``items``.</doc>
<status status="PASS" start="2025-05-30T17:16:56.422597" elapsed="0.000000"/>
</kw>
<kw name="Create Session" owner="RequestsLibrary">
<msg time="2025-05-30T17:16:56.422597" level="INFO">Creating Session using : alias=reqres, url=https://reqres.in/api, headers={'x-api-key': 'reqres-free-v1'},                     cookies={}, auth=None, timeout=10, proxies=None, verify=True,                     debug=0 </msg>
<arg>${SESSION_NAME}</arg>
<arg>${BASE_URL}</arg>
<arg>headers=${headers}</arg>
<arg>timeout=${TIMEOUT}</arg>
<arg>verify=True</arg>
<doc>Create Session: create a HTTP session to a server</doc>
<status status="PASS" start="2025-05-30T17:16:56.422597" elapsed="0.000000"/>
</kw>
<doc>Cria uma sessão HTTP com a API ReqRes</doc>
<status status="PASS" start="2025-05-30T17:16:56.420939" elapsed="0.001658"/>
</kw>
<kw name="Registrar Usuario" owner="POST_keywords">
<kw name="Set Variable" owner="BuiltIn">
<msg time="2025-05-30T17:16:56.422597" level="INFO">${endpoint} = /register</msg>
<var>${endpoint}</var>
<arg>/register</arg>
<doc>Returns the given values which can then be assigned to a variables.</doc>
<status status="PASS" start="2025-05-30T17:16:56.422597" elapsed="0.000000"/>
</kw>
<kw name="Create Dictionary" owner="BuiltIn">
<msg time="2025-05-30T17:16:56.422597" level="INFO">&amp;{payload} = { email=eve.holt@reqres.in | password=pistol }</msg>
<var>&amp;{payload}</var>
<arg>email=${email}</arg>
<arg>password=${password}</arg>
<doc>Creates and returns a dictionary based on the given ``items``.</doc>
<status status="PASS" start="2025-05-30T17:16:56.422597" elapsed="0.000000"/>
</kw>
<kw name="Create Dictionary" owner="BuiltIn">
<msg time="2025-05-30T17:16:56.422597" level="INFO">&amp;{headers} = { Content-Type=application/json | Accept=application/json }</msg>
<var>&amp;{headers}</var>
<arg>Content-Type=application/json</arg>
<arg>Accept=application/json</arg>
<doc>Creates and returns a dictionary based on the given ``items``.</doc>
<status status="PASS" start="2025-05-30T17:16:56.422597" elapsed="0.000000"/>
</kw>
<kw name="POST On Session" owner="RequestsLibrary">
<msg time="2025-05-30T17:16:57.166550" level="INFO">POST Request : url=https://reqres.in/api/register 
 path_url=/api/register 
 headers={'User-Agent': 'python-requests/2.32.3', 'Accept-Encoding': 'gzip, deflate', 'Accept': 'application/json', 'Connection': 'keep-alive', 'x-api-key': 'reqres-free-v1', 'Content-Type': 'application/json', 'Content-Length': '53'} 
 body=b'{"email": "eve.holt@reqres.in", "password": "pistol"}' 
 </msg>
<msg time="2025-05-30T17:16:57.166550" level="INFO">POST Response : url=https://reqres.in/api/register 
 status=200, reason=OK 
 headers={'Date': 'Fri, 30 May 2025 20:16:57 GMT', 'Content-Type': 'application/json; charset=utf-8', 'Transfer-Encoding': 'chunked', 'Connection': 'keep-alive', 'Server': 'cloudflare', 'Cf-Ray': '9480e981f8d409d1-SJK', 'Report-To': '{"group":"heroku-nel","max_age":3600,"endpoints":[{"url":"https://nel.heroku.com/reports?ts=1748636216&amp;sid=c4c9725f-1ab0-44d8-820f-430df2718e11&amp;s=xBZDQrkeve6UqtxeybkTlha2SQmsKbDIOHMD7J2AxV0%3D"}]}', 'Reporting-Endpoints': 'heroku-nel=https://nel.heroku.com/reports?ts=1748636216&amp;sid=c4c9725f-1ab0-44d8-820f-430df2718e11&amp;s=xBZDQrkeve6UqtxeybkTlha2SQmsKbDIOHMD7J2AxV0%3D', 'Nel': '{"report_to":"heroku-nel","max_age":3600,"success_fraction":0.005,"failure_fraction":0.05,"response_headers":["Via"]}', 'X-Powered-By': 'Express', 'Access-Control-Allow-Origin': '*', 'Ratelimit-Policy': '100;w=60', 'Ratelimit-Limit': '100', 'Ratelimit-Remaining': '98', 'Ratelimit-Reset': '60', 'Etag': 'W/"24-4iP0za1geN2he+ohu8F0FhCjLks"', 'Via': '1.1 vegur', 'Cf-Cache-Status': 'DYNAMIC', 'Content-Encoding': 'gzip', 'server-timing': 'cfL4;desc="?proto=TCP&amp;rtt=3926&amp;min_rtt=3926&amp;rtt_var=1963&amp;sent=6&amp;recv=7&amp;lost=0&amp;retrans=1&amp;sent_bytes=2952&amp;recv_bytes=939&amp;delivery_rate=389461&amp;cwnd=253&amp;unsent_bytes=0&amp;cid=48df517b5402c4cd&amp;ts=427&amp;x=0"'} 
 body={"id":4,"token":"QpwL5tke4Pnpja7X4"} 
 </msg>
<msg time="2025-05-30T17:16:57.166550" level="INFO">${response} = &lt;Response [200]&gt;</msg>
<var>${response}</var>
<arg>${SESSION_NAME}</arg>
<arg>${endpoint}</arg>
<arg>json=${payload}</arg>
<arg>headers=${headers}</arg>
<arg>expected_status=ANY</arg>
<doc>Sends a POST request on a previously created HTTP Session.</doc>
<status status="PASS" start="2025-05-30T17:16:56.422597" elapsed="0.743953"/>
</kw>
<kw name="Set Test Variable" owner="BuiltIn">
<msg time="2025-05-30T17:16:57.166550" level="INFO">${response} = &lt;Response [200]&gt;</msg>
<arg>${response}</arg>
<doc>Makes a variable available everywhere within the scope of the current test.</doc>
<status status="PASS" start="2025-05-30T17:16:57.166550" elapsed="0.000000"/>
</kw>
<return>
<value>${response}</value>
<status status="PASS" start="2025-05-30T17:16:57.166550" elapsed="0.000000"/>
</return>
<arg>eve.holt@reqres.in</arg>
<arg>pistol</arg>
<doc>Registra um novo usuário na API</doc>
<status status="PASS" start="2025-05-30T17:16:56.422597" elapsed="0.743953"/>
</kw>
<kw name="Validar Status Code" owner="keywords">
<kw name="Should Be Equal As Integers" owner="BuiltIn">
<msg time="2025-05-30T17:16:57.166550" level="INFO">Argument types are:
&lt;class 'int'&gt;
&lt;class 'str'&gt;</msg>
<arg>${response.status_code}</arg>
<arg>${status_code}</arg>
<doc>Fails if objects are unequal after converting them to integers.</doc>
<status status="PASS" start="2025-05-30T17:16:57.166550" elapsed="0.000000"/>
</kw>
<arg>200</arg>
<doc>Valida se o status code da resposta é o esperado</doc>
<status status="PASS" start="2025-05-30T17:16:57.166550" elapsed="0.000000"/>
</kw>
<kw name="Validar Campo No Corpo Da Resposta" owner="POST_keywords">
<kw name="Dictionary Should Contain Key" owner="Collections">
<arg>${response.json()}</arg>
<arg>${campo}</arg>
<doc>Fails if ``key`` is not found from ``dictionary``.</doc>
<status status="PASS" start="2025-05-30T17:16:57.166550" elapsed="0.000000"/>
</kw>
<arg>token</arg>
<doc>Valida se um campo específico existe no corpo da resposta</doc>
<status status="PASS" start="2025-05-30T17:16:57.166550" elapsed="0.000000"/>
</kw>
<kw name="Delete All Sessions" owner="RequestsLibrary" type="TEARDOWN">
<msg time="2025-05-30T17:16:57.166550" level="INFO">Deleting All Sessions</msg>
<doc>Removes all the session objects</doc>
<status status="PASS" start="2025-05-30T17:16:57.166550" elapsed="0.000000"/>
</kw>
<doc>Verifica se é possível registrar um usuário com dados válidos</doc>
<tag>positivo</tag>
<tag>registro</tag>
<status status="PASS" start="2025-05-30T17:16:56.418084" elapsed="0.748466"/>
</test>
<test id="s1-t2" name="Teste: Registrar Usuário Com Dados Incompletos" line="20">
<kw name="Criar Sessao" owner="keywords" type="SETUP">
<kw name="Create Dictionary" owner="BuiltIn">
<msg time="2025-05-30T17:16:57.182766" level="INFO">${headers} = {'x-api-key': 'reqres-free-v1'}</msg>
<var>${headers}</var>
<arg>x-api-key=${API_KEY}</arg>
<doc>Creates and returns a dictionary based on the given ``items``.</doc>
<status status="PASS" start="2025-05-30T17:16:57.182766" elapsed="0.000000"/>
</kw>
<kw name="Create Session" owner="RequestsLibrary">
<msg time="2025-05-30T17:16:57.182766" level="INFO">Creating Session using : alias=reqres, url=https://reqres.in/api, headers={'x-api-key': 'reqres-free-v1'},                     cookies={}, auth=None, timeout=10, proxies=None, verify=True,                     debug=0 </msg>
<arg>${SESSION_NAME}</arg>
<arg>${BASE_URL}</arg>
<arg>headers=${headers}</arg>
<arg>timeout=${TIMEOUT}</arg>
<arg>verify=True</arg>
<doc>Create Session: create a HTTP session to a server</doc>
<status status="PASS" start="2025-05-30T17:16:57.182766" elapsed="0.000000"/>
</kw>
<doc>Cria uma sessão HTTP com a API ReqRes</doc>
<status status="PASS" start="2025-05-30T17:16:57.182766" elapsed="0.002012"/>
</kw>
<kw name="Registrar Usuario" owner="POST_keywords">
<kw name="Set Variable" owner="BuiltIn">
<msg time="2025-05-30T17:16:57.184778" level="INFO">${endpoint} = /register</msg>
<var>${endpoint}</var>
<arg>/register</arg>
<doc>Returns the given values which can then be assigned to a variables.</doc>
<status status="PASS" start="2025-05-30T17:16:57.184778" elapsed="0.000000"/>
</kw>
<kw name="Create Dictionary" owner="BuiltIn">
<msg time="2025-05-30T17:16:57.184778" level="INFO">&amp;{payload} = { email= | password= }</msg>
<var>&amp;{payload}</var>
<arg>email=${email}</arg>
<arg>password=${password}</arg>
<doc>Creates and returns a dictionary based on the given ``items``.</doc>
<status status="PASS" start="2025-05-30T17:16:57.184778" elapsed="0.000000"/>
</kw>
<kw name="Create Dictionary" owner="BuiltIn">
<msg time="2025-05-30T17:16:57.184778" level="INFO">&amp;{headers} = { Content-Type=application/json | Accept=application/json }</msg>
<var>&amp;{headers}</var>
<arg>Content-Type=application/json</arg>
<arg>Accept=application/json</arg>
<doc>Creates and returns a dictionary based on the given ``items``.</doc>
<status status="PASS" start="2025-05-30T17:16:57.184778" elapsed="0.000000"/>
</kw>
<kw name="POST On Session" owner="RequestsLibrary">
<msg time="2025-05-30T17:16:57.577108" level="INFO">POST Request : url=https://reqres.in/api/register 
 path_url=/api/register 
 headers={'User-Agent': 'python-requests/2.32.3', 'Accept-Encoding': 'gzip, deflate', 'Accept': 'application/json', 'Connection': 'keep-alive', 'x-api-key': 'reqres-free-v1', 'Content-Type': 'application/json', 'Content-Length': '29'} 
 body=b'{"email": "", "password": ""}' 
 </msg>
<msg time="2025-05-30T17:16:57.577108" level="INFO">POST Response : url=https://reqres.in/api/register 
 status=400, reason=Bad Request 
 headers={'Date': 'Fri, 30 May 2025 20:16:57 GMT', 'Content-Type': 'application/json; charset=utf-8', 'Content-Length': '37', 'Connection': 'keep-alive', 'Server': 'cloudflare', 'Cf-Ray': '9480e984cc7309d3-SJK', 'Report-To': '{"group":"heroku-nel","max_age":3600,"endpoints":[{"url":"https://nel.heroku.com/reports?ts=1748636217&amp;sid=c4c9725f-1ab0-44d8-820f-430df2718e11&amp;s=ayAA7Uj6F6hcK9OdsMdiQX08gZWCsgXKLl7Sziz50%2FQ%3D"}]}', 'Reporting-Endpoints': 'heroku-nel=https://nel.heroku.com/reports?ts=1748636217&amp;sid=c4c9725f-1ab0-44d8-820f-430df2718e11&amp;s=ayAA7Uj6F6hcK9OdsMdiQX08gZWCsgXKLl7Sziz50%2FQ%3D', 'Nel': '{"report_to":"heroku-nel","max_age":3600,"success_fraction":0.005,"failure_fraction":0.05,"response_headers":["Via"]}', 'X-Powered-By': 'Express', 'Access-Control-Allow-Origin': '*', 'Ratelimit-Policy': '100;w=60', 'Ratelimit-Limit': '100', 'Ratelimit-Remaining': '96', 'Ratelimit-Reset': '60', 'Etag': 'W/"25-Ik70kof1lbc973ShN5FoVPxYn7A"', 'Via': '1.1 vegur', 'Cf-Cache-Status': 'DYNAMIC', 'server-timing': 'cfL4;desc="?proto=TCP&amp;rtt=4095&amp;min_rtt=3863&amp;rtt_var=1913&amp;sent=5&amp;recv=5&amp;lost=0&amp;retrans=0&amp;sent_bytes=2837&amp;recv_bytes=915&amp;delivery_rate=713162&amp;cwnd=252&amp;unsent_bytes=0&amp;cid=3b0cf67c2a131506&amp;ts=392&amp;x=0"'} 
 body={"error":"Missing email or username"} 
 </msg>
<msg time="2025-05-30T17:16:57.577108" level="INFO">${response} = &lt;Response [400]&gt;</msg>
<var>${response}</var>
<arg>${SESSION_NAME}</arg>
<arg>${endpoint}</arg>
<arg>json=${payload}</arg>
<arg>headers=${headers}</arg>
<arg>expected_status=ANY</arg>
<doc>Sends a POST request on a previously created HTTP Session.</doc>
<status status="PASS" start="2025-05-30T17:16:57.184778" elapsed="0.392330"/>
</kw>
<kw name="Set Test Variable" owner="BuiltIn">
<msg time="2025-05-30T17:16:57.577108" level="INFO">${response} = &lt;Response [400]&gt;</msg>
<arg>${response}</arg>
<doc>Makes a variable available everywhere within the scope of the current test.</doc>
<status status="PASS" start="2025-05-30T17:16:57.577108" elapsed="0.000000"/>
</kw>
<return>
<value>${response}</value>
<status status="PASS" start="2025-05-30T17:16:57.577108" elapsed="0.000000"/>
</return>
<arg>${EMPTY}</arg>
<arg>${EMPTY}</arg>
<doc>Registra um novo usuário na API</doc>
<status status="PASS" start="2025-05-30T17:16:57.184778" elapsed="0.392330"/>
</kw>
<kw name="Validar Status Code" owner="keywords">
<kw name="Should Be Equal As Integers" owner="BuiltIn">
<msg time="2025-05-30T17:16:57.593107" level="INFO">Argument types are:
&lt;class 'int'&gt;
&lt;class 'str'&gt;</msg>
<arg>${response.status_code}</arg>
<arg>${status_code}</arg>
<doc>Fails if objects are unequal after converting them to integers.</doc>
<status status="PASS" start="2025-05-30T17:16:57.593107" elapsed="0.000000"/>
</kw>
<arg>400</arg>
<doc>Valida se o status code da resposta é o esperado</doc>
<status status="PASS" start="2025-05-30T17:16:57.577108" elapsed="0.015999"/>
</kw>
<kw name="Validar Campo No Corpo Da Resposta" owner="POST_keywords">
<kw name="Dictionary Should Contain Key" owner="Collections">
<arg>${response.json()}</arg>
<arg>${campo}</arg>
<doc>Fails if ``key`` is not found from ``dictionary``.</doc>
<status status="PASS" start="2025-05-30T17:16:57.593107" elapsed="0.000000"/>
</kw>
<arg>error</arg>
<doc>Valida se um campo específico existe no corpo da resposta</doc>
<status status="PASS" start="2025-05-30T17:16:57.593107" elapsed="0.000000"/>
</kw>
<kw name="Delete All Sessions" owner="RequestsLibrary" type="TEARDOWN">
<msg time="2025-05-30T17:16:57.593107" level="INFO">Deleting All Sessions</msg>
<doc>Removes all the session objects</doc>
<status status="PASS" start="2025-05-30T17:16:57.593107" elapsed="0.000000"/>
</kw>
<doc>Verifica se ocorre erro ao registrar usuário com dados incompletos</doc>
<tag>negativo</tag>
<tag>registro</tag>
<status status="PASS" start="2025-05-30T17:16:57.182766" elapsed="0.410341"/>
</test>
<test id="s1-t3" name="Teste: Obter Lista De Usuários" line="27">
<kw name="Criar Sessao" owner="keywords" type="SETUP">
<kw name="Create Dictionary" owner="BuiltIn">
<msg time="2025-05-30T17:16:57.599571" level="INFO">${headers} = {'x-api-key': 'reqres-free-v1'}</msg>
<var>${headers}</var>
<arg>x-api-key=${API_KEY}</arg>
<doc>Creates and returns a dictionary based on the given ``items``.</doc>
<status status="PASS" start="2025-05-30T17:16:57.593107" elapsed="0.006464"/>
</kw>
<kw name="Create Session" owner="RequestsLibrary">
<msg time="2025-05-30T17:16:57.599571" level="INFO">Creating Session using : alias=reqres, url=https://reqres.in/api, headers={'x-api-key': 'reqres-free-v1'},                     cookies={}, auth=None, timeout=10, proxies=None, verify=True,                     debug=0 </msg>
<arg>${SESSION_NAME}</arg>
<arg>${BASE_URL}</arg>
<arg>headers=${headers}</arg>
<arg>timeout=${TIMEOUT}</arg>
<arg>verify=True</arg>
<doc>Create Session: create a HTTP session to a server</doc>
<status status="PASS" start="2025-05-30T17:16:57.599571" elapsed="0.000000"/>
</kw>
<doc>Cria uma sessão HTTP com a API ReqRes</doc>
<status status="PASS" start="2025-05-30T17:16:57.593107" elapsed="0.006464"/>
</kw>
<kw name="GET Usuarios" owner="GET_keywords">
<kw name="Set Variable" owner="BuiltIn">
<msg time="2025-05-30T17:16:57.600592" level="INFO">${endpoint} = /users?page=1</msg>
<var>${endpoint}</var>
<arg>/users?page=${page}</arg>
<doc>Returns the given values which can then be assigned to a variables.</doc>
<status status="PASS" start="2025-05-30T17:16:57.600592" elapsed="0.000000"/>
</kw>
<kw name="GET On Session" owner="RequestsLibrary">
<msg time="2025-05-30T17:16:58.013203" level="INFO">GET Request : url=https://reqres.in/api/users?page=1 
 path_url=/api/users?page=1 
 headers={'User-Agent': 'python-requests/2.32.3', 'Accept-Encoding': 'gzip, deflate', 'Accept': '*/*', 'Connection': 'keep-alive', 'x-api-key': 'reqres-free-v1'} 
 body=None 
 </msg>
<msg time="2025-05-30T17:16:58.013203" level="INFO">GET Response : url=https://reqres.in/api/users?page=1 
 status=200, reason=OK 
 headers={'Date': 'Fri, 30 May 2025 20:16:57 GMT', 'Content-Type': 'application/json; charset=utf-8', 'Transfer-Encoding': 'chunked', 'Connection': 'keep-alive', 'Cf-Ray': '9480e9875ea209d3-SJK', 'Server': 'cloudflare', 'Content-Encoding': 'gzip', 'Report-To': '{"group":"heroku-nel","max_age":3600,"endpoints":[{"url":"https://nel.heroku.com/reports?ts=1748636217&amp;sid=c4c9725f-1ab0-44d8-820f-430df2718e11&amp;s=ayAA7Uj6F6hcK9OdsMdiQX08gZWCsgXKLl7Sziz50%2FQ%3D"}]}', 'Reporting-Endpoints': 'heroku-nel=https://nel.heroku.com/reports?ts=1748636217&amp;sid=c4c9725f-1ab0-44d8-820f-430df2718e11&amp;s=ayAA7Uj6F6hcK9OdsMdiQX08gZWCsgXKLl7Sziz50%2FQ%3D', 'Nel': '{"report_to":"heroku-nel","max_age":3600,"success_fraction":0.005,"failure_fraction":0.05,"response_headers":["Via"]}', 'X-Powered-By': 'Express', 'Access-Control-Allow-Origin': '*', 'Ratelimit-Policy': '100;w=60', 'Ratelimit-Limit': '100', 'Ratelimit-Remaining': '94', 'Ratelimit-Reset': '60', 'Etag': 'W/"41e-bY3U72nulxuwNd/TmihMEHjLmek"', 'Via': '1.1 vegur', 'Cache-Control': 'max-age=14400', 'Cf-Cache-Status': 'MISS', 'Vary': 'Accept-Encoding', 'server-timing': 'cfL4;desc="?proto=TCP&amp;rtt=4333&amp;min_rtt=4039&amp;rtt_var=2103&amp;sent=5&amp;recv=5&amp;lost=0&amp;retrans=0&amp;sent_bytes=2836&amp;recv_bytes=802&amp;delivery_rate=638098&amp;cwnd=252&amp;unsent_bytes=0&amp;cid=b80feb07162db977&amp;ts=396&amp;x=0"'} 
 body={"page":1,"per_page":6,"total":12,"total_pages":2,"data":[{"id":1,"email":"george.bluth@reqres.in","first_name":"George","last_name":"Bluth","avatar":"https://reqres.in/img/faces/1-image.jpg"},{"id":2,"email":"janet.weaver@reqres.in","first_name":"Janet","last_name":"Weaver","avatar":"https://reqres.in/img/faces/2-image.jpg"},{"id":3,"email":"emma.wong@reqres.in","first_name":"Emma","last_name":"Wong","avatar":"https://reqres.in/img/faces/3-image.jpg"},{"id":4,"email":"eve.holt@reqres.in","first_name":"Eve","last_name":"Holt","avatar":"https://reqres.in/img/faces/4-image.jpg"},{"id":5,"email":"charles.morris@reqres.in","first_name":"Charles","last_name":"Morris","avatar":"https://reqres.in/img/faces/5-image.jpg"},{"id":6,"email":"tracey.ramos@reqres.in","first_name":"Tracey","last_name":"Ramos","avatar":"https://reqres.in/img/faces/6-image.jpg"}],"support":{"url":"https://contentcaddy.io?utm_source=reqres&amp;utm_medium=json&amp;utm_campaign=referral","text":"Tired of writing endless social media content? Let Content Caddy generate it for you."}} 
 </msg>
<msg time="2025-05-30T17:16:58.013203" level="INFO">${response} = &lt;Response [200]&gt;</msg>
<var>${response}</var>
<arg>${SESSION_NAME}</arg>
<arg>${endpoint}</arg>
<arg>expected_status=ANY</arg>
<doc>Sends a GET request on a previously created HTTP Session.</doc>
<status status="PASS" start="2025-05-30T17:16:57.600592" elapsed="0.412611"/>
</kw>
<kw name="Set Test Variable" owner="BuiltIn">
<msg time="2025-05-30T17:16:58.013203" level="INFO">${response} = &lt;Response [200]&gt;</msg>
<arg>${response}</arg>
<doc>Makes a variable available everywhere within the scope of the current test.</doc>
<status status="PASS" start="2025-05-30T17:16:58.013203" elapsed="0.000000"/>
</kw>
<return>
<value>${response}</value>
<status status="PASS" start="2025-05-30T17:16:58.013203" elapsed="0.000000"/>
</return>
<doc>Obtém a lista de usuários</doc>
<status status="PASS" start="2025-05-30T17:16:57.600592" elapsed="0.412611"/>
</kw>
<kw name="Validar Status Code" owner="keywords">
<kw name="Should Be Equal As Integers" owner="BuiltIn">
<msg time="2025-05-30T17:16:58.013203" level="INFO">Argument types are:
&lt;class 'int'&gt;
&lt;class 'str'&gt;</msg>
<arg>${response.status_code}</arg>
<arg>${status_code}</arg>
<doc>Fails if objects are unequal after converting them to integers.</doc>
<status status="PASS" start="2025-05-30T17:16:58.013203" elapsed="0.000000"/>
</kw>
<arg>200</arg>
<doc>Valida se o status code da resposta é o esperado</doc>
<status status="PASS" start="2025-05-30T17:16:58.013203" elapsed="0.000000"/>
</kw>
<kw name="Delete All Sessions" owner="RequestsLibrary" type="TEARDOWN">
<msg time="2025-05-30T17:16:58.013203" level="INFO">Deleting All Sessions</msg>
<doc>Removes all the session objects</doc>
<status status="PASS" start="2025-05-30T17:16:58.013203" elapsed="0.000000"/>
</kw>
<doc>Verifica se é possível obter a lista de usuários</doc>
<tag>consulta</tag>
<tag>positivo</tag>
<status status="PASS" start="2025-05-30T17:16:57.593107" elapsed="0.420096"/>
</test>
<test id="s1-t4" name="Teste: Obter Usuário Por ID" line="33">
<kw name="Criar Sessao" owner="keywords" type="SETUP">
<kw name="Create Dictionary" owner="BuiltIn">
<msg time="2025-05-30T17:16:58.031017" level="INFO">${headers} = {'x-api-key': 'reqres-free-v1'}</msg>
<var>${headers}</var>
<arg>x-api-key=${API_KEY}</arg>
<doc>Creates and returns a dictionary based on the given ``items``.</doc>
<status status="PASS" start="2025-05-30T17:16:58.029916" elapsed="0.001101"/>
</kw>
<kw name="Create Session" owner="RequestsLibrary">
<msg time="2025-05-30T17:16:58.031645" level="INFO">Creating Session using : alias=reqres, url=https://reqres.in/api, headers={'x-api-key': 'reqres-free-v1'},                     cookies={}, auth=None, timeout=10, proxies=None, verify=True,                     debug=0 </msg>
<arg>${SESSION_NAME}</arg>
<arg>${BASE_URL}</arg>
<arg>headers=${headers}</arg>
<arg>timeout=${TIMEOUT}</arg>
<arg>verify=True</arg>
<doc>Create Session: create a HTTP session to a server</doc>
<status status="PASS" start="2025-05-30T17:16:58.031017" elapsed="0.000628"/>
</kw>
<doc>Cria uma sessão HTTP com a API ReqRes</doc>
<status status="PASS" start="2025-05-30T17:16:58.029067" elapsed="0.003489"/>
</kw>
<kw name="GET Usuario Por ID" owner="GET_keywords">
<kw name="Set Variable" owner="BuiltIn">
<msg time="2025-05-30T17:16:58.033615" level="INFO">${endpoint} = /users/2</msg>
<var>${endpoint}</var>
<arg>/users/${id}</arg>
<doc>Returns the given values which can then be assigned to a variables.</doc>
<status status="PASS" start="2025-05-30T17:16:58.033615" elapsed="0.000000"/>
</kw>
<kw name="GET On Session" owner="RequestsLibrary">
<msg time="2025-05-30T17:16:58.415805" level="INFO">GET Request : url=https://reqres.in/api/users/2 
 path_url=/api/users/2 
 headers={'User-Agent': 'python-requests/2.32.3', 'Accept-Encoding': 'gzip, deflate', 'Accept': '*/*', 'Connection': 'keep-alive', 'x-api-key': 'reqres-free-v1'} 
 body=None 
 </msg>
<msg time="2025-05-30T17:16:58.415805" level="INFO">GET Response : url=https://reqres.in/api/users/2 
 status=200, reason=OK 
 headers={'Date': 'Fri, 30 May 2025 20:16:58 GMT', 'Content-Type': 'application/json; charset=utf-8', 'Transfer-Encoding': 'chunked', 'Connection': 'keep-alive', 'Cf-Ray': '9480e98a18c009d3-SJK', 'Server': 'cloudflare', 'Content-Encoding': 'gzip', 'Report-To': '{"group":"heroku-nel","max_age":3600,"endpoints":[{"url":"https://nel.heroku.com/reports?ts=1748636218&amp;sid=c4c9725f-1ab0-44d8-820f-430df2718e11&amp;s=vhdD7iUaymnB4n2Ngjb6aReVYwwH%2Fl8DFzYUOjGftEg%3D"}]}', 'Reporting-Endpoints': 'heroku-nel=https://nel.heroku.com/reports?ts=1748636218&amp;sid=c4c9725f-1ab0-44d8-820f-430df2718e11&amp;s=vhdD7iUaymnB4n2Ngjb6aReVYwwH%2Fl8DFzYUOjGftEg%3D', 'Nel': '{"report_to":"heroku-nel","max_age":3600,"success_fraction":0.005,"failure_fraction":0.05,"response_headers":["Via"]}', 'X-Powered-By': 'Express', 'Access-Control-Allow-Origin': '*', 'Ratelimit-Policy': '100;w=60', 'Ratelimit-Limit': '100', 'Ratelimit-Remaining': '92', 'Ratelimit-Reset': '59', 'Etag': 'W/"152-ApQgGHL6RKwaebFlrPCYPBO1xHg"', 'Via': '1.1 vegur', 'Cache-Control': 'max-age=14400', 'Cf-Cache-Status': 'MISS', 'Vary': 'Accept-Encoding', 'server-timing': 'cfL4;desc="?proto=TCP&amp;rtt=4255&amp;min_rtt=4055&amp;rtt_var=1921&amp;sent=5&amp;recv=5&amp;lost=0&amp;retrans=0&amp;sent_bytes=2837&amp;recv_bytes=797&amp;delivery_rate=721102&amp;cwnd=252&amp;unsent_bytes=0&amp;cid=f3cbe591af38651c&amp;ts=386&amp;x=0"'} 
 body={"data":{"id":2,"email":"janet.weaver@reqres.in","first_name":"Janet","last_name":"Weaver","avatar":"https://reqres.in/img/faces/2-image.jpg"},"support":{"url":"https://contentcaddy.io?utm_source=reqres&amp;utm_medium=json&amp;utm_campaign=referral","text":"Tired of writing endless social media content? Let Content Caddy generate it for you."}} 
 </msg>
<msg time="2025-05-30T17:16:58.431953" level="INFO">${response} = &lt;Response [200]&gt;</msg>
<var>${response}</var>
<arg>${SESSION_NAME}</arg>
<arg>${endpoint}</arg>
<arg>expected_status=ANY</arg>
<doc>Sends a GET request on a previously created HTTP Session.</doc>
<status status="PASS" start="2025-05-30T17:16:58.033615" elapsed="0.398338"/>
</kw>
<kw name="Set Test Variable" owner="BuiltIn">
<msg time="2025-05-30T17:16:58.431953" level="INFO">${response} = &lt;Response [200]&gt;</msg>
<arg>${response}</arg>
<doc>Makes a variable available everywhere within the scope of the current test.</doc>
<status status="PASS" start="2025-05-30T17:16:58.431953" elapsed="0.000000"/>
</kw>
<return>
<value>${response}</value>
<status status="PASS" start="2025-05-30T17:16:58.431953" elapsed="0.000000"/>
</return>
<arg>2</arg>
<doc>Obtém um usuário específico pelo ID</doc>
<status status="PASS" start="2025-05-30T17:16:58.032556" elapsed="0.399397"/>
</kw>
<kw name="Validar Status Code" owner="keywords">
<kw name="Should Be Equal As Integers" owner="BuiltIn">
<msg time="2025-05-30T17:16:58.431953" level="INFO">Argument types are:
&lt;class 'int'&gt;
&lt;class 'str'&gt;</msg>
<arg>${response.status_code}</arg>
<arg>${status_code}</arg>
<doc>Fails if objects are unequal after converting them to integers.</doc>
<status status="PASS" start="2025-05-30T17:16:58.431953" elapsed="0.000000"/>
</kw>
<arg>200</arg>
<doc>Valida se o status code da resposta é o esperado</doc>
<status status="PASS" start="2025-05-30T17:16:58.431953" elapsed="0.000000"/>
</kw>
<kw name="Validar Campo No Corpo Da Resposta" owner="POST_keywords">
<kw name="Dictionary Should Contain Key" owner="Collections">
<arg>${response.json()}</arg>
<arg>${campo}</arg>
<doc>Fails if ``key`` is not found from ``dictionary``.</doc>
<status status="PASS" start="2025-05-30T17:16:58.431953" elapsed="0.000000"/>
</kw>
<arg>data</arg>
<doc>Valida se um campo específico existe no corpo da resposta</doc>
<status status="PASS" start="2025-05-30T17:16:58.431953" elapsed="0.000000"/>
</kw>
<kw name="Delete All Sessions" owner="RequestsLibrary" type="TEARDOWN">
<msg time="2025-05-30T17:16:58.431953" level="INFO">Deleting All Sessions</msg>
<doc>Removes all the session objects</doc>
<status status="PASS" start="2025-05-30T17:16:58.431953" elapsed="0.000000"/>
</kw>
<doc>Verifica se é possível obter um usuário específico pelo ID</doc>
<tag>consulta</tag>
<tag>positivo</tag>
<status status="PASS" start="2025-05-30T17:16:58.013203" elapsed="0.418750"/>
</test>
<test id="s1-t5" name="Teste: Deletar Usuário" line="40">
<kw name="Criar Sessao" owner="keywords" type="SETUP">
<kw name="Create Dictionary" owner="BuiltIn">
<msg time="2025-05-30T17:16:58.431953" level="INFO">${headers} = {'x-api-key': 'reqres-free-v1'}</msg>
<var>${headers}</var>
<arg>x-api-key=${API_KEY}</arg>
<doc>Creates and returns a dictionary based on the given ``items``.</doc>
<status status="PASS" start="2025-05-30T17:16:58.431953" elapsed="0.000000"/>
</kw>
<kw name="Create Session" owner="RequestsLibrary">
<msg time="2025-05-30T17:16:58.431953" level="INFO">Creating Session using : alias=reqres, url=https://reqres.in/api, headers={'x-api-key': 'reqres-free-v1'},                     cookies={}, auth=None, timeout=10, proxies=None, verify=True,                     debug=0 </msg>
<arg>${SESSION_NAME}</arg>
<arg>${BASE_URL}</arg>
<arg>headers=${headers}</arg>
<arg>timeout=${TIMEOUT}</arg>
<arg>verify=True</arg>
<doc>Create Session: create a HTTP session to a server</doc>
<status status="PASS" start="2025-05-30T17:16:58.431953" elapsed="0.000000"/>
</kw>
<doc>Cria uma sessão HTTP com a API ReqRes</doc>
<status status="PASS" start="2025-05-30T17:16:58.431953" elapsed="0.000000"/>
</kw>
<kw name="DELETE Usuario Por ID" owner="DELETE_keywords">
<kw name="Set Variable" owner="BuiltIn">
<msg time="2025-05-30T17:16:58.431953" level="INFO">${endpoint} = /users/2</msg>
<var>${endpoint}</var>
<arg>/users/${id}</arg>
<doc>Returns the given values which can then be assigned to a variables.</doc>
<status status="PASS" start="2025-05-30T17:16:58.431953" elapsed="0.000000"/>
</kw>
<kw name="DELETE On Session" owner="RequestsLibrary">
<msg time="2025-05-30T17:16:58.837723" level="INFO">DELETE Request : url=https://reqres.in/api/users/2 
 path_url=/api/users/2 
 headers={'User-Agent': 'python-requests/2.32.3', 'Accept-Encoding': 'gzip, deflate', 'Accept': '*/*', 'Connection': 'keep-alive', 'x-api-key': 'reqres-free-v1', 'Content-Length': '0'} 
 body=None 
 </msg>
<msg time="2025-05-30T17:16:58.837723" level="INFO">DELETE Response : url=https://reqres.in/api/users/2 
 status=204, reason=No Content 
 headers={'Date': 'Fri, 30 May 2025 20:16:58 GMT', 'Connection': 'keep-alive', 'Server': 'cloudflare', 'Cf-Ray': '9480e98ca94909d9-SJK', 'Report-To': '{"group":"heroku-nel","max_age":3600,"endpoints":[{"url":"https://nel.heroku.com/reports?ts=1748636218&amp;sid=c4c9725f-1ab0-44d8-820f-430df2718e11&amp;s=vhdD7iUaymnB4n2Ngjb6aReVYwwH%2Fl8DFzYUOjGftEg%3D"}]}', 'Reporting-Endpoints': 'heroku-nel=https://nel.heroku.com/reports?ts=1748636218&amp;sid=c4c9725f-1ab0-44d8-820f-430df2718e11&amp;s=vhdD7iUaymnB4n2Ngjb6aReVYwwH%2Fl8DFzYUOjGftEg%3D', 'Nel': '{"report_to":"heroku-nel","max_age":3600,"success_fraction":0.005,"failure_fraction":0.05,"response_headers":["Via"]}', 'X-Powered-By': 'Express', 'Access-Control-Allow-Origin': '*', 'Ratelimit-Policy': '100;w=60', 'Ratelimit-Limit': '100', 'Ratelimit-Remaining': '90', 'Ratelimit-Reset': '59', 'Etag': 'W/"2-vyGp6PvFo4RvsFtPoIWeCReyIC8"', 'Via': '1.1 vegur', 'Cf-Cache-Status': 'DYNAMIC', 'server-timing': 'cfL4;desc="?proto=TCP&amp;rtt=4417&amp;min_rtt=4019&amp;rtt_var=2304&amp;sent=5&amp;recv=5&amp;lost=0&amp;retrans=0&amp;sent_bytes=2838&amp;recv_bytes=819&amp;delivery_rate=566116&amp;cwnd=252&amp;unsent_bytes=0&amp;cid=83b0a856a01e387b&amp;ts=391&amp;x=0"'} 
 body=None 
 </msg>
<msg time="2025-05-30T17:16:58.837723" level="INFO">${response} = &lt;Response [204]&gt;</msg>
<var>${response}</var>
<arg>${SESSION_NAME}</arg>
<arg>${endpoint}</arg>
<arg>expected_status=ANY</arg>
<doc>Sends a DELETE request on a previously created HTTP Session.</doc>
<status status="PASS" start="2025-05-30T17:16:58.431953" elapsed="0.405770"/>
</kw>
<kw name="Set Test Variable" owner="BuiltIn">
<msg time="2025-05-30T17:16:58.837723" level="INFO">${response} = &lt;Response [204]&gt;</msg>
<arg>${response}</arg>
<doc>Makes a variable available everywhere within the scope of the current test.</doc>
<status status="PASS" start="2025-05-30T17:16:58.837723" elapsed="0.000000"/>
</kw>
<return>
<value>${response}</value>
<status status="PASS" start="2025-05-30T17:16:58.837723" elapsed="0.000000"/>
</return>
<arg>2</arg>
<doc>Deleta um usuário pelo ID</doc>
<status status="PASS" start="2025-05-30T17:16:58.431953" elapsed="0.405770"/>
</kw>
<kw name="Validar Status Code" owner="keywords">
<kw name="Should Be Equal As Integers" owner="BuiltIn">
<msg time="2025-05-30T17:16:58.837723" level="INFO">Argument types are:
&lt;class 'int'&gt;
&lt;class 'str'&gt;</msg>
<arg>${response.status_code}</arg>
<arg>${status_code}</arg>
<doc>Fails if objects are unequal after converting them to integers.</doc>
<status status="PASS" start="2025-05-30T17:16:58.837723" elapsed="0.000000"/>
</kw>
<arg>204</arg>
<doc>Valida se o status code da resposta é o esperado</doc>
<status status="PASS" start="2025-05-30T17:16:58.837723" elapsed="0.000000"/>
</kw>
<kw name="Delete All Sessions" owner="RequestsLibrary" type="TEARDOWN">
<msg time="2025-05-30T17:16:58.837723" level="INFO">Deleting All Sessions</msg>
<doc>Removes all the session objects</doc>
<status status="PASS" start="2025-05-30T17:16:58.837723" elapsed="0.000000"/>
</kw>
<doc>Verifica se é possível deletar um usuário</doc>
<tag>exclusao</tag>
<tag>positivo</tag>
<status status="PASS" start="2025-05-30T17:16:58.431953" elapsed="0.405770"/>
</test>
<test id="s1-t6" name="Teste: Atualizar Usuário Com PUT" line="46">
<kw name="Criar Sessao" owner="keywords" type="SETUP">
<kw name="Create Dictionary" owner="BuiltIn">
<msg time="2025-05-30T17:16:58.854277" level="INFO">${headers} = {'x-api-key': 'reqres-free-v1'}</msg>
<var>${headers}</var>
<arg>x-api-key=${API_KEY}</arg>
<doc>Creates and returns a dictionary based on the given ``items``.</doc>
<status status="PASS" start="2025-05-30T17:16:58.852863" elapsed="0.001414"/>
</kw>
<kw name="Create Session" owner="RequestsLibrary">
<msg time="2025-05-30T17:16:58.854277" level="INFO">Creating Session using : alias=reqres, url=https://reqres.in/api, headers={'x-api-key': 'reqres-free-v1'},                     cookies={}, auth=None, timeout=10, proxies=None, verify=True,                     debug=0 </msg>
<arg>${SESSION_NAME}</arg>
<arg>${BASE_URL}</arg>
<arg>headers=${headers}</arg>
<arg>timeout=${TIMEOUT}</arg>
<arg>verify=True</arg>
<doc>Create Session: create a HTTP session to a server</doc>
<status status="PASS" start="2025-05-30T17:16:58.854277" elapsed="0.001045"/>
</kw>
<doc>Cria uma sessão HTTP com a API ReqRes</doc>
<status status="PASS" start="2025-05-30T17:16:58.852863" elapsed="0.002459"/>
</kw>
<kw name="Create Dictionary" owner="BuiltIn">
<msg time="2025-05-30T17:16:58.855863" level="INFO">&amp;{dados} = { name=Morpheus | job=Zion Leader }</msg>
<var>&amp;{dados}</var>
<arg>name=Morpheus</arg>
<arg>job=Zion Leader</arg>
<doc>Creates and returns a dictionary based on the given ``items``.</doc>
<status status="PASS" start="2025-05-30T17:16:58.855863" elapsed="0.000000"/>
</kw>
<kw name="Atualizar Usuario" owner="PUT_keywords">
<kw name="Set Variable" owner="BuiltIn">
<msg time="2025-05-30T17:16:58.857038" level="INFO">${endpoint} = /users/2</msg>
<var>${endpoint}</var>
<arg>/users/${id}</arg>
<doc>Returns the given values which can then be assigned to a variables.</doc>
<status status="PASS" start="2025-05-30T17:16:58.857038" elapsed="0.000000"/>
</kw>
<kw name="Create Dictionary" owner="BuiltIn">
<msg time="2025-05-30T17:16:58.857038" level="INFO">&amp;{headers} = { Content-Type=application/json | Accept=application/json }</msg>
<var>&amp;{headers}</var>
<arg>Content-Type=application/json</arg>
<arg>Accept=application/json</arg>
<doc>Creates and returns a dictionary based on the given ``items``.</doc>
<status status="PASS" start="2025-05-30T17:16:58.857038" elapsed="0.000000"/>
</kw>
<kw name="PUT On Session" owner="RequestsLibrary">
<msg time="2025-05-30T17:16:59.259094" level="INFO">PUT Request : url=https://reqres.in/api/users/2 
 path_url=/api/users/2 
 headers={'User-Agent': 'python-requests/2.32.3', 'Accept-Encoding': 'gzip, deflate', 'Accept': 'application/json', 'Connection': 'keep-alive', 'x-api-key': 'reqres-free-v1', 'Content-Type': 'application/json', 'Content-Length': '42'} 
 body=b'{"name": "Morpheus", "job": "Zion Leader"}' 
 </msg>
<msg time="2025-05-30T17:16:59.259094" level="INFO">PUT Response : url=https://reqres.in/api/users/2 
 status=200, reason=OK 
 headers={'Date': 'Fri, 30 May 2025 20:16:59 GMT', 'Content-Type': 'application/json; charset=utf-8', 'Transfer-Encoding': 'chunked', 'Connection': 'keep-alive', 'Cf-Ray': '9480e98f498509d1-SJK', 'Server': 'cloudflare', 'Content-Encoding': 'gzip', 'Report-To': '{"group":"heroku-nel","max_age":3600,"endpoints":[{"url":"https://nel.heroku.com/reports?ts=1748636219&amp;sid=c4c9725f-1ab0-44d8-820f-430df2718e11&amp;s=HzHrxXoWBJ1O1iT85FO%2B1ZlmclNVk4APGS3lwFxfHVA%3D"}]}', 'Reporting-Endpoints': 'heroku-nel=https://nel.heroku.com/reports?ts=1748636219&amp;sid=c4c9725f-1ab0-44d8-820f-430df2718e11&amp;s=HzHrxXoWBJ1O1iT85FO%2B1ZlmclNVk4APGS3lwFxfHVA%3D', 'Nel': '{"report_to":"heroku-nel","max_age":3600,"success_fraction":0.005,"failure_fraction":0.05,"response_headers":["Via"]}', 'X-Powered-By': 'Express', 'Access-Control-Allow-Origin': '*', 'Ratelimit-Policy': '100;w=60', 'Ratelimit-Limit': '100', 'Ratelimit-Remaining': '88', 'Ratelimit-Reset': '58', 'Etag': 'W/"4e-eQlkojBx5ZNl6g5L3JBe3yF/EB4"', 'Via': '1.1 vegur', 'Cf-Cache-Status': 'DYNAMIC', 'Vary': 'Accept-Encoding', 'server-timing': 'cfL4;desc="?proto=TCP&amp;rtt=4105&amp;min_rtt=3828&amp;rtt_var=1990&amp;sent=5&amp;recv=5&amp;lost=0&amp;retrans=0&amp;sent_bytes=2838&amp;recv_bytes=926&amp;delivery_rate=674714&amp;cwnd=252&amp;unsent_bytes=0&amp;cid=5f15158e73b7eae8&amp;ts=388&amp;x=0"'} 
 body={"name":"Morpheus","job":"Zion Leader","updatedAt":"2025-05-30T20:16:59.050Z"} 
 </msg>
<msg time="2025-05-30T17:16:59.259094" level="INFO">${response} = &lt;Response [200]&gt;</msg>
<var>${response}</var>
<arg>${SESSION_NAME}</arg>
<arg>${endpoint}</arg>
<arg>json=${body}</arg>
<arg>headers=${headers}</arg>
<arg>expected_status=ANY</arg>
<doc>Sends a PUT request on a previously created HTTP Session.</doc>
<status status="PASS" start="2025-05-30T17:16:58.857038" elapsed="0.402056"/>
</kw>
<kw name="Set Test Variable" owner="BuiltIn">
<msg time="2025-05-30T17:16:59.259094" level="INFO">${response} = &lt;Response [200]&gt;</msg>
<arg>${response}</arg>
<doc>Makes a variable available everywhere within the scope of the current test.</doc>
<status status="PASS" start="2025-05-30T17:16:59.259094" elapsed="0.000000"/>
</kw>
<return>
<value>${response}</value>
<status status="PASS" start="2025-05-30T17:16:59.259094" elapsed="0.000000"/>
</return>
<arg>2</arg>
<arg>${dados}</arg>
<doc>Atualiza os dados de um usuário existente</doc>
<status status="PASS" start="2025-05-30T17:16:58.855863" elapsed="0.403231"/>
</kw>
<kw name="Validar Status Code" owner="keywords">
<kw name="Should Be Equal As Integers" owner="BuiltIn">
<msg time="2025-05-30T17:16:59.259094" level="INFO">Argument types are:
&lt;class 'int'&gt;
&lt;class 'str'&gt;</msg>
<arg>${response.status_code}</arg>
<arg>${status_code}</arg>
<doc>Fails if objects are unequal after converting them to integers.</doc>
<status status="PASS" start="2025-05-30T17:16:59.259094" elapsed="0.000000"/>
</kw>
<arg>200</arg>
<doc>Valida se o status code da resposta é o esperado</doc>
<status status="PASS" start="2025-05-30T17:16:59.259094" elapsed="0.000000"/>
</kw>
<kw name="Validar Campo Atualizado Na Resposta" owner="PUT_keywords">
<kw name="Dictionary Should Contain Key" owner="Collections">
<arg>${response.json()}</arg>
<arg>${campo}</arg>
<doc>Fails if ``key`` is not found from ``dictionary``.</doc>
<status status="PASS" start="2025-05-30T17:16:59.259094" elapsed="0.000000"/>
</kw>
<arg>updatedAt</arg>
<doc>Valida se um campo específico foi atualizado na resposta</doc>
<status status="PASS" start="2025-05-30T17:16:59.259094" elapsed="0.000000"/>
</kw>
<kw name="Delete All Sessions" owner="RequestsLibrary" type="TEARDOWN">
<msg time="2025-05-30T17:16:59.259094" level="INFO">Deleting All Sessions</msg>
<doc>Removes all the session objects</doc>
<status status="PASS" start="2025-05-30T17:16:59.259094" elapsed="0.000000"/>
</kw>
<doc>Verifica se é possível atualizar um usuário com PUT</doc>
<tag>atualizacao</tag>
<tag>positivo</tag>
<status status="PASS" start="2025-05-30T17:16:58.837723" elapsed="0.437107"/>
</test>
<test id="s1-t7" name="Teste: Atualizar Usuário Parcialmente Com PATCH" line="54">
<kw name="Criar Sessao" owner="keywords" type="SETUP">
<kw name="Create Dictionary" owner="BuiltIn">
<msg time="2025-05-30T17:16:59.276878" level="INFO">${headers} = {'x-api-key': 'reqres-free-v1'}</msg>
<var>${headers}</var>
<arg>x-api-key=${API_KEY}</arg>
<doc>Creates and returns a dictionary based on the given ``items``.</doc>
<status status="PASS" start="2025-05-30T17:16:59.276878" elapsed="0.000000"/>
</kw>
<kw name="Create Session" owner="RequestsLibrary">
<msg time="2025-05-30T17:16:59.276878" level="INFO">Creating Session using : alias=reqres, url=https://reqres.in/api, headers={'x-api-key': 'reqres-free-v1'},                     cookies={}, auth=None, timeout=10, proxies=None, verify=True,                     debug=0 </msg>
<arg>${SESSION_NAME}</arg>
<arg>${BASE_URL}</arg>
<arg>headers=${headers}</arg>
<arg>timeout=${TIMEOUT}</arg>
<arg>verify=True</arg>
<doc>Create Session: create a HTTP session to a server</doc>
<status status="PASS" start="2025-05-30T17:16:59.276878" elapsed="0.000000"/>
</kw>
<doc>Cria uma sessão HTTP com a API ReqRes</doc>
<status status="PASS" start="2025-05-30T17:16:59.274830" elapsed="0.002048"/>
</kw>
<kw name="Create Dictionary" owner="BuiltIn">
<msg time="2025-05-30T17:16:59.277896" level="INFO">&amp;{dados} = { job=Zion Resident }</msg>
<var>&amp;{dados}</var>
<arg>job=Zion Resident</arg>
<doc>Creates and returns a dictionary based on the given ``items``.</doc>
<status status="PASS" start="2025-05-30T17:16:59.277896" elapsed="0.000000"/>
</kw>
<kw name="Atualizar Usuario Parcial" owner="PUT_keywords">
<kw name="Set Variable" owner="BuiltIn">
<msg time="2025-05-30T17:16:59.279045" level="INFO">${endpoint} = /users/2</msg>
<var>${endpoint}</var>
<arg>/users/${id}</arg>
<doc>Returns the given values which can then be assigned to a variables.</doc>
<status status="PASS" start="2025-05-30T17:16:59.279045" elapsed="0.000000"/>
</kw>
<kw name="Create Dictionary" owner="BuiltIn">
<msg time="2025-05-30T17:16:59.279045" level="INFO">&amp;{headers} = { Content-Type=application/json | Accept=application/json }</msg>
<var>&amp;{headers}</var>
<arg>Content-Type=application/json</arg>
<arg>Accept=application/json</arg>
<doc>Creates and returns a dictionary based on the given ``items``.</doc>
<status status="PASS" start="2025-05-30T17:16:59.279045" elapsed="0.000000"/>
</kw>
<kw name="PATCH On Session" owner="RequestsLibrary">
<msg time="2025-05-30T17:16:59.660049" level="INFO">PATCH Request : url=https://reqres.in/api/users/2 
 path_url=/api/users/2 
 headers={'User-Agent': 'python-requests/2.32.3', 'Accept-Encoding': 'gzip, deflate', 'Accept': 'application/json', 'Connection': 'keep-alive', 'x-api-key': 'reqres-free-v1', 'Content-Type': 'application/json', 'Content-Length': '24'} 
 body=b'{"job": "Zion Resident"}' 
 </msg>
<msg time="2025-05-30T17:16:59.660049" level="INFO">PATCH Response : url=https://reqres.in/api/users/2 
 status=200, reason=OK 
 headers={'Date': 'Fri, 30 May 2025 20:16:59 GMT', 'Content-Type': 'application/json; charset=utf-8', 'Transfer-Encoding': 'chunked', 'Connection': 'keep-alive', 'Cf-Ray': '9480e991dcbe09d9-SJK', 'Server': 'cloudflare', 'Content-Encoding': 'gzip', 'Report-To': '{"group":"heroku-nel","max_age":3600,"endpoints":[{"url":"https://nel.heroku.com/reports?ts=1748636219&amp;sid=c4c9725f-1ab0-44d8-820f-430df2718e11&amp;s=HzHrxXoWBJ1O1iT85FO%2B1ZlmclNVk4APGS3lwFxfHVA%3D"}]}', 'Reporting-Endpoints': 'heroku-nel=https://nel.heroku.com/reports?ts=1748636219&amp;sid=c4c9725f-1ab0-44d8-820f-430df2718e11&amp;s=HzHrxXoWBJ1O1iT85FO%2B1ZlmclNVk4APGS3lwFxfHVA%3D', 'Nel': '{"report_to":"heroku-nel","max_age":3600,"success_fraction":0.005,"failure_fraction":0.05,"response_headers":["Via"]}', 'X-Powered-By': 'Express', 'Access-Control-Allow-Origin': '*', 'Ratelimit-Policy': '100;w=60', 'Ratelimit-Limit': '100', 'Ratelimit-Remaining': '86', 'Ratelimit-Reset': '58', 'Etag': 'W/"3e-+D+Y/X6nNogCqxHllYwJ6uzRR2g"', 'Via': '1.1 vegur', 'Cf-Cache-Status': 'DYNAMIC', 'server-timing': 'cfL4;desc="?proto=TCP&amp;rtt=2166&amp;min_rtt=2135&amp;rtt_var=863&amp;sent=5&amp;recv=6&amp;lost=0&amp;retrans=0&amp;sent_bytes=2837&amp;recv_bytes=910&amp;delivery_rate=1711409&amp;cwnd=252&amp;unsent_bytes=0&amp;cid=270067c4cb7962c6&amp;ts=380&amp;x=0"'} 
 body={"job":"Zion Resident","updatedAt":"2025-05-30T20:16:59.454Z"} 
 </msg>
<msg time="2025-05-30T17:16:59.660049" level="INFO">${response} = &lt;Response [200]&gt;</msg>
<var>${response}</var>
<arg>${SESSION_NAME}</arg>
<arg>${endpoint}</arg>
<arg>json=${body}</arg>
<arg>headers=${headers}</arg>
<arg>expected_status=ANY</arg>
<doc>Sends a PATCH request on a previously created HTTP Session.</doc>
<status status="PASS" start="2025-05-30T17:16:59.279045" elapsed="0.381004"/>
</kw>
<kw name="Set Test Variable" owner="BuiltIn">
<msg time="2025-05-30T17:16:59.660049" level="INFO">${response} = &lt;Response [200]&gt;</msg>
<arg>${response}</arg>
<doc>Makes a variable available everywhere within the scope of the current test.</doc>
<status status="PASS" start="2025-05-30T17:16:59.660049" elapsed="0.000000"/>
</kw>
<return>
<value>${response}</value>
<status status="PASS" start="2025-05-30T17:16:59.660049" elapsed="0.000000"/>
</return>
<arg>2</arg>
<arg>${dados}</arg>
<doc>Atualiza parcialmente os dados de um usuário existente</doc>
<status status="PASS" start="2025-05-30T17:16:59.277896" elapsed="0.382153"/>
</kw>
<kw name="Validar Status Code" owner="keywords">
<kw name="Should Be Equal As Integers" owner="BuiltIn">
<msg time="2025-05-30T17:16:59.675766" level="INFO">Argument types are:
&lt;class 'int'&gt;
&lt;class 'str'&gt;</msg>
<arg>${response.status_code}</arg>
<arg>${status_code}</arg>
<doc>Fails if objects are unequal after converting them to integers.</doc>
<status status="PASS" start="2025-05-30T17:16:59.660049" elapsed="0.015717"/>
</kw>
<arg>200</arg>
<doc>Valida se o status code da resposta é o esperado</doc>
<status status="PASS" start="2025-05-30T17:16:59.660049" elapsed="0.015717"/>
</kw>
<kw name="Validar Campo Atualizado Na Resposta" owner="PUT_keywords">
<kw name="Dictionary Should Contain Key" owner="Collections">
<arg>${response.json()}</arg>
<arg>${campo}</arg>
<doc>Fails if ``key`` is not found from ``dictionary``.</doc>
<status status="PASS" start="2025-05-30T17:16:59.675766" elapsed="0.000000"/>
</kw>
<arg>updatedAt</arg>
<doc>Valida se um campo específico foi atualizado na resposta</doc>
<status status="PASS" start="2025-05-30T17:16:59.675766" elapsed="0.000000"/>
</kw>
<kw name="Delete All Sessions" owner="RequestsLibrary" type="TEARDOWN">
<msg time="2025-05-30T17:16:59.675766" level="INFO">Deleting All Sessions</msg>
<doc>Removes all the session objects</doc>
<status status="PASS" start="2025-05-30T17:16:59.675766" elapsed="0.000000"/>
</kw>
<doc>Verifica se é possível atualizar parcialmente um usuário com PATCH</doc>
<tag>atualizacao</tag>
<tag>positivo</tag>
<status status="PASS" start="2025-05-30T17:16:59.274830" elapsed="0.400936"/>
</test>
<test id="s1-t8" name="Teste: Login Com Sucesso" line="62">
<kw name="Criar Sessao" owner="keywords" type="SETUP">
<kw name="Create Dictionary" owner="BuiltIn">
<msg time="2025-05-30T17:16:59.683363" level="INFO">${headers} = {'x-api-key': 'reqres-free-v1'}</msg>
<var>${headers}</var>
<arg>x-api-key=${API_KEY}</arg>
<doc>Creates and returns a dictionary based on the given ``items``.</doc>
<status status="PASS" start="2025-05-30T17:16:59.683363" elapsed="0.000000"/>
</kw>
<kw name="Create Session" owner="RequestsLibrary">
<msg time="2025-05-30T17:16:59.684507" level="INFO">Creating Session using : alias=reqres, url=https://reqres.in/api, headers={'x-api-key': 'reqres-free-v1'},                     cookies={}, auth=None, timeout=10, proxies=None, verify=True,                     debug=0 </msg>
<arg>${SESSION_NAME}</arg>
<arg>${BASE_URL}</arg>
<arg>headers=${headers}</arg>
<arg>timeout=${TIMEOUT}</arg>
<arg>verify=True</arg>
<doc>Create Session: create a HTTP session to a server</doc>
<status status="PASS" start="2025-05-30T17:16:59.684507" elapsed="0.000814"/>
</kw>
<doc>Cria uma sessão HTTP com a API ReqRes</doc>
<status status="PASS" start="2025-05-30T17:16:59.683363" elapsed="0.001958"/>
</kw>
<kw name="Login Usuario" owner="POST_keywords">
<kw name="Set Variable" owner="BuiltIn">
<msg time="2025-05-30T17:16:59.686345" level="INFO">${endpoint} = /login</msg>
<var>${endpoint}</var>
<arg>/login</arg>
<doc>Returns the given values which can then be assigned to a variables.</doc>
<status status="PASS" start="2025-05-30T17:16:59.686345" elapsed="0.000000"/>
</kw>
<kw name="Create Dictionary" owner="BuiltIn">
<msg time="2025-05-30T17:16:59.687459" level="INFO">&amp;{payload} = { email=eve.holt@reqres.in | password=cityslicka }</msg>
<var>&amp;{payload}</var>
<arg>email=${email}</arg>
<arg>password=${password}</arg>
<doc>Creates and returns a dictionary based on the given ``items``.</doc>
<status status="PASS" start="2025-05-30T17:16:59.686345" elapsed="0.001114"/>
</kw>
<kw name="Create Dictionary" owner="BuiltIn">
<msg time="2025-05-30T17:16:59.687459" level="INFO">&amp;{headers} = { Content-Type=application/json | Accept=application/json }</msg>
<var>&amp;{headers}</var>
<arg>Content-Type=application/json</arg>
<arg>Accept=application/json</arg>
<doc>Creates and returns a dictionary based on the given ``items``.</doc>
<status status="PASS" start="2025-05-30T17:16:59.687459" elapsed="0.000000"/>
</kw>
<kw name="POST On Session" owner="RequestsLibrary">
<msg time="2025-05-30T17:17:00.096391" level="INFO">POST Request : url=https://reqres.in/api/login 
 path_url=/api/login 
 headers={'User-Agent': 'python-requests/2.32.3', 'Accept-Encoding': 'gzip, deflate', 'Accept': 'application/json', 'Connection': 'keep-alive', 'x-api-key': 'reqres-free-v1', 'Content-Type': 'application/json', 'Content-Length': '57'} 
 body=b'{"email": "eve.holt@reqres.in", "password": "cityslicka"}' 
 </msg>
<msg time="2025-05-30T17:17:00.109794" level="INFO">POST Response : url=https://reqres.in/api/login 
 status=200, reason=OK 
 headers={'Date': 'Fri, 30 May 2025 20:16:59 GMT', 'Content-Type': 'application/json; charset=utf-8', 'Transfer-Encoding': 'chunked', 'Connection': 'keep-alive', 'Server': 'cloudflare', 'Cf-Ray': '9480e9949cb209d1-SJK', 'Report-To': '{"group":"heroku-nel","max_age":3600,"endpoints":[{"url":"https://nel.heroku.com/reports?ts=1748636219&amp;sid=c4c9725f-1ab0-44d8-820f-430df2718e11&amp;s=HzHrxXoWBJ1O1iT85FO%2B1ZlmclNVk4APGS3lwFxfHVA%3D"}]}', 'Reporting-Endpoints': 'heroku-nel=https://nel.heroku.com/reports?ts=1748636219&amp;sid=c4c9725f-1ab0-44d8-820f-430df2718e11&amp;s=HzHrxXoWBJ1O1iT85FO%2B1ZlmclNVk4APGS3lwFxfHVA%3D', 'Nel': '{"report_to":"heroku-nel","max_age":3600,"success_fraction":0.005,"failure_fraction":0.05,"response_headers":["Via"]}', 'X-Powered-By': 'Express', 'Access-Control-Allow-Origin': '*', 'Ratelimit-Policy': '100;w=60', 'Ratelimit-Limit': '100', 'Ratelimit-Remaining': '84', 'Ratelimit-Reset': '58', 'Etag': 'W/"1d-lGCrvD6B7Qzk11+2C98+nGhhuec"', 'Via': '1.1 vegur', 'Cf-Cache-Status': 'DYNAMIC', 'Content-Encoding': 'gzip', 'server-timing': 'cfL4;desc="?proto=TCP&amp;rtt=4250&amp;min_rtt=3956&amp;rtt_var=2072&amp;sent=5&amp;recv=5&amp;lost=0&amp;retrans=0&amp;sent_bytes=2836&amp;recv_bytes=940&amp;delivery_rate=646592&amp;cwnd=252&amp;unsent_bytes=0&amp;cid=092b8f18e30c04fd&amp;ts=383&amp;x=0"'} 
 body={"token":"QpwL5tke4Pnpja7X4"} 
 </msg>
<msg time="2025-05-30T17:17:00.109794" level="INFO">${response} = &lt;Response [200]&gt;</msg>
<var>${response}</var>
<arg>${SESSION_NAME}</arg>
<arg>${endpoint}</arg>
<arg>json=${payload}</arg>
<arg>headers=${headers}</arg>
<arg>expected_status=ANY</arg>
<doc>Sends a POST request on a previously created HTTP Session.</doc>
<status status="PASS" start="2025-05-30T17:16:59.687459" elapsed="0.422335"/>
</kw>
<kw name="Set Test Variable" owner="BuiltIn">
<msg time="2025-05-30T17:17:00.109794" level="INFO">${response} = &lt;Response [200]&gt;</msg>
<arg>${response}</arg>
<doc>Makes a variable available everywhere within the scope of the current test.</doc>
<status status="PASS" start="2025-05-30T17:17:00.109794" elapsed="0.000000"/>
</kw>
<return>
<value>${response}</value>
<status status="PASS" start="2025-05-30T17:17:00.109794" elapsed="0.000000"/>
</return>
<arg>eve.holt@reqres.in</arg>
<arg>cityslicka</arg>
<doc>Realiza login de um usuário</doc>
<status status="PASS" start="2025-05-30T17:16:59.685321" elapsed="0.424473"/>
</kw>
<kw name="Validar Status Code" owner="keywords">
<kw name="Should Be Equal As Integers" owner="BuiltIn">
<msg time="2025-05-30T17:17:00.112280" level="INFO">Argument types are:
&lt;class 'int'&gt;
&lt;class 'str'&gt;</msg>
<arg>${response.status_code}</arg>
<arg>${status_code}</arg>
<doc>Fails if objects are unequal after converting them to integers.</doc>
<status status="PASS" start="2025-05-30T17:17:00.112280" elapsed="0.000000"/>
</kw>
<arg>200</arg>
<doc>Valida se o status code da resposta é o esperado</doc>
<status status="PASS" start="2025-05-30T17:17:00.112280" elapsed="0.000000"/>
</kw>
<kw name="Validar Campo No Corpo Da Resposta" owner="POST_keywords">
<kw name="Dictionary Should Contain Key" owner="Collections">
<arg>${response.json()}</arg>
<arg>${campo}</arg>
<doc>Fails if ``key`` is not found from ``dictionary``.</doc>
<status status="PASS" start="2025-05-30T17:17:00.114293" elapsed="0.000000"/>
</kw>
<arg>token</arg>
<doc>Valida se um campo específico existe no corpo da resposta</doc>
<status status="PASS" start="2025-05-30T17:17:00.112280" elapsed="0.002013"/>
</kw>
<kw name="Delete All Sessions" owner="RequestsLibrary" type="TEARDOWN">
<msg time="2025-05-30T17:17:00.114293" level="INFO">Deleting All Sessions</msg>
<doc>Removes all the session objects</doc>
<status status="PASS" start="2025-05-30T17:17:00.114293" elapsed="0.000000"/>
</kw>
<doc>Verifica se é possível fazer login com credenciais válidas</doc>
<tag>autenticacao</tag>
<tag>positivo</tag>
<status status="PASS" start="2025-05-30T17:16:59.675766" elapsed="0.438527"/>
</test>
<doc>Testes de API para o serviço ReqRes</doc>
<status status="PASS" start="2025-05-30T17:16:50.203100" elapsed="9.911193"/>
</suite>
<statistics>
<total>
<stat pass="8" fail="0" skip="0">All Tests</stat>
</total>
<tag>
<stat pass="2" fail="0" skip="0">atualizacao</stat>
<stat pass="1" fail="0" skip="0">autenticacao</stat>
<stat pass="2" fail="0" skip="0">consulta</stat>
<stat pass="1" fail="0" skip="0">exclusao</stat>
<stat pass="1" fail="0" skip="0">negativo</stat>
<stat pass="7" fail="0" skip="0">positivo</stat>
<stat pass="2" fail="0" skip="0">registro</stat>
</tag>
<suite>
<stat name="Tests" id="s1" pass="8" fail="0" skip="0">Tests</stat>
</suite>
</statistics>
<errors>
</errors>
</robot>
