<?xml version="1.0" encoding="UTF-8"?>
<robot generator="Robot 7.2.2 (Python 3.11.9 on win32)" generated="2025-06-06T15:42:02.504330" rpa="false" schemaversion="5">
<suite id="s1" name="Tests" source="C:\Users\rapha\OneDrive\Documentos\compassuol\Documentos\Sprint 6\Semana 11\Robot_serverest\tests\tests.robot">
<test id="s1-t1" name="Cenario: POST Cadastrar usuarios 201" line="18">
<kw name="Criar Sessao" owner="common" type="SETUP">
<kw name="Log To Console" owner="BuiltIn">
<arg>Criando sessão com a API Serverest</arg>
<doc>Logs the given message to the console.</doc>
<status status="PASS" start="2025-06-06T15:42:14.905129" elapsed="0.000916"/>
</kw>
<kw name="Create Session" owner="RequestsLibrary">
<msg time="2025-06-06T15:42:14.906045" level="INFO">Creating Session using : alias=Serverest, url=https://serverest.dev, headers={},                     cookies={}, auth=None, timeout=None, proxies=None, verify=False,                     debug=0 </msg>
<arg>Serverest</arg>
<arg>${BASE_URL}</arg>
<doc>Create Session: create a HTTP session to a server</doc>
<status status="PASS" start="2025-06-06T15:42:14.906045" elapsed="0.000000"/>
</kw>
<status status="PASS" start="2025-06-06T15:42:14.901552" elapsed="0.004493"/>
</kw>
<kw name="Cadastrar Dados Usuario Valido" owner="dynamics">
<kw name="Name" owner="FakerLibrary">
<msg time="2025-06-06T15:42:14.907429" level="INFO">${nome} = Julia Schmidt</msg>
<var>${nome}</var>
<doc>:example: 'John Doe'</doc>
<status status="PASS" start="2025-06-06T15:42:14.907429" elapsed="0.000000"/>
</kw>
<kw name="Email" owner="FakerLibrary">
<msg time="2025-06-06T15:42:14.908486" level="INFO">${email} = melissacooke@example.net</msg>
<var>${email}</var>
<status status="PASS" start="2025-06-06T15:42:14.907429" elapsed="0.001057"/>
</kw>
<kw name="Create Dictionary" owner="BuiltIn">
<msg time="2025-06-06T15:42:14.908486" level="INFO">&amp;{payload} = { nome=Julia Schmidt | email=melissacooke@example.net | password=senha123 | administrador=true }</msg>
<var>&amp;{payload}</var>
<arg>nome=${nome}</arg>
<arg>email=${email}</arg>
<arg>password=senha123</arg>
<arg>administrador=true</arg>
<doc>Creates and returns a dictionary based on the given ``items``.</doc>
<status status="PASS" start="2025-06-06T15:42:14.908486" elapsed="0.000000"/>
</kw>
<kw name="Log To Console" owner="BuiltIn">
<arg>${payload}</arg>
<doc>Logs the given message to the console.</doc>
<status status="PASS" start="2025-06-06T15:42:14.909359" elapsed="0.000329"/>
</kw>
<kw name="Set Global Variable" owner="BuiltIn">
<msg time="2025-06-06T15:42:14.909688" level="INFO">&amp;{payload} = { nome=Julia Schmidt | email=melissacooke@example.net | password=senha123 | administrador=true }</msg>
<arg>&amp;{payload}</arg>
<doc>Makes a variable available globally in all tests and suites.</doc>
<status status="PASS" start="2025-06-06T15:42:14.909688" elapsed="0.000000"/>
</kw>
<kw name="Set Global Variable" owner="BuiltIn">
<msg time="2025-06-06T15:42:14.910228" level="INFO">${email_atual} = melissacooke@example.net</msg>
<arg>${email_atual}</arg>
<arg>${email}</arg>
<doc>Makes a variable available globally in all tests and suites.</doc>
<status status="PASS" start="2025-06-06T15:42:14.910228" elapsed="0.000000"/>
</kw>
<kw name="Set Global Variable" owner="BuiltIn">
<msg time="2025-06-06T15:42:14.911852" level="INFO">${senha_atual} = senha123</msg>
<arg>${senha_atual}</arg>
<arg>senha123</arg>
<doc>Makes a variable available globally in all tests and suites.</doc>
<status status="PASS" start="2025-06-06T15:42:14.910228" elapsed="0.001624"/>
</kw>
<return>
<value>&amp;{payload}</value>
<status status="PASS" start="2025-06-06T15:42:14.911852" elapsed="0.000000"/>
</return>
<status status="PASS" start="2025-06-06T15:42:14.907429" elapsed="0.004423"/>
</kw>
<kw name="POST Endpoint /usuarios" owner="usuario_keywords">
<kw name="POST On Session" owner="RequestsLibrary">
<msg time="2025-06-06T15:42:15.760369" level="INFO">POST Request : url=https://serverest.dev/usuarios 
 path_url=/usuarios 
 headers={'User-Agent': 'python-requests/2.32.3', 'Accept-Encoding': 'gzip, deflate', 'Accept': '*/*', 'Connection': 'keep-alive', 'Content-Length': '111', 'Content-Type': 'application/json'} 
 body=b'{"nome": "Julia Schmidt", "email": "melissacooke@example.net", "password": "senha123", "administrador": "true"}' 
 </msg>
<msg time="2025-06-06T15:42:15.760369" level="INFO">POST Response : url=https://serverest.dev/usuarios 
 status=201, reason=Created 
 headers={'access-control-allow-origin': '*', 'x-dns-prefetch-control': 'off', 'x-frame-options': 'SAMEORIGIN', 'strict-transport-security': 'max-age=15552000; includeSubDomains', 'x-download-options': 'noopen', 'x-content-type-options': 'nosniff', 'x-xss-protection': '1; mode=block', 'content-type': 'application/json; charset=utf-8', 'x-cloud-trace-context': '11b9561a6b03e9f905c694eed9787505', 'date': 'Fri, 06 Jun 2025 18:42:15 GMT', 'server': 'Google Frontend', 'Content-Length': '82'} 
 body={
    "message": "Cadastro realizado com sucesso",
    "_id": "2IMd4RypNgdAHZhw"
} 
 </msg>
<msg time="2025-06-06T15:42:15.760369" level="INFO">C:\Users\rapha\AppData\Local\Packages\PythonSoftwareFoundation.Python.3.11_qbz5n2kfra8p0\LocalCache\local-packages\Python311\site-packages\urllib3\connectionpool.py:1099: InsecureRequestWarning: Unverified HTTPS request is being made to host 'serverest.dev'. Adding certificate verification is strongly advised. See: https://urllib3.readthedocs.io/en/latest/advanced-usage.html#tls-warnings
  warnings.warn(</msg>
<msg time="2025-06-06T15:42:15.760369" level="INFO">${response} = &lt;Response [201]&gt;</msg>
<var>${response}</var>
<arg>Serverest</arg>
<arg>${ENDPOINT_USUARIOS}</arg>
<arg>json=&amp;{payload}</arg>
<doc>Sends a POST request on a previously created HTTP Session.</doc>
<status status="PASS" start="2025-06-06T15:42:14.915645" elapsed="0.844724"/>
</kw>
<kw name="Log To Console" owner="BuiltIn">
<arg>Response: ${response.content}</arg>
<doc>Logs the given message to the console.</doc>
<status status="PASS" start="2025-06-06T15:42:15.761561" elapsed="0.001371"/>
</kw>
<kw name="Set Global Variable" owner="BuiltIn">
<msg time="2025-06-06T15:42:15.763983" level="INFO">${response} = &lt;Response [201]&gt;</msg>
<arg>${response}</arg>
<doc>Makes a variable available globally in all tests and suites.</doc>
<status status="PASS" start="2025-06-06T15:42:15.762932" elapsed="0.001051"/>
</kw>
<kw name="Set Variable" owner="BuiltIn">
<msg time="2025-06-06T15:42:15.764992" level="INFO">${id_usuario} = 2IMd4RypNgdAHZhw</msg>
<var>${id_usuario}</var>
<arg>${response.json()["_id"]}</arg>
<doc>Returns the given values which can then be assigned to a variables.</doc>
<status status="PASS" start="2025-06-06T15:42:15.763983" elapsed="0.001009"/>
</kw>
<kw name="Set Global Variable" owner="BuiltIn">
<msg time="2025-06-06T15:42:15.766078" level="INFO">${ID_USUARIO_ATUAL} = 2IMd4RypNgdAHZhw</msg>
<arg>${ID_USUARIO_ATUAL}</arg>
<arg>${id_usuario}</arg>
<doc>Makes a variable available globally in all tests and suites.</doc>
<status status="PASS" start="2025-06-06T15:42:15.764992" elapsed="0.001086"/>
</kw>
<kw name="Log To Console" owner="BuiltIn">
<arg>ID do usuário atual: ${ID_USUARIO_ATUAL}</arg>
<doc>Logs the given message to the console.</doc>
<status status="PASS" start="2025-06-06T15:42:15.766078" elapsed="0.014290"/>
</kw>
<status status="PASS" start="2025-06-06T15:42:14.913323" elapsed="0.867045"/>
</kw>
<kw name="Validar Status Code" owner="common">
<kw name="Should Be True" owner="BuiltIn">
<arg>${response.status_code} == ${statuscode}</arg>
<doc>Fails if the given condition is not true.</doc>
<status status="PASS" start="2025-06-06T15:42:15.781556" elapsed="0.001250"/>
</kw>
<arg>201</arg>
<status status="PASS" start="2025-06-06T15:42:15.780368" elapsed="0.002438"/>
</kw>
<kw name="Validar Mensagem Contem" owner="common">
<kw name="Should Contain" owner="BuiltIn">
<arg>${response.json()["message"]}</arg>
<arg>${palavra}</arg>
<doc>Fails if ``container`` does not contain ``item`` one or more times.</doc>
<status status="PASS" start="2025-06-06T15:42:15.783734" elapsed="0.000999"/>
</kw>
<arg>sucesso</arg>
<status status="PASS" start="2025-06-06T15:42:15.783734" elapsed="0.001999"/>
</kw>
<tag>cadastrar_usuarios</tag>
<tag>todos</tag>
<status status="PASS" start="2025-06-06T15:42:14.901552" elapsed="0.884181"/>
</test>
<test id="s1-t2" name="Cenario: GET Listar usuarios cadastrados 200" line="25">
<kw name="Criar Sessao" owner="common" type="SETUP">
<kw name="Log To Console" owner="BuiltIn">
<arg>Criando sessão com a API Serverest</arg>
<doc>Logs the given message to the console.</doc>
<status status="PASS" start="2025-06-06T15:42:15.790584" elapsed="0.001445"/>
</kw>
<kw name="Create Session" owner="RequestsLibrary">
<msg time="2025-06-06T15:42:15.792029" level="INFO">Creating Session using : alias=Serverest, url=https://serverest.dev, headers={},                     cookies={}, auth=None, timeout=None, proxies=None, verify=False,                     debug=0 </msg>
<arg>Serverest</arg>
<arg>${BASE_URL}</arg>
<doc>Create Session: create a HTTP session to a server</doc>
<status status="PASS" start="2025-06-06T15:42:15.792029" elapsed="0.000000"/>
</kw>
<status status="PASS" start="2025-06-06T15:42:15.790584" elapsed="0.001445"/>
</kw>
<kw name="GET Endpoint /usuarios" owner="usuario_keywords">
<kw name="GET On Session" owner="RequestsLibrary">
<msg time="2025-06-06T15:42:16.341624" level="INFO">GET Request : url=https://serverest.dev/usuarios 
 path_url=/usuarios 
 headers={'User-Agent': 'python-requests/2.32.3', 'Accept-Encoding': 'gzip, deflate', 'Accept': '*/*', 'Connection': 'keep-alive'} 
 body=None 
 </msg>
<msg time="2025-06-06T15:42:16.343367" level="INFO">GET Response : url=https://serverest.dev/usuarios 
 status=200, reason=OK 
 headers={'access-control-allow-origin': '*', 'x-dns-prefetch-control': 'off', 'x-frame-options': 'SAMEORIGIN', 'strict-transport-security': 'max-age=15552000; includeSubDomains', 'x-download-options': 'noopen', 'x-content-type-options': 'nosniff', 'x-xss-protection': '1; mode=block', 'content-type': 'application/json; charset=utf-8', 'x-cloud-trace-context': '986baa5415b7d593f578e0369f9fc330', 'date': 'Fri, 06 Jun 2025 18:42:16 GMT', 'server': 'Google Frontend', 'Content-Length': '46966'} 
 body={
    "quantidade": 213,
    "usuarios": [
        {
            "nome": "Marcos Azevedo 1749228018086",
            "email": "marcos.azevedo1749228018086@qa.com.br",
            "password": "teste",
            "administrador": "true",
            "_id": "0hdn779SedYPaStV"
        },
        {
            "nome": "Fulano da Silva",
            "email": "fulano@qa.com",
            "password": "teste",
            "administrador": "true",
            "_id": "0uxuPY0cbmQhpEz1"
        },
        {
            "nome": "Rafael Franca 1749224509301",
            "email": "rafael.franca1749224509301@qa.com.br",
            "password": "teste",
            "administrador": "true",
            "_id": "1IC0X2VjU2PgLzAJ"
        },
        {
            "nome": "Kristina Baumbach",
            "email": "Ambrose_Gutmann79@yahoo.com",
            "password": "dSMuchAq75sBSVS",
            "administrador": "true",
            "_id": "1PkrHeMuKNjhNDRS"
        },
        {
            "nome": "Edson da Silva",
            "email": "edsonno@qa.com.br",
            "password": "teste",
            "administrador": "true",
            "_id": "1XA48IJmRYS6JgaN"
        },
        {
            "nome": "Fulano da Silva",
            "email": "rhqm@emailteste.com",
            "password": "1234",
            "administrador": "true",
            "_id": "28EWKMues7119ne1"
        },
        {
            "nome": "Fulano da Silva",
            "email": "ejjn@emailteste.com",
            "password": "1234",
            "administrador": "true",
            "_id": "2B80Hy7LSdMqztxG"
        },
        {
            "nome": "Dan Nunez",
            "email": "benjaminwong@example.org",
            "password": "senha123",
            "administrador": "true",
            "_id": "2F4Kpit0AmsFA6Ju"
        },
        {
            "nome": "Julia Schmidt",
            "email": "melissacooke@example.net",
            "password": "senha123",
            "administrador": "true",
            "_id": "2IMd4RypNgdAHZhw"
        },
        {
            "nome": "Fulano da Silva",
            "email": "oxqx@emailteste.com",
            "password": "1234",
            "administrador": "true",
            "_id": "2x04S69QuIuVUKlq"
        },
        {
            "nome": "Cristina Wunsch",
            "email": "Eldon39@gmail.com",
            "password": "kzh7DX62VkhtoWW",
            "administrador": "false",
            "_id": "2xD0az449biq8kb0"
        },
        {
            "nome": "Login Incorreto",
            "email": "valido1749219818099@teste.com",
            "password": "teste123",
            "administrador": "true",
            "_id": "35jocKhLc3q4SlKt"
        },
        {
            "nome": "Marcos Rocha 1749230170930",
            "email": "marcos.rocha1749230170930@qa.com.br",
            "password": "teste",
            "administrador": "true",
            "_id": "3DU8beP0DxLrK4iS"
        },
        {
            "nome": "Samantha Orozco",
            "email": "reedjeffrey@example.com",
            "password": "+9)MO_Di",
            "administrador": "true",
            "_id": "3RtDcSXnpjmxy3jl"
        },
        {
            "nome": "Maria Teste",
            "email": "teste13@qa.com",
            "password": "123456789101112",
            "administrador": "true",
            "_id": "3eyMrR8OQ1I0k00n"
        },
        {
            "nome": "Jamie Calhoun",
            "email": "xbennett@example.net",
            "password": "@4ICl+",
            "administrador": "true",
            "_id": "495RzkMHCQdNabbX"
        },
        {
            "nome": "Fulano da Silva",
            "email": "icnk@emailteste.com",
            "password": "1234",
            "administrador": "true",
            "_id": "4qALQu9XkFjrcDnU"
        },
        {
            "nome": "Fulano da Silva",
            "email": "$email=jrbi@emailteste.com",
            "password": "1234",
            "administrador": "true",
            "_id": "52SA2ydoMUkWLhAj"
        },
        {
            "nome": "Aurelio_Swift",
            "email": "Otha_Abernathy-Hamill60@gmail.com",
            "password": "037782395",
            "administrador": "true",
            "_id": "5JDsZa8YbWtLKLRr"
        },
        {
            "nome": "Carter.Stroman46",
            "email": "Orie.Moore13@yahoo.com",
            "password": "256169925",
            "administrador": "true",
            "_id": "5JefPs3fRYJTzx6W"
        },
        {
            "nome": "Fulano da Silva",
            "email": "yomj@emailteste.com",
            "password": "1234",
            "administrador": "true",
            "_id": "5rl9gll9CFu4DEcr"
        },
        {
            "nome": "Arlo_Auer",
            "email": "Chelsie36@hotmail.com",
            "password": "122738844",
            "administrador": "true",
            "_id": "5s0JAljDrsxhKZCQ"
        },
        {
            "nome": "Fulano da Silva",
            "email": "chun@emailteste.com",
            "password": "1234",
            "administrador": "true",
            "_id": "5yaLzGF7hjnonBfu"
        },
        {
            "nome": "Victor Daniel",
            "email": "Juana_Schinner@yahoo.com",
            "password": "wuxhy92jCtuuYXg",
            "administrador": "true",
            "_id": "68SHl3Pu6wMQ9yzn"
        },
        {
            "nome": "Taylor Lee",
            "email": "bmiddleton@example.com",
            "password": "&amp;)8SDr",
            "administrador": "true",
            "_id": "6TKKGixkz9MNUNal"
        },
        {
            "nome": "UserF32S5y",
            "email": "userF32S5y@test.com",
            "password": "passF32S5y",
            "administrador": "true",
            "_id": "6liCH2WAvOtir1BR"
        },
        {
            "nome": "Eddie Volkman",
            "email": "eddievolkman@test.com",
            "password": "Test;123",
            "administrador": "false",
            "_id": "7Ltqb6T9cBkA5May"
        },
        {
            "nome": "Marcos Oliveira 1749230009134",
            "email": "marcos.oliveira1749230009134@qa.com.br",
            "password": "teste",
            "administrador": "true",
            "_id": "7OffUNlWaYvb8Ofq"
        },
        {
            "nome": "Usuario_1749157157031",
            "email": "Usuario_1749224443164@hotmail.com",
            "password": "SenhaForte123",
            "administrador": "true",
            "_id": "7UQFpfoZyja6lRBX"
        },
        {
            "nome": "Juliana Gomes 1749228756634",
            "email": "juliana.gomes1749228756634@qa.com.br",
            "password": "teste",
            "administrador": "false",
            "_id": "84QpNsYLz3uoXHD0"
        },
        {
            "nome": "Anna Rasmussen",
            "email": "denisejefferson@example.net",
            "password": "Y@5Qt^",
            "administrador": "true",
            "_id": "851IFvPLXTWNTefR"
        },
        {
            "nome": "Juliana Duarte 1749230181730",
            "email": "juliana.duarte1749230181730@qa.com.br",
            "password": "teste",
            "administrador": "false",
            "_id": "8TBmNBU6FiM9Fk52"
        },
        {
            "nome": "Carlos Buscador",
            "email": "carlos1749212965877@teste.com",
            "password": "123456",
            "administrador": "true",
            "_id": "8Ws3Aa466Sk5O4X8"
        },
        {
            "nome": "Usuario_1749157157031",
            "email": "Usuario_1749221733492@gmail.com",
            "password": "SenhaForte123",
            "administrador": "true",
            "_id": "92cMO9K4hoEV26WJ"
        },
        {
            "nome": "Thelma Kris",
            "email": "Alec17@gmail.com",
            "password": "KmpCSy01i7pPDwQ",
            "administrador": "true",
            "_id": "9EvM42409deGP7yJ"
        },
        {
            "nome": "Christina Knox",
            "email": "wharrison@example.org",
            "password": "d$9LiR",
            "administrador": "true",
            "_id": "9ZcFDPOJhuFyAihy"
        },
        {
            "nome": "Dawn Larsen",
            "email": "mistysmith@example.org",
            "password": "senha123",
            "administrador": "true",
            "_id": "9bPOUxFmxs5hQKiT"
        },
        {
            "nome": "Sarah2",
            "email": "sarah-smith2334@gmail.com",
            "password": "sarahpwd123",
            "administrador": "true",
            "_id": "9mEh8ybffS0sgma7"
        },
        {
            "nome": "Ivan Teixeira",
            "email": "ivan.teixeira@qa.com.br",
            "password": "teste",
            "administrador": "true",
            "_id": "A3RmsBFkwQi6zhxY"
        },
        {
            "nome": "Juliana Franca",
            "email": "julianafranca3@qa.com.br",
            "password": "teste",
            "administrador": "true",
            "_id": "A4c2FTI8RVvNUIO0"
        },
        {
            "nome": "Maria Teste",
            "email": "teste15@qa.com",
            "password": "123456",
            "administrador": "false",
            "_id": "AQoB4XUkKLS8C0kq"
        },
        {
            "nome": "Orlando Kutch",
            "email": "orlandokutch@test.com",
            "password": "Test;123",
            "administrador": "true",
            "_id": "AerPZDjphkLBs14K"
        },
        {
            "nome": "Maria Teste 4",
            "email": "teste4@gmail.com",
            "password": "123456",
            "administrador": "true",
            "_id": "CGvsp1IdBxGQo5jl"
        },
        {
            "nome": "bffbs",
            "email": "phrafinhas1@gmail.com",
            "password": "1",
            "administrador": "false",
            "_id": "CLkLyTa6x9g8Mmww"
        },
        {
            "nome": "Jason Watts",
            "email": "kimberlysmith@example.com",
            "password": "senha123",
            "administrador": "true",
            "_id": "CSHVGNaDGUmLpTyJ"
        },
        {
            "nome": "Sarah2",
            "email": "sarah-smi... (set the log level to DEBUG or TRACE to see the full content) 
 </msg>
<msg time="2025-06-06T15:42:16.343367" level="INFO">C:\Users\rapha\AppData\Local\Packages\PythonSoftwareFoundation.Python.3.11_qbz5n2kfra8p0\LocalCache\local-packages\Python311\site-packages\urllib3\connectionpool.py:1099: InsecureRequestWarning: Unverified HTTPS request is being made to host 'serverest.dev'. Adding certificate verification is strongly advised. See: https://urllib3.readthedocs.io/en/latest/advanced-usage.html#tls-warnings
  warnings.warn(</msg>
<msg time="2025-06-06T15:42:16.343367" level="INFO">${response} = &lt;Response [200]&gt;</msg>
<var>${response}</var>
<arg>Serverest</arg>
<arg>${ENDPOINT_USUARIOS}</arg>
<doc>Sends a GET request on a previously created HTTP Session.</doc>
<status status="PASS" start="2025-06-06T15:42:15.793397" elapsed="0.549970"/>
</kw>
<kw name="Set Global Variable" owner="BuiltIn">
<msg time="2025-06-06T15:42:16.343367" level="INFO">${response} = &lt;Response [200]&gt;</msg>
<arg>${response}</arg>
<doc>Makes a variable available globally in all tests and suites.</doc>
<status status="PASS" start="2025-06-06T15:42:16.343367" elapsed="0.000000"/>
</kw>
<kw name="Log To Console" owner="BuiltIn">
<arg>Response body: ${response.content}</arg>
<doc>Logs the given message to the console.</doc>
<status status="PASS" start="2025-06-06T15:42:16.343367" elapsed="0.014523"/>
</kw>
<status status="PASS" start="2025-06-06T15:42:15.793397" elapsed="0.564493"/>
</kw>
<kw name="Validar Status Code" owner="common">
<kw name="Should Be True" owner="BuiltIn">
<arg>${response.status_code} == ${statuscode}</arg>
<doc>Fails if the given condition is not true.</doc>
<status status="PASS" start="2025-06-06T15:42:16.358890" elapsed="0.001506"/>
</kw>
<arg>200</arg>
<status status="PASS" start="2025-06-06T15:42:16.358890" elapsed="0.001506"/>
</kw>
<kw name="Printar conteudo da response" owner="common">
<kw name="Log To Console" owner="BuiltIn">
<arg>Response: ${response.json()["usuarios"][0]["nome"]}</arg>
<doc>Logs the given message to the console.</doc>
<status status="PASS" start="2025-06-06T15:42:16.360396" elapsed="0.001680"/>
</kw>
<status status="PASS" start="2025-06-06T15:42:16.360396" elapsed="0.001680"/>
</kw>
<tag>listar_usuarios</tag>
<tag>todos</tag>
<status status="PASS" start="2025-06-06T15:42:15.789358" elapsed="0.572718"/>
</test>
<test id="s1-t3" name="Cenario: GET Buscar usuario por id 200" line="31">
<kw name="Criar Sessao" owner="common" type="SETUP">
<kw name="Log To Console" owner="BuiltIn">
<arg>Criando sessão com a API Serverest</arg>
<doc>Logs the given message to the console.</doc>
<status status="PASS" start="2025-06-06T15:42:16.365880" elapsed="0.000000"/>
</kw>
<kw name="Create Session" owner="RequestsLibrary">
<msg time="2025-06-06T15:42:16.365880" level="INFO">Creating Session using : alias=Serverest, url=https://serverest.dev, headers={},                     cookies={}, auth=None, timeout=None, proxies=None, verify=False,                     debug=0 </msg>
<arg>Serverest</arg>
<arg>${BASE_URL}</arg>
<doc>Create Session: create a HTTP session to a server</doc>
<status status="PASS" start="2025-06-06T15:42:16.365880" elapsed="0.000000"/>
</kw>
<status status="PASS" start="2025-06-06T15:42:16.362076" elapsed="0.003804"/>
</kw>
<kw name="Criar Usuario e Logar" owner="common">
<kw name="Cadastrar Dados Usuario Valido" owner="dynamics">
<kw name="Name" owner="FakerLibrary">
<msg time="2025-06-06T15:42:16.365880" level="INFO">${nome} = Christina Norman</msg>
<var>${nome}</var>
<doc>:example: 'John Doe'</doc>
<status status="PASS" start="2025-06-06T15:42:16.365880" elapsed="0.000000"/>
</kw>
<kw name="Email" owner="FakerLibrary">
<msg time="2025-06-06T15:42:16.365880" level="INFO">${email} = willie55@example.org</msg>
<var>${email}</var>
<status status="PASS" start="2025-06-06T15:42:16.365880" elapsed="0.000000"/>
</kw>
<kw name="Create Dictionary" owner="BuiltIn">
<msg time="2025-06-06T15:42:16.365880" level="INFO">&amp;{payload} = { nome=Christina Norman | email=willie55@example.org | password=senha123 | administrador=true }</msg>
<var>&amp;{payload}</var>
<arg>nome=${nome}</arg>
<arg>email=${email}</arg>
<arg>password=senha123</arg>
<arg>administrador=true</arg>
<doc>Creates and returns a dictionary based on the given ``items``.</doc>
<status status="PASS" start="2025-06-06T15:42:16.365880" elapsed="0.000000"/>
</kw>
<kw name="Log To Console" owner="BuiltIn">
<arg>${payload}</arg>
<doc>Logs the given message to the console.</doc>
<status status="PASS" start="2025-06-06T15:42:16.365880" elapsed="0.000000"/>
</kw>
<kw name="Set Global Variable" owner="BuiltIn">
<msg time="2025-06-06T15:42:16.365880" level="INFO">&amp;{payload} = { nome=Christina Norman | email=willie55@example.org | password=senha123 | administrador=true }</msg>
<arg>&amp;{payload}</arg>
<doc>Makes a variable available globally in all tests and suites.</doc>
<status status="PASS" start="2025-06-06T15:42:16.365880" elapsed="0.000000"/>
</kw>
<kw name="Set Global Variable" owner="BuiltIn">
<msg time="2025-06-06T15:42:16.365880" level="INFO">${email_atual} = willie55@example.org</msg>
<arg>${email_atual}</arg>
<arg>${email}</arg>
<doc>Makes a variable available globally in all tests and suites.</doc>
<status status="PASS" start="2025-06-06T15:42:16.365880" elapsed="0.000000"/>
</kw>
<kw name="Set Global Variable" owner="BuiltIn">
<msg time="2025-06-06T15:42:16.365880" level="INFO">${senha_atual} = senha123</msg>
<arg>${senha_atual}</arg>
<arg>senha123</arg>
<doc>Makes a variable available globally in all tests and suites.</doc>
<status status="PASS" start="2025-06-06T15:42:16.365880" elapsed="0.000000"/>
</kw>
<return>
<value>&amp;{payload}</value>
<status status="PASS" start="2025-06-06T15:42:16.369977" elapsed="0.000000"/>
</return>
<status status="PASS" start="2025-06-06T15:42:16.365880" elapsed="0.004097"/>
</kw>
<kw name="POST Endpoint /usuarios" owner="usuario_keywords">
<kw name="POST On Session" owner="RequestsLibrary">
<msg time="2025-06-06T15:42:17.110158" level="INFO">POST Request : url=https://serverest.dev/usuarios 
 path_url=/usuarios 
 headers={'User-Agent': 'python-requests/2.32.3', 'Accept-Encoding': 'gzip, deflate', 'Accept': '*/*', 'Connection': 'keep-alive', 'Content-Length': '110', 'Content-Type': 'application/json'} 
 body=b'{"nome": "Christina Norman", "email": "willie55@example.org", "password": "senha123", "administrador": "true"}' 
 </msg>
<msg time="2025-06-06T15:42:17.110158" level="INFO">POST Response : url=https://serverest.dev/usuarios 
 status=201, reason=Created 
 headers={'access-control-allow-origin': '*', 'x-dns-prefetch-control': 'off', 'x-frame-options': 'SAMEORIGIN', 'strict-transport-security': 'max-age=15552000; includeSubDomains', 'x-download-options': 'noopen', 'x-content-type-options': 'nosniff', 'x-xss-protection': '1; mode=block', 'content-type': 'application/json; charset=utf-8', 'x-cloud-trace-context': 'ccd6113bb105fe5b3c269024d460b6e5', 'date': 'Fri, 06 Jun 2025 18:42:17 GMT', 'server': 'Google Frontend', 'Content-Length': '82'} 
 body={
    "message": "Cadastro realizado com sucesso",
    "_id": "7CksECpkli5G6jxb"
} 
 </msg>
<msg time="2025-06-06T15:42:17.110158" level="INFO">C:\Users\rapha\AppData\Local\Packages\PythonSoftwareFoundation.Python.3.11_qbz5n2kfra8p0\LocalCache\local-packages\Python311\site-packages\urllib3\connectionpool.py:1099: InsecureRequestWarning: Unverified HTTPS request is being made to host 'serverest.dev'. Adding certificate verification is strongly advised. See: https://urllib3.readthedocs.io/en/latest/advanced-usage.html#tls-warnings
  warnings.warn(</msg>
<msg time="2025-06-06T15:42:17.110158" level="INFO">${response} = &lt;Response [201]&gt;</msg>
<var>${response}</var>
<arg>Serverest</arg>
<arg>${ENDPOINT_USUARIOS}</arg>
<arg>json=&amp;{payload}</arg>
<doc>Sends a POST request on a previously created HTTP Session.</doc>
<status status="PASS" start="2025-06-06T15:42:16.370566" elapsed="0.739592"/>
</kw>
<kw name="Log To Console" owner="BuiltIn">
<arg>Response: ${response.content}</arg>
<doc>Logs the given message to the console.</doc>
<status status="PASS" start="2025-06-06T15:42:17.110158" elapsed="0.000000"/>
</kw>
<kw name="Set Global Variable" owner="BuiltIn">
<msg time="2025-06-06T15:42:17.110158" level="INFO">${response} = &lt;Response [201]&gt;</msg>
<arg>${response}</arg>
<doc>Makes a variable available globally in all tests and suites.</doc>
<status status="PASS" start="2025-06-06T15:42:17.110158" elapsed="0.000000"/>
</kw>
<kw name="Set Variable" owner="BuiltIn">
<msg time="2025-06-06T15:42:17.110158" level="INFO">${id_usuario} = 7CksECpkli5G6jxb</msg>
<var>${id_usuario}</var>
<arg>${response.json()["_id"]}</arg>
<doc>Returns the given values which can then be assigned to a variables.</doc>
<status status="PASS" start="2025-06-06T15:42:17.110158" elapsed="0.000000"/>
</kw>
<kw name="Set Global Variable" owner="BuiltIn">
<msg time="2025-06-06T15:42:17.110158" level="INFO">${ID_USUARIO_ATUAL} = 7CksECpkli5G6jxb</msg>
<arg>${ID_USUARIO_ATUAL}</arg>
<arg>${id_usuario}</arg>
<doc>Makes a variable available globally in all tests and suites.</doc>
<status status="PASS" start="2025-06-06T15:42:17.110158" elapsed="0.000000"/>
</kw>
<kw name="Log To Console" owner="BuiltIn">
<arg>ID do usuário atual: ${ID_USUARIO_ATUAL}</arg>
<doc>Logs the given message to the console.</doc>
<status status="PASS" start="2025-06-06T15:42:17.110158" elapsed="0.000000"/>
</kw>
<status status="PASS" start="2025-06-06T15:42:16.369977" elapsed="0.740181"/>
</kw>
<kw name="POST Endpoint /login" owner="login_keywords">
<kw name="Create Dictionary" owner="BuiltIn">
<msg time="2025-06-06T15:42:17.110158" level="INFO">&amp;{payload} = { email=willie55@example.org | password=senha123 }</msg>
<var>&amp;{payload}</var>
<arg>email=${email_atual}</arg>
<arg>password=${senha_atual}</arg>
<doc>Creates and returns a dictionary based on the given ``items``.</doc>
<status status="PASS" start="2025-06-06T15:42:17.110158" elapsed="0.000000"/>
</kw>
<kw name="POST On Session" owner="RequestsLibrary">
<msg time="2025-06-06T15:42:17.357538" level="INFO">POST Request : url=https://serverest.dev/login 
 path_url=/login 
 headers={'User-Agent': 'python-requests/2.32.3', 'Accept-Encoding': 'gzip, deflate', 'Accept': '*/*', 'Connection': 'keep-alive', 'Content-Length': '57', 'Content-Type': 'application/json'} 
 body=b'{"email": "willie55@example.org", "password": "senha123"}' 
 </msg>
<msg time="2025-06-06T15:42:17.357538" level="INFO">POST Response : url=https://serverest.dev/login 
 status=200, reason=OK 
 headers={'access-control-allow-origin': '*', 'x-dns-prefetch-control': 'off', 'x-frame-options': 'SAMEORIGIN', 'strict-transport-security': 'max-age=15552000; includeSubDomains', 'x-download-options': 'noopen', 'x-content-type-options': 'nosniff', 'x-xss-protection': '1; mode=block', 'content-type': 'application/json; charset=utf-8', 'x-cloud-trace-context': '92295e87029572043c269024d460b129', 'date': 'Fri, 06 Jun 2025 18:42:17 GMT', 'server': 'Google Frontend', 'Content-Length': '279'} 
 body={
    "message": "Login realizado com sucesso",
    "authorization": "Bearer eyJhbGciOiJIUzI1NiIsInR5cCI6IkpXVCJ9.eyJlbWFpbCI6IndpbGxpZTU1QGV4YW1wbGUub3JnIiwicGFzc3dvcmQiOiJzZW5oYTEyMyIsImlhdCI6MTc0OTIzNTMzNywiZXhwIjoxNzQ5MjM1OTM3fQ.0DIZ-vG7N99i5FdiOxWqmjXfRBjGFxj3duUeSBBiCW4"
} 
 </msg>
<msg time="2025-06-06T15:42:17.357538" level="INFO">C:\Users\rapha\AppData\Local\Packages\PythonSoftwareFoundation.Python.3.11_qbz5n2kfra8p0\LocalCache\local-packages\Python311\site-packages\urllib3\connectionpool.py:1099: InsecureRequestWarning: Unverified HTTPS request is being made to host 'serverest.dev'. Adding certificate verification is strongly advised. See: https://urllib3.readthedocs.io/en/latest/advanced-usage.html#tls-warnings
  warnings.warn(</msg>
<msg time="2025-06-06T15:42:17.357538" level="INFO">${response} = &lt;Response [200]&gt;</msg>
<var>${response}</var>
<arg>Serverest</arg>
<arg>${ENDPOINT_LOGIN}</arg>
<arg>json=&amp;{payload}</arg>
<doc>Sends a POST request on a previously created HTTP Session.</doc>
<status status="PASS" start="2025-06-06T15:42:17.110158" elapsed="0.247380"/>
</kw>
<kw name="Set Global Variable" owner="BuiltIn">
<msg time="2025-06-06T15:42:17.357538" level="INFO">${response} = &lt;Response [200]&gt;</msg>
<arg>${response}</arg>
<doc>Makes a variable available globally in all tests and suites.</doc>
<status status="PASS" start="2025-06-06T15:42:17.357538" elapsed="0.000000"/>
</kw>
<kw name="Log To Console" owner="BuiltIn">
<arg>Response:</arg>
<arg>${response.content}</arg>
<doc>Logs the given message to the console.</doc>
<status status="PASS" start="2025-06-06T15:42:17.357538" elapsed="0.000000"/>
</kw>
<kw name="Log To Console" owner="BuiltIn">
<arg>Token: ${response.json()["authorization"]}</arg>
<doc>Logs the given message to the console.</doc>
<status status="PASS" start="2025-06-06T15:42:17.357538" elapsed="0.000000"/>
</kw>
<kw name="Set Variable" owner="BuiltIn">
<msg time="2025-06-06T15:42:17.360542" level="INFO">${token} = Bearer eyJhbGciOiJIUzI1NiIsInR5cCI6IkpXVCJ9.eyJlbWFpbCI6IndpbGxpZTU1QGV4YW1wbGUub3JnIiwicGFzc3dvcmQiOiJzZW5oYTEyMyIsImlhdCI6MTc0OTIzNTMzNywiZXhwIjoxNzQ5MjM1OTM3fQ.0DIZ-vG7N99i5FdiOxWqmjXfRBjGFxj3duUeS...</msg>
<var>${token}</var>
<arg>${response.json()["authorization"]}</arg>
<doc>Returns the given values which can then be assigned to a variables.</doc>
<status status="PASS" start="2025-06-06T15:42:17.360542" elapsed="0.000000"/>
</kw>
<kw name="Set Suite Variable" owner="BuiltIn">
<msg time="2025-06-06T15:42:17.360542" level="INFO">${TOKEN_AUTH_ATUAL} = Bearer eyJhbGciOiJIUzI1NiIsInR5cCI6IkpXVCJ9.eyJlbWFpbCI6IndpbGxpZTU1QGV4YW1wbGUub3JnIiwicGFzc3dvcmQiOiJzZW5oYTEyMyIsImlhdCI6MTc0OTIzNTMzNywiZXhwIjoxNzQ5MjM1OTM3fQ.0DIZ-vG7N99i5FdiOxWqmjXfRBjGFxj3duUeS...</msg>
<arg>${TOKEN_AUTH_ATUAL}</arg>
<arg>${token}</arg>
<doc>Makes a variable available everywhere within the scope of the current suite.</doc>
<status status="PASS" start="2025-06-06T15:42:17.360542" elapsed="0.000000"/>
</kw>
<kw name="Log To Console" owner="BuiltIn">
<arg>Token atual: ${TOKEN_AUTH_ATUAL}</arg>
<doc>Logs the given message to the console.</doc>
<status status="PASS" start="2025-06-06T15:42:17.360542" elapsed="0.000000"/>
</kw>
<status status="PASS" start="2025-06-06T15:42:17.110158" elapsed="0.250384"/>
</kw>
<kw name="Validar Ter Logado" owner="login_keywords">
<kw name="Should Be Equal" owner="BuiltIn">
<arg>${response.json()["message"]}</arg>
<arg>Login realizado com sucesso</arg>
<doc>Fails if the given objects are unequal.</doc>
<status status="PASS" start="2025-06-06T15:42:17.360542" elapsed="0.000000"/>
</kw>
<kw name="Should Not Be Empty" owner="BuiltIn">
<msg time="2025-06-06T15:42:17.360542" level="INFO">Length is 206.</msg>
<arg>${response.json()["authorization"]}</arg>
<doc>Verifies that the given item is not empty.</doc>
<status status="PASS" start="2025-06-06T15:42:17.360542" elapsed="0.000000"/>
</kw>
<status status="PASS" start="2025-06-06T15:42:17.360542" elapsed="0.000000"/>
</kw>
<status status="PASS" start="2025-06-06T15:42:16.365880" elapsed="0.994662"/>
</kw>
<kw name="GET Endpoint buscar/usuarios" owner="usuario_keywords">
<kw name="GET On Session" owner="RequestsLibrary">
<msg time="2025-06-06T15:42:17.537551" level="INFO">GET Request : url=https://serverest.dev/usuarios/7CksECpkli5G6jxb 
 path_url=/usuarios/7CksECpkli5G6jxb 
 headers={'User-Agent': 'python-requests/2.32.3', 'Accept-Encoding': 'gzip, deflate', 'Accept': '*/*', 'Connection': 'keep-alive'} 
 body=None 
 </msg>
<msg time="2025-06-06T15:42:17.537551" level="INFO">GET Response : url=https://serverest.dev/usuarios/7CksECpkli5G6jxb 
 status=200, reason=OK 
 headers={'access-control-allow-origin': '*', 'x-dns-prefetch-control': 'off', 'x-frame-options': 'SAMEORIGIN', 'strict-transport-security': 'max-age=15552000; includeSubDomains', 'x-download-options': 'noopen', 'x-content-type-options': 'nosniff', 'x-xss-protection': '1; mode=block', 'content-type': 'application/json; charset=utf-8', 'x-cloud-trace-context': 'd093c9f47daf97b73c269024d460bf88', 'date': 'Fri, 06 Jun 2025 18:42:17 GMT', 'server': 'Google Frontend', 'Content-Length': '159'} 
 body={
    "nome": "Christina Norman",
    "email": "willie55@example.org",
    "password": "senha123",
    "administrador": "true",
    "_id": "7CksECpkli5G6jxb"
} 
 </msg>
<msg time="2025-06-06T15:42:17.537551" level="INFO">C:\Users\rapha\AppData\Local\Packages\PythonSoftwareFoundation.Python.3.11_qbz5n2kfra8p0\LocalCache\local-packages\Python311\site-packages\urllib3\connectionpool.py:1099: InsecureRequestWarning: Unverified HTTPS request is being made to host 'serverest.dev'. Adding certificate verification is strongly advised. See: https://urllib3.readthedocs.io/en/latest/advanced-usage.html#tls-warnings
  warnings.warn(</msg>
<msg time="2025-06-06T15:42:17.538657" level="INFO">${response} = &lt;Response [200]&gt;</msg>
<var>${response}</var>
<arg>Serverest</arg>
<arg>${ENDPOINT_USUARIOS}/${ID_USUARIO_ATUAL}</arg>
<doc>Sends a GET request on a previously created HTTP Session.</doc>
<status status="PASS" start="2025-06-06T15:42:17.364362" elapsed="0.174295"/>
</kw>
<kw name="Set Global Variable" owner="BuiltIn">
<msg time="2025-06-06T15:42:17.538657" level="INFO">${response} = &lt;Response [200]&gt;</msg>
<arg>${response}</arg>
<doc>Makes a variable available globally in all tests and suites.</doc>
<status status="PASS" start="2025-06-06T15:42:17.538657" elapsed="0.001524"/>
</kw>
<kw name="Log To Console" owner="BuiltIn">
<arg>Response body: ${response.content}</arg>
<doc>Logs the given message to the console.</doc>
<status status="PASS" start="2025-06-06T15:42:17.540181" elapsed="0.000000"/>
</kw>
<status status="PASS" start="2025-06-06T15:42:17.364362" elapsed="0.175819"/>
</kw>
<kw name="Validar Status Code" owner="common">
<kw name="Should Be True" owner="BuiltIn">
<arg>${response.status_code} == ${statuscode}</arg>
<doc>Fails if the given condition is not true.</doc>
<status status="PASS" start="2025-06-06T15:42:17.540181" elapsed="0.002386"/>
</kw>
<arg>200</arg>
<status status="PASS" start="2025-06-06T15:42:17.540181" elapsed="0.003405"/>
</kw>
<tag>buscar_usuarios</tag>
<tag>todos</tag>
<status status="PASS" start="2025-06-06T15:42:16.362076" elapsed="1.181510"/>
</test>
<test id="s1-t4" name="Cenario: PUT Editar usuarios 200" line="37">
<kw name="Criar Sessao" owner="common" type="SETUP">
<kw name="Log To Console" owner="BuiltIn">
<arg>Criando sessão com a API Serverest</arg>
<doc>Logs the given message to the console.</doc>
<status status="PASS" start="2025-06-06T15:42:17.545574" elapsed="0.001075"/>
</kw>
<kw name="Create Session" owner="RequestsLibrary">
<msg time="2025-06-06T15:42:17.546649" level="INFO">Creating Session using : alias=Serverest, url=https://serverest.dev, headers={},                     cookies={}, auth=None, timeout=None, proxies=None, verify=False,                     debug=0 </msg>
<arg>Serverest</arg>
<arg>${BASE_URL}</arg>
<doc>Create Session: create a HTTP session to a server</doc>
<status status="PASS" start="2025-06-06T15:42:17.546649" elapsed="0.000000"/>
</kw>
<status status="PASS" start="2025-06-06T15:42:17.545574" elapsed="0.002088"/>
</kw>
<kw name="Criar Usuario e Logar" owner="common">
<kw name="Cadastrar Dados Usuario Valido" owner="dynamics">
<kw name="Name" owner="FakerLibrary">
<msg time="2025-06-06T15:42:17.548679" level="INFO">${nome} = Jessica Martin</msg>
<var>${nome}</var>
<doc>:example: 'John Doe'</doc>
<status status="PASS" start="2025-06-06T15:42:17.548679" elapsed="0.000000"/>
</kw>
<kw name="Email" owner="FakerLibrary">
<msg time="2025-06-06T15:42:17.548679" level="INFO">${email} = kathleenbrown@example.com</msg>
<var>${email}</var>
<status status="PASS" start="2025-06-06T15:42:17.548679" elapsed="0.000000"/>
</kw>
<kw name="Create Dictionary" owner="BuiltIn">
<msg time="2025-06-06T15:42:17.550187" level="INFO">&amp;{payload} = { nome=Jessica Martin | email=kathleenbrown@example.com | password=senha123 | administrador=true }</msg>
<var>&amp;{payload}</var>
<arg>nome=${nome}</arg>
<arg>email=${email}</arg>
<arg>password=senha123</arg>
<arg>administrador=true</arg>
<doc>Creates and returns a dictionary based on the given ``items``.</doc>
<status status="PASS" start="2025-06-06T15:42:17.550187" elapsed="0.000000"/>
</kw>
<kw name="Log To Console" owner="BuiltIn">
<arg>${payload}</arg>
<doc>Logs the given message to the console.</doc>
<status status="PASS" start="2025-06-06T15:42:17.550187" elapsed="0.000000"/>
</kw>
<kw name="Set Global Variable" owner="BuiltIn">
<msg time="2025-06-06T15:42:17.552297" level="INFO">&amp;{payload} = { nome=Jessica Martin | email=kathleenbrown@example.com | password=senha123 | administrador=true }</msg>
<arg>&amp;{payload}</arg>
<doc>Makes a variable available globally in all tests and suites.</doc>
<status status="PASS" start="2025-06-06T15:42:17.551294" elapsed="0.001003"/>
</kw>
<kw name="Set Global Variable" owner="BuiltIn">
<msg time="2025-06-06T15:42:17.552297" level="INFO">${email_atual} = kathleenbrown@example.com</msg>
<arg>${email_atual}</arg>
<arg>${email}</arg>
<doc>Makes a variable available globally in all tests and suites.</doc>
<status status="PASS" start="2025-06-06T15:42:17.552297" elapsed="0.000000"/>
</kw>
<kw name="Set Global Variable" owner="BuiltIn">
<msg time="2025-06-06T15:42:17.553452" level="INFO">${senha_atual} = senha123</msg>
<arg>${senha_atual}</arg>
<arg>senha123</arg>
<doc>Makes a variable available globally in all tests and suites.</doc>
<status status="PASS" start="2025-06-06T15:42:17.552297" elapsed="0.001155"/>
</kw>
<return>
<value>&amp;{payload}</value>
<status status="PASS" start="2025-06-06T15:42:17.553452" elapsed="0.000000"/>
</return>
<status status="PASS" start="2025-06-06T15:42:17.547662" elapsed="0.005790"/>
</kw>
<kw name="POST Endpoint /usuarios" owner="usuario_keywords">
<kw name="POST On Session" owner="RequestsLibrary">
<msg time="2025-06-06T15:42:17.937478" level="INFO">POST Request : url=https://serverest.dev/usuarios 
 path_url=/usuarios 
 headers={'User-Agent': 'python-requests/2.32.3', 'Accept-Encoding': 'gzip, deflate', 'Accept': '*/*', 'Connection': 'keep-alive', 'Content-Length': '113', 'Content-Type': 'application/json'} 
 body=b'{"nome": "Jessica Martin", "email": "kathleenbrown@example.com", "password": "senha123", "administrador": "true"}' 
 </msg>
<msg time="2025-06-06T15:42:17.937478" level="INFO">POST Response : url=https://serverest.dev/usuarios 
 status=201, reason=Created 
 headers={'access-control-allow-origin': '*', 'x-dns-prefetch-control': 'off', 'x-frame-options': 'SAMEORIGIN', 'strict-transport-security': 'max-age=15552000; includeSubDomains', 'x-download-options': 'noopen', 'x-content-type-options': 'nosniff', 'x-xss-protection': '1; mode=block', 'content-type': 'application/json; charset=utf-8', 'x-cloud-trace-context': '933635329327610e193867e3f0f82cfb', 'date': 'Fri, 06 Jun 2025 18:42:17 GMT', 'server': 'Google Frontend', 'Content-Length': '82'} 
 body={
    "message": "Cadastro realizado com sucesso",
    "_id": "M2F3HsFLvkhBByOW"
} 
 </msg>
<msg time="2025-06-06T15:42:17.937478" level="INFO">C:\Users\rapha\AppData\Local\Packages\PythonSoftwareFoundation.Python.3.11_qbz5n2kfra8p0\LocalCache\local-packages\Python311\site-packages\urllib3\connectionpool.py:1099: InsecureRequestWarning: Unverified HTTPS request is being made to host 'serverest.dev'. Adding certificate verification is strongly advised. See: https://urllib3.readthedocs.io/en/latest/advanced-usage.html#tls-warnings
  warnings.warn(</msg>
<msg time="2025-06-06T15:42:17.937478" level="INFO">${response} = &lt;Response [201]&gt;</msg>
<var>${response}</var>
<arg>Serverest</arg>
<arg>${ENDPOINT_USUARIOS}</arg>
<arg>json=&amp;{payload}</arg>
<doc>Sends a POST request on a previously created HTTP Session.</doc>
<status status="PASS" start="2025-06-06T15:42:17.554453" elapsed="0.383025"/>
</kw>
<kw name="Log To Console" owner="BuiltIn">
<arg>Response: ${response.content}</arg>
<doc>Logs the given message to the console.</doc>
<status status="PASS" start="2025-06-06T15:42:17.939476" elapsed="0.000000"/>
</kw>
<kw name="Set Global Variable" owner="BuiltIn">
<msg time="2025-06-06T15:42:17.940486" level="INFO">${response} = &lt;Response [201]&gt;</msg>
<arg>${response}</arg>
<doc>Makes a variable available globally in all tests and suites.</doc>
<status status="PASS" start="2025-06-06T15:42:17.939476" elapsed="0.001010"/>
</kw>
<kw name="Set Variable" owner="BuiltIn">
<msg time="2025-06-06T15:42:17.940486" level="INFO">${id_usuario} = M2F3HsFLvkhBByOW</msg>
<var>${id_usuario}</var>
<arg>${response.json()["_id"]}</arg>
<doc>Returns the given values which can then be assigned to a variables.</doc>
<status status="PASS" start="2025-06-06T15:42:17.940486" elapsed="0.000000"/>
</kw>
<kw name="Set Global Variable" owner="BuiltIn">
<msg time="2025-06-06T15:42:17.940486" level="INFO">${ID_USUARIO_ATUAL} = M2F3HsFLvkhBByOW</msg>
<arg>${ID_USUARIO_ATUAL}</arg>
<arg>${id_usuario}</arg>
<doc>Makes a variable available globally in all tests and suites.</doc>
<status status="PASS" start="2025-06-06T15:42:17.940486" elapsed="0.000000"/>
</kw>
<kw name="Log To Console" owner="BuiltIn">
<arg>ID do usuário atual: ${ID_USUARIO_ATUAL}</arg>
<doc>Logs the given message to the console.</doc>
<status status="PASS" start="2025-06-06T15:42:17.940486" elapsed="0.000000"/>
</kw>
<status status="PASS" start="2025-06-06T15:42:17.553452" elapsed="0.387034"/>
</kw>
<kw name="POST Endpoint /login" owner="login_keywords">
<kw name="Create Dictionary" owner="BuiltIn">
<msg time="2025-06-06T15:42:17.940486" level="INFO">&amp;{payload} = { email=kathleenbrown@example.com | password=senha123 }</msg>
<var>&amp;{payload}</var>
<arg>email=${email_atual}</arg>
<arg>password=${senha_atual}</arg>
<doc>Creates and returns a dictionary based on the given ``items``.</doc>
<status status="PASS" start="2025-06-06T15:42:17.940486" elapsed="0.000000"/>
</kw>
<kw name="POST On Session" owner="RequestsLibrary">
<msg time="2025-06-06T15:42:18.101411" level="INFO">POST Request : url=https://serverest.dev/login 
 path_url=/login 
 headers={'User-Agent': 'python-requests/2.32.3', 'Accept-Encoding': 'gzip, deflate', 'Accept': '*/*', 'Connection': 'keep-alive', 'Content-Length': '62', 'Content-Type': 'application/json'} 
 body=b'{"email": "kathleenbrown@example.com", "password": "senha123"}' 
 </msg>
<msg time="2025-06-06T15:42:18.101411" level="INFO">POST Response : url=https://serverest.dev/login 
 status=200, reason=OK 
 headers={'access-control-allow-origin': '*', 'x-dns-prefetch-control': 'off', 'x-frame-options': 'SAMEORIGIN', 'strict-transport-security': 'max-age=15552000; includeSubDomains', 'x-download-options': 'noopen', 'x-content-type-options': 'nosniff', 'x-xss-protection': '1; mode=block', 'content-type': 'application/json; charset=utf-8', 'x-cloud-trace-context': '46c9359569737067193867e3f0f821a3', 'date': 'Fri, 06 Jun 2025 18:42:18 GMT', 'server': 'Google Frontend', 'Content-Length': '285'} 
 body={
    "message": "Login realizado com sucesso",
    "authorization": "Bearer eyJhbGciOiJIUzI1NiIsInR5cCI6IkpXVCJ9.eyJlbWFpbCI6ImthdGhsZWVuYnJvd25AZXhhbXBsZS5jb20iLCJwYXNzd29yZCI6InNlbmhhMTIzIiwiaWF0IjoxNzQ5MjM1MzM4LCJleHAiOjE3NDkyMzU5Mzh9.QnNZPX5l0Crg_VMKzxgzmbCRBFwoO17w0QPVIIvQWoI"
} 
 </msg>
<msg time="2025-06-06T15:42:18.101411" level="INFO">C:\Users\rapha\AppData\Local\Packages\PythonSoftwareFoundation.Python.3.11_qbz5n2kfra8p0\LocalCache\local-packages\Python311\site-packages\urllib3\connectionpool.py:1099: InsecureRequestWarning: Unverified HTTPS request is being made to host 'serverest.dev'. Adding certificate verification is strongly advised. See: https://urllib3.readthedocs.io/en/latest/advanced-usage.html#tls-warnings
  warnings.warn(</msg>
<msg time="2025-06-06T15:42:18.101411" level="INFO">${response} = &lt;Response [200]&gt;</msg>
<var>${response}</var>
<arg>Serverest</arg>
<arg>${ENDPOINT_LOGIN}</arg>
<arg>json=&amp;{payload}</arg>
<doc>Sends a POST request on a previously created HTTP Session.</doc>
<status status="PASS" start="2025-06-06T15:42:17.940486" elapsed="0.160925"/>
</kw>
<kw name="Set Global Variable" owner="BuiltIn">
<msg time="2025-06-06T15:42:18.101411" level="INFO">${response} = &lt;Response [200]&gt;</msg>
<arg>${response}</arg>
<doc>Makes a variable available globally in all tests and suites.</doc>
<status status="PASS" start="2025-06-06T15:42:18.101411" elapsed="0.000000"/>
</kw>
<kw name="Log To Console" owner="BuiltIn">
<arg>Response:</arg>
<arg>${response.content}</arg>
<doc>Logs the given message to the console.</doc>
<status status="PASS" start="2025-06-06T15:42:18.101411" elapsed="0.000000"/>
</kw>
<kw name="Log To Console" owner="BuiltIn">
<arg>Token: ${response.json()["authorization"]}</arg>
<doc>Logs the given message to the console.</doc>
<status status="PASS" start="2025-06-06T15:42:18.101411" elapsed="0.003637"/>
</kw>
<kw name="Set Variable" owner="BuiltIn">
<msg time="2025-06-06T15:42:18.105048" level="INFO">${token} = Bearer eyJhbGciOiJIUzI1NiIsInR5cCI6IkpXVCJ9.eyJlbWFpbCI6ImthdGhsZWVuYnJvd25AZXhhbXBsZS5jb20iLCJwYXNzd29yZCI6InNlbmhhMTIzIiwiaWF0IjoxNzQ5MjM1MzM4LCJleHAiOjE3NDkyMzU5Mzh9.QnNZPX5l0Crg_VMKzxgzmbCRBFwoO17...</msg>
<var>${token}</var>
<arg>${response.json()["authorization"]}</arg>
<doc>Returns the given values which can then be assigned to a variables.</doc>
<status status="PASS" start="2025-06-06T15:42:18.105048" elapsed="0.000000"/>
</kw>
<kw name="Set Suite Variable" owner="BuiltIn">
<msg time="2025-06-06T15:42:18.105048" level="INFO">${TOKEN_AUTH_ATUAL} = Bearer eyJhbGciOiJIUzI1NiIsInR5cCI6IkpXVCJ9.eyJlbWFpbCI6ImthdGhsZWVuYnJvd25AZXhhbXBsZS5jb20iLCJwYXNzd29yZCI6InNlbmhhMTIzIiwiaWF0IjoxNzQ5MjM1MzM4LCJleHAiOjE3NDkyMzU5Mzh9.QnNZPX5l0Crg_VMKzxgzmbCRBFwoO17...</msg>
<arg>${TOKEN_AUTH_ATUAL}</arg>
<arg>${token}</arg>
<doc>Makes a variable available everywhere within the scope of the current suite.</doc>
<status status="PASS" start="2025-06-06T15:42:18.105048" elapsed="0.000000"/>
</kw>
<kw name="Log To Console" owner="BuiltIn">
<arg>Token atual: ${TOKEN_AUTH_ATUAL}</arg>
<doc>Logs the given message to the console.</doc>
<status status="PASS" start="2025-06-06T15:42:18.105048" elapsed="0.000000"/>
</kw>
<status status="PASS" start="2025-06-06T15:42:17.940486" elapsed="0.164562"/>
</kw>
<kw name="Validar Ter Logado" owner="login_keywords">
<kw name="Should Be Equal" owner="BuiltIn">
<arg>${response.json()["message"]}</arg>
<arg>Login realizado com sucesso</arg>
<doc>Fails if the given objects are unequal.</doc>
<status status="PASS" start="2025-06-06T15:42:18.105048" elapsed="0.004126"/>
</kw>
<kw name="Should Not Be Empty" owner="BuiltIn">
<msg time="2025-06-06T15:42:18.118903" level="INFO">Length is 212.</msg>
<arg>${response.json()["authorization"]}</arg>
<doc>Verifies that the given item is not empty.</doc>
<status status="PASS" start="2025-06-06T15:42:18.109174" elapsed="0.012318"/>
</kw>
<status status="PASS" start="2025-06-06T15:42:18.105048" elapsed="0.017472"/>
</kw>
<status status="PASS" start="2025-06-06T15:42:17.547662" elapsed="0.575880"/>
</kw>
<kw name="PUT Endpoint /usuarios" owner="usuario_keywords">
<kw name="Set To Dictionary" owner="Collections">
<arg>${payload}</arg>
<arg>nome=Fulano da Silva</arg>
<doc>Adds the given ``key_value_pairs`` and/or ``items`` to the ``dictionary``.</doc>
<status status="PASS" start="2025-06-06T15:42:18.127345" elapsed="0.000000"/>
</kw>
<kw name="Create Dictionary" owner="BuiltIn">
<msg time="2025-06-06T15:42:18.127345" level="INFO">&amp;{header} = { Authorization=Bearer eyJhbGciOiJIUzI1NiIsInR5cCI6IkpXVCJ9.eyJlbWFpbCI6ImthdGhsZWVuYnJvd25AZXhhbXBsZS5jb20iLCJwYXNzd29yZCI6InNlbmhhMTIzIiwiaWF0IjoxNzQ5MjM1MzM4LCJleHAiOjE3NDkyMzU5Mzh9.QnNZPX5l0Crg_VM...</msg>
<var>&amp;{header}</var>
<arg>Authorization=${TOKEN_AUTH_ATUAL}</arg>
<doc>Creates and returns a dictionary based on the given ``items``.</doc>
<status status="PASS" start="2025-06-06T15:42:18.127345" elapsed="0.000000"/>
</kw>
<kw name="PUT On Session" owner="RequestsLibrary">
<msg time="2025-06-06T15:42:18.323410" level="INFO">PUT Request : url=https://serverest.dev/usuarios/M2F3HsFLvkhBByOW 
 path_url=/usuarios/M2F3HsFLvkhBByOW 
 headers={'User-Agent': 'python-requests/2.32.3', 'Accept-Encoding': 'gzip, deflate', 'Accept': '*/*', 'Connection': 'keep-alive', 'Authorization': 'Bearer eyJhbGciOiJIUzI1NiIsInR5cCI6IkpXVCJ9.eyJlbWFpbCI6ImthdGhsZWVuYnJvd25AZXhhbXBsZS5jb20iLCJwYXNzd29yZCI6InNlbmhhMTIzIiwiaWF0IjoxNzQ5MjM1MzM4LCJleHAiOjE3NDkyMzU5Mzh9.QnNZPX5l0Crg_VMKzxgzmbCRBFwoO17w0QPVIIvQWoI', 'Content-Length': '114', 'Content-Type': 'application/json'} 
 body=b'{"nome": "Fulano da Silva", "email": "kathleenbrown@example.com", "password": "senha123", "administrador": "true"}' 
 </msg>
<msg time="2025-06-06T15:42:18.323410" level="INFO">PUT Response : url=https://serverest.dev/usuarios/M2F3HsFLvkhBByOW 
 status=200, reason=OK 
 headers={'access-control-allow-origin': '*', 'x-dns-prefetch-control': 'off', 'x-frame-options': 'SAMEORIGIN', 'strict-transport-security': 'max-age=15552000; includeSubDomains', 'x-download-options': 'noopen', 'x-content-type-options': 'nosniff', 'x-xss-protection': '1; mode=block', 'content-type': 'application/json; charset=utf-8', 'x-cloud-trace-context': '442cc7a22b4135be193867e3f0f8243b', 'date': 'Fri, 06 Jun 2025 18:42:18 GMT', 'server': 'Google Frontend', 'Content-Length': '50'} 
 body={
    "message": "Registro alterado com sucesso"
} 
 </msg>
<msg time="2025-06-06T15:42:18.323410" level="INFO">C:\Users\rapha\AppData\Local\Packages\PythonSoftwareFoundation.Python.3.11_qbz5n2kfra8p0\LocalCache\local-packages\Python311\site-packages\urllib3\connectionpool.py:1099: InsecureRequestWarning: Unverified HTTPS request is being made to host 'serverest.dev'. Adding certificate verification is strongly advised. See: https://urllib3.readthedocs.io/en/latest/advanced-usage.html#tls-warnings
  warnings.warn(</msg>
<msg time="2025-06-06T15:42:18.323410" level="INFO">${response} = &lt;Response [200]&gt;</msg>
<var>${response}</var>
<arg>Serverest</arg>
<arg>${ENDPOINT_USUARIOS}/${ID_USUARIO_ATUAL}</arg>
<arg>json=${payload}</arg>
<arg>headers=${header}</arg>
<doc>Sends a PUT request on a previously created HTTP Session.</doc>
<status status="PASS" start="2025-06-06T15:42:18.130413" elapsed="0.192997"/>
</kw>
<kw name="Set Global Variable" owner="BuiltIn">
<msg time="2025-06-06T15:42:18.323410" level="INFO">${response} = &lt;Response [200]&gt;</msg>
<arg>${response}</arg>
<doc>Makes a variable available globally in all tests and suites.</doc>
<status status="PASS" start="2025-06-06T15:42:18.323410" elapsed="0.000000"/>
</kw>
<kw name="Log To Console" owner="BuiltIn">
<arg>Status Code: ${response.status_code}</arg>
<doc>Logs the given message to the console.</doc>
<status status="PASS" start="2025-06-06T15:42:18.323410" elapsed="0.000000"/>
</kw>
<kw name="Log To Console" owner="BuiltIn">
<arg>Resposta: ${response.json()}</arg>
<doc>Logs the given message to the console.</doc>
<status status="PASS" start="2025-06-06T15:42:18.323410" elapsed="0.000000"/>
</kw>
<status status="PASS" start="2025-06-06T15:42:18.125336" elapsed="0.198074"/>
</kw>
<kw name="Validar Status Code" owner="common">
<kw name="Should Be True" owner="BuiltIn">
<arg>${response.status_code} == ${statuscode}</arg>
<doc>Fails if the given condition is not true.</doc>
<status status="PASS" start="2025-06-06T15:42:18.326764" elapsed="0.000000"/>
</kw>
<arg>200</arg>
<status status="PASS" start="2025-06-06T15:42:18.323410" elapsed="0.003354"/>
</kw>
<kw name="Validar Mensagem Contem" owner="common">
<kw name="Should Contain" owner="BuiltIn">
<arg>${response.json()["message"]}</arg>
<arg>${palavra}</arg>
<doc>Fails if ``container`` does not contain ``item`` one or more times.</doc>
<status status="PASS" start="2025-06-06T15:42:18.326764" elapsed="0.000000"/>
</kw>
<arg>sucesso</arg>
<status status="PASS" start="2025-06-06T15:42:18.326764" elapsed="0.000000"/>
</kw>
<tag>editar_usuarios</tag>
<tag>todos</tag>
<status status="PASS" start="2025-06-06T15:42:17.544603" elapsed="0.782161"/>
</test>
<test id="s1-t5" name="Cenario: DELETE Excluir usuarios 200" line="44">
<kw name="Criar Sessao" owner="common" type="SETUP">
<kw name="Log To Console" owner="BuiltIn">
<arg>Criando sessão com a API Serverest</arg>
<doc>Logs the given message to the console.</doc>
<status status="PASS" start="2025-06-06T15:42:18.330153" elapsed="0.000000"/>
</kw>
<kw name="Create Session" owner="RequestsLibrary">
<msg time="2025-06-06T15:42:18.330153" level="INFO">Creating Session using : alias=Serverest, url=https://serverest.dev, headers={},                     cookies={}, auth=None, timeout=None, proxies=None, verify=False,                     debug=0 </msg>
<arg>Serverest</arg>
<arg>${BASE_URL}</arg>
<doc>Create Session: create a HTTP session to a server</doc>
<status status="PASS" start="2025-06-06T15:42:18.330153" elapsed="0.000000"/>
</kw>
<status status="PASS" start="2025-06-06T15:42:18.326764" elapsed="0.003389"/>
</kw>
<kw name="Criar Usuario e Logar" owner="common">
<kw name="Cadastrar Dados Usuario Valido" owner="dynamics">
<kw name="Name" owner="FakerLibrary">
<msg time="2025-06-06T15:42:18.331446" level="INFO">${nome} = Matthew Thompson</msg>
<var>${nome}</var>
<doc>:example: 'John Doe'</doc>
<status status="PASS" start="2025-06-06T15:42:18.331446" elapsed="0.000000"/>
</kw>
<kw name="Email" owner="FakerLibrary">
<msg time="2025-06-06T15:42:18.332450" level="INFO">${email} = medinahailey@example.net</msg>
<var>${email}</var>
<status status="PASS" start="2025-06-06T15:42:18.331446" elapsed="0.001004"/>
</kw>
<kw name="Create Dictionary" owner="BuiltIn">
<msg time="2025-06-06T15:42:18.332450" level="INFO">&amp;{payload} = { nome=Matthew Thompson | email=medinahailey@example.net | password=senha123 | administrador=true }</msg>
<var>&amp;{payload}</var>
<arg>nome=${nome}</arg>
<arg>email=${email}</arg>
<arg>password=senha123</arg>
<arg>administrador=true</arg>
<doc>Creates and returns a dictionary based on the given ``items``.</doc>
<status status="PASS" start="2025-06-06T15:42:18.332450" elapsed="0.000000"/>
</kw>
<kw name="Log To Console" owner="BuiltIn">
<arg>${payload}</arg>
<doc>Logs the given message to the console.</doc>
<status status="PASS" start="2025-06-06T15:42:18.333229" elapsed="0.000000"/>
</kw>
<kw name="Set Global Variable" owner="BuiltIn">
<msg time="2025-06-06T15:42:18.333229" level="INFO">&amp;{payload} = { nome=Matthew Thompson | email=medinahailey@example.net | password=senha123 | administrador=true }</msg>
<arg>&amp;{payload}</arg>
<doc>Makes a variable available globally in all tests and suites.</doc>
<status status="PASS" start="2025-06-06T15:42:18.333229" elapsed="0.000000"/>
</kw>
<kw name="Set Global Variable" owner="BuiltIn">
<msg time="2025-06-06T15:42:18.333229" level="INFO">${email_atual} = medinahailey@example.net</msg>
<arg>${email_atual}</arg>
<arg>${email}</arg>
<doc>Makes a variable available globally in all tests and suites.</doc>
<status status="PASS" start="2025-06-06T15:42:18.333229" elapsed="0.000000"/>
</kw>
<kw name="Set Global Variable" owner="BuiltIn">
<msg time="2025-06-06T15:42:18.334388" level="INFO">${senha_atual} = senha123</msg>
<arg>${senha_atual}</arg>
<arg>senha123</arg>
<doc>Makes a variable available globally in all tests and suites.</doc>
<status status="PASS" start="2025-06-06T15:42:18.334388" elapsed="0.000000"/>
</kw>
<return>
<value>&amp;{payload}</value>
<status status="PASS" start="2025-06-06T15:42:18.334388" elapsed="0.000000"/>
</return>
<status status="PASS" start="2025-06-06T15:42:18.331446" elapsed="0.002942"/>
</kw>
<kw name="POST Endpoint /usuarios" owner="usuario_keywords">
<kw name="POST On Session" owner="RequestsLibrary">
<msg time="2025-06-06T15:42:18.696683" level="INFO">POST Request : url=https://serverest.dev/usuarios 
 path_url=/usuarios 
 headers={'User-Agent': 'python-requests/2.32.3', 'Accept-Encoding': 'gzip, deflate', 'Accept': '*/*', 'Connection': 'keep-alive', 'Content-Length': '114', 'Content-Type': 'application/json'} 
 body=b'{"nome": "Matthew Thompson", "email": "medinahailey@example.net", "password": "senha123", "administrador": "true"}' 
 </msg>
<msg time="2025-06-06T15:42:18.696683" level="INFO">POST Response : url=https://serverest.dev/usuarios 
 status=201, reason=Created 
 headers={'access-control-allow-origin': '*', 'x-dns-prefetch-control': 'off', 'x-frame-options': 'SAMEORIGIN', 'strict-transport-security': 'max-age=15552000; includeSubDomains', 'x-download-options': 'noopen', 'x-content-type-options': 'nosniff', 'x-xss-protection': '1; mode=block', 'content-type': 'application/json; charset=utf-8', 'x-cloud-trace-context': '198fb3e30783e32372d9aff93fdcc287', 'date': 'Fri, 06 Jun 2025 18:42:18 GMT', 'server': 'Google Frontend', 'Content-Length': '82'} 
 body={
    "message": "Cadastro realizado com sucesso",
    "_id": "fIuJTCrrhvbT8q68"
} 
 </msg>
<msg time="2025-06-06T15:42:18.696683" level="INFO">C:\Users\rapha\AppData\Local\Packages\PythonSoftwareFoundation.Python.3.11_qbz5n2kfra8p0\LocalCache\local-packages\Python311\site-packages\urllib3\connectionpool.py:1099: InsecureRequestWarning: Unverified HTTPS request is being made to host 'serverest.dev'. Adding certificate verification is strongly advised. See: https://urllib3.readthedocs.io/en/latest/advanced-usage.html#tls-warnings
  warnings.warn(</msg>
<msg time="2025-06-06T15:42:18.696683" level="INFO">${response} = &lt;Response [201]&gt;</msg>
<var>${response}</var>
<arg>Serverest</arg>
<arg>${ENDPOINT_USUARIOS}</arg>
<arg>json=&amp;{payload}</arg>
<doc>Sends a POST request on a previously created HTTP Session.</doc>
<status status="PASS" start="2025-06-06T15:42:18.334388" elapsed="0.362295"/>
</kw>
<kw name="Log To Console" owner="BuiltIn">
<arg>Response: ${response.content}</arg>
<doc>Logs the given message to the console.</doc>
<status status="PASS" start="2025-06-06T15:42:18.696683" elapsed="0.000000"/>
</kw>
<kw name="Set Global Variable" owner="BuiltIn">
<msg time="2025-06-06T15:42:18.696683" level="INFO">${response} = &lt;Response [201]&gt;</msg>
<arg>${response}</arg>
<doc>Makes a variable available globally in all tests and suites.</doc>
<status status="PASS" start="2025-06-06T15:42:18.696683" elapsed="0.000000"/>
</kw>
<kw name="Set Variable" owner="BuiltIn">
<msg time="2025-06-06T15:42:18.696683" level="INFO">${id_usuario} = fIuJTCrrhvbT8q68</msg>
<var>${id_usuario}</var>
<arg>${response.json()["_id"]}</arg>
<doc>Returns the given values which can then be assigned to a variables.</doc>
<status status="PASS" start="2025-06-06T15:42:18.696683" elapsed="0.000000"/>
</kw>
<kw name="Set Global Variable" owner="BuiltIn">
<msg time="2025-06-06T15:42:18.696683" level="INFO">${ID_USUARIO_ATUAL} = fIuJTCrrhvbT8q68</msg>
<arg>${ID_USUARIO_ATUAL}</arg>
<arg>${id_usuario}</arg>
<doc>Makes a variable available globally in all tests and suites.</doc>
<status status="PASS" start="2025-06-06T15:42:18.696683" elapsed="0.000000"/>
</kw>
<kw name="Log To Console" owner="BuiltIn">
<arg>ID do usuário atual: ${ID_USUARIO_ATUAL}</arg>
<doc>Logs the given message to the console.</doc>
<status status="PASS" start="2025-06-06T15:42:18.696683" elapsed="0.000000"/>
</kw>
<status status="PASS" start="2025-06-06T15:42:18.334388" elapsed="0.365885"/>
</kw>
<kw name="POST Endpoint /login" owner="login_keywords">
<kw name="Create Dictionary" owner="BuiltIn">
<msg time="2025-06-06T15:42:18.700273" level="INFO">&amp;{payload} = { email=medinahailey@example.net | password=senha123 }</msg>
<var>&amp;{payload}</var>
<arg>email=${email_atual}</arg>
<arg>password=${senha_atual}</arg>
<doc>Creates and returns a dictionary based on the given ``items``.</doc>
<status status="PASS" start="2025-06-06T15:42:18.700273" elapsed="0.000000"/>
</kw>
<kw name="POST On Session" owner="RequestsLibrary">
<msg time="2025-06-06T15:42:18.880760" level="INFO">POST Request : url=https://serverest.dev/login 
 path_url=/login 
 headers={'User-Agent': 'python-requests/2.32.3', 'Accept-Encoding': 'gzip, deflate', 'Accept': '*/*', 'Connection': 'keep-alive', 'Content-Length': '61', 'Content-Type': 'application/json'} 
 body=b'{"email": "medinahailey@example.net", "password": "senha123"}' 
 </msg>
<msg time="2025-06-06T15:42:18.880760" level="INFO">POST Response : url=https://serverest.dev/login 
 status=200, reason=OK 
 headers={'access-control-allow-origin': '*', 'x-dns-prefetch-control': 'off', 'x-frame-options': 'SAMEORIGIN', 'strict-transport-security': 'max-age=15552000; includeSubDomains', 'x-download-options': 'noopen', 'x-content-type-options': 'nosniff', 'x-xss-protection': '1; mode=block', 'content-type': 'application/json; charset=utf-8', 'x-cloud-trace-context': '72f650ac97b28c1272d9aff93fdcc2ff', 'date': 'Fri, 06 Jun 2025 18:42:18 GMT', 'server': 'Google Frontend', 'Content-Length': '284'} 
 body={
    "message": "Login realizado com sucesso",
    "authorization": "Bearer eyJhbGciOiJIUzI1NiIsInR5cCI6IkpXVCJ9.eyJlbWFpbCI6Im1lZGluYWhhaWxleUBleGFtcGxlLm5ldCIsInBhc3N3b3JkIjoic2VuaGExMjMiLCJpYXQiOjE3NDkyMzUzMzgsImV4cCI6MTc0OTIzNTkzOH0.3v-w0VAFV2lLaoiXGAW0Jh94MRMIujdkHyzp_KmQLFc"
} 
 </msg>
<msg time="2025-06-06T15:42:18.880760" level="INFO">C:\Users\rapha\AppData\Local\Packages\PythonSoftwareFoundation.Python.3.11_qbz5n2kfra8p0\LocalCache\local-packages\Python311\site-packages\urllib3\connectionpool.py:1099: InsecureRequestWarning: Unverified HTTPS request is being made to host 'serverest.dev'. Adding certificate verification is strongly advised. See: https://urllib3.readthedocs.io/en/latest/advanced-usage.html#tls-warnings
  warnings.warn(</msg>
<msg time="2025-06-06T15:42:18.880760" level="INFO">${response} = &lt;Response [200]&gt;</msg>
<var>${response}</var>
<arg>Serverest</arg>
<arg>${ENDPOINT_LOGIN}</arg>
<arg>json=&amp;{payload}</arg>
<doc>Sends a POST request on a previously created HTTP Session.</doc>
<status status="PASS" start="2025-06-06T15:42:18.700273" elapsed="0.180487"/>
</kw>
<kw name="Set Global Variable" owner="BuiltIn">
<msg time="2025-06-06T15:42:18.880760" level="INFO">${response} = &lt;Response [200]&gt;</msg>
<arg>${response}</arg>
<doc>Makes a variable available globally in all tests and suites.</doc>
<status status="PASS" start="2025-06-06T15:42:18.880760" elapsed="0.000000"/>
</kw>
<kw name="Log To Console" owner="BuiltIn">
<arg>Response:</arg>
<arg>${response.content}</arg>
<doc>Logs the given message to the console.</doc>
<status status="PASS" start="2025-06-06T15:42:18.880760" elapsed="0.002944"/>
</kw>
<kw name="Log To Console" owner="BuiltIn">
<arg>Token: ${response.json()["authorization"]}</arg>
<doc>Logs the given message to the console.</doc>
<status status="PASS" start="2025-06-06T15:42:18.883704" elapsed="0.000000"/>
</kw>
<kw name="Set Variable" owner="BuiltIn">
<msg time="2025-06-06T15:42:18.883704" level="INFO">${token} = Bearer eyJhbGciOiJIUzI1NiIsInR5cCI6IkpXVCJ9.eyJlbWFpbCI6Im1lZGluYWhhaWxleUBleGFtcGxlLm5ldCIsInBhc3N3b3JkIjoic2VuaGExMjMiLCJpYXQiOjE3NDkyMzUzMzgsImV4cCI6MTc0OTIzNTkzOH0.3v-w0VAFV2lLaoiXGAW0Jh94MRMIujdk...</msg>
<var>${token}</var>
<arg>${response.json()["authorization"]}</arg>
<doc>Returns the given values which can then be assigned to a variables.</doc>
<status status="PASS" start="2025-06-06T15:42:18.883704" elapsed="0.000000"/>
</kw>
<kw name="Set Suite Variable" owner="BuiltIn">
<msg time="2025-06-06T15:42:18.883704" level="INFO">${TOKEN_AUTH_ATUAL} = Bearer eyJhbGciOiJIUzI1NiIsInR5cCI6IkpXVCJ9.eyJlbWFpbCI6Im1lZGluYWhhaWxleUBleGFtcGxlLm5ldCIsInBhc3N3b3JkIjoic2VuaGExMjMiLCJpYXQiOjE3NDkyMzUzMzgsImV4cCI6MTc0OTIzNTkzOH0.3v-w0VAFV2lLaoiXGAW0Jh94MRMIujdk...</msg>
<arg>${TOKEN_AUTH_ATUAL}</arg>
<arg>${token}</arg>
<doc>Makes a variable available everywhere within the scope of the current suite.</doc>
<status status="PASS" start="2025-06-06T15:42:18.883704" elapsed="0.000000"/>
</kw>
<kw name="Log To Console" owner="BuiltIn">
<arg>Token atual: ${TOKEN_AUTH_ATUAL}</arg>
<doc>Logs the given message to the console.</doc>
<status status="PASS" start="2025-06-06T15:42:18.883704" elapsed="0.000000"/>
</kw>
<status status="PASS" start="2025-06-06T15:42:18.700273" elapsed="0.183431"/>
</kw>
<kw name="Validar Ter Logado" owner="login_keywords">
<kw name="Should Be Equal" owner="BuiltIn">
<arg>${response.json()["message"]}</arg>
<arg>Login realizado com sucesso</arg>
<doc>Fails if the given objects are unequal.</doc>
<status status="PASS" start="2025-06-06T15:42:18.883704" elapsed="0.000000"/>
</kw>
<kw name="Should Not Be Empty" owner="BuiltIn">
<msg time="2025-06-06T15:42:18.883704" level="INFO">Length is 211.</msg>
<arg>${response.json()["authorization"]}</arg>
<doc>Verifies that the given item is not empty.</doc>
<status status="PASS" start="2025-06-06T15:42:18.883704" elapsed="0.000000"/>
</kw>
<status status="PASS" start="2025-06-06T15:42:18.883704" elapsed="0.000000"/>
</kw>
<status status="PASS" start="2025-06-06T15:42:18.330153" elapsed="0.553551"/>
</kw>
<kw name="DELETE Endpoint /usuarios" owner="usuario_keywords">
<kw name="DELETE On Session" owner="RequestsLibrary">
<msg time="2025-06-06T15:42:19.051355" level="INFO">DELETE Request : url=https://serverest.dev/usuarios/fIuJTCrrhvbT8q68 
 path_url=/usuarios/fIuJTCrrhvbT8q68 
 headers={'User-Agent': 'python-requests/2.32.3', 'Accept-Encoding': 'gzip, deflate', 'Accept': '*/*', 'Connection': 'keep-alive', 'Content-Length': '0'} 
 body=None 
 </msg>
<msg time="2025-06-06T15:42:19.051355" level="INFO">DELETE Response : url=https://serverest.dev/usuarios/fIuJTCrrhvbT8q68 
 status=200, reason=OK 
 headers={'access-control-allow-origin': '*', 'x-dns-prefetch-control': 'off', 'x-frame-options': 'SAMEORIGIN', 'strict-transport-security': 'max-age=15552000; includeSubDomains', 'x-download-options': 'noopen', 'x-content-type-options': 'nosniff', 'x-xss-protection': '1; mode=block', 'content-type': 'application/json; charset=utf-8', 'x-cloud-trace-context': '7ebf172508b919b372d9aff93fdcce04;o=1', 'date': 'Fri, 06 Jun 2025 18:42:19 GMT', 'server': 'Google Frontend', 'Content-Length': '51'} 
 body={
    "message": "Registro excluído com sucesso"
} 
 </msg>
<msg time="2025-06-06T15:42:19.052358" level="INFO">C:\Users\rapha\AppData\Local\Packages\PythonSoftwareFoundation.Python.3.11_qbz5n2kfra8p0\LocalCache\local-packages\Python311\site-packages\urllib3\connectionpool.py:1099: InsecureRequestWarning: Unverified HTTPS request is being made to host 'serverest.dev'. Adding certificate verification is strongly advised. See: https://urllib3.readthedocs.io/en/latest/advanced-usage.html#tls-warnings
  warnings.warn(</msg>
<msg time="2025-06-06T15:42:19.052358" level="INFO">${response} = &lt;Response [200]&gt;</msg>
<var>${response}</var>
<arg>Serverest</arg>
<arg>${ENDPOINT_USUARIOS}/${ID_USUARIO_ATUAL}</arg>
<doc>Sends a DELETE request on a previously created HTTP Session.</doc>
<status status="PASS" start="2025-06-06T15:42:18.883704" elapsed="0.168654"/>
</kw>
<status status="PASS" start="2025-06-06T15:42:18.883704" elapsed="0.168654"/>
</kw>
<kw name="Validar Mensagem Contem" owner="common">
<kw name="Should Contain" owner="BuiltIn">
<arg>${response.json()["message"]}</arg>
<arg>${palavra}</arg>
<doc>Fails if ``container`` does not contain ``item`` one or more times.</doc>
<status status="PASS" start="2025-06-06T15:42:19.053360" elapsed="0.000000"/>
</kw>
<arg>sucesso</arg>
<status status="PASS" start="2025-06-06T15:42:19.053360" elapsed="0.001242"/>
</kw>
<kw name="Validar Status Code" owner="common">
<kw name="Should Be True" owner="BuiltIn">
<arg>${response.status_code} == ${statuscode}</arg>
<doc>Fails if the given condition is not true.</doc>
<status status="PASS" start="2025-06-06T15:42:19.054602" elapsed="0.001955"/>
</kw>
<arg>200</arg>
<status status="PASS" start="2025-06-06T15:42:19.054602" elapsed="0.001955"/>
</kw>
<tag>deletar_usuarios</tag>
<tag>todos</tag>
<status status="PASS" start="2025-06-06T15:42:18.326764" elapsed="0.730664"/>
</test>
<test id="s1-t6" name="Cenario: POST Realizar login 200" line="54">
<kw name="Criar Sessao" owner="common" type="SETUP">
<kw name="Log To Console" owner="BuiltIn">
<arg>Criando sessão com a API Serverest</arg>
<doc>Logs the given message to the console.</doc>
<status status="PASS" start="2025-06-06T15:42:19.059232" elapsed="0.000000"/>
</kw>
<kw name="Create Session" owner="RequestsLibrary">
<msg time="2025-06-06T15:42:19.059232" level="INFO">Creating Session using : alias=Serverest, url=https://serverest.dev, headers={},                     cookies={}, auth=None, timeout=None, proxies=None, verify=False,                     debug=0 </msg>
<arg>Serverest</arg>
<arg>${BASE_URL}</arg>
<doc>Create Session: create a HTTP session to a server</doc>
<status status="PASS" start="2025-06-06T15:42:19.059232" elapsed="0.001074"/>
</kw>
<status status="PASS" start="2025-06-06T15:42:19.058440" elapsed="0.001866"/>
</kw>
<kw name="Criar Usuario e Logar" owner="common">
<kw name="Cadastrar Dados Usuario Valido" owner="dynamics">
<kw name="Name" owner="FakerLibrary">
<msg time="2025-06-06T15:42:19.061234" level="INFO">${nome} = Michael Jones</msg>
<var>${nome}</var>
<doc>:example: 'John Doe'</doc>
<status status="PASS" start="2025-06-06T15:42:19.061234" elapsed="0.000000"/>
</kw>
<kw name="Email" owner="FakerLibrary">
<msg time="2025-06-06T15:42:19.062326" level="INFO">${email} = stephen28@example.com</msg>
<var>${email}</var>
<status status="PASS" start="2025-06-06T15:42:19.061234" elapsed="0.001092"/>
</kw>
<kw name="Create Dictionary" owner="BuiltIn">
<msg time="2025-06-06T15:42:19.062326" level="INFO">&amp;{payload} = { nome=Michael Jones | email=stephen28@example.com | password=senha123 | administrador=true }</msg>
<var>&amp;{payload}</var>
<arg>nome=${nome}</arg>
<arg>email=${email}</arg>
<arg>password=senha123</arg>
<arg>administrador=true</arg>
<doc>Creates and returns a dictionary based on the given ``items``.</doc>
<status status="PASS" start="2025-06-06T15:42:19.062326" elapsed="0.000000"/>
</kw>
<kw name="Log To Console" owner="BuiltIn">
<arg>${payload}</arg>
<doc>Logs the given message to the console.</doc>
<status status="PASS" start="2025-06-06T15:42:19.062326" elapsed="0.000000"/>
</kw>
<kw name="Set Global Variable" owner="BuiltIn">
<msg time="2025-06-06T15:42:19.063337" level="INFO">&amp;{payload} = { nome=Michael Jones | email=stephen28@example.com | password=senha123 | administrador=true }</msg>
<arg>&amp;{payload}</arg>
<doc>Makes a variable available globally in all tests and suites.</doc>
<status status="PASS" start="2025-06-06T15:42:19.063337" elapsed="0.000308"/>
</kw>
<kw name="Set Global Variable" owner="BuiltIn">
<msg time="2025-06-06T15:42:19.063645" level="INFO">${email_atual} = stephen28@example.com</msg>
<arg>${email_atual}</arg>
<arg>${email}</arg>
<doc>Makes a variable available globally in all tests and suites.</doc>
<status status="PASS" start="2025-06-06T15:42:19.063645" elapsed="0.000000"/>
</kw>
<kw name="Set Global Variable" owner="BuiltIn">
<msg time="2025-06-06T15:42:19.063645" level="INFO">${senha_atual} = senha123</msg>
<arg>${senha_atual}</arg>
<arg>senha123</arg>
<doc>Makes a variable available globally in all tests and suites.</doc>
<status status="PASS" start="2025-06-06T15:42:19.063645" elapsed="0.000000"/>
</kw>
<return>
<value>&amp;{payload}</value>
<status status="PASS" start="2025-06-06T15:42:19.063645" elapsed="0.000000"/>
</return>
<status status="PASS" start="2025-06-06T15:42:19.061234" elapsed="0.002411"/>
</kw>
<kw name="POST Endpoint /usuarios" owner="usuario_keywords">
<kw name="POST On Session" owner="RequestsLibrary">
<msg time="2025-06-06T15:42:19.440355" level="INFO">POST Request : url=https://serverest.dev/usuarios 
 path_url=/usuarios 
 headers={'User-Agent': 'python-requests/2.32.3', 'Accept-Encoding': 'gzip, deflate', 'Accept': '*/*', 'Connection': 'keep-alive', 'Content-Length': '108', 'Content-Type': 'application/json'} 
 body=b'{"nome": "Michael Jones", "email": "stephen28@example.com", "password": "senha123", "administrador": "true"}' 
 </msg>
<msg time="2025-06-06T15:42:19.440355" level="INFO">POST Response : url=https://serverest.dev/usuarios 
 status=201, reason=Created 
 headers={'access-control-allow-origin': '*', 'x-dns-prefetch-control': 'off', 'x-frame-options': 'SAMEORIGIN', 'strict-transport-security': 'max-age=15552000; includeSubDomains', 'x-download-options': 'noopen', 'x-content-type-options': 'nosniff', 'x-xss-protection': '1; mode=block', 'content-type': 'application/json; charset=utf-8', 'x-cloud-trace-context': '65c62338b35c8b91b43192467cfb2afa', 'date': 'Fri, 06 Jun 2025 18:42:19 GMT', 'server': 'Google Frontend', 'Content-Length': '82'} 
 body={
    "message": "Cadastro realizado com sucesso",
    "_id": "gkAoYxevQ4WqUdP8"
} 
 </msg>
<msg time="2025-06-06T15:42:19.440355" level="INFO">C:\Users\rapha\AppData\Local\Packages\PythonSoftwareFoundation.Python.3.11_qbz5n2kfra8p0\LocalCache\local-packages\Python311\site-packages\urllib3\connectionpool.py:1099: InsecureRequestWarning: Unverified HTTPS request is being made to host 'serverest.dev'. Adding certificate verification is strongly advised. See: https://urllib3.readthedocs.io/en/latest/advanced-usage.html#tls-warnings
  warnings.warn(</msg>
<msg time="2025-06-06T15:42:19.440355" level="INFO">${response} = &lt;Response [201]&gt;</msg>
<var>${response}</var>
<arg>Serverest</arg>
<arg>${ENDPOINT_USUARIOS}</arg>
<arg>json=&amp;{payload}</arg>
<doc>Sends a POST request on a previously created HTTP Session.</doc>
<status status="PASS" start="2025-06-06T15:42:19.064603" elapsed="0.375752"/>
</kw>
<kw name="Log To Console" owner="BuiltIn">
<arg>Response: ${response.content}</arg>
<doc>Logs the given message to the console.</doc>
<status status="PASS" start="2025-06-06T15:42:19.440355" elapsed="0.000000"/>
</kw>
<kw name="Set Global Variable" owner="BuiltIn">
<msg time="2025-06-06T15:42:19.440355" level="INFO">${response} = &lt;Response [201]&gt;</msg>
<arg>${response}</arg>
<doc>Makes a variable available globally in all tests and suites.</doc>
<status status="PASS" start="2025-06-06T15:42:19.440355" elapsed="0.000000"/>
</kw>
<kw name="Set Variable" owner="BuiltIn">
<msg time="2025-06-06T15:42:19.440355" level="INFO">${id_usuario} = gkAoYxevQ4WqUdP8</msg>
<var>${id_usuario}</var>
<arg>${response.json()["_id"]}</arg>
<doc>Returns the given values which can then be assigned to a variables.</doc>
<status status="PASS" start="2025-06-06T15:42:19.440355" elapsed="0.000000"/>
</kw>
<kw name="Set Global Variable" owner="BuiltIn">
<msg time="2025-06-06T15:42:19.440355" level="INFO">${ID_USUARIO_ATUAL} = gkAoYxevQ4WqUdP8</msg>
<arg>${ID_USUARIO_ATUAL}</arg>
<arg>${id_usuario}</arg>
<doc>Makes a variable available globally in all tests and suites.</doc>
<status status="PASS" start="2025-06-06T15:42:19.440355" elapsed="0.000000"/>
</kw>
<kw name="Log To Console" owner="BuiltIn">
<arg>ID do usuário atual: ${ID_USUARIO_ATUAL}</arg>
<doc>Logs the given message to the console.</doc>
<status status="PASS" start="2025-06-06T15:42:19.440355" elapsed="0.000000"/>
</kw>
<status status="PASS" start="2025-06-06T15:42:19.064603" elapsed="0.375752"/>
</kw>
<kw name="POST Endpoint /login" owner="login_keywords">
<kw name="Create Dictionary" owner="BuiltIn">
<msg time="2025-06-06T15:42:19.450436" level="INFO">&amp;{payload} = { email=stephen28@example.com | password=senha123 }</msg>
<var>&amp;{payload}</var>
<arg>email=${email_atual}</arg>
<arg>password=${senha_atual}</arg>
[...]
 body={
    "message": "Login realizado com sucesso",
    "authorization": "Bearer eyJhbGciOiJIUzI1NiIsInR5cCI6IkpXVCJ9.eyJlbWFpbCI6ImNtb3JhQGV4YW1wbGUub3JnIiwicGFzc3dvcmQiOiJzZW5oYTEyMyIsImlhdCI6MTc0OTIzNTM1MCwiZXhwIjoxNzQ5MjM1OTUwfQ.qim9gIeSIkrRFPLF_1FpXs4MFA23VDE5eJWZNxwPs2k"
} 
 </msg>
<msg time="2025-06-06T15:42:30.340366" level="INFO">C:\Users\rapha\AppData\Local\Packages\PythonSoftwareFoundation.Python.3.11_qbz5n2kfra8p0\LocalCache\local-packages\Python311\site-packages\urllib3\connectionpool.py:1099: InsecureRequestWarning: Unverified HTTPS request is being made to host 'serverest.dev'. Adding certificate verification is strongly advised. See: https://urllib3.readthedocs.io/en/latest/advanced-usage.html#tls-warnings
  warnings.warn(</msg>
<msg time="2025-06-06T15:42:30.340366" level="INFO">${response} = &lt;Response [200]&gt;</msg>
<var>${response}</var>
<arg>Serverest</arg>
<arg>${ENDPOINT_LOGIN}</arg>
<arg>json=&amp;{payload}</arg>
<doc>Sends a POST request on a previously created HTTP Session.</doc>
<status status="PASS" start="2025-06-06T15:42:30.167070" elapsed="0.173296"/>
</kw>
<kw name="Set Global Variable" owner="BuiltIn">
<msg time="2025-06-06T15:42:30.340366" level="INFO">${response} = &lt;Response [200]&gt;</msg>
<arg>${response}</arg>
<doc>Makes a variable available globally in all tests and suites.</doc>
<status status="PASS" start="2025-06-06T15:42:30.340366" elapsed="0.000000"/>
</kw>
<kw name="Log To Console" owner="BuiltIn">
<arg>Response:</arg>
<arg>${response.content}</arg>
<doc>Logs the given message to the console.</doc>
<status status="PASS" start="2025-06-06T15:42:30.340366" elapsed="0.000000"/>
</kw>
<kw name="Log To Console" owner="BuiltIn">
<arg>Token: ${response.json()["authorization"]}</arg>
<doc>Logs the given message to the console.</doc>
<status status="PASS" start="2025-06-06T15:42:30.340366" elapsed="0.000000"/>
</kw>
<kw name="Set Variable" owner="BuiltIn">
<msg time="2025-06-06T15:42:30.340366" level="INFO">${token} = Bearer eyJhbGciOiJIUzI1NiIsInR5cCI6IkpXVCJ9.eyJlbWFpbCI6ImNtb3JhQGV4YW1wbGUub3JnIiwicGFzc3dvcmQiOiJzZW5oYTEyMyIsImlhdCI6MTc0OTIzNTM1MCwiZXhwIjoxNzQ5MjM1OTUwfQ.qim9gIeSIkrRFPLF_1FpXs4MFA23VDE5eJWZNxwPs...</msg>
<var>${token}</var>
<arg>${response.json()["authorization"]}</arg>
<doc>Returns the given values which can then be assigned to a variables.</doc>
<status status="PASS" start="2025-06-06T15:42:30.340366" elapsed="0.000000"/>
</kw>
<kw name="Set Suite Variable" owner="BuiltIn">
<msg time="2025-06-06T15:42:30.340366" level="INFO">${TOKEN_AUTH_ATUAL} = Bearer eyJhbGciOiJIUzI1NiIsInR5cCI6IkpXVCJ9.eyJlbWFpbCI6ImNtb3JhQGV4YW1wbGUub3JnIiwicGFzc3dvcmQiOiJzZW5oYTEyMyIsImlhdCI6MTc0OTIzNTM1MCwiZXhwIjoxNzQ5MjM1OTUwfQ.qim9gIeSIkrRFPLF_1FpXs4MFA23VDE5eJWZNxwPs...</msg>
<arg>${TOKEN_AUTH_ATUAL}</arg>
<arg>${token}</arg>
<doc>Makes a variable available everywhere within the scope of the current suite.</doc>
<status status="PASS" start="2025-06-06T15:42:30.340366" elapsed="0.000000"/>
</kw>
<kw name="Log To Console" owner="BuiltIn">
<arg>Token atual: ${TOKEN_AUTH_ATUAL}</arg>
<doc>Logs the given message to the console.</doc>
<status status="PASS" start="2025-06-06T15:42:30.340366" elapsed="0.000000"/>
</kw>
<status status="PASS" start="2025-06-06T15:42:30.165983" elapsed="0.174383"/>
</kw>
<kw name="Validar Ter Logado" owner="login_keywords">
<kw name="Should Be Equal" owner="BuiltIn">
<arg>${response.json()["message"]}</arg>
<arg>Login realizado com sucesso</arg>
<doc>Fails if the given objects are unequal.</doc>
<status status="PASS" start="2025-06-06T15:42:30.340366" elapsed="0.000000"/>
</kw>
<kw name="Should Not Be Empty" owner="BuiltIn">
<msg time="2025-06-06T15:42:30.340366" level="INFO">Length is 202.</msg>
<arg>${response.json()["authorization"]}</arg>
<doc>Verifies that the given item is not empty.</doc>
<status status="PASS" start="2025-06-06T15:42:30.340366" elapsed="0.000000"/>
</kw>
<status status="PASS" start="2025-06-06T15:42:30.340366" elapsed="0.000000"/>
</kw>
<status status="PASS" start="2025-06-06T15:42:29.777884" elapsed="0.562482"/>
</kw>
<kw name="POST Endpoint sem_auth/produtos" owner="produtos_keywords">
<kw name="Cadastrar Produto Valido" owner="dynamics">
<kw name="Company" owner="FakerLibrary">
<msg time="2025-06-06T15:42:30.340366" level="INFO">${nome_produto} = Bond-Hinton</msg>
<var>${nome_produto}</var>
<doc>:example: 'Acme Ltd'</doc>
<status status="PASS" start="2025-06-06T15:42:30.340366" elapsed="0.000000"/>
</kw>
<kw name="Lexify" owner="FakerLibrary">
<msg time="2025-06-06T15:42:30.340366" level="INFO">${marca_produto} = dQKI</msg>
<var>${marca_produto}</var>
<doc>Generate a string with each question mark ('?') in ``text``
replaced with a random character from ``letters``.</doc>
<status status="PASS" start="2025-06-06T15:42:30.340366" elapsed="0.000000"/>
</kw>
<kw name="Set Variable" owner="BuiltIn">
<msg time="2025-06-06T15:42:30.340366" level="INFO">${nome} = dQKI Bond-Hinton</msg>
<var>${nome}</var>
<arg>${marca_produto} ${nome_produto}</arg>
<doc>Returns the given values which can then be assigned to a variables.</doc>
<status status="PASS" start="2025-06-06T15:42:30.340366" elapsed="0.000000"/>
</kw>
<kw name="Evaluate" owner="BuiltIn">
<msg time="2025-06-06T15:42:30.340366" level="INFO">${preco} = 798</msg>
<var>${preco}</var>
<arg>random.randint(100, 1000)</arg>
<arg>modules=random</arg>
<doc>Evaluates the given expression in Python and returns the result.</doc>
<status status="PASS" start="2025-06-06T15:42:30.340366" elapsed="0.000000"/>
</kw>
<kw name="Word" owner="FakerLibrary">
<msg time="2025-06-06T15:42:30.340366" level="INFO">${descricao} = wish</msg>
<var>${descricao}</var>
<doc>Generate a word.</doc>
<status status="PASS" start="2025-06-06T15:42:30.340366" elapsed="0.000000"/>
</kw>
<kw name="Evaluate" owner="BuiltIn">
<msg time="2025-06-06T15:42:30.350395" level="INFO">${quantidade} = 77</msg>
<var>${quantidade}</var>
<arg>random.randint(1, 100)</arg>
<arg>modules=random</arg>
<doc>Evaluates the given expression in Python and returns the result.</doc>
<status status="PASS" start="2025-06-06T15:42:30.350395" elapsed="0.000000"/>
</kw>
<kw name="Create Dictionary" owner="BuiltIn">
<msg time="2025-06-06T15:42:30.350395" level="INFO">&amp;{produto} = { nome=dQKI Bond-Hinton | preco=798 | descricao=wish | quantidade=77 }</msg>
<var>&amp;{produto}</var>
<arg>nome=${nome}</arg>
<arg>preco=${preco}</arg>
<arg>descricao=${descricao}</arg>
<arg>quantidade=${quantidade}</arg>
<doc>Creates and returns a dictionary based on the given ``items``.</doc>
<status status="PASS" start="2025-06-06T15:42:30.350395" elapsed="0.000000"/>
</kw>
<kw name="Log To Console" owner="BuiltIn">
<arg>${produto}</arg>
<doc>Logs the given message to the console.</doc>
<status status="PASS" start="2025-06-06T15:42:30.350395" elapsed="0.001055"/>
</kw>
<kw name="Set Global Variable" owner="BuiltIn">
<msg time="2025-06-06T15:42:30.351450" level="INFO">&amp;{produto} = { nome=dQKI Bond-Hinton | preco=798 | descricao=wish | quantidade=77 }</msg>
<arg>&amp;{produto}</arg>
<doc>Makes a variable available globally in all tests and suites.</doc>
<status status="PASS" start="2025-06-06T15:42:30.351450" elapsed="0.000000"/>
</kw>
<return>
<value>&amp;{produto}</value>
<status status="PASS" start="2025-06-06T15:42:30.352213" elapsed="0.000000"/>
</return>
<status status="PASS" start="2025-06-06T15:42:30.340366" elapsed="0.011847"/>
</kw>
<kw name="Create Dictionary" owner="BuiltIn">
<msg time="2025-06-06T15:42:30.352857" level="INFO">&amp;{header} = { Authorization=123 }</msg>
<var>&amp;{header}</var>
<arg>Authorization=123</arg>
<doc>Creates and returns a dictionary based on the given ``items``.</doc>
<status status="PASS" start="2025-06-06T15:42:30.352213" elapsed="0.000644"/>
</kw>
<kw name="POST On Session" owner="RequestsLibrary">
<msg time="2025-06-06T15:42:30.540808" level="INFO">POST Request : url=https://serverest.dev/produtos 
 path_url=/produtos 
 headers={'User-Agent': 'python-requests/2.32.3', 'Accept-Encoding': 'gzip, deflate', 'Accept': '*/*', 'Connection': 'keep-alive', 'Authorization': '123', 'Content-Length': '81', 'Content-Type': 'application/json'} 
 body=b'{"nome": "dQKI Bond-Hinton", "preco": 798, "descricao": "wish", "quantidade": 77}' 
 </msg>
<msg time="2025-06-06T15:42:30.540808" level="INFO">POST Response : url=https://serverest.dev/produtos 
 status=401, reason=Unauthorized 
 headers={'access-control-allow-origin': '*', 'x-dns-prefetch-control': 'off', 'x-frame-options': 'SAMEORIGIN', 'strict-transport-security': 'max-age=15552000; includeSubDomains', 'x-download-options': 'noopen', 'x-content-type-options': 'nosniff', 'x-xss-protection': '1; mode=block', 'content-type': 'application/json; charset=utf-8', 'x-cloud-trace-context': '176fa064029a427d20f3904e145d4f4b', 'date': 'Fri, 06 Jun 2025 18:42:30 GMT', 'server': 'Google Frontend', 'Content-Length': '103'} 
 body={
    "message": "Token de acesso ausente, inválido, expirado ou usuário do token não existe mais"
} 
 </msg>
<msg time="2025-06-06T15:42:30.540808" level="INFO">C:\Users\rapha\AppData\Local\Packages\PythonSoftwareFoundation.Python.3.11_qbz5n2kfra8p0\LocalCache\local-packages\Python311\site-packages\urllib3\connectionpool.py:1099: InsecureRequestWarning: Unverified HTTPS request is being made to host 'serverest.dev'. Adding certificate verification is strongly advised. See: https://urllib3.readthedocs.io/en/latest/advanced-usage.html#tls-warnings
  warnings.warn(</msg>
<msg time="2025-06-06T15:42:30.541958" level="INFO">${response} = &lt;Response [401]&gt;</msg>
<var>${response}</var>
<arg>Serverest</arg>
<arg>${ENDPOINT_PRODUTOS}</arg>
<arg>json=${produto}</arg>
<arg>headers=${header}</arg>
<arg>expected_status=401</arg>
<doc>Sends a POST request on a previously created HTTP Session.</doc>
<status status="PASS" start="2025-06-06T15:42:30.352857" elapsed="0.189101"/>
</kw>
<kw name="Should Be Equal As Integers" owner="BuiltIn">
<msg time="2025-06-06T15:42:30.541958" level="INFO">Argument types are:
&lt;class 'int'&gt;
&lt;class 'str'&gt;</msg>
<arg>${response.status_code}</arg>
<arg>401</arg>
<doc>Fails if objects are unequal after converting them to integers.</doc>
<status status="PASS" start="2025-06-06T15:42:30.541958" elapsed="0.001084"/>
</kw>
<kw name="Set Global Variable" owner="BuiltIn">
<msg time="2025-06-06T15:42:30.543042" level="INFO">${response} = &lt;Response [401]&gt;</msg>
<arg>${response}</arg>
<doc>Makes a variable available globally in all tests and suites.</doc>
<status status="PASS" start="2025-06-06T15:42:30.543042" elapsed="0.000000"/>
</kw>
<kw name="Log To Console" owner="BuiltIn">
<arg>${response.content}</arg>
<doc>Logs the given message to the console.</doc>
<status status="PASS" start="2025-06-06T15:42:30.543042" elapsed="0.001087"/>
</kw>
<status status="PASS" start="2025-06-06T15:42:30.340366" elapsed="0.203763"/>
</kw>
<kw name="Validar Status Code" owner="common">
<kw name="Should Be True" owner="BuiltIn">
<arg>${response.status_code} == ${statuscode}</arg>
<doc>Fails if the given condition is not true.</doc>
<status status="PASS" start="2025-06-06T15:42:30.544129" elapsed="0.001094"/>
</kw>
<arg>401</arg>
<status status="PASS" start="2025-06-06T15:42:30.544129" elapsed="0.001094"/>
</kw>
<tag>auth_invalido</tag>
<tag>todos</tag>
<status status="PASS" start="2025-06-06T15:42:29.774303" elapsed="0.771709"/>
</test>
<test id="s1-t18" name="Cenario: Criar Cadastro com Gmail" line="137">
<kw name="Criar Sessao" owner="common" type="SETUP">
<kw name="Log To Console" owner="BuiltIn">
<arg>Criando sessão com a API Serverest</arg>
<doc>Logs the given message to the console.</doc>
<status status="PASS" start="2025-06-06T15:42:30.547374" elapsed="0.000558"/>
</kw>
<kw name="Create Session" owner="RequestsLibrary">
<msg time="2025-06-06T15:42:30.547932" level="INFO">Creating Session using : alias=Serverest, url=https://serverest.dev, headers={},                     cookies={}, auth=None, timeout=None, proxies=None, verify=False,                     debug=0 </msg>
<arg>Serverest</arg>
<arg>${BASE_URL}</arg>
<doc>Create Session: create a HTTP session to a server</doc>
<status status="PASS" start="2025-06-06T15:42:30.547932" elapsed="0.000000"/>
</kw>
<status status="PASS" start="2025-06-06T15:42:30.547374" elapsed="0.000558"/>
</kw>
<kw name="Criar Email com Gmail Dinamico" owner="dynamics">
<kw name="Name" owner="FakerLibrary">
<msg time="2025-06-06T15:42:30.548620" level="INFO">${nome_fake} = Mary Goodman</msg>
<var>${nome_fake}</var>
<doc>:example: 'John Doe'</doc>
<status status="PASS" start="2025-06-06T15:42:30.548620" elapsed="0.000000"/>
</kw>
<kw name="First Name" owner="FakerLibrary">
<msg time="2025-06-06T15:42:30.548620" level="INFO">${nome_email} = Tracey</msg>
<var>${nome_email}</var>
<status status="PASS" start="2025-06-06T15:42:30.548620" elapsed="0.000000"/>
</kw>
<kw name="Evaluate" owner="BuiltIn">
<msg time="2025-06-06T15:42:30.548620" level="INFO">${nome_formatado} = tracey</msg>
<var>${nome_formatado}</var>
<arg>'${nome_email}'.lower().replace("'", "")</arg>
<doc>Evaluates the given expression in Python and returns the result.</doc>
<status status="PASS" start="2025-06-06T15:42:30.548620" elapsed="0.000000"/>
</kw>
<kw name="Set Variable" owner="BuiltIn">
<msg time="2025-06-06T15:42:30.548620" level="INFO">${gmail} = tracey@gmail.com</msg>
<var>${gmail}</var>
<arg>${nome_formatado}@gmail.com</arg>
<doc>Returns the given values which can then be assigned to a variables.</doc>
<status status="PASS" start="2025-06-06T15:42:30.548620" elapsed="0.000000"/>
</kw>
<kw name="Set Global Variable" owner="BuiltIn">
<msg time="2025-06-06T15:42:30.548620" level="INFO">${gmail} = tracey@gmail.com</msg>
<arg>${gmail}</arg>
<doc>Makes a variable available globally in all tests and suites.</doc>
<status status="PASS" start="2025-06-06T15:42:30.548620" elapsed="0.000000"/>
</kw>
<kw name="Set Global Variable" owner="BuiltIn">
<msg time="2025-06-06T15:42:30.550127" level="INFO">${nome_fake} = Mary Goodman</msg>
<arg>${nome_fake}</arg>
<doc>Makes a variable available globally in all tests and suites.</doc>
<status status="PASS" start="2025-06-06T15:42:30.550127" elapsed="0.000000"/>
</kw>
<status status="PASS" start="2025-06-06T15:42:30.548620" elapsed="0.001507"/>
</kw>
<kw name="Criar usuario Gmail" owner="usuario_keywords">
<kw name="Create Dictionary" owner="BuiltIn">
<msg time="2025-06-06T15:42:30.550127" level="INFO">&amp;{payload} = { nome=Mary Goodman | email=tracey@gmail.com | password=senha123 | administrador=true }</msg>
<var>&amp;{payload}</var>
<arg>nome=${nome_fake}</arg>
<arg>email=${gmail}</arg>
<arg>password=senha123</arg>
<arg>administrador=true</arg>
<doc>Creates and returns a dictionary based on the given ``items``.</doc>
<status status="PASS" start="2025-06-06T15:42:30.550127" elapsed="0.000000"/>
</kw>
<kw name="POST On Session" owner="RequestsLibrary">
<msg time="2025-06-06T15:42:30.965672" level="INFO">POST Request : url=https://serverest.dev/usuarios 
 path_url=/usuarios 
 headers={'User-Agent': 'python-requests/2.32.3', 'Accept-Encoding': 'gzip, deflate', 'Accept': '*/*', 'Connection': 'keep-alive', 'Content-Length': '102', 'Content-Type': 'application/json'} 
 body=b'{"nome": "Mary Goodman", "email": "tracey@gmail.com", "password": "senha123", "administrador": "true"}' 
 </msg>
<msg time="2025-06-06T15:42:30.965672" level="INFO">POST Response : url=https://serverest.dev/usuarios 
 status=201, reason=Created 
 headers={'access-control-allow-origin': '*', 'x-dns-prefetch-control': 'off', 'x-frame-options': 'SAMEORIGIN', 'strict-transport-security': 'max-age=15552000; includeSubDomains', 'x-download-options': 'noopen', 'x-content-type-options': 'nosniff', 'x-xss-protection': '1; mode=block', 'content-type': 'application/json; charset=utf-8', 'x-cloud-trace-context': '7e9bdc770ffebf338d9d43e6358cb739', 'date': 'Fri, 06 Jun 2025 18:42:30 GMT', 'server': 'Google Frontend', 'Content-Length': '82'} 
 body={
    "message": "Cadastro realizado com sucesso",
    "_id": "32ZyYy9ngfRMv6kO"
} 
 </msg>
<msg time="2025-06-06T15:42:30.965672" level="INFO">C:\Users\rapha\AppData\Local\Packages\PythonSoftwareFoundation.Python.3.11_qbz5n2kfra8p0\LocalCache\local-packages\Python311\site-packages\urllib3\connectionpool.py:1099: InsecureRequestWarning: Unverified HTTPS request is being made to host 'serverest.dev'. Adding certificate verification is strongly advised. See: https://urllib3.readthedocs.io/en/latest/advanced-usage.html#tls-warnings
  warnings.warn(</msg>
<msg time="2025-06-06T15:42:30.965672" level="INFO">${response} = &lt;Response [201]&gt;</msg>
<var>${response}</var>
<arg>Serverest</arg>
<arg>${ENDPOINT_USUARIOS}</arg>
<arg>json=&amp;{payload}</arg>
<doc>Sends a POST request on a previously created HTTP Session.</doc>
<status status="PASS" start="2025-06-06T15:42:30.550127" elapsed="0.415545"/>
</kw>
<kw name="Log To Console" owner="BuiltIn">
<arg>PAYLOAD: ${payload}</arg>
<doc>Logs the given message to the console.</doc>
<status status="PASS" start="2025-06-06T15:42:30.965672" elapsed="0.000000"/>
</kw>
<kw name="Log To Console" owner="BuiltIn">
<arg>STATUS: ${response.status_code}</arg>
<doc>Logs the given message to the console.</doc>
<status status="PASS" start="2025-06-06T15:42:30.965672" elapsed="0.001473"/>
</kw>
<kw name="Log To Console" owner="BuiltIn">
<arg>RESPOSTA: ${response.content}</arg>
<doc>Logs the given message to the console.</doc>
<status status="PASS" start="2025-06-06T15:42:30.967145" elapsed="0.000000"/>
</kw>
<kw name="Should Not Be Equal As Integers" owner="BuiltIn">
<msg time="2025-06-06T15:42:30.968378" level="INFO">Argument types are:
&lt;class 'int'&gt;
&lt;class 'str'&gt;</msg>
<msg time="2025-06-06T15:42:30.968378" level="FAIL">201 == 201</msg>
<arg>${response.status_code}</arg>
<arg>201</arg>
<doc>Fails if objects are equal after converting them to integers.</doc>
<status status="FAIL" start="2025-06-06T15:42:30.967145" elapsed="0.001233">201 == 201</status>
</kw>
<kw name="Set Global Variable" owner="BuiltIn">
<arg>${response}</arg>
<doc>Makes a variable available globally in all tests and suites.</doc>
<status status="NOT RUN" start="2025-06-06T15:42:30.968378" elapsed="0.000000"/>
</kw>
<status status="FAIL" start="2025-06-06T15:42:30.550127" elapsed="0.418251">201 == 201</status>
</kw>
<tag>conta_gmail</tag>
<tag>todos</tag>
<status status="FAIL" start="2025-06-06T15:42:30.546362" elapsed="0.422016">201 == 201</status>
</test>
<status status="FAIL" start="2025-06-06T15:42:02.510282" elapsed="28.459207"/>
</suite>
<statistics>
<total>
<stat pass="17" fail="1" skip="0">All Tests</stat>
</total>
<tag>
<stat pass="1" fail="0" skip="0">auth_invalido</stat>
<stat pass="1" fail="0" skip="0">buscar_carrinhos</stat>
<stat pass="1" fail="0" skip="0">buscar_produtos</stat>
<stat pass="1" fail="0" skip="0">buscar_usuarios</stat>
<stat pass="1" fail="0" skip="0">cadastrar_carrinho</stat>
<stat pass="1" fail="0" skip="0">cadastrar_produto</stat>
<stat pass="1" fail="0" skip="0">cadastrar_usuarios</stat>
<stat pass="0" fail="1" skip="0">conta_gmail</stat>
<stat pass="1" fail="0" skip="0">deletar_usuarios</stat>
<stat pass="1" fail="0" skip="0">delete_carrinhos</stat>
<stat pass="1" fail="0" skip="0">delete_produtos</stat>
<stat pass="1" fail="0" skip="0">editar_produtos</stat>
<stat pass="1" fail="0" skip="0">editar_usuarios</stat>
<stat pass="1" fail="0" skip="0">listar_carrinhos</stat>
<stat pass="1" fail="0" skip="0">listar_produtos</stat>
<stat pass="1" fail="0" skip="0">listar_usuarios</stat>
<stat pass="1" fail="0" skip="0">login_usuarios</stat>
<stat pass="1" fail="0" skip="0">senha_invalida</stat>
<stat pass="17" fail="1" skip="0">todos</stat>
</tag>
<suite>
<stat name="Tests" id="s1" pass="17" fail="1" skip="0">Tests</stat>
</suite>
</statistics>
<errors>
</errors>
</robot>
