<?xml version="1.0" encoding="UTF-8"?>
<robot generator="Robot 6.1.1 (Python 3.11.9 on win32)" generated="20250702 22:29:59.253" rpa="false" schemaversion="4">
<suite id="s1" name="Tests" source="C:\Users\rapha\OneDrive\Documentos\Challenge_final\Testes_automatizados\tests">
<suite id="s1-s1" name="Cadastro" source="C:\Users\rapha\OneDrive\Documentos\Challenge_final\Testes_automatizados\tests\cadastro">
<suite id="s1-s1-s1" name="Cadastro" source="C:\Users\rapha\OneDrive\Documentos\Challenge_final\Testes_automatizados\tests\cadastro\cadastro.robot">
<kw name="Iniciar Navegador" library="keywords" type="SETUP">
<kw name="New Browser" library="Browser">
<arg>headless=False</arg>
<tag>BrowserControl</tag>
<tag>Setter</tag>
<doc>Create a new playwright Browser with specified options.</doc>
<msg timestamp="20250702 22:30:10.104" level="INFO">{"browser": "chromium", "headless": false, "chromiumSandbox": false, "devtools": false, "handleSIGHUP": true, "handleSIGINT": true, "handleSIGTERM": true, "slowMo": 0.0, "timeout": 30000.0, "tracesDir": "C:\\Users\\rapha\\OneDrive\\Documentos\\Challenge_final\\Testes_automatizados\\logs\\browser\\traces\\temp\\d788eb77-2cbf-423c-972f-0632d2926cff"}</msg>
<msg timestamp="20250702 22:30:10.310" level="INFO">Starting Browser process C:\Users\rapha\AppData\Local\Packages\PythonSoftwareFoundation.Python.3.11_qbz5n2kfra8p0\LocalCache\local-packages\Python311\site-packages\Browser\wrapper\index.js using at 127.0.0.1:63693</msg>
<msg timestamp="20250702 22:30:39.504" level="INFO">Successfully created browser with options: {"browser":"chromium","headless":false,"chromiumSandbox":false,"devtools":false,"handleSIGHUP":true,"handleSIGINT":true,"handleSIGTERM":true,"slowMo":0,"timeout":30000,"tracesDir":"C:\\Users\\rapha\\OneDrive\\Documentos\\Challenge_final\\Testes_automatizados\\logs\\browser\\traces\\temp\\d788eb77-2cbf-423c-972f-0632d2926cff"}</msg>
<status status="PASS" starttime="20250702 22:30:10.102" endtime="20250702 22:30:39.504"/>
</kw>
<status status="PASS" starttime="20250702 22:30:10.102" endtime="20250702 22:30:39.504"/>
</kw>
<test id="s1-s1-s1-t1" name="Cadastro com dados válidos deve ser bem-sucedido" line="11">
<kw name="Abrir navegador em" library="keywords">
<arg>${BASE_URL}/register</arg>
<kw name="New Page" library="Browser">
<arg>${url}</arg>
<tag>BrowserControl</tag>
<tag>Setter</tag>
<doc>Open a new Page.</doc>
<msg timestamp="20250702 22:30:51.803" level="INFO">Successfully initialized new page object and opened url: http://localhost:3002/register</msg>
<msg timestamp="20250702 22:30:51.803" level="INFO">No context was open. New context was automatically opened when this page is created.</msg>
<status status="PASS" starttime="20250702 22:30:39.653" endtime="20250702 22:30:51.803"/>
</kw>
<status status="PASS" starttime="20250702 22:30:39.653" endtime="20250702 22:30:51.803"/>
</kw>
<kw name="Confirmar título da página" library="keywords">
<arg>Cadastro</arg>
<kw name="Wait For Elements State" library="Browser">
<arg>xpath=//h1[text()='${esperado}']</arg>
<arg>visible</arg>
<arg>10</arg>
<tag>PageContent</tag>
<tag>Wait</tag>
<doc>Waits for the element found by ``selector`` to satisfy state option.</doc>
<msg timestamp="20250702 22:30:52.764" level="INFO">Waited for Element with selector xpath=//h1[text()='Cadastro'] at state visible</msg>
<status status="PASS" starttime="20250702 22:30:51.803" endtime="20250702 22:30:52.764"/>
</kw>
<kw name="Get Text" library="Browser">
<var>${titulo}</var>
<arg>xpath=//h1[text()='${esperado}']</arg>
<tag>Assertion</tag>
<tag>Getter</tag>
<tag>PageContent</tag>
<doc>Returns text attribute of the element found by ``selector``.</doc>
<msg timestamp="20250702 22:30:52.786" level="INFO">Text: 'Cadastro'</msg>
<msg timestamp="20250702 22:30:52.786" level="INFO">${titulo} = Cadastro</msg>
<status status="PASS" starttime="20250702 22:30:52.764" endtime="20250702 22:30:52.786"/>
</kw>
<kw name="Should Be Equal" library="BuiltIn">
<arg>${titulo}</arg>
<arg>${esperado}</arg>
<doc>Fails if the given objects are unequal.</doc>
<status status="PASS" starttime="20250702 22:30:52.786" endtime="20250702 22:30:52.786"/>
</kw>
<status status="PASS" starttime="20250702 22:30:51.803" endtime="20250702 22:30:52.786"/>
</kw>
<kw name="Email" library="FakerLibrary">
<var>${email_random}</var>
<msg timestamp="20250702 22:30:52.786" level="INFO">${email_random} = scott34@example.com</msg>
<status status="PASS" starttime="20250702 22:30:52.786" endtime="20250702 22:30:52.786"/>
</kw>
<kw name="Create Dictionary" library="BuiltIn">
<var>&amp;{user}</var>
<arg>name=${NOME_FIXO}</arg>
<arg>email=${email_random}</arg>
<arg>password=${SENHA_FIXA}</arg>
<doc>Creates and returns a dictionary based on the given ``items``.</doc>
<msg timestamp="20250702 22:30:52.786" level="INFO">&amp;{user} = { name=Raphael | email=scott34@example.com | password=123456 }</msg>
<status status="PASS" starttime="20250702 22:30:52.786" endtime="20250702 22:30:52.786"/>
</kw>
<kw name="Preencher cadastro" library="keywords">
<arg>${user}</arg>
<kw name="Fill Text" library="Browser">
<arg>css=#name</arg>
<arg>${user.name}</arg>
<tag>PageContent</tag>
<tag>Setter</tag>
<doc>Clears and fills the given ``txt`` into the text field found by ``selector``.</doc>
<msg timestamp="20250702 22:30:52.799" level="INFO">Fills the text 'Raphael' in the given field.</msg>
<status status="PASS" starttime="20250702 22:30:52.786" endtime="20250702 22:30:52.819"/>
</kw>
<kw name="Fill Text" library="Browser">
<arg>css=#email</arg>
<arg>${user.email}</arg>
<tag>PageContent</tag>
<tag>Setter</tag>
<doc>Clears and fills the given ``txt`` into the text field found by ``selector``.</doc>
<msg timestamp="20250702 22:30:52.821" level="INFO">Fills the text 'scott34@example.com' in the given field.</msg>
<status status="PASS" starttime="20250702 22:30:52.820" endtime="20250702 22:30:52.844"/>
</kw>
<kw name="Fill Text" library="Browser">
<arg>css=#password</arg>
<arg>${user.password}</arg>
<tag>PageContent</tag>
<tag>Setter</tag>
<doc>Clears and fills the given ``txt`` into the text field found by ``selector``.</doc>
<msg timestamp="20250702 22:30:52.846" level="INFO">Fills the text '123456' in the given field.</msg>
<status status="PASS" starttime="20250702 22:30:52.844" endtime="20250702 22:30:52.860"/>
</kw>
<kw name="Fill Text" library="Browser">
<arg>css=#confirmPassword</arg>
<arg>${user.password}</arg>
<tag>PageContent</tag>
<tag>Setter</tag>
<doc>Clears and fills the given ``txt`` into the text field found by ``selector``.</doc>
<msg timestamp="20250702 22:30:52.860" level="INFO">Fills the text '123456' in the given field.</msg>
<status status="PASS" starttime="20250702 22:30:52.860" endtime="20250702 22:30:52.870"/>
</kw>
<kw name="Click" library="Browser">
<arg>css=button[type="submit"]</arg>
<tag>PageContent</tag>
<tag>Setter</tag>
<doc>Simulates mouse click on the element found by ``selector``.</doc>
<msg timestamp="20250702 22:30:52.870" level="INFO">Clicks the element 'css=button[type="submit"]'.</msg>
<status status="PASS" starttime="20250702 22:30:52.870" endtime="20250702 22:30:53.816"/>
</kw>
<status status="PASS" starttime="20250702 22:30:52.786" endtime="20250702 22:30:53.818"/>
</kw>
<tag>cadastro</tag>
<tag>positivo</tag>
<status status="PASS" starttime="20250702 22:30:39.644" endtime="20250702 22:30:53.818"/>
</test>
<kw name="Fechar Navegador" library="keywords" type="TEARDOWN">
<kw name="Close Browser" library="Browser">
<tag>BrowserControl</tag>
<tag>Setter</tag>
<doc>Closes the current browser.</doc>
<msg timestamp="20250702 22:30:55.506" level="INFO">Closed browser</msg>
<status status="PASS" starttime="20250702 22:30:53.929" endtime="20250702 22:30:55.506"/>
</kw>
<status status="PASS" starttime="20250702 22:30:53.928" endtime="20250702 22:30:55.507"/>
</kw>
<status status="PASS" starttime="20250702 22:29:59.810" endtime="20250702 22:30:55.507"/>
</suite>
<suite id="s1-s1-s2" name="Testes Negativos" source="C:\Users\rapha\OneDrive\Documentos\Challenge_final\Testes_automatizados\tests\cadastro\testes_negativos.robot">
<kw name="Iniciar Navegador" library="keywords" type="SETUP">
<kw name="New Browser" library="Browser">
<arg>headless=False</arg>
<tag>BrowserControl</tag>
<tag>Setter</tag>
<doc>Create a new playwright Browser with specified options.</doc>
<msg timestamp="20250702 22:30:55.529" level="INFO">{"browser": "chromium", "headless": false, "chromiumSandbox": false, "devtools": false, "handleSIGHUP": true, "handleSIGINT": true, "handleSIGTERM": true, "slowMo": 0.0, "timeout": 30000.0, "tracesDir": "C:\\Users\\rapha\\OneDrive\\Documentos\\Challenge_final\\Testes_automatizados\\logs\\browser\\traces\\temp\\39392c0c-5d7f-462f-81ce-fa69647550e1"}</msg>
<msg timestamp="20250702 22:30:56.225" level="INFO">Successfully created browser with options: {"browser":"chromium","headless":false,"chromiumSandbox":false,"devtools":false,"handleSIGHUP":true,"handleSIGINT":true,"handleSIGTERM":true,"slowMo":0,"timeout":30000,"tracesDir":"C:\\Users\\rapha\\OneDrive\\Documentos\\Challenge_final\\Testes_automatizados\\logs\\browser\\traces\\temp\\39392c0c-5d7f-462f-81ce-fa69647550e1"}</msg>
<status status="PASS" starttime="20250702 22:30:55.527" endtime="20250702 22:30:56.225"/>
</kw>
<status status="PASS" starttime="20250702 22:30:55.527" endtime="20250702 22:30:56.225"/>
</kw>
<test id="s1-s1-s2-t1" name="Cadastro com email inválido deve falhar" line="11">
<kw name="Abrir navegador em" library="keywords">
<arg>${BASE_URL}/register</arg>
<kw name="New Page" library="Browser">
<arg>${url}</arg>
<tag>BrowserControl</tag>
<tag>Setter</tag>
<doc>Open a new Page.</doc>
<msg timestamp="20250702 22:30:57.986" level="INFO">Successfully initialized new page object and opened url: http://localhost:3002/register</msg>
<msg timestamp="20250702 22:30:57.986" level="INFO">No context was open. New context was automatically opened when this page is created.</msg>
<status status="PASS" starttime="20250702 22:30:56.225" endtime="20250702 22:30:57.986"/>
</kw>
<status status="PASS" starttime="20250702 22:30:56.225" endtime="20250702 22:30:57.986"/>
</kw>
<kw name="Confirmar título da página" library="keywords">
<arg>${CADASTRO_TITULO}</arg>
<kw name="Wait For Elements State" library="Browser">
<arg>xpath=//h1[text()='${esperado}']</arg>
<arg>visible</arg>
<arg>10</arg>
<tag>PageContent</tag>
<tag>Wait</tag>
<doc>Waits for the element found by ``selector`` to satisfy state option.</doc>
<msg timestamp="20250702 22:30:58.821" level="INFO">Waited for Element with selector xpath=//h1[text()='Cadastro'] at state visible</msg>
<status status="PASS" starttime="20250702 22:30:57.986" endtime="20250702 22:30:58.821"/>
</kw>
<kw name="Get Text" library="Browser">
<var>${titulo}</var>
<arg>xpath=//h1[text()='${esperado}']</arg>
<tag>Assertion</tag>
<tag>Getter</tag>
<tag>PageContent</tag>
<doc>Returns text attribute of the element found by ``selector``.</doc>
<msg timestamp="20250702 22:30:58.838" level="INFO">Text: 'Cadastro'</msg>
<msg timestamp="20250702 22:30:58.838" level="INFO">${titulo} = Cadastro</msg>
<status status="PASS" starttime="20250702 22:30:58.821" endtime="20250702 22:30:58.838"/>
</kw>
<kw name="Should Be Equal" library="BuiltIn">
<arg>${titulo}</arg>
<arg>${esperado}</arg>
<doc>Fails if the given objects are unequal.</doc>
<status status="PASS" starttime="20250702 22:30:58.838" endtime="20250702 22:30:58.854"/>
</kw>
<status status="PASS" starttime="20250702 22:30:57.986" endtime="20250702 22:30:58.854"/>
</kw>
<kw name="Create Dictionary" library="BuiltIn">
<var>&amp;{user}</var>
<arg>name=${NOME_FIXO}</arg>
<arg>email=email-invalido</arg>
<arg>password=${SENHA_FIXA}</arg>
<doc>Creates and returns a dictionary based on the given ``items``.</doc>
<msg timestamp="20250702 22:30:58.854" level="INFO">&amp;{user} = { name=Raphael | email=email-invalido | password=123456 }</msg>
<status status="PASS" starttime="20250702 22:30:58.854" endtime="20250702 22:30:58.854"/>
</kw>
<kw name="Preencher cadastro" library="keywords">
<arg>${user}</arg>
<kw name="Fill Text" library="Browser">
<arg>css=#name</arg>
<arg>${user.name}</arg>
<tag>PageContent</tag>
<tag>Setter</tag>
<doc>Clears and fills the given ``txt`` into the text field found by ``selector``.</doc>
<msg timestamp="20250702 22:30:58.854" level="INFO">Fills the text 'Raphael' in the given field.</msg>
<status status="PASS" starttime="20250702 22:30:58.854" endtime="20250702 22:30:58.874"/>
</kw>
<kw name="Fill Text" library="Browser">
<arg>css=#email</arg>
<arg>${user.email}</arg>
<tag>PageContent</tag>
<tag>Setter</tag>
<doc>Clears and fills the given ``txt`` into the text field found by ``selector``.</doc>
<msg timestamp="20250702 22:30:58.875" level="INFO">Fills the text 'email-invalido' in the given field.</msg>
<status status="PASS" starttime="20250702 22:30:58.874" endtime="20250702 22:30:58.895"/>
</kw>
<kw name="Fill Text" library="Browser">
<arg>css=#password</arg>
<arg>${user.password}</arg>
<tag>PageContent</tag>
<tag>Setter</tag>
<doc>Clears and fills the given ``txt`` into the text field found by ``selector``.</doc>
<msg timestamp="20250702 22:30:58.895" level="INFO">Fills the text '123456' in the given field.</msg>
<status status="PASS" starttime="20250702 22:30:58.895" endtime="20250702 22:30:58.905"/>
</kw>
<kw name="Fill Text" library="Browser">
<arg>css=#confirmPassword</arg>
<arg>${user.password}</arg>
<tag>PageContent</tag>
<tag>Setter</tag>
<doc>Clears and fills the given ``txt`` into the text field found by ``selector``.</doc>
<msg timestamp="20250702 22:30:58.905" level="INFO">Fills the text '123456' in the given field.</msg>
<status status="PASS" starttime="20250702 22:30:58.905" endtime="20250702 22:30:58.924"/>
</kw>
<kw name="Click" library="Browser">
<arg>css=button[type="submit"]</arg>
<tag>PageContent</tag>
<tag>Setter</tag>
<doc>Simulates mouse click on the element found by ``selector``.</doc>
<msg timestamp="20250702 22:30:58.925" level="INFO">Clicks the element 'css=button[type="submit"]'.</msg>
<status status="PASS" starttime="20250702 22:30:58.924" endtime="20250702 22:31:00.747"/>
</kw>
<status status="PASS" starttime="20250702 22:30:58.854" endtime="20250702 22:31:00.747"/>
</kw>
<tag>cadastro</tag>
<tag>negativo</tag>
<status status="PASS" starttime="20250702 22:30:56.225" endtime="20250702 22:31:00.747"/>
</test>
<test id="s1-s1-s2-t2" name="Cadastro com campos em branco deve falhar" line="19">
<kw name="Abrir navegador em" library="keywords">
<arg>${BASE_URL}/register</arg>
<kw name="New Page" library="Browser">
<arg>${url}</arg>
<tag>BrowserControl</tag>
<tag>Setter</tag>
<doc>Open a new Page.</doc>
<msg timestamp="20250702 22:31:02.376" level="INFO">Successfully initialized new page object and opened url: http://localhost:3002/register</msg>
<msg timestamp="20250702 22:31:02.376" level="INFO">No context was open. New context was automatically opened when this page is created.</msg>
<status status="PASS" starttime="20250702 22:31:00.866" endtime="20250702 22:31:02.376"/>
</kw>
<status status="PASS" starttime="20250702 22:31:00.865" endtime="20250702 22:31:02.376"/>
</kw>
<kw name="Confirmar título da página" library="keywords">
<arg>${CADASTRO_TITULO}</arg>
<kw name="Wait For Elements State" library="Browser">
<arg>xpath=//h1[text()='${esperado}']</arg>
<arg>visible</arg>
<arg>10</arg>
<tag>PageContent</tag>
<tag>Wait</tag>
<doc>Waits for the element found by ``selector`` to satisfy state option.</doc>
<msg timestamp="20250702 22:31:02.487" level="INFO">Waited for Element with selector xpath=//h1[text()='Cadastro'] at state visible</msg>
<status status="PASS" starttime="20250702 22:31:02.376" endtime="20250702 22:31:02.487"/>
</kw>
<kw name="Get Text" library="Browser">
<var>${titulo}</var>
<arg>xpath=//h1[text()='${esperado}']</arg>
<tag>Assertion</tag>
<tag>Getter</tag>
<tag>PageContent</tag>
<doc>Returns text attribute of the element found by ``selector``.</doc>
<msg timestamp="20250702 22:31:02.505" level="INFO">Text: 'Cadastro'</msg>
<msg timestamp="20250702 22:31:02.505" level="INFO">${titulo} = Cadastro</msg>
<status status="PASS" starttime="20250702 22:31:02.487" endtime="20250702 22:31:02.505"/>
</kw>
<kw name="Should Be Equal" library="BuiltIn">
<arg>${titulo}</arg>
<arg>${esperado}</arg>
<doc>Fails if the given objects are unequal.</doc>
<status status="PASS" starttime="20250702 22:31:02.505" endtime="20250702 22:31:02.505"/>
</kw>
<status status="PASS" starttime="20250702 22:31:02.376" endtime="20250702 22:31:02.505"/>
</kw>
<kw name="Create Dictionary" library="BuiltIn">
<var>&amp;{user}</var>
<arg>name=${EMPTY}</arg>
<arg>email=${EMPTY}</arg>
<arg>password=${EMPTY}</arg>
<doc>Creates and returns a dictionary based on the given ``items``.</doc>
<msg timestamp="20250702 22:31:02.505" level="INFO">&amp;{user} = { name= | email= | password= }</msg>
<status status="PASS" starttime="20250702 22:31:02.505" endtime="20250702 22:31:02.505"/>
</kw>
<kw name="Preencher cadastro" library="keywords">
<arg>${user}</arg>
<kw name="Fill Text" library="Browser">
<arg>css=#name</arg>
<arg>${user.name}</arg>
<tag>PageContent</tag>
<tag>Setter</tag>
<doc>Clears and fills the given ``txt`` into the text field found by ``selector``.</doc>
<msg timestamp="20250702 22:31:02.505" level="INFO">Fills the text '' in the given field.</msg>
<status status="PASS" starttime="20250702 22:31:02.505" endtime="20250702 22:31:02.529"/>
</kw>
<kw name="Fill Text" library="Browser">
<arg>css=#email</arg>
<arg>${user.email}</arg>
<tag>PageContent</tag>
<tag>Setter</tag>
<doc>Clears and fills the given ``txt`` into the text field found by ``selector``.</doc>
<msg timestamp="20250702 22:31:02.529" level="INFO">Fills the text '' in the given field.</msg>
<status status="PASS" starttime="20250702 22:31:02.529" endtime="20250702 22:31:02.536"/>
</kw>
<kw name="Fill Text" library="Browser">
<arg>css=#password</arg>
<arg>${user.password}</arg>
<tag>PageContent</tag>
<tag>Setter</tag>
<doc>Clears and fills the given ``txt`` into the text field found by ``selector``.</doc>
<msg timestamp="20250702 22:31:02.536" level="INFO">Fills the text '' in the given field.</msg>
<status status="PASS" starttime="20250702 22:31:02.536" endtime="20250702 22:31:02.556"/>
</kw>
<kw name="Fill Text" library="Browser">
<arg>css=#confirmPassword</arg>
<arg>${user.password}</arg>
<tag>PageContent</tag>
<tag>Setter</tag>
<doc>Clears and fills the given ``txt`` into the text field found by ``selector``.</doc>
<msg timestamp="20250702 22:31:02.557" level="INFO">Fills the text '' in the given field.</msg>
<status status="PASS" starttime="20250702 22:31:02.556" endtime="20250702 22:31:02.565"/>
</kw>
<kw name="Click" library="Browser">
<arg>css=button[type="submit"]</arg>
<tag>PageContent</tag>
<tag>Setter</tag>
<doc>Simulates mouse click on the element found by ``selector``.</doc>
<msg timestamp="20250702 22:31:02.565" level="INFO">Clicks the element 'css=button[type="submit"]'.</msg>
<status status="PASS" starttime="20250702 22:31:02.565" endtime="20250702 22:31:03.211"/>
</kw>
<status status="PASS" starttime="20250702 22:31:02.505" endtime="20250702 22:31:03.211"/>
</kw>
<tag>cadastro</tag>
<tag>negativo</tag>
<status status="PASS" starttime="20250702 22:31:00.847" endtime="20250702 22:31:03.211"/>
</test>
<kw name="Fechar Navegador" library="keywords" type="TEARDOWN">
<kw name="Close Browser" library="Browser">
<tag>BrowserControl</tag>
<tag>Setter</tag>
<doc>Closes the current browser.</doc>
<msg timestamp="20250702 22:31:04.219" level="INFO">Closed browser</msg>
<status status="PASS" starttime="20250702 22:31:03.308" endtime="20250702 22:31:04.219"/>
</kw>
<status status="PASS" starttime="20250702 22:31:03.307" endtime="20250702 22:31:04.219"/>
</kw>
<status status="PASS" starttime="20250702 22:30:55.514" endtime="20250702 22:31:04.219"/>
</suite>
<status status="PASS" starttime="20250702 22:29:59.800" endtime="20250702 22:31:04.224"/>
</suite>
<suite id="s1-s2" name="Login" source="C:\Users\rapha\OneDrive\Documentos\Challenge_final\Testes_automatizados\tests\login">
<suite id="s1-s2-s1" name="Login" source="C:\Users\rapha\OneDrive\Documentos\Challenge_final\Testes_automatizados\tests\login\login.robot">
<kw name="Iniciar Navegador" library="keywords" type="SETUP">
<kw name="New Browser" library="Browser">
<arg>headless=False</arg>
<tag>BrowserControl</tag>
<tag>Setter</tag>
<doc>Create a new playwright Browser with specified options.</doc>
<msg timestamp="20250702 22:31:04.241" level="INFO">{"browser": "chromium", "headless": false, "chromiumSandbox": false, "devtools": false, "handleSIGHUP": true, "handleSIGINT": true, "handleSIGTERM": true, "slowMo": 0.0, "timeout": 30000.0, "tracesDir": "C:\\Users\\rapha\\OneDrive\\Documentos\\Challenge_final\\Testes_automatizados\\logs\\browser\\traces\\temp\\3f85f960-0629-4ba3-838a-f9aa716ace76"}</msg>
<msg timestamp="20250702 22:31:04.710" level="INFO">Successfully created browser with options: {"browser":"chromium","headless":false,"chromiumSandbox":false,"devtools":false,"handleSIGHUP":true,"handleSIGINT":true,"handleSIGTERM":true,"slowMo":0,"timeout":30000,"tracesDir":"C:\\Users\\rapha\\OneDrive\\Documentos\\Challenge_final\\Testes_automatizados\\logs\\browser\\traces\\temp\\3f85f960-0629-4ba3-838a-f9aa716ace76"}</msg>
<status status="PASS" starttime="20250702 22:31:04.240" endtime="20250702 22:31:04.710"/>
</kw>
<status status="PASS" starttime="20250702 22:31:04.240" endtime="20250702 22:31:04.710"/>
</kw>
<test id="s1-s2-s1-t1" name="Login com dados válidos deve redirecionar com sucesso" line="10">
<kw name="Abrir navegador em" library="keywords">
<arg>${BASE_URL}/login</arg>
<kw name="New Page" library="Browser">
<arg>${url}</arg>
<tag>BrowserControl</tag>
<tag>Setter</tag>
<doc>Open a new Page.</doc>
<msg timestamp="20250702 22:31:06.425" level="INFO">Successfully initialized new page object and opened url: http://localhost:3002/login</msg>
<msg timestamp="20250702 22:31:06.425" level="INFO">No context was open. New context was automatically opened when this page is created.</msg>
<status status="PASS" starttime="20250702 22:31:04.720" endtime="20250702 22:31:06.425"/>
</kw>
<status status="PASS" starttime="20250702 22:31:04.720" endtime="20250702 22:31:06.425"/>
</kw>
<kw name="Create Dictionary" library="BuiltIn">
<var>&amp;{user}</var>
<arg>email=${EMAIL_FIXO}</arg>
<arg>password=${SENHA_FIXA}</arg>
<doc>Creates and returns a dictionary based on the given ``items``.</doc>
<msg timestamp="20250702 22:31:06.425" level="INFO">&amp;{user} = { email=raphael@email.com | password=123456 }</msg>
<status status="PASS" starttime="20250702 22:31:06.425" endtime="20250702 22:31:06.425"/>
</kw>
<kw name="Realizar login" library="keywords">
<arg>${user}</arg>
<kw name="Fill Text" library="Browser">
<arg>css=#email</arg>
<arg>${user.email}</arg>
<tag>PageContent</tag>
<tag>Setter</tag>
<doc>Clears and fills the given ``txt`` into the text field found by ``selector``.</doc>
<msg timestamp="20250702 22:31:06.425" level="INFO">Fills the text 'raphael@email.com' in the given field.</msg>
<status status="PASS" starttime="20250702 22:31:06.425" endtime="20250702 22:31:07.051"/>
</kw>
<kw name="Fill Text" library="Browser">
<arg>css=#password</arg>
<arg>${user.password}</arg>
<tag>PageContent</tag>
<tag>Setter</tag>
<doc>Clears and fills the given ``txt`` into the text field found by ``selector``.</doc>
<msg timestamp="20250702 22:31:07.051" level="INFO">Fills the text '123456' in the given field.</msg>
<status status="PASS" starttime="20250702 22:31:07.051" endtime="20250702 22:31:07.066"/>
</kw>
<kw name="Click" library="Browser">
<arg>css=button[type="submit"]</arg>
<tag>PageContent</tag>
<tag>Setter</tag>
<doc>Simulates mouse click on the element found by ``selector``.</doc>
<msg timestamp="20250702 22:31:07.066" level="INFO">Clicks the element 'css=button[type="submit"]'.</msg>
<status status="PASS" starttime="20250702 22:31:07.066" endtime="20250702 22:31:08.327"/>
</kw>
<status status="PASS" starttime="20250702 22:31:06.425" endtime="20250702 22:31:08.328"/>
</kw>
<tag>login</tag>
<tag>positivo</tag>
<status status="PASS" starttime="20250702 22:31:04.710" endtime="20250702 22:31:08.329"/>
</test>
<kw name="Fechar Navegador" library="keywords" type="TEARDOWN">
<kw name="Close Browser" library="Browser">
<tag>BrowserControl</tag>
<tag>Setter</tag>
<doc>Closes the current browser.</doc>
<msg timestamp="20250702 22:31:09.834" level="INFO">Closed browser</msg>
<status status="PASS" starttime="20250702 22:31:08.436" endtime="20250702 22:31:09.834"/>
</kw>
<status status="PASS" starttime="20250702 22:31:08.434" endtime="20250702 22:31:09.834"/>
</kw>
<status status="PASS" starttime="20250702 22:31:04.224" endtime="20250702 22:31:09.834"/>
</suite>
<suite id="s1-s2-s2" name="Testes Negativos" source="C:\Users\rapha\OneDrive\Documentos\Challenge_final\Testes_automatizados\tests\login\testes_negativos.robot">
<kw name="Iniciar Navegador" library="keywords" type="SETUP">
<kw name="New Browser" library="Browser">
<arg>headless=False</arg>
<tag>BrowserControl</tag>
<tag>Setter</tag>
<doc>Create a new playwright Browser with specified options.</doc>
<msg timestamp="20250702 22:31:09.837" level="INFO">{"browser": "chromium", "headless": false, "chromiumSandbox": false, "devtools": false, "handleSIGHUP": true, "handleSIGINT": true, "handleSIGTERM": true, "slowMo": 0.0, "timeout": 30000.0, "tracesDir": "C:\\Users\\rapha\\OneDrive\\Documentos\\Challenge_final\\Testes_automatizados\\logs\\browser\\traces\\temp\\d3750d67-8197-41aa-9c12-0c04eab85b41"}</msg>
<msg timestamp="20250702 22:31:10.157" level="INFO">Successfully created browser with options: {"browser":"chromium","headless":false,"chromiumSandbox":false,"devtools":false,"handleSIGHUP":true,"handleSIGINT":true,"handleSIGTERM":true,"slowMo":0,"timeout":30000,"tracesDir":"C:\\Users\\rapha\\OneDrive\\Documentos\\Challenge_final\\Testes_automatizados\\logs\\browser\\traces\\temp\\d3750d67-8197-41aa-9c12-0c04eab85b41"}</msg>
<status status="PASS" starttime="20250702 22:31:09.837" endtime="20250702 22:31:10.157"/>
</kw>
<status status="PASS" starttime="20250702 22:31:09.837" endtime="20250702 22:31:10.157"/>
</kw>
<test id="s1-s2-s2-t1" name="Login com senha incorreta deve falhar" line="10">
<kw name="Abrir navegador em" library="keywords">
<arg>${BASE_URL}/login</arg>
<kw name="New Page" library="Browser">
<arg>${url}</arg>
<tag>BrowserControl</tag>
<tag>Setter</tag>
<doc>Open a new Page.</doc>
<msg timestamp="20250702 22:31:12.021" level="INFO">Successfully initialized new page object and opened url: http://localhost:3002/login</msg>
<msg timestamp="20250702 22:31:12.021" level="INFO">No context was open. New context was automatically opened when this page is created.</msg>
<status status="PASS" starttime="20250702 22:31:10.164" endtime="20250702 22:31:12.021"/>
</kw>
<status status="PASS" starttime="20250702 22:31:10.157" endtime="20250702 22:31:12.021"/>
</kw>
<kw name="Confirmar título da página" library="keywords">
<arg>${LOGIN_TITULO}</arg>
<kw name="Wait For Elements State" library="Browser">
<arg>xpath=//h1[text()='${esperado}']</arg>
<arg>visible</arg>
<arg>10</arg>
<tag>PageContent</tag>
<tag>Wait</tag>
<doc>Waits for the element found by ``selector`` to satisfy state option.</doc>
<msg timestamp="20250702 22:31:12.105" level="INFO">Waited for Element with selector xpath=//h1[text()='Login'] at state visible</msg>
<status status="PASS" starttime="20250702 22:31:12.021" endtime="20250702 22:31:12.105"/>
</kw>
<kw name="Get Text" library="Browser">
<var>${titulo}</var>
<arg>xpath=//h1[text()='${esperado}']</arg>
<tag>Assertion</tag>
<tag>Getter</tag>
<tag>PageContent</tag>
<doc>Returns text attribute of the element found by ``selector``.</doc>
<msg timestamp="20250702 22:31:12.128" level="INFO">Text: 'Login'</msg>
<msg timestamp="20250702 22:31:12.129" level="INFO">${titulo} = Login</msg>
<status status="PASS" starttime="20250702 22:31:12.107" endtime="20250702 22:31:12.129"/>
</kw>
<kw name="Should Be Equal" library="BuiltIn">
<arg>${titulo}</arg>
<arg>${esperado}</arg>
<doc>Fails if the given objects are unequal.</doc>
<status status="PASS" starttime="20250702 22:31:12.129" endtime="20250702 22:31:12.129"/>
</kw>
<status status="PASS" starttime="20250702 22:31:12.021" endtime="20250702 22:31:12.129"/>
</kw>
<kw name="Create Dictionary" library="BuiltIn">
<var>&amp;{user}</var>
<arg>email=${EMAIL_FIXO}</arg>
<arg>password=senha-incorreta</arg>
<doc>Creates and returns a dictionary based on the given ``items``.</doc>
<msg timestamp="20250702 22:31:12.130" level="INFO">&amp;{user} = { email=raphael@email.com | password=senha-incorreta }</msg>
<status status="PASS" starttime="20250702 22:31:12.130" endtime="20250702 22:31:12.130"/>
</kw>
<kw name="Realizar login" library="keywords">
<arg>${user}</arg>
<kw name="Fill Text" library="Browser">
<arg>css=#email</arg>
<arg>${user.email}</arg>
<tag>PageContent</tag>
<tag>Setter</tag>
<doc>Clears and fills the given ``txt`` into the text field found by ``selector``.</doc>
<msg timestamp="20250702 22:31:12.132" level="INFO">Fills the text 'raphael@email.com' in the given field.</msg>
<status status="PASS" starttime="20250702 22:31:12.131" endtime="20250702 22:31:12.143"/>
</kw>
<kw name="Fill Text" library="Browser">
<arg>css=#password</arg>
<arg>${user.password}</arg>
<tag>PageContent</tag>
<tag>Setter</tag>
<doc>Clears and fills the given ``txt`` into the text field found by ``selector``.</doc>
<msg timestamp="20250702 22:31:12.143" level="INFO">Fills the text 'senha-incorreta' in the given field.</msg>
<status status="PASS" starttime="20250702 22:31:12.143" endtime="20250702 22:31:12.162"/>
</kw>
<kw name="Click" library="Browser">
<arg>css=button[type="submit"]</arg>
<tag>PageContent</tag>
<tag>Setter</tag>
<doc>Simulates mouse click on the element found by ``selector``.</doc>
<msg timestamp="20250702 22:31:12.162" level="INFO">Clicks the element 'css=button[type="submit"]'.</msg>
<status status="PASS" starttime="20250702 22:31:12.162" endtime="20250702 22:31:16.429"/>
</kw>
<status status="PASS" starttime="20250702 22:31:12.131" endtime="20250702 22:31:16.429"/>
</kw>
<tag>login</tag>
<tag>negativo</tag>
<status status="PASS" starttime="20250702 22:31:10.157" endtime="20250702 22:31:16.429"/>
</test>
<kw name="Fechar Navegador" library="keywords" type="TEARDOWN">
<kw name="Close Browser" library="Browser">
<tag>BrowserControl</tag>
<tag>Setter</tag>
<doc>Closes the current browser.</doc>
<msg timestamp="20250702 22:31:17.555" level="INFO">Closed browser</msg>
<status status="PASS" starttime="20250702 22:31:16.525" endtime="20250702 22:31:17.555"/>
</kw>
<status status="PASS" starttime="20250702 22:31:16.524" endtime="20250702 22:31:17.555"/>
</kw>
<status status="PASS" starttime="20250702 22:31:09.837" endtime="20250702 22:31:17.555"/>
</suite>
<status status="PASS" starttime="20250702 22:31:04.224" endtime="20250702 22:31:17.555"/>
</suite>
<suite id="s1-s3" name="Login Test" source="C:\Users\rapha\OneDrive\Documentos\Challenge_final\Testes_automatizados\tests\login_test.robot">
<kw name="Iniciar Navegador" library="keywords" type="SETUP">
<kw name="New Browser" library="Browser">
<arg>headless=False</arg>
<tag>BrowserControl</tag>
<tag>Setter</tag>
<doc>Create a new playwright Browser with specified options.</doc>
<msg timestamp="20250702 22:31:17.578" level="INFO">{"browser": "chromium", "headless": false, "chromiumSandbox": false, "devtools": false, "handleSIGHUP": true, "handleSIGINT": true, "handleSIGTERM": true, "slowMo": 0.0, "timeout": 30000.0, "tracesDir": "C:\\Users\\rapha\\OneDrive\\Documentos\\Challenge_final\\Testes_automatizados\\logs\\browser\\traces\\temp\\b00b5e0b-f214-4af6-8f15-512811acd4fe"}</msg>
<msg timestamp="20250702 22:31:17.943" level="INFO">Successfully created browser with options: {"browser":"chromium","headless":false,"chromiumSandbox":false,"devtools":false,"handleSIGHUP":true,"handleSIGINT":true,"handleSIGTERM":true,"slowMo":0,"timeout":30000,"tracesDir":"C:\\Users\\rapha\\OneDrive\\Documentos\\Challenge_final\\Testes_automatizados\\logs\\browser\\traces\\temp\\b00b5e0b-f214-4af6-8f15-512811acd4fe"}</msg>
<status status="PASS" starttime="20250702 22:31:17.578" endtime="20250702 22:31:17.943"/>
</kw>
<status status="PASS" starttime="20250702 22:31:17.578" endtime="20250702 22:31:17.943"/>
</kw>
<test id="s1-s3-t1" name="Login com dados válidos deve redirecionar com sucesso" line="10">
<kw name="Abrir navegador em" library="keywords">
<arg>${BASE_URL}/login</arg>
<kw name="New Page" library="Browser">
<arg>${url}</arg>
<tag>BrowserControl</tag>
<tag>Setter</tag>
<doc>Open a new Page.</doc>
<msg timestamp="20250702 22:31:19.538" level="INFO">Successfully initialized new page object and opened url: http://localhost:3002/login</msg>
<msg timestamp="20250702 22:31:19.538" level="INFO">No context was open. New context was automatically opened when this page is created.</msg>
<status status="PASS" starttime="20250702 22:31:17.948" endtime="20250702 22:31:19.538"/>
</kw>
<status status="PASS" starttime="20250702 22:31:17.948" endtime="20250702 22:31:19.538"/>
</kw>
<kw name="Confirmar título da página" library="keywords">
<arg>${LOGIN_TITULO}</arg>
<kw name="Wait For Elements State" library="Browser">
<arg>xpath=//h1[text()='${esperado}']</arg>
<arg>visible</arg>
<arg>10</arg>
<tag>PageContent</tag>
<tag>Wait</tag>
<doc>Waits for the element found by ``selector`` to satisfy state option.</doc>
<msg timestamp="20250702 22:31:19.628" level="INFO">Waited for Element with selector xpath=//h1[text()='Login'] at state visible</msg>
<status status="PASS" starttime="20250702 22:31:19.538" endtime="20250702 22:31:19.628"/>
</kw>
<kw name="Get Text" library="Browser">
<var>${titulo}</var>
<arg>xpath=//h1[text()='${esperado}']</arg>
<tag>Assertion</tag>
<tag>Getter</tag>
<tag>PageContent</tag>
<doc>Returns text attribute of the element found by ``selector``.</doc>
<msg timestamp="20250702 22:31:19.651" level="INFO">Text: 'Login'</msg>
<msg timestamp="20250702 22:31:19.651" level="INFO">${titulo} = Login</msg>
<status status="PASS" starttime="20250702 22:31:19.628" endtime="20250702 22:31:19.651"/>
</kw>
<kw name="Should Be Equal" library="BuiltIn">
<arg>${titulo}</arg>
<arg>${esperado}</arg>
<doc>Fails if the given objects are unequal.</doc>
<status status="PASS" starttime="20250702 22:31:19.652" endtime="20250702 22:31:19.652"/>
</kw>
<status status="PASS" starttime="20250702 22:31:19.538" endtime="20250702 22:31:19.652"/>
</kw>
<kw name="Create Dictionary" library="BuiltIn">
<var>&amp;{user}</var>
<arg>email=${EMAIL_FIXO}</arg>
<arg>password=${SENHA_FIXA}</arg>
<doc>Creates and returns a dictionary based on the given ``items``.</doc>
<msg timestamp="20250702 22:31:19.653" level="INFO">&amp;{user} = { email=raphael@email.com | password=123456 }</msg>
<status status="PASS" starttime="20250702 22:31:19.653" endtime="20250702 22:31:19.653"/>
</kw>
<kw name="Realizar login" library="keywords">
<arg>${user}</arg>
<kw name="Fill Text" library="Browser">
<arg>css=#email</arg>
<arg>${user.email}</arg>
<tag>PageContent</tag>
<tag>Setter</tag>
<doc>Clears and fills the given ``txt`` into the text field found by ``selector``.</doc>
<msg timestamp="20250702 22:31:19.655" level="INFO">Fills the text 'raphael@email.com' in the given field.</msg>
<status status="PASS" starttime="20250702 22:31:19.654" endtime="20250702 22:31:19.655"/>
</kw>
<kw name="Fill Text" library="Browser">
<arg>css=#password</arg>
<arg>${user.password}</arg>
<tag>PageContent</tag>
<tag>Setter</tag>
<doc>Clears and fills the given ``txt`` into the text field found by ``selector``.</doc>
<msg timestamp="20250702 22:31:19.671" level="INFO">Fills the text '123456' in the given field.</msg>
<status status="PASS" starttime="20250702 22:31:19.655" endtime="20250702 22:31:19.677"/>
</kw>
<kw name="Click" library="Browser">
<arg>css=button[type="submit"]</arg>
<tag>PageContent</tag>
<tag>Setter</tag>
<doc>Simulates mouse click on the element found by ``selector``.</doc>
<msg timestamp="20250702 22:31:19.677" level="INFO">Clicks the element 'css=button[type="submit"]'.</msg>
<status status="PASS" starttime="20250702 22:31:19.677" endtime="20250702 22:31:21.309"/>
</kw>
<status status="PASS" starttime="20250702 22:31:19.654" endtime="20250702 22:31:21.309"/>
</kw>
<kw name="Wait For Elements State" library="Browser">
<arg>css=a[href="/movies"] &gt;&gt; text=Filmes em Cartaz</arg>
<arg>visible</arg>
<arg>10</arg>
<tag>PageContent</tag>
<tag>Wait</tag>
<doc>Waits for the element found by ``selector`` to satisfy state option.</doc>
<msg timestamp="20250702 22:31:21.309" level="INFO">Waited for Element with selector css=a[href="/movies"] &gt;&gt; text=Filmes em Cartaz at state visible</msg>
<status status="PASS" starttime="20250702 22:31:21.309" endtime="20250702 22:31:21.309"/>
</kw>
<kw name="Get Url" library="Browser">
<var>${url_atual}</var>
<tag>Assertion</tag>
<tag>Getter</tag>
<tag>PageContent</tag>
<doc>Returns the current URL.</doc>
<msg timestamp="20250702 22:31:21.323" level="INFO">${url_atual} = http://localhost:3002/login</msg>
<status status="PASS" starttime="20250702 22:31:21.320" endtime="20250702 22:31:21.323"/>
</kw>
<kw name="Should Contain" library="BuiltIn">
<arg>${url_atual}</arg>
<arg>/movies</arg>
<doc>Fails if ``container`` does not contain ``item`` one or more times.</doc>
<msg timestamp="20250702 22:31:21.325" level="FAIL">'http://localhost:3002/login' does not contain '/movies'</msg>
<status status="FAIL" starttime="20250702 22:31:21.324" endtime="20250702 22:31:21.325"/>
</kw>
<tag>login</tag>
<tag>positivo</tag>
<status status="FAIL" starttime="20250702 22:31:17.943" endtime="20250702 22:31:21.325">'http://localhost:3002/login' does not contain '/movies'</status>
</test>
<kw name="Fechar Navegador" library="keywords" type="TEARDOWN">
<kw name="Close Browser" library="Browser">
<tag>BrowserControl</tag>
<tag>Setter</tag>
<doc>Closes the current browser.</doc>
<msg timestamp="20250702 22:31:23.118" level="INFO">Closed browser</msg>
<status status="PASS" starttime="20250702 22:31:21.430" endtime="20250702 22:31:23.118"/>
</kw>
<status status="PASS" starttime="20250702 22:31:21.429" endtime="20250702 22:31:23.118"/>
</kw>
<status status="FAIL" starttime="20250702 22:31:17.555" endtime="20250702 22:31:23.118"/>
</suite>
<status status="FAIL" starttime="20250702 22:29:59.255" endtime="20250702 22:31:23.134"/>
</suite>
<statistics>
<total>
<stat pass="5" fail="1" skip="0">All Tests</stat>
</total>
<tag>
<stat pass="3" fail="0" skip="0">cadastro</stat>
<stat pass="2" fail="1" skip="0">login</stat>
<stat pass="3" fail="0" skip="0">negativo</stat>
<stat pass="2" fail="1" skip="0">positivo</stat>
</tag>
<suite>
<stat pass="5" fail="1" skip="0" id="s1" name="Tests">Tests</stat>
<stat pass="3" fail="0" skip="0" id="s1-s1" name="Cadastro">Tests.Cadastro</stat>
<stat pass="1" fail="0" skip="0" id="s1-s1-s1" name="Cadastro">Tests.Cadastro.Cadastro</stat>
<stat pass="2" fail="0" skip="0" id="s1-s1-s2" name="Testes Negativos">Tests.Cadastro.Testes Negativos</stat>
<stat pass="2" fail="0" skip="0" id="s1-s2" name="Login">Tests.Login</stat>
<stat pass="1" fail="0" skip="0" id="s1-s2-s1" name="Login">Tests.Login.Login</stat>
<stat pass="1" fail="0" skip="0" id="s1-s2-s2" name="Testes Negativos">Tests.Login.Testes Negativos</stat>
<stat pass="0" fail="1" skip="0" id="s1-s3" name="Login Test">Tests.Login Test</stat>
</suite>
</statistics>
<errors>
</errors>
</robot>
