<?xml version="1.0" encoding="UTF-8"?>
<robot generator="Robot 7.2.2 (Python 3.11.9 on win32)" generated="2025-05-27T12:17:39.367968" rpa="false" schemaversion="5">
<suite id="s1" name="Base" source="C:\Users\rapha\OneDrive\Documentos\compassuol\Documentos\Semana 5\Base robot\base.robot">
<test id="s1-t1" name="Cenario: Post Criar Produto 201" line="47">
<kw name="Criar Sessao">
<kw name="Create Session" owner="RequestsLibrary">
<msg time="2025-05-27T12:17:39.981368" level="INFO">Creating Session using : alias=serverest, url=https://serverest.dev, headers={},                     cookies={}, auth=None, timeout=None, proxies=None, verify=False,                     debug=0 </msg>
<arg>serverest</arg>
<arg>${BASE_URL}</arg>
<doc>Create Session: create a HTTP session to a server</doc>
<status status="PASS" start="2025-05-27T12:17:39.981368" elapsed="0.000000"/>
</kw>
<status status="PASS" start="2025-05-27T12:17:39.981368" elapsed="0.000000"/>
</kw>
<kw name="POST Endpoint /produtos" owner="produtos_keywords">
<kw name="Create Dictionary" owner="BuiltIn">
<msg time="2025-05-27T12:17:39.981368" level="INFO">&amp;{header} = { authorization=Bearer eyJhbGciOiJIUzI1NiIsInR5cCI6IkpXVCJ9.eyJlbWFpbCI6ImZ1bGFub0BxYS5jb20iLCJwYXNzd29yZCI6InRlc3RlIiwiaWF0IjoxNzQ4MzU4NzgwLCJleHAiOjE3NDgzNTkzODB9.-pJB2s7Stb0NL37dZLI_jsUDnF2nxUw5aR5...</msg>
<var>&amp;{header}</var>
<arg>authorization=Bearer ${token_auth}</arg>
<doc>Creates and returns a dictionary based on the given ``items``.</doc>
<status status="PASS" start="2025-05-27T12:17:39.981368" elapsed="0.000000"/>
</kw>
<kw name="Create Dictionary" owner="BuiltIn">
<msg time="2025-05-27T12:17:39.981368" level="INFO">&amp;{payload} = { nome=MouseTech | preco=400 | descricao=MouseTech | quantidade=100 }</msg>
<var>&amp;{payload}</var>
<arg>nome=MouseTech</arg>
<arg>preco=400</arg>
<arg>descricao=MouseTech</arg>
<arg>quantidade=100</arg>
<doc>Creates and returns a dictionary based on the given ``items``.</doc>
<status status="PASS" start="2025-05-27T12:17:39.981368" elapsed="0.000000"/>
</kw>
<kw name="POST On Session" owner="RequestsLibrary">
<msg time="2025-05-27T12:17:40.344072" level="INFO">POST Request : url=https://serverest.dev/produtos 
 path_url=/produtos 
 headers={'User-Agent': 'python-requests/2.32.3', 'Accept-Encoding': 'gzip, deflate', 'Accept': '*/*', 'Connection': 'keep-alive', 'authorization': 'Bearer eyJhbGciOiJIUzI1NiIsInR5cCI6IkpXVCJ9.eyJlbWFpbCI6ImZ1bGFub0BxYS5jb20iLCJwYXNzd29yZCI6InRlc3RlIiwiaWF0IjoxNzQ4MzU4NzgwLCJleHAiOjE3NDgzNTkzODB9.-pJB2s7Stb0NL37dZLI_jsUDnF2nxUw5aR5qEVPfqQw', 'Content-Length': '84', 'Content-Type': 'application/json'} 
 body=b'{"nome": "MouseTech", "preco": "400", "descricao": "MouseTech", "quantidade": "100"}' 
 </msg>
<msg time="2025-05-27T12:17:40.344072" level="INFO">POST Response : url=https://serverest.dev/produtos 
 status=201, reason=Created 
 headers={'access-control-allow-origin': '*', 'x-dns-prefetch-control': 'off', 'x-frame-options': 'SAMEORIGIN', 'strict-transport-security': 'max-age=15552000; includeSubDomains', 'x-download-options': 'noopen', 'x-content-type-options': 'nosniff', 'x-xss-protection': '1; mode=block', 'content-type': 'application/json; charset=utf-8', 'x-cloud-trace-context': 'fcc3e3b9f8d087bc40de8d2716d751ba;o=1', 'date': 'Tue, 27 May 2025 15:17:40 GMT', 'server': 'Google Frontend', 'Content-Length': '82'} 
 body={
    "message": "Cadastro realizado com sucesso",
    "_id": "5jBiDEzVJqPB7v4w"
} 
 </msg>
<msg time="2025-05-27T12:17:40.344072" level="INFO">C:\Users\rapha\AppData\Local\Packages\PythonSoftwareFoundation.Python.3.11_qbz5n2kfra8p0\LocalCache\local-packages\Python311\site-packages\urllib3\connectionpool.py:1099: InsecureRequestWarning: Unverified HTTPS request is being made to host 'serverest.dev'. Adding certificate verification is strongly advised. See: https://urllib3.readthedocs.io/en/latest/advanced-usage.html#tls-warnings
  warnings.warn(</msg>
<msg time="2025-05-27T12:17:40.344072" level="INFO">${response} = &lt;Response [201]&gt;</msg>
<var>${response}</var>
<arg>serverest</arg>
<arg>/produtos</arg>
<arg>json=&amp;{payload}</arg>
<arg>headers=${header}</arg>
<doc>Sends a POST request on a previously created HTTP Session.</doc>
<status status="PASS" start="2025-05-27T12:17:39.981368" elapsed="0.362704"/>
</kw>
<kw name="Log To Console" owner="BuiltIn">
<arg>Response: ${response.content}</arg>
<doc>Logs the given message to the console.</doc>
<status status="PASS" start="2025-05-27T12:17:40.344072" elapsed="0.010668"/>
</kw>
<kw name="Set Global Variable" owner="BuiltIn">
<msg time="2025-05-27T12:17:40.354740" level="INFO">${response} = &lt;Response [201]&gt;</msg>
<arg>${response}</arg>
<doc>Makes a variable available globally in all tests and suites.</doc>
<status status="PASS" start="2025-05-27T12:17:40.354740" elapsed="0.000000"/>
</kw>
<status status="PASS" start="2025-05-27T12:17:39.981368" elapsed="0.373372"/>
</kw>
<kw name="Validar Status Code" owner="usuario_keywords">
<kw name="Should Be True" owner="BuiltIn">
<arg>${response.status_code} == ${statuscode}</arg>
<doc>Fails if the given condition is not true.</doc>
<status status="PASS" start="2025-05-27T12:17:40.354740" elapsed="0.000000"/>
</kw>
<arg>201</arg>
<status status="PASS" start="2025-05-27T12:17:40.354740" elapsed="0.000000"/>
</kw>
<tag>POSTPRODUTO</tag>
<status status="PASS" start="2025-05-27T12:17:39.981368" elapsed="0.373372"/>
</test>
<doc>Arquivo simples para requisições HTTP em APIs</doc>
<status status="PASS" start="2025-05-27T12:17:39.381838" elapsed="0.972902"/>
</suite>
<statistics>
<total>
<stat pass="1" fail="0" skip="0">All Tests</stat>
</total>
<tag>
<stat pass="1" fail="0" skip="0">POSTPRODUTO</stat>
</tag>
<suite>
<stat name="Base" id="s1" pass="1" fail="0" skip="0">Base</stat>
</suite>
</statistics>
<errors>
</errors>
</robot>
