<?xml version="1.0" encoding="UTF-8"?>
<robot generator="Robot 7.2.2 (Python 3.11.9 on win32)" generated="2025-06-05T17:06:52.419468" rpa="false" schemaversion="5">
<suite id="s1" name="Tests" source="C:\Users\rapha\OneDrive\Documentos\compassuol\Documentos\Sprint 6\Semana 11\Robot_serverest\tests\tests.robot">
<test id="s1-t1" name="Cenario: POST Cadastrar usuarios 201" line="18">
<kw name="Criar Sessao" owner="common" type="SETUP">
<kw name="Log To Console" owner="BuiltIn">
<arg>Criando sessão com a API Serverest</arg>
<doc>Logs the given message to the console.</doc>
<status status="PASS" start="2025-06-05T17:06:53.442001" elapsed="0.000289"/>
</kw>
<kw name="Create Session" owner="RequestsLibrary">
<msg time="2025-06-05T17:06:53.442290" level="INFO">Creating Session using : alias=Serverest, url=https://serverest.dev, headers={},                     cookies={}, auth=None, timeout=None, proxies=None, verify=False,                     debug=0 </msg>
<arg>Serverest</arg>
<arg>${BASE_URL}</arg>
<doc>Create Session: create a HTTP session to a server</doc>
<status status="PASS" start="2025-06-05T17:06:53.442290" elapsed="0.000000"/>
</kw>
<status status="PASS" start="2025-06-05T17:06:53.440545" elapsed="0.001745"/>
</kw>
<kw name="Cadastrar Dados Usuario Valido" owner="dynamics">
<kw name="Name" owner="FakerLibrary">
<msg time="2025-06-05T17:06:53.443419" level="INFO">${nome} = Amber Salas</msg>
<var>${nome}</var>
<doc>:example: 'John Doe'</doc>
<status status="PASS" start="2025-06-05T17:06:53.443419" elapsed="0.000000"/>
</kw>
<kw name="Email" owner="FakerLibrary">
<msg time="2025-06-05T17:06:53.443419" level="INFO">${email} = lhammond@example.net</msg>
<var>${email}</var>
<status status="PASS" start="2025-06-05T17:06:53.443419" elapsed="0.001002"/>
</kw>
<kw name="Create Dictionary" owner="BuiltIn">
<msg time="2025-06-05T17:06:53.444421" level="INFO">&amp;{payload} = { nome=Amber Salas | email=lhammond@example.net | password=senha123 | administrador=true }</msg>
<var>&amp;{payload}</var>
<arg>nome=${nome}</arg>
<arg>email=${email}</arg>
<arg>password=senha123</arg>
<arg>administrador=true</arg>
<doc>Creates and returns a dictionary based on the given ``items``.</doc>
<status status="PASS" start="2025-06-05T17:06:53.444421" elapsed="0.000000"/>
</kw>
<kw name="Log To Console" owner="BuiltIn">
<arg>${payload}</arg>
<doc>Logs the given message to the console.</doc>
<status status="PASS" start="2025-06-05T17:06:53.444421" elapsed="0.000758"/>
</kw>
<kw name="Set Global Variable" owner="BuiltIn">
<msg time="2025-06-05T17:06:53.445179" level="INFO">&amp;{payload} = { nome=Amber Salas | email=lhammond@example.net | password=senha123 | administrador=true }</msg>
<arg>&amp;{payload}</arg>
<doc>Makes a variable available globally in all tests and suites.</doc>
<status status="PASS" start="2025-06-05T17:06:53.445179" elapsed="0.000000"/>
</kw>
<kw name="Set Global Variable" owner="BuiltIn">
<msg time="2025-06-05T17:06:53.446182" level="INFO">${email_atual} = lhammond@example.net</msg>
<arg>${email_atual}</arg>
<arg>${email}</arg>
<doc>Makes a variable available globally in all tests and suites.</doc>
<status status="PASS" start="2025-06-05T17:06:53.445179" elapsed="0.001003"/>
</kw>
<kw name="Set Global Variable" owner="BuiltIn">
<msg time="2025-06-05T17:06:53.446182" level="INFO">${senha_atual} = senha123</msg>
<arg>${senha_atual}</arg>
<arg>senha123</arg>
<doc>Makes a variable available globally in all tests and suites.</doc>
<status status="PASS" start="2025-06-05T17:06:53.446182" elapsed="0.000000"/>
</kw>
<return>
<value>&amp;{payload}</value>
<status status="PASS" start="2025-06-05T17:06:53.446182" elapsed="0.000000"/>
</return>
<status status="PASS" start="2025-06-05T17:06:53.443419" elapsed="0.003774"/>
</kw>
<kw name="POST Endpoint /usuarios" owner="usuario_keywords">
<kw name="POST On Session" owner="RequestsLibrary">
<msg time="2025-06-05T17:06:53.852734" level="INFO">POST Request : url=https://serverest.dev/usuarios 
 path_url=/usuarios 
 headers={'User-Agent': 'python-requests/2.32.3', 'Accept-Encoding': 'gzip, deflate', 'Accept': '*/*', 'Connection': 'keep-alive', 'Content-Length': '105', 'Content-Type': 'application/json'} 
 body=b'{"nome": "Amber Salas", "email": "lhammond@example.net", "password": "senha123", "administrador": "true"}' 
 </msg>
<msg time="2025-06-05T17:06:53.852734" level="INFO">POST Response : url=https://serverest.dev/usuarios 
 status=201, reason=Created 
 headers={'access-control-allow-origin': '*', 'x-dns-prefetch-control': 'off', 'x-frame-options': 'SAMEORIGIN', 'strict-transport-security': 'max-age=15552000; includeSubDomains', 'x-download-options': 'noopen', 'x-content-type-options': 'nosniff', 'x-xss-protection': '1; mode=block', 'content-type': 'application/json; charset=utf-8', 'x-cloud-trace-context': 'd1be878f0adcbace0acfc2a625e814ef;o=1', 'date': 'Thu, 05 Jun 2025 20:06:54 GMT', 'server': 'Google Frontend', 'Content-Length': '82'} 
 body={
    "message": "Cadastro realizado com sucesso",
    "_id": "riRNlpVYiwwaa0Kr"
} 
 </msg>
<msg time="2025-06-05T17:06:53.852734" level="INFO">C:\Users\rapha\AppData\Local\Packages\PythonSoftwareFoundation.Python.3.11_qbz5n2kfra8p0\LocalCache\local-packages\Python311\site-packages\urllib3\connectionpool.py:1099: InsecureRequestWarning: Unverified HTTPS request is being made to host 'serverest.dev'. Adding certificate verification is strongly advised. See: https://urllib3.readthedocs.io/en/latest/advanced-usage.html#tls-warnings
  warnings.warn(</msg>
<msg time="2025-06-05T17:06:53.853764" level="INFO">${response} = &lt;Response [201]&gt;</msg>
<var>${response}</var>
<arg>Serverest</arg>
<arg>${ENDPOINT_USUARIOS}</arg>
<arg>json=&amp;{payload}</arg>
<doc>Sends a POST request on a previously created HTTP Session.</doc>
<status status="PASS" start="2025-06-05T17:06:53.447193" elapsed="0.406571"/>
</kw>
<kw name="Log To Console" owner="BuiltIn">
<arg>Response: ${response.content}</arg>
<doc>Logs the given message to the console.</doc>
<status status="PASS" start="2025-06-05T17:06:53.853764" elapsed="0.002135"/>
</kw>
<kw name="Set Global Variable" owner="BuiltIn">
<msg time="2025-06-05T17:06:53.855899" level="INFO">${response} = &lt;Response [201]&gt;</msg>
<arg>${response}</arg>
<doc>Makes a variable available globally in all tests and suites.</doc>
<status status="PASS" start="2025-06-05T17:06:53.855899" elapsed="0.001106"/>
</kw>
<kw name="Set Variable" owner="BuiltIn">
<msg time="2025-06-05T17:06:53.858022" level="INFO">${id_usuario} = riRNlpVYiwwaa0Kr</msg>
<var>${id_usuario}</var>
<arg>${response.json()["_id"]}</arg>
<doc>Returns the given values which can then be assigned to a variables.</doc>
<status status="PASS" start="2025-06-05T17:06:53.857005" elapsed="0.001017"/>
</kw>
<kw name="Set Global Variable" owner="BuiltIn">
<msg time="2025-06-05T17:06:53.858022" level="INFO">${ID_USUARIO_ATUAL} = riRNlpVYiwwaa0Kr</msg>
<arg>${ID_USUARIO_ATUAL}</arg>
<arg>${id_usuario}</arg>
<doc>Makes a variable available globally in all tests and suites.</doc>
<status status="PASS" start="2025-06-05T17:06:53.858022" elapsed="0.000000"/>
</kw>
<kw name="Log To Console" owner="BuiltIn">
<arg>ID do usuário atual: ${ID_USUARIO_ATUAL}</arg>
<doc>Logs the given message to the console.</doc>
<status status="PASS" start="2025-06-05T17:06:53.859620" elapsed="0.000000"/>
</kw>
<status status="PASS" start="2025-06-05T17:06:53.447193" elapsed="0.412427"/>
</kw>
<kw name="Validar Status Code" owner="common">
<kw name="Should Be True" owner="BuiltIn">
<arg>${response.status_code} == ${statuscode}</arg>
<doc>Fails if the given condition is not true.</doc>
<status status="PASS" start="2025-06-05T17:06:53.860689" elapsed="0.000998"/>
</kw>
<arg>201</arg>
<status status="PASS" start="2025-06-05T17:06:53.860689" elapsed="0.000998"/>
</kw>
<kw name="Validar Mensagem Contem" owner="common">
<kw name="Should Contain" owner="BuiltIn">
<arg>${response.json()["message"]}</arg>
<arg>${palavra}</arg>
<doc>Fails if ``container`` does not contain ``item`` one or more times.</doc>
<status status="PASS" start="2025-06-05T17:06:53.861687" elapsed="0.001341"/>
</kw>
<arg>sucesso</arg>
<status status="PASS" start="2025-06-05T17:06:53.861687" elapsed="0.001341"/>
</kw>
<tag>cadastrar_usuarios</tag>
<tag>todos</tag>
<status status="PASS" start="2025-06-05T17:06:53.439488" elapsed="0.423540"/>
</test>
<test id="s1-t2" name="Cenario: GET Listar usuarios cadastrados 200" line="25">
<kw name="Criar Sessao" owner="common" type="SETUP">
<kw name="Log To Console" owner="BuiltIn">
<arg>Criando sessão com a API Serverest</arg>
<doc>Logs the given message to the console.</doc>
<status status="PASS" start="2025-06-05T17:06:53.864248" elapsed="0.001009"/>
</kw>
<kw name="Create Session" owner="RequestsLibrary">
<msg time="2025-06-05T17:06:53.865257" level="INFO">Creating Session using : alias=Serverest, url=https://serverest.dev, headers={},                     cookies={}, auth=None, timeout=None, proxies=None, verify=False,                     debug=0 </msg>
<arg>Serverest</arg>
<arg>${BASE_URL}</arg>
<doc>Create Session: create a HTTP session to a server</doc>
<status status="PASS" start="2025-06-05T17:06:53.865257" elapsed="0.000000"/>
</kw>
<status status="PASS" start="2025-06-05T17:06:53.864248" elapsed="0.001009"/>
</kw>
<kw name="GET Endpoint /usuarios" owner="usuario_keywords">
<kw name="GET On Session" owner="RequestsLibrary">
<msg time="2025-06-05T17:06:54.585312" level="INFO">GET Request : url=https://serverest.dev/usuarios 
 path_url=/usuarios 
 headers={'User-Agent': 'python-requests/2.32.3', 'Accept-Encoding': 'gzip, deflate', 'Accept': '*/*', 'Connection': 'keep-alive'} 
 body=None 
 </msg>
<msg time="2025-06-05T17:06:54.586557" level="INFO">GET Response : url=https://serverest.dev/usuarios 
 status=200, reason=OK 
 headers={'access-control-allow-origin': '*', 'x-dns-prefetch-control': 'off', 'x-frame-options': 'SAMEORIGIN', 'strict-transport-security': 'max-age=15552000; includeSubDomains', 'x-download-options': 'noopen', 'x-content-type-options': 'nosniff', 'x-xss-protection': '1; mode=block', 'content-type': 'application/json; charset=utf-8', 'x-cloud-trace-context': '89af85c02a9e4717f566a0e8da165552', 'date': 'Thu, 05 Jun 2025 20:06:54 GMT', 'server': 'Google Frontend', 'Content-Length': '143096'} 
 body={
    "quantidade": 658,
    "usuarios": [
        {
            "nome": "Fulano da Silva",
            "email": "jpzt@emailteste.com",
            "password": "teste",
            "administrador": "true",
            "_id": "05TnB8pUN3mwDgwd"
        },
        {
            "nome": "Fulano da Silva",
            "email": "xjau@emailteste.com",
            "password": "teste",
            "administrador": "true",
            "_id": "0Kzq4bCVF66ufr4p"
        },
        {
            "nome": "Michael Chen",
            "email": "deckertyler@example.com",
            "password": "JS16FS8b$k",
            "administrador": "true",
            "_id": "0YN4Wc2fdqgVlrPk"
        },
        {
            "nome": "Usuário Teste",
            "email": "usuario1749149280846@teste.com",
            "password": "senha123",
            "administrador": "true",
            "_id": "0sGfo2OsQvRinSdR"
        },
        {
            "nome": "Fulano da Silva",
            "email": "fulano@qa.com",
            "password": "teste",
            "administrador": "true",
            "_id": "0uxuPY0cbmQhpEz1"
        },
        {
            "nome": "Felipe Almeida",
            "email": "usuario_1749149100386@empresa.com",
            "password": "123",
            "administrador": "false",
            "_id": "0xLPCBN54wS1v330"
        },
        {
            "nome": "Janice Will",
            "email": "Clementine75@gmail.com",
            "password": "gSkosRsXZSNuCZV",
            "administrador": "true",
            "_id": "15W3Ml0dF8slIYxu"
        },
        {
            "nome": "Usuario Teste",
            "email": "conniebrooks@example.org",
            "password": "teste",
            "administrador": "true",
            "_id": "17GsbrkmxPncRtRx"
        },
        {
            "nome": "Fulano da Silva",
            "email": "email=tznh@emailteste.com",
            "password": "teste",
            "administrador": "true",
            "_id": "17kZqCWqMC0v4q2A"
        },
        {
            "nome": "Ashley Olson",
            "email": "kyle25@example.net",
            "password": "senha123",
            "administrador": "true",
            "_id": "1RTEjTwA6rDYUAyW"
        },
        {
            "nome": "Vitor Test",
            "email": "baileywilliam@example.org",
            "password": "teste",
            "administrador": "true",
            "_id": "1Utto3r2VooxLy1l"
        },
        {
            "nome": "Juliana Costa",
            "email": "usuario_1749149998360@empresa.com",
            "password": "senha12345678",
            "administrador": "true",
            "_id": "1VfA29yJC7SppGGo"
        },
        {
            "nome": "Fulano da Silva",
            "email": "avbh@emailteste.com",
            "password": "teste",
            "administrador": "true",
            "_id": "1ZjVrGmM1YodVtAd"
        },
        {
            "nome": "Georgia Schamberger",
            "email": "Letitia.Doyle32@hotmail.com",
            "password": "cegevutulo",
            "administrador": "true",
            "_id": "22I37P6ZWwPqrunr"
        },
        {
            "nome": "Carla Cristina",
            "email": "carla01@gmail.com",
            "password": "123321",
            "administrador": "true",
            "_id": "2JpzYJlOAoJQRS2M"
        },
        {
            "nome": "Usuario_1749132858334",
            "email": "usuario_1749132858334@empresa.com",
            "password": "password é obrigatório",
            "administrador": "false",
            "_id": "2Mvah2215RV2jWxe"
        },
        {
            "nome": "Victoria Cooper",
            "email": "john@gmail.com",
            "password": "senha123",
            "administrador": "true",
            "_id": "2NZK3B9om3VZqWOd"
        },
        {
            "nome": "Carla Cristina",
            "email": "carla2@gmail.com",
            "password": "123321",
            "administrador": "true",
            "_id": "2OoWPxACMM41SuHl"
        },
        {
            "nome": "Jean Smith",
            "email": "Berry_Strosin@hotmail.com",
            "password": "wajuhimaqi",
            "administrador": "true",
            "_id": "2gzObsB3eem0Q3ZG"
        },
        {
            "nome": "Fulano da Silva",
            "email": "ivjq@emailteste.com",
            "password": "teste",
            "administrador": "true",
            "_id": "2ioWMlpwnDqDtHZm"
        },
        {
            "nome": "Usuário Inválido",
            "email": "teste@gmail.com",
            "password": "abc123",
            "administrador": "false",
            "_id": "2nAd50T1fKGHKgrd"
        },
        {
            "nome": "Miss Elisa Veum",
            "email": "Immanuel_Murray65@gmail.com",
            "password": "vI4oeZtOuHH5HV1",
            "administrador": "true",
            "_id": "2qrvf9af8R1HdlG9"
        },
        {
            "nome": "Kenneth Hernandez",
            "email": "brian84@example.org",
            "password": "senha123",
            "administrador": "true",
            "_id": "2sRC28DuhpOvKZaT"
        },
        {
            "nome": "Denise Wuckert",
            "email": "Nathaniel_Jaskolski@gmail.com",
            "password": "hobososeko",
            "administrador": "true",
            "_id": "2wFGbHKiWsiJ7teE"
        },
        {
            "nome": "Melissa Owens",
            "email": "cochranchristopher@example.org",
            "password": "senha123",
            "administrador": "true",
            "_id": "33nASXtdNfqZPCrA"
        },
        {
            "nome": "Casey Sullivan",
            "email": "hurstjanet@example.com",
            "password": "senha123",
            "administrador": "true",
            "_id": "35vJ2YkaEgI8Bykd"
        },
        {
            "nome": "Vitor Test",
            "email": "dcooper@example.org",
            "password": "teste",
            "administrador": "true",
            "_id": "371w3Va5WxQvn5y3"
        },
        {
            "nome": "Sue Smith",
            "email": "Davonte3@gmail.com",
            "password": "mevanozase",
            "administrador": "true",
            "_id": "39t1tmdx5Sz5zlpu"
        },
        {
            "nome": "Usuário Senha Curta",
            "email": "senha@empresa.com.br",
            "password": "123",
            "administrador": "false",
            "_id": "3BU75lgP3NHeC13S"
        },
        {
            "nome": "Login Incorreto",
            "email": "valido1749133481493@teste.com",
            "password": "teste123",
            "administrador": "true",
            "_id": "3EAydTw6wTSnvVko"
        },
        {
            "nome": "Rhonda Lawson",
            "email": "terriguzman@example.net",
            "password": "senha123",
            "administrador": "true",
            "_id": "3GMygHWkc3JbSJ0Z"
        },
        {
            "nome": "Carlos Buscador",
            "email": "carlos1749140941971@teste.com",
            "password": "123456",
            "administrador": "true",
            "_id": "3QslCgPu9jGLqOvq"
        },
        {
            "nome": "Ms. Leah Kuvalis",
            "email": "Matilde_Rippin-Fahey98@hotmail.com",
            "password": "riyepefepa",
            "administrador": "true",
            "_id": "3VA7FUlrIYLWd1sm"
        },
        {
            "nome": "Usuario_1749133045327",
            "email": "carlossss@empresa.com",
            "password": "password é obrigatório",
            "administrador": "false",
            "_id": "3gDm69GzHfXBrny6"
        },
        {
            "nome": "Mark Anderson",
            "email": "autumn29@example.org",
            "password": "senha123",
            "administrador": "true",
            "_id": "3rwyRwevRKxUOKP9"
        },
        {
            "nome": "marina souza",
            "email": "usuario_1749129324338@empresa.com",
            "password": "senha123456",
            "administrador": "false",
            "_id": "4IGdhCPBqNmYQxnS"
        },
        {
            "nome": "Allen Mcdonald",
            "email": "staceyrobinson@example.com",
            "password": "senha123",
            "administrador": "true",
            "_id": "4IfCY2a7rCCZIJzi"
        },
        {
            "nome": "Beatrice Goldner",
            "email": "Major.Lindgren70@hotmail.com",
            "password": "jaqemepelu",
            "administrador": "true",
            "_id": "4Jey5dDiqzZvVWpC"
        },
        {
            "nome": "Fulano da Silva",
            "email": "brenda38@example.org",
            "password": "senha123",
            "administrador": "true",
            "_id": "4Jz8RqZRDdG432gv"
        },
        {
            "nome": "Fulano da Silva",
            "email": "gfxr@emailteste.com",
            "password": "teste",
            "administrador": "true",
            "_id": "4W2B2ghax1oWdPM3"
        },
        {
            "nome": "Fulano da Silva",
            "email": "lqlz@emailteste.com",
            "password": "teste",
            "administrador": "true",
            "_id": "4eoZc9M2zqtfezGi"
        },
        {
            "nome": "Luiza luz",
            "email": "Luiza142@gmail.com",
            "password": "123321",
            "administrador": "false",
            "_id": "4fJ3LkC9IUwFOVn5"
        },
        {
            "nome": "Dalton Swanson",
            "email": "fcurry@example.net",
            "password": "senha123",
            "administrador": "true",
            "_id": "4iRiBSqWqgZCNWHl"
        },
        {
            "nome": "Mrs. Emma Romaguera",
            "email": "Braxton65@gmail.com",
            "password": "yudeqafaga",
            "administrador": "true",
            "_id": "4q35H2kGAxGmgdD6"
        },
        {
            "nome": "Kristin Williams",
            "email": "ujackson@example.com",
            "password": "senha123",
            "administrador": "true",
            "_id": "5Dr8u9IflDM8gRb0"
        },
        {
            "nome": "Luiz luz",
            "email": "Luiza212@gmail.com",
            "password": "123321"... (set the log level to DEBUG or TRACE to see the full content) 
 </msg>
<msg time="2025-06-05T17:06:54.587555" level="INFO">C:\Users\rapha\AppData\Local\Packages\PythonSoftwareFoundation.Python.3.11_qbz5n2kfra8p0\LocalCache\local-packages\Python311\site-packages\urllib3\connectionpool.py:1099: InsecureRequestWarning: Unverified HTTPS request is being made to host 'serverest.dev'. Adding certificate verification is strongly advised. See: https://urllib3.readthedocs.io/en/latest/advanced-usage.html#tls-warnings
  warnings.warn(</msg>
<msg time="2025-06-05T17:06:54.587555" level="INFO">${response} = &lt;Response [200]&gt;</msg>
<var>${response}</var>
<arg>Serverest</arg>
<arg>${ENDPOINT_USUARIOS}</arg>
<doc>Sends a GET request on a previously created HTTP Session.</doc>
<status status="PASS" start="2025-06-05T17:06:53.865257" elapsed="0.722298"/>
</kw>
<kw name="Set Global Variable" owner="BuiltIn">
<msg time="2025-06-05T17:06:54.589026" level="INFO">${response} = &lt;Response [200]&gt;</msg>
<arg>${response}</arg>
<doc>Makes a variable available globally in all tests and suites.</doc>
<status status="PASS" start="2025-06-05T17:06:54.587555" elapsed="0.001471"/>
</kw>
<kw name="Log To Console" owner="BuiltIn">
<arg>Response body: ${response.content}</arg>
<doc>Logs the given message to the console.</doc>
<status status="PASS" start="2025-06-05T17:06:54.589026" elapsed="0.080900"/>
</kw>
<status status="PASS" start="2025-06-05T17:06:53.865257" elapsed="0.804669"/>
</kw>
<kw name="Validar Status Code" owner="common">
<kw name="Should Be True" owner="BuiltIn">
<arg>${response.status_code} == ${statuscode}</arg>
<doc>Fails if the given condition is not true.</doc>
<status status="PASS" start="2025-06-05T17:06:54.671945" elapsed="0.001525"/>
</kw>
<arg>200</arg>
<status status="PASS" start="2025-06-05T17:06:54.671011" elapsed="0.002459"/>
</kw>
<kw name="Printar conteudo da response" owner="common">
<kw name="Log To Console" owner="BuiltIn">
<arg>Response: ${response.json()["usuarios"][0]["nome"]}</arg>
<doc>Logs the given message to the console.</doc>
<status status="PASS" start="2025-06-05T17:06:54.673470" elapsed="0.003068"/>
</kw>
<status status="PASS" start="2025-06-05T17:06:54.673470" elapsed="0.003068"/>
</kw>
<tag>listar_usuarios</tag>
<tag>todos</tag>
<status status="PASS" start="2025-06-05T17:06:53.863028" elapsed="0.813510"/>
</test>
<test id="s1-t3" name="Cenario: GET Buscar usuario por id 200" line="31">
<kw name="Criar Sessao" owner="common" type="SETUP">
<kw name="Log To Console" owner="BuiltIn">
<arg>Criando sessão com a API Serverest</arg>
<doc>Logs the given message to the console.</doc>
<status status="PASS" start="2025-06-05T17:06:54.678547" elapsed="0.000000"/>
</kw>
<kw name="Create Session" owner="RequestsLibrary">
<msg time="2025-06-05T17:06:54.678547" level="INFO">Creating Session using : alias=Serverest, url=https://serverest.dev, headers={},                     cookies={}, auth=None, timeout=None, proxies=None, verify=False,                     debug=0 </msg>
<arg>Serverest</arg>
<arg>${BASE_URL}</arg>
<doc>Create Session: create a HTTP session to a server</doc>
<status status="PASS" start="2025-06-05T17:06:54.678547" elapsed="0.000000"/>
</kw>
<status status="PASS" start="2025-06-05T17:06:54.677542" elapsed="0.001005"/>
</kw>
<kw name="Criar Usuario e Logar" owner="common">
<kw name="Cadastrar Dados Usuario Valido" owner="dynamics">
<kw name="Name" owner="FakerLibrary">
<msg time="2025-06-05T17:06:54.679761" level="INFO">${nome} = Victoria Durham</msg>
<var>${nome}</var>
<doc>:example: 'John Doe'</doc>
<status status="PASS" start="2025-06-05T17:06:54.679761" elapsed="0.000000"/>
</kw>
<kw name="Email" owner="FakerLibrary">
<msg time="2025-06-05T17:06:54.679761" level="INFO">${email} = jacquelinecompton@example.org</msg>
<var>${email}</var>
<status status="PASS" start="2025-06-05T17:06:54.679761" elapsed="0.000000"/>
</kw>
<kw name="Create Dictionary" owner="BuiltIn">
<msg time="2025-06-05T17:06:54.680773" level="INFO">&amp;{payload} = { nome=Victoria Durham | email=jacquelinecompton@example.org | password=senha123 | administrador=true }</msg>
<var>&amp;{payload}</var>
<arg>nome=${nome}</arg>
<arg>email=${email}</arg>
<arg>password=senha123</arg>
<arg>administrador=true</arg>
<doc>Creates and returns a dictionary based on the given ``items``.</doc>
<status status="PASS" start="2025-06-05T17:06:54.680773" elapsed="0.000000"/>
</kw>
<kw name="Log To Console" owner="BuiltIn">
<arg>${payload}</arg>
<doc>Logs the given message to the console.</doc>
<status status="PASS" start="2025-06-05T17:06:54.680773" elapsed="0.000636"/>
</kw>
<kw name="Set Global Variable" owner="BuiltIn">
<msg time="2025-06-05T17:06:54.681409" level="INFO">&amp;{payload} = { nome=Victoria Durham | email=jacquelinecompton@example.org | password=senha123 | administrador=true }</msg>
<arg>&amp;{payload}</arg>
<doc>Makes a variable available globally in all tests and suites.</doc>
<status status="PASS" start="2025-06-05T17:06:54.681409" elapsed="0.000000"/>
</kw>
<kw name="Set Global Variable" owner="BuiltIn">
<msg time="2025-06-05T17:06:54.681915" level="INFO">${email_atual} = jacquelinecompton@example.org</msg>
<arg>${email_atual}</arg>
<arg>${email}</arg>
<doc>Makes a variable available globally in all tests and suites.</doc>
<status status="PASS" start="2025-06-05T17:06:54.681409" elapsed="0.000506"/>
</kw>
<kw name="Set Global Variable" owner="BuiltIn">
<msg time="2025-06-05T17:06:54.681915" level="INFO">${senha_atual} = senha123</msg>
<arg>${senha_atual}</arg>
<arg>senha123</arg>
<doc>Makes a variable available globally in all tests and suites.</doc>
<status status="PASS" start="2025-06-05T17:06:54.681915" elapsed="0.000000"/>
</kw>
<return>
<value>&amp;{payload}</value>
<status status="PASS" start="2025-06-05T17:06:54.681915" elapsed="0.000000"/>
</return>
<status status="PASS" start="2025-06-05T17:06:54.679761" elapsed="0.002154"/>
</kw>
<kw name="POST Endpoint /usuarios" owner="usuario_keywords">
<kw name="POST On Session" owner="RequestsLibrary">
<msg time="2025-06-05T17:06:55.040877" level="INFO">POST Request : url=https://serverest.dev/usuarios 
 path_url=/usuarios 
 headers={'User-Agent': 'python-requests/2.32.3', 'Accept-Encoding': 'gzip, deflate', 'Accept': '*/*', 'Connection': 'keep-alive', 'Content-Length': '118', 'Content-Type': 'application/json'} 
 body=b'{"nome": "Victoria Durham", "email": "jacquelinecompton@example.org", "password": "senha123", "administrador": "true"}' 
 </msg>
<msg time="2025-06-05T17:06:55.040877" level="INFO">POST Response : url=https://serverest.dev/usuarios 
 status=201, reason=Created 
 headers={'access-control-allow-origin': '*', 'x-dns-prefetch-control': 'off', 'x-frame-options': 'SAMEORIGIN', 'strict-transport-security': 'max-age=15552000; includeSubDomains', 'x-download-options': 'noopen', 'x-content-type-options': 'nosniff', 'x-xss-protection': '1; mode=block', 'content-type': 'application/json; charset=utf-8', 'x-cloud-trace-context': 'e5cb5a8c36e4df7675be64e09b61d59e', 'date': 'Thu, 05 Jun 2025 20:06:55 GMT', 'server': 'Google Frontend', 'Content-Length': '82'} 
 body={
    "message": "Cadastro realizado com sucesso",
    "_id": "hCdAWCDjfThysngW"
} 
 </msg>
<msg time="2025-06-05T17:06:55.040877" level="INFO">C:\Users\rapha\AppData\Local\Packages\PythonSoftwareFoundation.Python.3.11_qbz5n2kfra8p0\LocalCache\local-packages\Python311\site-packages\urllib3\connectionpool.py:1099: InsecureRequestWarning: Unverified HTTPS request is being made to host 'serverest.dev'. Adding certificate verification is strongly advised. See: https://urllib3.readthedocs.io/en/latest/advanced-usage.html#tls-warnings
  warnings.warn(</msg>
<msg time="2025-06-05T17:06:55.041875" level="INFO">${response} = &lt;Response [201]&gt;</msg>
<var>${response}</var>
<arg>Serverest</arg>
<arg>${ENDPOINT_USUARIOS}</arg>
<arg>json=&amp;{payload}</arg>
<doc>Sends a POST request on a previously created HTTP Session.</doc>
<status status="PASS" start="2025-06-05T17:06:54.681915" elapsed="0.359960"/>
</kw>
<kw name="Log To Console" owner="BuiltIn">
<arg>Response: ${response.content}</arg>
<doc>Logs the given message to the console.</doc>
<status status="PASS" start="2025-06-05T17:06:55.041875" elapsed="0.002333"/>
</kw>
<kw name="Set Global Variable" owner="BuiltIn">
<msg time="2025-06-05T17:06:55.044208" level="INFO">${response} = &lt;Response [201]&gt;</msg>
<arg>${response}</arg>
<doc>Makes a variable available globally in all tests and suites.</doc>
<status status="PASS" start="2025-06-05T17:06:55.044208" elapsed="0.000000"/>
</kw>
<kw name="Set Variable" owner="BuiltIn">
<msg time="2025-06-05T17:06:55.045307" level="INFO">${id_usuario} = hCdAWCDjfThysngW</msg>
<var>${id_usuario}</var>
<arg>${response.json()["_id"]}</arg>
<doc>Returns the given values which can then be assigned to a variables.</doc>
<status status="PASS" start="2025-06-05T17:06:55.044208" elapsed="0.001099"/>
</kw>
<kw name="Set Global Variable" owner="BuiltIn">
<msg time="2025-06-05T17:06:55.046422" level="INFO">${ID_USUARIO_ATUAL} = hCdAWCDjfThysngW</msg>
<arg>${ID_USUARIO_ATUAL}</arg>
<arg>${id_usuario}</arg>
<doc>Makes a variable available globally in all tests and suites.</doc>
<status status="PASS" start="2025-06-05T17:06:55.045307" elapsed="0.001115"/>
</kw>
<kw name="Log To Console" owner="BuiltIn">
<arg>ID do usuário atual: ${ID_USUARIO_ATUAL}</arg>
<doc>Logs the given message to the console.</doc>
<status status="PASS" start="2025-06-05T17:06:55.046422" elapsed="0.001025"/>
</kw>
<status status="PASS" start="2025-06-05T17:06:54.681915" elapsed="0.365532"/>
</kw>
<kw name="POST Endpoint /login" owner="login_keywords">
<kw name="Create Dictionary" owner="BuiltIn">
<msg time="2025-06-05T17:06:55.048533" level="INFO">&amp;{payload} = { email=jacquelinecompton@example.org | password=senha123 }</msg>
<var>&amp;{payload}</var>
<arg>email=${email_atual}</arg>
<arg>password=${senha_atual}</arg>
<doc>Creates and returns a dictionary based on the given ``items``.</doc>
<status status="PASS" start="2025-06-05T17:06:55.047447" elapsed="0.001086"/>
</kw>
<kw name="POST On Session" owner="RequestsLibrary">
<msg time="2025-06-05T17:06:55.242963" level="INFO">POST Request : url=https://serverest.dev/login 
 path_url=/login 
 headers={'User-Agent': 'python-requests/2.32.3', 'Accept-Encoding': 'gzip, deflate', 'Accept': '*/*', 'Connection': 'keep-alive', 'Content-Length': '66', 'Content-Type': 'application/json'} 
 body=b'{"email": "jacquelinecompton@example.org", "password": "senha123"}' 
 </msg>
<msg time="2025-06-05T17:06:55.242963" level="INFO">POST Response : url=https://serverest.dev/login 
 status=200, reason=OK 
 headers={'access-control-allow-origin': '*', 'x-dns-prefetch-control': 'off', 'x-frame-options': 'SAMEORIGIN', 'strict-transport-security': 'max-age=15552000; includeSubDomains', 'x-download-options': 'noopen', 'x-content-type-options': 'nosniff', 'x-xss-protection': '1; mode=block', 'content-type': 'application/json; charset=utf-8', 'x-cloud-trace-context': '0f6ca8144aaf746b75be64e09b61df10', 'date': 'Thu, 05 Jun 2025 20:06:55 GMT', 'server': 'Google Frontend', 'Content-Length': '291'} 
 body={
    "message": "Login realizado com sucesso",
    "authorization": "Bearer eyJhbGciOiJIUzI1NiIsInR5cCI6IkpXVCJ9.eyJlbWFpbCI6ImphY3F1ZWxpbmVjb21wdG9uQGV4YW1wbGUub3JnIiwicGFzc3dvcmQiOiJzZW5oYTEyMyIsImlhdCI6MTc0OTE1NDAxNSwiZXhwIjoxNzQ5MTU0NjE1fQ.4rxt3wFt-UFXdsqApUZ0bWVGz42dOzEg4BbfoY-SRho"
} 
 </msg>
<msg time="2025-06-05T17:06:55.242963" level="INFO">C:\Users\rapha\AppData\Local\Packages\PythonSoftwareFoundation.Python.3.11_qbz5n2kfra8p0\LocalCache\local-packages\Python311\site-packages\urllib3\connectionpool.py:1099: InsecureRequestWarning: Unverified HTTPS request is being made to host 'serverest.dev'. Adding certificate verification is strongly advised. See: https://urllib3.readthedocs.io/en/latest/advanced-usage.html#tls-warnings
  warnings.warn(</msg>
<msg time="2025-06-05T17:06:55.243909" level="INFO">${response} = &lt;Response [200]&gt;</msg>
<var>${response}</var>
<arg>Serverest</arg>
<arg>${ENDPOINT_LOGIN}</arg>
<arg>json=&amp;{payload}</arg>
<doc>Sends a POST request on a previously created HTTP Session.</doc>
<status status="PASS" start="2025-06-05T17:06:55.048533" elapsed="0.195376"/>
</kw>
<kw name="Set Global Variable" owner="BuiltIn">
<msg time="2025-06-05T17:06:55.243909" level="INFO">${response} = &lt;Response [200]&gt;</msg>
<arg>${response}</arg>
<doc>Makes a variable available globally in all tests and suites.</doc>
<status status="PASS" start="2025-06-05T17:06:55.243909" elapsed="0.000000"/>
</kw>
<kw name="Log To Console" owner="BuiltIn">
<arg>Response:</arg>
<arg>${response.content}</arg>
<doc>Logs the given message to the console.</doc>
<status status="PASS" start="2025-06-05T17:06:55.245358" elapsed="0.001100"/>
</kw>
<kw name="Log To Console" owner="BuiltIn">
<arg>Token: ${response.json()["authorization"]}</arg>
<doc>Logs the given message to the console.</doc>
<status status="PASS" start="2025-06-05T17:06:55.247531" elapsed="0.001075"/>
</kw>
<kw name="Set Variable" owner="BuiltIn">
<msg time="2025-06-05T17:06:55.249616" level="INFO">${token} = Bearer eyJhbGciOiJIUzI1NiIsInR5cCI6IkpXVCJ9.eyJlbWFpbCI6ImphY3F1ZWxpbmVjb21wdG9uQGV4YW1wbGUub3JnIiwicGFzc3dvcmQiOiJzZW5oYTEyMyIsImlhdCI6MTc0OTE1NDAxNSwiZXhwIjoxNzQ5MTU0NjE1fQ.4rxt3wFt-UFXdsqApUZ0bWVGz...</msg>
<var>${token}</var>
<arg>${response.json()["authorization"]}</arg>
<doc>Returns the given values which can then be assigned to a variables.</doc>
<status status="PASS" start="2025-06-05T17:06:55.248606" elapsed="0.001010"/>
</kw>
<kw name="Set Suite Variable" owner="BuiltIn">
<msg time="2025-06-05T17:06:55.250821" level="INFO">${TOKEN_AUTH_ATUAL} = Bearer eyJhbGciOiJIUzI1NiIsInR5cCI6IkpXVCJ9.eyJlbWFpbCI6ImphY3F1ZWxpbmVjb21wdG9uQGV4YW1wbGUub3JnIiwicGFzc3dvcmQiOiJzZW5oYTEyMyIsImlhdCI6MTc0OTE1NDAxNSwiZXhwIjoxNzQ5MTU0NjE1fQ.4rxt3wFt-UFXdsqApUZ0bWVGz...</msg>
<arg>${TOKEN_AUTH_ATUAL}</arg>
<arg>${token}</arg>
<doc>Makes a variable available everywhere within the scope of the current suite.</doc>
<status status="PASS" start="2025-06-05T17:06:55.249616" elapsed="0.001205"/>
</kw>
<kw name="Log To Console" owner="BuiltIn">
<arg>Token atual: ${TOKEN_AUTH_ATUAL}</arg>
<doc>Logs the given message to the console.</doc>
<status status="PASS" start="2025-06-05T17:06:55.250821" elapsed="0.000998"/>
</kw>
<status status="PASS" start="2025-06-05T17:06:55.047447" elapsed="0.204372"/>
</kw>
<kw name="Validar Ter Logado" owner="login_keywords">
<kw name="Should Be Equal" owner="BuiltIn">
<arg>${response.json()["message"]}</arg>
<arg>Login realizado com sucesso</arg>
<doc>Fails if the given objects are unequal.</doc>
<status status="PASS" start="2025-06-05T17:06:55.251819" elapsed="0.001343"/>
</kw>
<kw name="Should Not Be Empty" owner="BuiltIn">
<msg time="2025-06-05T17:06:55.255172" level="INFO">Length is 218.</msg>
<arg>${response.json()["authorization"]}</arg>
<doc>Verifies that the given item is not empty.</doc>
<status status="PASS" start="2025-06-05T17:06:55.253162" elapsed="0.002010"/>
</kw>
<status status="PASS" start="2025-06-05T17:06:55.251819" elapsed="0.003353"/>
</kw>
<status status="PASS" start="2025-06-05T17:06:54.678547" elapsed="0.576625"/>
</kw>
<kw name="GET Endpoint buscar/usuarios" owner="usuario_keywords">
<kw name="GET On Session" owner="RequestsLibrary">
<msg time="2025-06-05T17:06:55.425514" level="INFO">GET Request : url=https://serverest.dev/usuarios/hCdAWCDjfThysngW 
 path_url=/usuarios/hCdAWCDjfThysngW 
 headers={'User-Agent': 'python-requests/2.32.3', 'Accept-Encoding': 'gzip, deflate', 'Accept': '*/*', 'Connection': 'keep-alive'} 
 body=None 
 </msg>
<msg time="2025-06-05T17:06:55.425514" level="INFO">GET Response : url=https://serverest.dev/usuarios/hCdAWCDjfThysngW 
 status=200, reason=OK 
 headers={'access-control-allow-origin': '*', 'x-dns-prefetch-control': 'off', 'x-frame-options': 'SAMEORIGIN', 'strict-transport-security': 'max-age=15552000; includeSubDomains', 'x-download-options': 'noopen', 'x-content-type-options': 'nosniff', 'x-xss-protection': '1; mode=block', 'content-type': 'application/json; charset=utf-8', 'x-cloud-trace-context': 'ae447f7b2069fbe675be64e09b61da15', 'date': 'Thu, 05 Jun 2025 20:06:55 GMT', 'server': 'Google Frontend', 'Content-Length': '167'} 
 body={
    "nome": "Victoria Durham",
    "email": "jacquelinecompton@example.org",
    "password": "senha123",
    "administrador": "true",
    "_id": "hCdAWCDjfThysngW"
} 
 </msg>
<msg time="2025-06-05T17:06:55.426521" level="INFO">C:\Users\rapha\AppData\Local\Packages\PythonSoftwareFoundation.Python.3.11_qbz5n2kfra8p0\LocalCache\local-packages\Python311\site-packages\urllib3\connectionpool.py:1099: InsecureRequestWarning: Unverified HTTPS request is being made to host 'serverest.dev'. Adding certificate verification is strongly advised. See: https://urllib3.readthedocs.io/en/latest/advanced-usage.html#tls-warnings
  warnings.warn(</msg>
<msg time="2025-06-05T17:06:55.427194" level="INFO">${response} = &lt;Response [200]&gt;</msg>
<var>${response}</var>
<arg>Serverest</arg>
<arg>${ENDPOINT_USUARIOS}/${ID_USUARIO_ATUAL}</arg>
<doc>Sends a GET request on a previously created HTTP Session.</doc>
<status status="PASS" start="2025-06-05T17:06:55.256166" elapsed="0.171028"/>
</kw>
<kw name="Set Global Variable" owner="BuiltIn">
<msg time="2025-06-05T17:06:55.427194" level="INFO">${response} = &lt;Response [200]&gt;</msg>
<arg>${response}</arg>
<doc>Makes a variable available globally in all tests and suites.</doc>
<status status="PASS" start="2025-06-05T17:06:55.427194" elapsed="0.000000"/>
</kw>
<kw name="Log To Console" owner="BuiltIn">
<arg>Response body: ${response.content}</arg>
<doc>Logs the given message to the console.</doc>
<status status="PASS" start="2025-06-05T17:06:55.428596" elapsed="0.001139"/>
</kw>
<status status="PASS" start="2025-06-05T17:06:55.256166" elapsed="0.173569"/>
</kw>
<kw name="Validar Status Code" owner="common">
<kw name="Should Be True" owner="BuiltIn">
<arg>${response.status_code} == ${statuscode}</arg>
<doc>Fails if the given condition is not true.</doc>
<status status="PASS" start="2025-06-05T17:06:55.429735" elapsed="0.002127"/>
</kw>
<arg>200</arg>
<status status="PASS" start="2025-06-05T17:06:55.429735" elapsed="0.002127"/>
</kw>
<tag>buscar_usuarios</tag>
<tag>todos</tag>
<status status="PASS" start="2025-06-05T17:06:54.677542" elapsed="0.754320"/>
</test>
<test id="s1-t4" name="Cenario: PUT Editar usuarios 200" line="37">
<kw name="Criar Sessao" owner="common" type="SETUP">
<kw name="Log To Console" owner="BuiltIn">
<arg>Criando sessão com a API Serverest</arg>
<doc>Logs the given message to the console.</doc>
<status status="PASS" start="2025-06-05T17:06:55.435237" elapsed="0.000000"/>
</kw>
<kw name="Create Session" owner="RequestsLibrary">
<msg time="2025-06-05T17:06:55.435237" level="INFO">Creating Session using : alias=Serverest, url=https://serverest.dev, headers={},                     cookies={}, auth=None, timeout=None, proxies=None, verify=False,                     debug=0 </msg>
<arg>Serverest</arg>
<arg>${BASE_URL}</arg>
<doc>Create Session: create a HTTP session to a server</doc>
<status status="PASS" start="2025-06-05T17:06:55.435237" elapsed="0.001174"/>
</kw>
<status status="PASS" start="2025-06-05T17:06:55.431862" elapsed="0.004549"/>
</kw>
<kw name="Criar Usuario e Logar" owner="common">
<kw name="Cadastrar Dados Usuario Valido" owner="dynamics">
<kw name="Name" owner="FakerLibrary">
<msg time="2025-06-05T17:06:55.437724" level="INFO">${nome} = Tracey Braun</msg>
<var>${nome}</var>
<doc>:example: 'John Doe'</doc>
<status status="PASS" start="2025-06-05T17:06:55.436720" elapsed="0.001004"/>
</kw>
<kw name="Email" owner="FakerLibrary">
<msg time="2025-06-05T17:06:55.438736" level="INFO">${email} = debrajohnson@example.net</msg>
<var>${email}</var>
<status status="PASS" start="2025-06-05T17:06:55.437724" elapsed="0.001012"/>
</kw>
<kw name="Create Dictionary" owner="BuiltIn">
<msg time="2025-06-05T17:06:55.438736" level="INFO">&amp;{payload} = { nome=Tracey Braun | email=debrajohnson@example.net | password=senha123 | administrador=true }</msg>
<var>&amp;{payload}</var>
<arg>nome=${nome}</arg>
<arg>email=${email}</arg>
<arg>password=senha123</arg>
<arg>administrador=true</arg>
<doc>Creates and returns a dictionary based on the given ``items``.</doc>
<status status="PASS" start="2025-06-05T17:06:55.438736" elapsed="0.000000"/>
</kw>
<kw name="Log To Console" owner="BuiltIn">
<arg>${payload}</arg>
<doc>Logs the given message to the console.</doc>
<status status="PASS" start="2025-06-05T17:06:55.438736" elapsed="0.000999"/>
</kw>
<kw name="Set Global Variable" owner="BuiltIn">
<msg time="2025-06-05T17:06:55.439735" level="INFO">&amp;{payload} = { nome=Tracey Braun | email=debrajohnson@example.net | password=senha123 | administrador=true }</msg>
<arg>&amp;{payload}</arg>
<doc>Makes a variable available globally in all tests and suites.</doc>
<status status="PASS" start="2025-06-05T17:06:55.439735" elapsed="0.000000"/>
</kw>
<kw name="Set Global Variable" owner="BuiltIn">
<msg time="2025-06-05T17:06:55.440788" level="INFO">${email_atual} = debrajohnson@example.net</msg>
<arg>${email_atual}</arg>
<arg>${email}</arg>
<doc>Makes a variable available globally in all tests and suites.</doc>
<status status="PASS" start="2025-06-05T17:06:55.439735" elapsed="0.001053"/>
</kw>
<kw name="Set Global Variable" owner="BuiltIn">
<msg time="2025-06-05T17:06:55.440788" level="INFO">${senha_atual} = senha123</msg>
<arg>${senha_atual}</arg>
<arg>senha123</arg>
<doc>Makes a variable available globally in all tests and suites.</doc>
<status status="PASS" start="2025-06-05T17:06:55.440788" elapsed="0.000000"/>
</kw>
<return>
<value>&amp;{payload}</value>
<status status="PASS" start="2025-06-05T17:06:55.440788" elapsed="0.000000"/>
</return>
<status status="PASS" start="2025-06-05T17:06:55.436720" elapsed="0.005071"/>
</kw>
<kw name="POST Endpoint /usuarios" owner="usuario_keywords">
<kw name="POST On Session" owner="RequestsLibrary">
<msg time="2025-06-05T17:06:55.798017" level="INFO">POST Request : url=https://serverest.dev/usuarios 
 path_url=/usuarios 
 headers={'User-Agent': 'python-requests/2.32.3', 'Accept-Encoding': 'gzip, deflate', 'Accept': '*/*', 'Connection': 'keep-alive', 'Content-Length': '110', 'Content-Type': 'application/json'} 
 body=b'{"nome": "Tracey Braun", "email": "debrajohnson@example.net", "password": "senha123", "administrador": "true"}' 
 </msg>
<msg time="2025-06-05T17:06:55.799036" level="INFO">POST Response : url=https://serverest.dev/usuarios 
 status=201, reason=Created 
 headers={'access-control-allow-origin': '*', 'x-dns-prefetch-control': 'off', 'x-frame-options': 'SAMEORIGIN', 'strict-transport-security': 'max-age=15552000; includeSubDomains', 'x-download-options': 'noopen', 'x-content-type-options': 'nosniff', 'x-xss-protection': '1; mode=block', 'content-type': 'application/json; charset=utf-8', 'x-cloud-trace-context': '5f4f5a7e2bd05431736a3651a55657b1', 'date': 'Thu, 05 Jun 2025 20:06:56 GMT', 'server': 'Google Frontend', 'Content-Length': '82'} 
 body={
    "message": "Cadastro realizado com sucesso",
    "_id": "d9KprxxTkQFy6iHT"
} 
 </msg>
<msg time="2025-06-05T17:06:55.799036" level="INFO">C:\Users\rapha\AppData\Local\Packages\PythonSoftwareFoundation.Python.3.11_qbz5n2kfra8p0\LocalCache\local-packages\Python311\site-packages\urllib3\connectionpool.py:1099: InsecureRequestWarning: Unverified HTTPS request is being made to host 'serverest.dev'. Adding certificate verification is strongly advised. See: https://urllib3.readthedocs.io/en/latest/advanced-usage.html#tls-warnings
  warnings.warn(</msg>
<msg time="2025-06-05T17:06:55.799036" level="INFO">${response} = &lt;Response [201]&gt;</msg>
<var>${response}</var>
<arg>Serverest</arg>
<arg>${ENDPOINT_USUARIOS}</arg>
<arg>json=&amp;{payload}</arg>
<doc>Sends a POST request on a previously created HTTP Session.</doc>
<status status="PASS" start="2025-06-05T17:06:55.442299" elapsed="0.357748"/>
</kw>
<kw name="Log To Console" owner="BuiltIn">
<arg>Response: ${response.content}</arg>
<doc>Logs the given message to the console.</doc>
<status status="PASS" start="2025-06-05T17:06:55.800047" elapsed="0.002099"/>
</kw>
<kw name="Set Global Variable" owner="BuiltIn">
<msg time="2025-06-05T17:06:55.802146" level="INFO">${response} = &lt;Response [201]&gt;</msg>
<arg>${response}</arg>
<doc>Makes a variable available globally in all tests and suites.</doc>
<status status="PASS" start="2025-06-05T17:06:55.802146" elapsed="0.000000"/>
</kw>
<kw name="Set Variable" owner="BuiltIn">
<msg time="2025-06-05T17:06:55.804456" level="INFO">${id_usuario} = d9KprxxTkQFy6iHT</msg>
<var>${id_usuario}</var>
<arg>${response.json()["_id"]}</arg>
<doc>Returns the given values which can then be assigned to a variables.</doc>
<status status="PASS" start="2025-06-05T17:06:55.803369" elapsed="0.001087"/>
</kw>
<kw name="Set Global Variable" owner="BuiltIn">
<msg time="2025-06-05T17:06:55.804456" level="INFO">${ID_USUARIO_ATUAL} = d9KprxxTkQFy6iHT</msg>
<arg>${ID_USUARIO_ATUAL}</arg>
<arg>${id_usuario}</arg>
<doc>Makes a variable available globally in all tests and suites.</doc>
<status status="PASS" start="2025-06-05T17:06:55.804456" elapsed="0.000000"/>
</kw>
<kw name="Log To Console" owner="BuiltIn">
<arg>ID do usuário atual: ${ID_USUARIO_ATUAL}</arg>
<doc>Logs the given message to the console.</doc>
<status status="PASS" start="2025-06-05T17:06:55.805475" elapsed="0.000000"/>
</kw>
<status status="PASS" start="2025-06-05T17:06:55.441791" elapsed="0.363684"/>
</kw>
<kw name="POST Endpoint /login" owner="login_keywords">
<kw name="Create Dictionary" owner="BuiltIn">
<msg time="2025-06-05T17:06:55.806513" level="INFO">&amp;{payload} = { email=debrajohnson@example.net | password=senha123 }</msg>
<var>&amp;{payload}</var>
<arg>email=${email_atual}</arg>
<arg>password=${senha_atual}</arg>
<doc>Creates and returns a dictionary based on the given ``items``.</doc>
<status status="PASS" start="2025-06-05T17:06:55.806513" elapsed="0.000000"/>
</kw>
<kw name="POST On Session" owner="RequestsLibrary">
<msg time="2025-06-05T17:06:55.990012" level="INFO">POST Request : url=https://serverest.dev/login 
 path_url=/login 
 headers={'User-Agent': 'python-requests/2.32.3', 'Accept-Encoding': 'gzip, deflate', 'Accept': '*/*', 'Connection': 'keep-alive', 'Content-Length': '61', 'Content-Type': 'application/json'} 
 body=b'{"email": "debrajohnson@example.net", "password": "senha123"}' 
 </msg>
<msg time="2025-06-05T17:06:55.990012" level="INFO">POST Response : url=https://serverest.dev/login 
 status=200, reason=OK 
 headers={'access-control-allow-origin': '*', 'x-dns-prefetch-control': 'off', 'x-frame-options': 'SAMEORIGIN', 'strict-transport-security': 'max-age=15552000; includeSubDomains', 'x-download-options': 'noopen', 'x-content-type-options': 'nosniff', 'x-xss-protection': '1; mode=block', 'content-type': 'application/json; charset=utf-8', 'x-cloud-trace-context': '47d31bd1458810e4736a3651a5565f92', 'date': 'Thu, 05 Jun 2025 20:06:56 GMT', 'server': 'Google Frontend', 'Content-Length': '284'} 
 body={
    "message": "Login realizado com sucesso",
    "authorization": "Bearer eyJhbGciOiJIUzI1NiIsInR5cCI6IkpXVCJ9.eyJlbWFpbCI6ImRlYnJham9obnNvbkBleGFtcGxlLm5ldCIsInBhc3N3b3JkIjoic2VuaGExMjMiLCJpYXQiOjE3NDkxNTQwMTYsImV4cCI6MTc0OTE1NDYxNn0.QmjOeWQyUVQNJ_inlMpTpGg3dYW_tY_EG1qkIVTJaTk"
} 
 </msg>
<msg time="2025-06-05T17:06:55.990012" level="INFO">C:\Users\rapha\AppData\Local\Packages\PythonSoftwareFoundation.Python.3.11_qbz5n2kfra8p0\LocalCache\local-packages\Python311\site-packages\urllib3\connectionpool.py:1099: InsecureRequestWarning: Unverified HTTPS request is being made to host 'serverest.dev'. Adding certificate verification is strongly advised. See: https://urllib3.readthedocs.io/en/latest/advanced-usage.html#tls-warnings
  warnings.warn(</msg>
<msg time="2025-06-05T17:06:55.991025" level="INFO">${response} = &lt;Response [200]&gt;</msg>
<var>${response}</var>
<arg>Serverest</arg>
<arg>${ENDPOINT_LOGIN}</arg>
<arg>json=&amp;{payload}</arg>
<doc>Sends a POST request on a previously created HTTP Session.</doc>
<status status="PASS" start="2025-06-05T17:06:55.806513" elapsed="0.184512"/>
</kw>
<kw name="Set Global Variable" owner="BuiltIn">
<msg time="2025-06-05T17:06:55.991025" level="INFO">${response} = &lt;Response [200]&gt;</msg>
<arg>${response}</arg>
<doc>Makes a variable available globally in all tests and suites.</doc>
<status status="PASS" start="2025-06-05T17:06:55.991025" elapsed="0.000000"/>
</kw>
<kw name="Log To Console" owner="BuiltIn">
<arg>Response:</arg>
<arg>${response.content}</arg>
<doc>Logs the given message to the console.</doc>
<status status="PASS" start="2025-06-05T17:06:55.992028" elapsed="0.000511"/>
</kw>
<kw name="Log To Console" owner="BuiltIn">
<arg>Token: ${response.json()["authorization"]}</arg>
<doc>Logs the given message to the console.</doc>
<status status="PASS" start="2025-06-05T17:06:55.992539" elapsed="0.001063"/>
</kw>
<kw name="Set Variable" owner="BuiltIn">
<msg time="2025-06-05T17:06:55.994614" level="INFO">${token} = Bearer eyJhbGciOiJIUzI1NiIsInR5cCI6IkpXVCJ9.eyJlbWFpbCI6ImRlYnJham9obnNvbkBleGFtcGxlLm5ldCIsInBhc3N3b3JkIjoic2VuaGExMjMiLCJpYXQiOjE3NDkxNTQwMTYsImV4cCI6MTc0OTE1NDYxNn0.QmjOeWQyUVQNJ_inlMpTpGg3dYW_tY_E...</msg>
<var>${token}</var>
<arg>${response.json()["authorization"]}</arg>
<doc>Returns the given values which can then be assigned to a variables.</doc>
<status status="PASS" start="2025-06-05T17:06:55.993602" elapsed="0.001012"/>
</kw>
<kw name="Set Suite Variable" owner="BuiltIn">
<msg time="2025-06-05T17:06:55.994614" level="INFO">${TOKEN_AUTH_ATUAL} = Bearer eyJhbGciOiJIUzI1NiIsInR5cCI6IkpXVCJ9.eyJlbWFpbCI6ImRlYnJham9obnNvbkBleGFtcGxlLm5ldCIsInBhc3N3b3JkIjoic2VuaGExMjMiLCJpYXQiOjE3NDkxNTQwMTYsImV4cCI6MTc0OTE1NDYxNn0.QmjOeWQyUVQNJ_inlMpTpGg3dYW_tY_E...</msg>
<arg>${TOKEN_AUTH_ATUAL}</arg>
<arg>${token}</arg>
<doc>Makes a variable available everywhere within the scope of the current suite.</doc>
<status status="PASS" start="2025-06-05T17:06:55.994614" elapsed="0.000000"/>
</kw>
<kw name="Log To Console" owner="BuiltIn">
<arg>Token atual: ${TOKEN_AUTH_ATUAL}</arg>
<doc>Logs the given message to the console.</doc>
<status status="PASS" start="2025-06-05T17:06:55.994614" elapsed="0.001240"/>
</kw>
<status status="PASS" start="2025-06-05T17:06:55.806513" elapsed="0.189341"/>
</kw>
<kw name="Validar Ter Logado" owner="login_keywords">
<kw name="Should Be Equal" owner="BuiltIn">
<arg>${response.json()["message"]}</arg>
<arg>Login realizado com sucesso</arg>
<doc>Fails if the given objects are unequal.</doc>
<status status="PASS" start="2025-06-05T17:06:55.995854" elapsed="0.001008"/>
</kw>
<kw name="Should Not Be Empty" owner="BuiltIn">
<msg time="2025-06-05T17:06:55.996862" level="INFO">Length is 211.</msg>
<arg>${response.json()["authorization"]}</arg>
<doc>Verifies that the given item is not empty.</doc>
<status status="PASS" start="2025-06-05T17:06:55.996862" elapsed="0.000000"/>
</kw>
<status status="PASS" start="2025-06-05T17:06:55.995854" elapsed="0.001008"/>
</kw>
<status status="PASS" start="2025-06-05T17:06:55.436720" elapsed="0.560142"/>
</kw>
<kw name="PUT Endpoint /usuarios" owner="usuario_keywords">
<kw name="Set To Dictionary" owner="Collections">
<arg>${payload}</arg>
<arg>nome=Fulano da Silva</arg>
<doc>Adds the given ``key_value_pairs`` and/or ``items`` to the ``dictionary``.</doc>
<status status="PASS" start="2025-06-05T17:06:55.997873" elapsed="0.000000"/>
</kw>
<kw name="Create Dictionary" owner="BuiltIn">
<msg time="2025-06-05T17:06:55.998940" level="INFO">&amp;{header} = { Authorization=Bearer eyJhbGciOiJIUzI1NiIsInR5cCI6IkpXVCJ9.eyJlbWFpbCI6ImRlYnJham9obnNvbkBleGFtcGxlLm5ldCIsInBhc3N3b3JkIjoic2VuaGExMjMiLCJpYXQiOjE3NDkxNTQwMTYsImV4cCI6MTc0OTE1NDYxNn0.QmjOeWQyUVQNJ_in...</msg>
<var>&amp;{header}</var>
<arg>Authorization=${TOKEN_AUTH_ATUAL}</arg>
<doc>Creates and returns a dictionary based on the given ``items``.</doc>
<status status="PASS" start="2025-06-05T17:06:55.997873" elapsed="0.001067"/>
</kw>
<kw name="PUT On Session" owner="RequestsLibrary">
<msg time="2025-06-05T17:06:56.184447" level="INFO">PUT Request : url=https://serverest.dev/usuarios/d9KprxxTkQFy6iHT 
 path_url=/usuarios/d9KprxxTkQFy6iHT 
 headers={'User-Agent': 'python-requests/2.32.3', 'Accept-Encoding': 'gzip, deflate', 'Accept': '*/*', 'Connection': 'keep-alive', 'Authorization': 'Bearer eyJhbGciOiJIUzI1NiIsInR5cCI6IkpXVCJ9.eyJlbWFpbCI6ImRlYnJham9obnNvbkBleGFtcGxlLm5ldCIsInBhc3N3b3JkIjoic2VuaGExMjMiLCJpYXQiOjE3NDkxNTQwMTYsImV4cCI6MTc0OTE1NDYxNn0.QmjOeWQyUVQNJ_inlMpTpGg3dYW_tY_EG1qkIVTJaTk', 'Content-Length': '113', 'Content-Type': 'application/json'} 
 body=b'{"nome": "Fulano da Silva", "email": "debrajohnson@example.net", "password": "senha123", "administrador": "true"}' 
 </msg>
<msg time="2025-06-05T17:06:56.184447" level="INFO">PUT Response : url=https://serverest.dev/usuarios/d9KprxxTkQFy6iHT 
 status=200, reason=OK 
 headers={'access-control-allow-origin': '*', 'x-dns-prefetch-control': 'off', 'x-frame-options': 'SAMEORIGIN', 'strict-transport-security': 'max-age=15552000; includeSubDomains', 'x-download-options': 'noopen', 'x-content-type-options': 'nosniff', 'x-xss-protection': '1; mode=block', 'content-type': 'application/json; charset=utf-8', 'x-cloud-trace-context': '78fd653c0f268157736a3651a55657e7', 'date': 'Thu, 05 Jun 2025 20:06:56 GMT', 'server': 'Google Frontend', 'Content-Length': '50'} 
 body={
    "message": "Registro alterado com sucesso"
} 
 </msg>
<msg time="2025-06-05T17:06:56.184447" level="INFO">C:\Users\rapha\AppData\Local\Packages\PythonSoftwareFoundation.Python.3.11_qbz5n2kfra8p0\LocalCache\local-packages\Python311\site-packages\urllib3\connectionpool.py:1099: InsecureRequestWarning: Unverified HTTPS request is being made to host 'serverest.dev'. Adding certificate verification is strongly advised. See: https://urllib3.readthedocs.io/en/latest/advanced-usage.html#tls-warnings
  warnings.warn(</msg>
<msg time="2025-06-05T17:06:56.186367" level="INFO">${response} = &lt;Response [200]&gt;</msg>
<var>${response}</var>
<arg>Serverest</arg>
<arg>${ENDPOINT_USUARIOS}/${ID_USUARIO_ATUAL}</arg>
<arg>json=${payload}</arg>
<arg>headers=${header}</arg>
<doc>Sends a PUT request on a previously created HTTP Session.</doc>
<status status="PASS" start="2025-06-05T17:06:55.998940" elapsed="0.187427"/>
</kw>
<kw name="Set Global Variable" owner="BuiltIn">
<msg time="2025-06-05T17:06:56.187379" level="INFO">${response} = &lt;Response [200]&gt;</msg>
<arg>${response}</arg>
<doc>Makes a variable available globally in all tests and suites.</doc>
<status status="PASS" start="2025-06-05T17:06:56.186367" elapsed="0.001012"/>
</kw>
<kw name="Log To Console" owner="BuiltIn">
<arg>Status Code: ${response.status_code}</arg>
<doc>Logs the given message to the console.</doc>
<status status="PASS" start="2025-06-05T17:06:56.187379" elapsed="0.002152"/>
</kw>
<kw name="Log To Console" owner="BuiltIn">
<arg>Resposta: ${response.json()}</arg>
<doc>Logs the given message to the console.</doc>
<status status="PASS" start="2025-06-05T17:06:56.189531" elapsed="0.001989"/>
</kw>
<status status="PASS" start="2025-06-05T17:06:55.997873" elapsed="0.193647"/>
</kw>
<kw name="Validar Status Code" owner="common">
<kw name="Should Be True" owner="BuiltIn">
<arg>${response.status_code} == ${statuscode}</arg>
<doc>Fails if the given condition is not true.</doc>
<status status="PASS" start="2025-06-05T17:06:56.193148" elapsed="0.002005"/>
</kw>
<arg>200</arg>
<status status="PASS" start="2025-06-05T17:06:56.192099" elapsed="0.003054"/>
</kw>
<kw name="Validar Mensagem Contem" owner="common">
<kw name="Should Contain" owner="BuiltIn">
<arg>${response.json()["message"]}</arg>
<arg>${palavra}</arg>
<doc>Fails if ``container`` does not contain ``item`` one or more times.</doc>
<status status="PASS" start="2025-06-05T17:06:56.196632" elapsed="0.000000"/>
</kw>
<arg>sucesso</arg>
<status status="PASS" start="2025-06-05T17:06:56.195153" elapsed="0.002492"/>
</kw>
<tag>editar_usuarios</tag>
<tag>todos</tag>
<status status="PASS" start="2025-06-05T17:06:55.431862" elapsed="0.765783"/>
</test>
<test id="s1-t5" name="Cenario: DELETE Excluir usuarios 200" line="44">
<kw name="Criar Sessao" owner="common" type="SETUP">
<kw name="Log To Console" owner="BuiltIn">
<arg>Criando sessão com a API Serverest</arg>
<doc>Logs the given message to the console.</doc>
<status status="PASS" start="2025-06-05T17:06:56.199669" elapsed="0.001170"/>
</kw>
<kw name="Create Session" owner="RequestsLibrary">
<msg time="2025-06-05T17:06:56.200839" level="INFO">Creating Session using : alias=Serverest, url=https://serverest.dev, headers={},                     cookies={}, auth=None, timeout=None, proxies=None, verify=False,                     debug=0 </msg>
<arg>Serverest</arg>
<arg>${BASE_URL}</arg>
<doc>Create Session: create a HTTP session to a server</doc>
<status status="PASS" start="2025-06-05T17:06:56.200839" elapsed="0.000000"/>
</kw>
<status status="PASS" start="2025-06-05T17:06:56.199669" elapsed="0.001170"/>
</kw>
<kw name="Criar Usuario e Logar" owner="common">
<kw name="Cadastrar Dados Usuario Valido" owner="dynamics">
<kw name="Name" owner="FakerLibrary">
<msg time="2025-06-05T17:06:56.204031" level="INFO">${nome} = Michael Gonzalez</msg>
<var>${nome}</var>
<doc>:example: 'John Doe'</doc>
<status status="PASS" start="2025-06-05T17:06:56.202894" elapsed="0.001137"/>
</kw>
<kw name="Email" owner="FakerLibrary">
<msg time="2025-06-05T17:06:56.204031" level="INFO">${email} = kevin85@example.net</msg>
<var>${email}</var>
<status status="PASS" start="2025-06-05T17:06:56.204031" elapsed="0.000000"/>
</kw>
<kw name="Create Dictionary" owner="BuiltIn">
<msg time="2025-06-05T17:06:56.205085" level="INFO">&amp;{payload} = { nome=Michael Gonzalez | email=kevin85@example.net | password=senha123 | administrador=true }</msg>
<var>&amp;{payload}</var>
<arg>nome=${nome}</arg>
<arg>email=${email}</arg>
<arg>password=senha123</arg>
<arg>administrador=true</arg>
<doc>Creates and returns a dictionary based on the given ``items``.</doc>
<status status="PASS" start="2025-06-05T17:06:56.205085" elapsed="0.000000"/>
</kw>
<kw name="Log To Console" owner="BuiltIn">
<arg>${payload}</arg>
<doc>Logs the given message to the console.</doc>
<status status="PASS" start="2025-06-05T17:06:56.205085" elapsed="0.001038"/>
</kw>
<kw name="Set Global Variable" owner="BuiltIn">
<msg time="2025-06-05T17:06:56.206123" level="INFO">&amp;{payload} = { nome=Michael Gonzalez | email=kevin85@example.net | password=senha123 | administrador=true }</msg>
<arg>&amp;{payload}</arg>
<doc>Makes a variable available globally in all tests and suites.</doc>
<status status="PASS" start="2025-06-05T17:06:56.206123" elapsed="0.000000"/>
</kw>
<kw name="Set Global Variable" owner="BuiltIn">
<msg time="2025-06-05T17:06:56.206123" level="INFO">${email_atual} = kevin85@example.net</msg>
<arg>${email_atual}</arg>
<arg>${email}</arg>
<doc>Makes a variable available globally in all tests and suites.</doc>
<status status="PASS" start="2025-06-05T17:06:56.206123" elapsed="0.001049"/>
</kw>
<kw name="Set Global Variable" owner="BuiltIn">
<msg time="2025-06-05T17:06:56.207172" level="INFO">${senha_atual} = senha123</msg>
<arg>${senha_atual}</arg>
<arg>senha123</arg>
<doc>Makes a variable available globally in all tests and suites.</doc>
<status status="PASS" start="2025-06-05T17:06:56.207172" elapsed="0.000000"/>
</kw>
<return>
<value>&amp;{payload}</value>
<status status="PASS" start="2025-06-05T17:06:56.207172" elapsed="0.000000"/>
</return>
<status status="PASS" start="2025-06-05T17:06:56.201839" elapsed="0.005333"/>
</kw>
<kw name="POST Endpoint /usuarios" owner="usuario_keywords">
<kw name="POST On Session" owner="RequestsLibrary">
<msg time="2025-06-05T17:06:56.579758" level="INFO">POST Request : url=https://serverest.dev/usuarios 
 path_url=/usuarios 
 headers={'User-Agent': 'python-requests/2.32.3', 'Accept-Encoding': 'gzip, deflate', 'Accept': '*/*', 'Connection': 'keep-alive', 'Content-Length': '109', 'Content-Type': 'application/json'} 
 body=b'{"nome": "Michael Gonzalez", "email": "kevin85@example.net", "password": "senha123", "administrador": "true"}' 
 </msg>
<msg time="2025-06-05T17:06:56.579758" level="INFO">POST Response : url=https://serverest.dev/usuarios 
 status=201, reason=Created 
 headers={'access-control-allow-origin': '*', 'x-dns-prefetch-control': 'off', 'x-frame-options': 'SAMEORIGIN', 'strict-transport-security': 'max-age=15552000; includeSubDomains', 'x-download-options': 'noopen', 'x-content-type-options': 'nosniff', 'x-xss-protection': '1; mode=block', 'content-type': 'application/json; charset=utf-8', 'x-cloud-trace-context': 'cec88745c26518c325a21835651baab7', 'date': 'Thu, 05 Jun 2025 20:06:57 GMT', 'server': 'Google Frontend', 'Content-Length': '82'} 
 body={
    "message": "Cadastro realizado com sucesso",
    "_id": "OE3yxx2lf0kdavCK"
} 
 </msg>
<msg time="2025-06-05T17:06:56.579758" level="INFO">C:\Users\rapha\AppData\Local\Packages\PythonSoftwareFoundation.Python.3.11_qbz5n2kfra8p0\LocalCache\local-packages\Python311\site-packages\urllib3\connectionpool.py:1099: InsecureRequestWarning: Unverified HTTPS request is being made to host 'serverest.dev'. Adding certificate verification is strongly advised. See: https://urllib3.readthedocs.io/en/latest/advanced-usage.html#tls-warnings
  warnings.warn(</msg>
<msg time="2025-06-05T17:06:56.581224" level="INFO">${response} = &lt;Response [201]&gt;</msg>
<var>${response}</var>
<arg>Serverest</arg>
<arg>${ENDPOINT_USUARIOS}</arg>
<arg>json=&amp;{payload}</arg>
<doc>Sends a POST request on a previously created HTTP Session.</doc>
<status status="PASS" start="2025-06-05T17:06:56.208200" elapsed="0.373024"/>
</kw>
<kw name="Log To Console" owner="BuiltIn">
<arg>Response: ${response.content}</arg>
<doc>Logs the given message to the console.</doc>
<status status="PASS" start="2025-06-05T17:06:56.581783" elapsed="0.001539"/>
</kw>
<kw name="Set Global Variable" owner="BuiltIn">
<msg time="2025-06-05T17:06:56.584343" level="INFO">${response} = &lt;Response [201]&gt;</msg>
<arg>${response}</arg>
<doc>Makes a variable available globally in all tests and suites.</doc>
<status status="PASS" start="2025-06-05T17:06:56.583322" elapsed="0.001021"/>
</kw>
<kw name="Set Variable" owner="BuiltIn">
<msg time="2025-06-05T17:06:56.585362" level="INFO">${id_usuario} = OE3yxx2lf0kdavCK</msg>
<var>${id_usuario}</var>
<arg>${response.json()["_id"]}</arg>
<doc>Returns the given values which can then be assigned to a variables.</doc>
<status status="PASS" start="2025-06-05T17:06:56.584343" elapsed="0.001019"/>
</kw>
<kw name="Set Global Variable" owner="BuiltIn">
<msg time="2025-06-05T17:06:56.586364" level="INFO">${ID_USUARIO_ATUAL} = OE3yxx2lf0kdavCK</msg>
<arg>${ID_USUARIO_ATUAL}</arg>
<arg>${id_usuario}</arg>
<doc>Makes a variable available globally in all tests and suites.</doc>
<status status="PASS" start="2025-06-05T17:06:56.585362" elapsed="0.001002"/>
</kw>
<kw name="Log To Console" owner="BuiltIn">
<arg>ID do usuário atual: ${ID_USUARIO_ATUAL}</arg>
<doc>Logs the given message to the console.</doc>
<status status="PASS" start="2025-06-05T17:06:56.586879" elapsed="0.000474"/>
</kw>
<status status="PASS" start="2025-06-05T17:06:56.207172" elapsed="0.380181"/>
</kw>
<kw name="POST Endpoint /login" owner="login_keywords">
<kw name="Create Dictionary" owner="BuiltIn">
<msg time="2025-06-05T17:06:56.587353" level="INFO">&amp;{payload} = { email=kevin85@example.net | password=senha123 }</msg>
<var>&amp;{payload}</var>
<arg>email=${email_atual}</arg>
<arg>password=${senha_atual}</arg>
<doc>Creates and returns a dictionary based on the given ``items``.</doc>
<status status="PASS" start="2025-06-05T17:06:56.587353" elapsed="0.000000"/>
</kw>
<kw name="POST On Session" owner="RequestsLibrary">
<msg time="2025-06-05T17:06:56.772263" level="INFO">POST Request : url=https://serverest.dev/login 
 path_url=/login 
 headers={'User-Agent': 'python-requests/2.32.3', 'Accept-Encoding': 'gzip, deflate', 'Accept': '*/*', 'Connection': 'keep-alive', 'Content-Length': '56', 'Content-Type': 'application/json'} 
 body=b'{"email": "kevin85@example.net", "password": "senha123"}' 
 </msg>
<msg time="2025-06-05T17:06:56.772263" level="INFO">POST Response : url=https://serverest.dev/login 
 status=200, reason=OK 
 headers={'access-control-allow-origin': '*', 'x-dns-prefetch-control': 'off', 'x-frame-options': 'SAMEORIGIN', 'strict-transport-security': 'max-age=15552000; includeSubDomains', 'x-download-options': 'noopen', 'x-content-type-options': 'nosniff', 'x-xss-protection': '1; mode=block', 'content-type': 'application/json; charset=utf-8', 'x-cloud-trace-context': '677d4d3dfadb2cfc25a21835651bad21', 'date': 'Thu, 05 Jun 2025 20:06:57 GMT', 'server': 'Google Frontend', 'Content-Length': '277'} 
 body={
    "message": "Login realizado com sucesso",
    "authorization": "Bearer eyJhbGciOiJIUzI1NiIsInR5cCI6IkpXVCJ9.eyJlbWFpbCI6ImtldmluODVAZXhhbXBsZS5uZXQiLCJwYXNzd29yZCI6InNlbmhhMTIzIiwiaWF0IjoxNzQ5MTU0MDE3LCJleHAiOjE3NDkxNTQ2MTd9.QQSpetDmwYY4XWeppei_0O5Bzy9NGoTDWXr4oBFljyc"
} 
 </msg>
<msg time="2025-06-05T17:06:56.772263" level="INFO">C:\Users\rapha\AppData\Local\Packages\PythonSoftwareFoundation.Python.3.11_qbz5n2kfra8p0\LocalCache\local-packages\Python311\site-packages\urllib3\connectionpool.py:1099: InsecureRequestWarning: Unverified HTTPS request is being made to host 'serverest.dev'. Adding certificate verification is strongly advised. See: https://urllib3.readthedocs.io/en/latest/advanced-usage.html#tls-warnings
  warnings.warn(</msg>
<msg time="2025-06-05T17:06:56.772263" level="INFO">${response} = &lt;Response [200]&gt;</msg>
<var>${response}</var>
<arg>Serverest</arg>
<arg>${ENDPOINT_LOGIN}</arg>
<arg>json=&amp;{payload}</arg>
<doc>Sends a POST request on a previously created HTTP Session.</doc>
<status status="PASS" start="2025-06-05T17:06:56.587353" elapsed="0.184910"/>
</kw>
<kw name="Set Global Variable" owner="BuiltIn">
<msg time="2025-06-05T17:06:56.773587" level="INFO">${response} = &lt;Response [200]&gt;</msg>
<arg>${response}</arg>
<doc>Makes a variable available globally in all tests and suites.</doc>
<status status="PASS" start="2025-06-05T17:06:56.773587" elapsed="0.000000"/>
</kw>
<kw name="Log To Console" owner="BuiltIn">
<arg>Response:</arg>
<arg>${response.content}</arg>
<doc>Logs the given message to the console.</doc>
<status status="PASS" start="2025-06-05T17:06:56.773587" elapsed="0.001840"/>
</kw>
<kw name="Log To Console" owner="BuiltIn">
<arg>Token: ${response.json()["authorization"]}</arg>
<doc>Logs the given message to the console.</doc>
<status status="PASS" start="2025-06-05T17:06:56.775427" elapsed="0.001276"/>
</kw>
<kw name="Set Variable" owner="BuiltIn">
<msg time="2025-06-05T17:06:56.776703" level="INFO">${token} = Bearer eyJhbGciOiJIUzI1NiIsInR5cCI6IkpXVCJ9.eyJlbWFpbCI6ImtldmluODVAZXhhbXBsZS5uZXQiLCJwYXNzd29yZCI6InNlbmhhMTIzIiwiaWF0IjoxNzQ5MTU0MDE3LCJleHAiOjE3NDkxNTQ2MTd9.QQSpetDmwYY4XWeppei_0O5Bzy9NGoTDWXr4oBF...</msg>
<var>${token}</var>
<arg>${response.json()["authorization"]}</arg>
<doc>Returns the given values which can then be assigned to a variables.</doc>
<status status="PASS" start="2025-06-05T17:06:56.776703" elapsed="0.000000"/>
</kw>
<kw name="Set Suite Variable" owner="BuiltIn">
<msg time="2025-06-05T17:06:56.776703" level="INFO">${TOKEN_AUTH_ATUAL} = Bearer eyJhbGciOiJIUzI1NiIsInR5cCI6IkpXVCJ9.eyJlbWFpbCI6ImtldmluODVAZXhhbXBsZS5uZXQiLCJwYXNzd29yZCI6InNlbmhhMTIzIiwiaWF0IjoxNzQ5MTU0MDE3LCJleHAiOjE3NDkxNTQ2MTd9.QQSpetDmwYY4XWeppei_0O5Bzy9NGoTDWXr4oBF...</msg>
<arg>${TOKEN_AUTH_ATUAL}</arg>
<arg>${token}</arg>
<doc>Makes a variable available everywhere within the scope of the current suite.</doc>
<status status="PASS" start="2025-06-05T17:06:56.776703" elapsed="0.000000"/>
</kw>
<kw name="Log To Console" owner="BuiltIn">
<arg>Token atual: ${TOKEN_AUTH_ATUAL}</arg>
<doc>Logs the given message to the console.</doc>
<status status="PASS" start="2025-06-05T17:06:56.777836" elapsed="0.000000"/>
</kw>
<status status="PASS" start="2025-06-05T17:06:56.587353" elapsed="0.190483"/>
</kw>
<kw name="Validar Ter Logado" owner="login_keywords">
<kw name="Should Be Equal" owner="BuiltIn">
<arg>${response.json()["message"]}</arg>
<arg>Login realizado com sucesso</arg>
<doc>Fails if the given objects are unequal.</doc>
<status status="PASS" start="2025-06-05T17:06:56.778843" elapsed="0.000000"/>
</kw>
<kw name="Should Not Be Empty" owner="BuiltIn">
<msg time="2025-06-05T17:06:56.778843" level="INFO">Length is 204.</msg>
<arg>${response.json()["authorization"]}</arg>
<doc>Verifies that the given item is not empty.</doc>
<status status="PASS" start="2025-06-05T17:06:56.778843" elapsed="0.000000"/>
</kw>
<status status="PASS" start="2025-06-05T17:06:56.777836" elapsed="0.001007"/>
</kw>
<status status="PASS" start="2025-06-05T17:06:56.200839" elapsed="0.578004"/>
</kw>
<kw name="DELETE Endpoint /usuarios" owner="usuario_keywords">
<kw name="DELETE On Session" owner="RequestsLibrary">
<msg time="2025-06-05T17:06:56.976343" level="INFO">DELETE Request : url=https://serverest.dev/usuarios/OE3yxx2lf0kdavCK 
 path_url=/usuarios/OE3yxx2lf0kdavCK 
 headers={'User-Agent': 'python-requests/2.32.3', 'Accept-Encoding': 'gzip, deflate', 'Accept': '*/*', 'Connection': 'keep-alive', 'Content-Length': '0'} 
 body=None 
 </msg>
<msg time="2025-06-05T17:06:56.976343" level="INFO">DELETE Response : url=https://serverest.dev/usuarios/OE3yxx2lf0kdavCK 
 status=200, reason=OK 
 headers={'access-control-allow-origin': '*', 'x-dns-prefetch-control': 'off', 'x-frame-options': 'SAMEORIGIN', 'strict-transport-security': 'max-age=15552000; includeSubDomains', 'x-download-options': 'noopen', 'x-content-type-options': 'nosniff', 'x-xss-protection': '1; mode=block', 'content-type': 'application/json; charset=utf-8', 'x-cloud-trace-context': '4cec443df6ab44e525a21835651ba6e9', 'date': 'Thu, 05 Jun 2025 20:06:57 GMT', 'server': 'Google Frontend', 'Content-Length': '51'} 
 body={
    "message": "Registro excluído com sucesso"
} 
 </msg>
<msg time="2025-06-05T17:06:56.976343" level="INFO">C:\Users\rapha\AppData\Local\Packages\PythonSoftwareFoundation.Python.3.11_qbz5n2kfra8p0\LocalCache\local-packages\Python311\site-packages\urllib3\connectionpool.py:1099: InsecureRequestWarning: Unverified HTTPS request is being made to host 'serverest.dev'. Adding certificate verification is strongly advised. See: https://urllib3.readthedocs.io/en/latest/advanced-usage.html#tls-warnings
  warnings.warn(</msg>
<msg time="2025-06-05T17:06:56.977382" level="INFO">${response} = &lt;Response [200]&gt;</msg>
<var>${response}</var>
<arg>Serverest</arg>
<arg>${ENDPOINT_USUARIOS}/${ID_USUARIO_ATUAL}</arg>
<doc>Sends a DELETE request on a previously created HTTP Session.</doc>
<status status="PASS" start="2025-06-05T17:06:56.780225" elapsed="0.197157"/>
</kw>
<status status="PASS" start="2025-06-05T17:06:56.780225" elapsed="0.197157"/>
</kw>
<kw name="Validar Mensagem Contem" owner="common">
<kw name="Should Contain" owner="BuiltIn">
<arg>${response.json()["message"]}</arg>
<arg>${palavra}</arg>
<doc>Fails if ``container`` does not contain ``item`` one or more times.</doc>
<status status="PASS" start="2025-06-05T17:06:56.978397" elapsed="0.001091"/>
</kw>
<arg>sucesso</arg>
<status status="PASS" start="2025-06-05T17:06:56.978397" elapsed="0.002188"/>
</kw>
<kw name="Validar Status Code" owner="common">
<kw name="Should Be True" owner="BuiltIn">
<arg>${response.status_code} == ${statuscode}</arg>
<doc>Fails if the given condition is not true.</doc>
<status status="PASS" start="2025-06-05T17:06:56.980585" elapsed="0.001515"/>
</kw>
<arg>200</arg>
<status status="PASS" start="2025-06-05T17:06:56.980585" elapsed="0.001515"/>
</kw>
<tag>deletar_usuarios</tag>
<tag>todos</tag>
<status status="PASS" start="2025-06-05T17:06:56.198657" elapsed="0.783443"/>
</test>
<test id="s1-t6" name="Cenario: POST Realizar login 200" line="54">
<kw name="Criar Sessao" owner="common" type="SETUP">
<kw name="Log To Console" owner="BuiltIn">
<arg>Criando sessão com a API Serverest</arg>
<doc>Logs the given message to the console.</doc>
<status status="PASS" start="2025-06-05T17:06:56.984638" elapsed="0.000000"/>
</kw>
<kw name="Create Session" owner="RequestsLibrary">
<msg time="2025-06-05T17:06:56.985689" level="INFO">Creating Session using : alias=Serverest, url=https://serverest.dev, headers={},                     cookies={}, auth=None, timeout=None, proxies=None, verify=False,                     debug=0 </msg>
<arg>Serverest</arg>
<arg>${BASE_URL}</arg>
<doc>Create Session: create a HTTP session to a server</doc>
<status status="PASS" start="2025-06-05T17:06:56.984638" elapsed="0.001051"/>
</kw>
<status status="PASS" start="2025-06-05T17:06:56.984638" elapsed="0.001051"/>
</kw>
<kw name="Criar Usuario e Logar" owner="common">
<kw name="Cadastrar Dados Usuario Valido" owner="dynamics">
<kw name="Name" owner="FakerLibrary">
<msg time="2025-06-05T17:06:56.986693" level="INFO">${nome} = Jennifer Chavez</msg>
<var>${nome}</var>
<doc>:example: 'John Doe'</doc>
<status status="PASS" start="2025-06-05T17:06:56.986693" elapsed="0.000000"/>
</kw>
<kw name="Email" owner="FakerLibrary">
<msg time="2025-06-05T17:06:56.988074" level="INFO">${email} = christopherstevenson@example.com</msg>
<var>${email}</var>
<status status="PASS" start="2025-06-05T17:06:56.986693" elapsed="0.001381"/>
</kw>
<kw name="Create Dictionary" owner="BuiltIn">
<msg time="2025-06-05T17:06:56.988074" level="INFO">&amp;{payload} = { nome=Jennifer Chavez | email=christopherstevenson@example.com | password=senha123 | administrador=true }</msg>
<var>&amp;{payload}</var>
<arg>nome=${nome}</arg>
<arg>email=${email}</arg>
<arg>password=senha123</arg>
<arg>administrador=true</arg>
<doc>Creates and returns a dictionary based on the given ``items``.</doc>
<status status="PASS" start="2025-06-05T17:06:56.988074" elapsed="0.000000"/>
</kw>
<kw name="Log To Console" owner="BuiltIn">
<arg>${payload}</arg>
<doc>Logs the given message to the console.</doc>
<status status="PASS" start="2025-06-05T17:06:56.988074" elapsed="0.000000"/>
</kw>
<kw name="Set Global Variable" owner="BuiltIn">
<msg time="2025-06-05T17:06:56.989193" level="INFO">&amp;{payload} = { nome=Jennifer Chavez | email=christopherstevenson@example.com | password=senha123 | administrador=true }</msg>
<arg>&amp;{payload}</arg>
<doc>Makes a variable available globally in all tests and suites.</doc>
<status status="PASS" start="2025-06-05T17:06:56.988074" elapsed="0.001119"/>
</kw>
<kw name="Set Global Variable" owner="BuiltIn">
<msg time="2025-06-05T17:06:56.989193" level="INFO">${email_atual} = christopherstevenson@example.com</msg>
<arg>${email_atual}</arg>
<arg>${email}</arg>
<doc>Makes a variable available globally in all tests and suites.</doc>
<status status="PASS" start="2025-06-05T17:06:56.989193" elapsed="0.000000"/>
</kw>
<kw name="Set Global Variable" owner="BuiltIn">
<msg time="2025-06-05T17:06:56.989193" level="INFO">${senha_atual} = senha123</msg>
<arg>${senha_atual}</arg>
<arg>senha123</arg>
<doc>Makes a variable available globally in all tests and suites.</doc>
<status status="PASS" start="2025-06-05T17:06:56.989193" elapsed="0.000000"/>
</kw>
<return>
<value>&amp;{payload}</value>
<status status="PASS" start="2025-06-05T17:06:56.990497" elapsed="0.000000"/>
</return>
<status status="PASS" start="2025-06-05T17:06:56.986693" elapsed="0.003804"/>
</kw>
<kw name="POST Endpoint /usuarios" owner="usuario_keywords">
<kw name="POST On Session" owner="RequestsLibrary">
<msg time="2025-06-05T17:06:57.442099" level="INFO">POST Request : url=https://serverest.dev/usuarios 
 path_url=/usuarios 
 headers={'User-Agent': 'python-requests/2.32.3', 'Accept-Encoding': 'gzip, deflate', 'Accept': '*/*', 'Connection': 'keep-alive', 'Content-Length': '121', 'Content-Type': 'application/json'} 
 body=b'{"nome": "Jennifer Chavez", "email": "christopherstevenson@example.com", "password": "senha123", "administrador": "true"}' 
 </msg>
<msg time="2025-06-05T17:06:57.442099" level="INFO">POST Response : url=https://serverest.dev/usuarios 
 status=201, reason=Created 
 headers={'access-control-allow-origin': '*', 'x-dns-prefetch-control': 'off', 'x-frame-options': 'SAMEORIGIN', 'strict-transport-security': 'max-age=15552000; includeSubDomains', 'x-download-options': 'noopen', 'x-content-type-options': 'nosniff', 'x-xss-protection': '1; mode=block', 'content-type': 'application/json; charset=utf-8', 'x-cloud-trace-context': 'e2d64e4a8266087b8f4a02d3d06f656e', 'date': 'Thu, 05 Jun 2025 20:06:57 GMT', 'server': 'Google Frontend', 'Content-Length': '82'} 
 body={
    "message": "Cadastro realizado com sucesso",
    "_id": "dw9jthE713SQ2ClM"
} 
 </msg>
<msg time="2025-06-05T17:06:57.442099" level="INFO">C:\Users\rapha\AppData\Local\Packages\PythonSoftwareFoundation.Python.3.11_qbz5n2kfra8p0\LocalCache\local-packages\Python311\site-packages\urllib3\connectionpool.py:1099: InsecureRequestWarning: Unverified HTTPS request is being made to host 'serverest.dev'. Adding certificate verification is strongly advised. See: https://urllib3.readthedocs.io/en/latest/advanced-usage.html#tls-warnings
  warnings.warn(</msg>
<msg time="2025-06-05T17:06:57.443328" level="INFO">${response} = &lt;Response [201]&gt;</msg>
<var>${response}</var>
<arg>Serverest</arg>
<arg>${ENDPOINT_USUARIOS}</arg>
<arg>json=&amp;{payload}</arg>
<doc>Sends a POST request on a previously created HTTP Session.</doc>
<status status="PASS" start="2025-06-05T17:06:56.990497" elapsed="0.452831"/>
</kw>
<kw name="Log To Console" owner="BuiltIn">
<arg>Response: ${response.content}</arg>
<doc>Logs the given message to the console.</doc>
<status status="PASS" start="2025-06-05T17:06:57.443328" elapsed="0.001275"/>
</kw>
<kw name="Set Global Variable" owner="BuiltIn">
<msg time="2025-06-05T17:06:57.444603" level="INFO">${response} = &lt;Response [201]&gt;</msg>
<arg>${response}</arg>
<doc>Makes a variable available globally in all tests and suites.</doc>
<status status="PASS" start="2025-06-05T17:06:57.444603" elapsed="0.000000"/>
</kw>
<kw name="Set Variable" owner="BuiltIn">
<msg time="2025-06-05T17:06:57.445607" level="INFO">${id_usuario} = dw9jthE713SQ2ClM</msg>
<var>${id_usuario}</var>
<arg>${response.json()["_id"]}</arg>
<doc>Returns the given values which can then be assigned to a variables.</doc>
<status status="PASS" start="2025-06-05T17:06:57.444603" elapsed="0.001004"/>
</kw>
<kw name="Set Global Variable" owner="BuiltIn">
<msg time="2025-06-05T17:06:57.445607" level="INFO">${ID_USUARIO_ATUAL} = dw9jthE713SQ2ClM</msg>
<arg>${ID_USUARIO_ATUAL}</arg>
<arg>${id_usuario}</arg>
<doc>Makes a variable available globally in all tests and suites.</doc>
<status status="PASS" start="2025-06-05T17:06:57.445607" elapsed="0.000000"/>
</kw>
<kw name="Log To Console" owner="BuiltIn">
<arg>ID do usuário atual: ${ID_USUARIO_ATUAL}</arg>
<doc>Logs the given message to the console.</doc>
<status status="PASS" start="2025-06-05T17:06:57.446607" elapsed="0.000512"/>
</kw>
<status status="PASS" start="2025-06-05T17:06:56.990497" elapsed="0.456622"/>
</kw>
<kw name="POST Endpoint /login" owner="login_keywords">
<kw name="Create Dictionary" owner="BuiltIn">
<msg time="2025-06-05T17:06:57.447119" level="INFO">&amp;{payload} = { email=christopherstevenson@example.com | password=senha123 }</msg>
<var>&amp;{payload}</var>
<arg>email=${email_atual}</arg>
[...]
<status status="PASS" start="2025-06-05T17:07:07.492960" elapsed="0.001054"/>
</return>
<status status="PASS" start="2025-06-05T17:07:07.488736" elapsed="0.005278"/>
</kw>
<kw name="POST Endpoint /usuarios" owner="usuario_keywords">
<kw name="POST On Session" owner="RequestsLibrary">
<msg time="2025-06-05T17:07:07.858660" level="INFO">POST Request : url=https://serverest.dev/usuarios 
 path_url=/usuarios 
 headers={'User-Agent': 'python-requests/2.32.3', 'Accept-Encoding': 'gzip, deflate', 'Accept': '*/*', 'Connection': 'keep-alive', 'Content-Length': '113', 'Content-Type': 'application/json'} 
 body=b'{"nome": "Robert Lewis", "email": "dorothyespinoza@example.com", "password": "senha123", "administrador": "true"}' 
 </msg>
<msg time="2025-06-05T17:07:07.858660" level="INFO">POST Response : url=https://serverest.dev/usuarios 
 status=201, reason=Created 
 headers={'access-control-allow-origin': '*', 'x-dns-prefetch-control': 'off', 'x-frame-options': 'SAMEORIGIN', 'strict-transport-security': 'max-age=15552000; includeSubDomains', 'x-download-options': 'noopen', 'x-content-type-options': 'nosniff', 'x-xss-protection': '1; mode=block', 'content-type': 'application/json; charset=utf-8', 'x-cloud-trace-context': '430df5ac0a1355f3d434c822264b72a4', 'date': 'Thu, 05 Jun 2025 20:07:08 GMT', 'server': 'Google Frontend', 'Content-Length': '82'} 
 body={
    "message": "Cadastro realizado com sucesso",
    "_id": "s9xsmwxJAus32hCZ"
} 
 </msg>
<msg time="2025-06-05T17:07:07.858660" level="INFO">C:\Users\rapha\AppData\Local\Packages\PythonSoftwareFoundation.Python.3.11_qbz5n2kfra8p0\LocalCache\local-packages\Python311\site-packages\urllib3\connectionpool.py:1099: InsecureRequestWarning: Unverified HTTPS request is being made to host 'serverest.dev'. Adding certificate verification is strongly advised. See: https://urllib3.readthedocs.io/en/latest/advanced-usage.html#tls-warnings
  warnings.warn(</msg>
<msg time="2025-06-05T17:07:07.859958" level="INFO">${response} = &lt;Response [201]&gt;</msg>
<var>${response}</var>
<arg>Serverest</arg>
<arg>${ENDPOINT_USUARIOS}</arg>
<arg>json=&amp;{payload}</arg>
<doc>Sends a POST request on a previously created HTTP Session.</doc>
<status status="PASS" start="2025-06-05T17:07:07.494014" elapsed="0.365944"/>
</kw>
<kw name="Log To Console" owner="BuiltIn">
<arg>Response: ${response.content}</arg>
<doc>Logs the given message to the console.</doc>
<status status="PASS" start="2025-06-05T17:07:07.859958" elapsed="0.002007"/>
</kw>
<kw name="Set Global Variable" owner="BuiltIn">
<msg time="2025-06-05T17:07:07.861965" level="INFO">${response} = &lt;Response [201]&gt;</msg>
<arg>${response}</arg>
<doc>Makes a variable available globally in all tests and suites.</doc>
<status status="PASS" start="2025-06-05T17:07:07.861965" elapsed="0.000600"/>
</kw>
<kw name="Set Variable" owner="BuiltIn">
<msg time="2025-06-05T17:07:07.862565" level="INFO">${id_usuario} = s9xsmwxJAus32hCZ</msg>
<var>${id_usuario}</var>
<arg>${response.json()["_id"]}</arg>
<doc>Returns the given values which can then be assigned to a variables.</doc>
<status status="PASS" start="2025-06-05T17:07:07.862565" elapsed="0.000000"/>
</kw>
<kw name="Set Global Variable" owner="BuiltIn">
<msg time="2025-06-05T17:07:07.863659" level="INFO">${ID_USUARIO_ATUAL} = s9xsmwxJAus32hCZ</msg>
<arg>${ID_USUARIO_ATUAL}</arg>
<arg>${id_usuario}</arg>
<doc>Makes a variable available globally in all tests and suites.</doc>
<status status="PASS" start="2025-06-05T17:07:07.862565" elapsed="0.001094"/>
</kw>
<kw name="Log To Console" owner="BuiltIn">
<arg>ID do usuário atual: ${ID_USUARIO_ATUAL}</arg>
<doc>Logs the given message to the console.</doc>
<status status="PASS" start="2025-06-05T17:07:07.863659" elapsed="0.000000"/>
</kw>
<status status="PASS" start="2025-06-05T17:07:07.494014" elapsed="0.369645"/>
</kw>
<kw name="POST Endpoint /login" owner="login_keywords">
<kw name="Create Dictionary" owner="BuiltIn">
<msg time="2025-06-05T17:07:07.864734" level="INFO">&amp;{payload} = { email=dorothyespinoza@example.com | password=senha123 }</msg>
<var>&amp;{payload}</var>
<arg>email=${email_atual}</arg>
<arg>password=${senha_atual}</arg>
<doc>Creates and returns a dictionary based on the given ``items``.</doc>
<status status="PASS" start="2025-06-05T17:07:07.864734" elapsed="0.000000"/>
</kw>
<kw name="POST On Session" owner="RequestsLibrary">
<msg time="2025-06-05T17:07:08.041699" level="INFO">POST Request : url=https://serverest.dev/login 
 path_url=/login 
 headers={'User-Agent': 'python-requests/2.32.3', 'Accept-Encoding': 'gzip, deflate', 'Accept': '*/*', 'Connection': 'keep-alive', 'Content-Length': '64', 'Content-Type': 'application/json'} 
 body=b'{"email": "dorothyespinoza@example.com", "password": "senha123"}' 
 </msg>
<msg time="2025-06-05T17:07:08.041699" level="INFO">POST Response : url=https://serverest.dev/login 
 status=200, reason=OK 
 headers={'access-control-allow-origin': '*', 'x-dns-prefetch-control': 'off', 'x-frame-options': 'SAMEORIGIN', 'strict-transport-security': 'max-age=15552000; includeSubDomains', 'x-download-options': 'noopen', 'x-content-type-options': 'nosniff', 'x-xss-protection': '1; mode=block', 'content-type': 'application/json; charset=utf-8', 'x-cloud-trace-context': 'f76e22423a2a53b0d434c822264b71b2', 'date': 'Thu, 05 Jun 2025 20:07:08 GMT', 'server': 'Google Frontend', 'Content-Length': '288'} 
 body={
    "message": "Login realizado com sucesso",
    "authorization": "Bearer eyJhbGciOiJIUzI1NiIsInR5cCI6IkpXVCJ9.eyJlbWFpbCI6ImRvcm90aHllc3Bpbm96YUBleGFtcGxlLmNvbSIsInBhc3N3b3JkIjoic2VuaGExMjMiLCJpYXQiOjE3NDkxNTQwMjgsImV4cCI6MTc0OTE1NDYyOH0.kD82l_y99mgvID8V02sed6XnYJDWEfmfwdWRBGRr978"
} 
 </msg>
<msg time="2025-06-05T17:07:08.041699" level="INFO">C:\Users\rapha\AppData\Local\Packages\PythonSoftwareFoundation.Python.3.11_qbz5n2kfra8p0\LocalCache\local-packages\Python311\site-packages\urllib3\connectionpool.py:1099: InsecureRequestWarning: Unverified HTTPS request is being made to host 'serverest.dev'. Adding certificate verification is strongly advised. See: https://urllib3.readthedocs.io/en/latest/advanced-usage.html#tls-warnings
  warnings.warn(</msg>
<msg time="2025-06-05T17:07:08.043174" level="INFO">${response} = &lt;Response [200]&gt;</msg>
<var>${response}</var>
<arg>Serverest</arg>
<arg>${ENDPOINT_LOGIN}</arg>
<arg>json=&amp;{payload}</arg>
<doc>Sends a POST request on a previously created HTTP Session.</doc>
<status status="PASS" start="2025-06-05T17:07:07.864734" elapsed="0.178440"/>
</kw>
<kw name="Set Global Variable" owner="BuiltIn">
<msg time="2025-06-05T17:07:08.043174" level="INFO">${response} = &lt;Response [200]&gt;</msg>
<arg>${response}</arg>
<doc>Makes a variable available globally in all tests and suites.</doc>
<status status="PASS" start="2025-06-05T17:07:08.043174" elapsed="0.000000"/>
</kw>
<kw name="Log To Console" owner="BuiltIn">
<arg>Response:</arg>
<arg>${response.content}</arg>
<doc>Logs the given message to the console.</doc>
<status status="PASS" start="2025-06-05T17:07:08.043174" elapsed="0.001209"/>
</kw>
<kw name="Log To Console" owner="BuiltIn">
<arg>Token: ${response.json()["authorization"]}</arg>
<doc>Logs the given message to the console.</doc>
<status status="PASS" start="2025-06-05T17:07:08.044383" elapsed="0.000736"/>
</kw>
<kw name="Set Variable" owner="BuiltIn">
<msg time="2025-06-05T17:07:08.045119" level="INFO">${token} = Bearer eyJhbGciOiJIUzI1NiIsInR5cCI6IkpXVCJ9.eyJlbWFpbCI6ImRvcm90aHllc3Bpbm96YUBleGFtcGxlLmNvbSIsInBhc3N3b3JkIjoic2VuaGExMjMiLCJpYXQiOjE3NDkxNTQwMjgsImV4cCI6MTc0OTE1NDYyOH0.kD82l_y99mgvID8V02sed6XnYJDW...</msg>
<var>${token}</var>
<arg>${response.json()["authorization"]}</arg>
<doc>Returns the given values which can then be assigned to a variables.</doc>
<status status="PASS" start="2025-06-05T17:07:08.045119" elapsed="0.000000"/>
</kw>
<kw name="Set Suite Variable" owner="BuiltIn">
<msg time="2025-06-05T17:07:08.045119" level="INFO">${TOKEN_AUTH_ATUAL} = Bearer eyJhbGciOiJIUzI1NiIsInR5cCI6IkpXVCJ9.eyJlbWFpbCI6ImRvcm90aHllc3Bpbm96YUBleGFtcGxlLmNvbSIsInBhc3N3b3JkIjoic2VuaGExMjMiLCJpYXQiOjE3NDkxNTQwMjgsImV4cCI6MTc0OTE1NDYyOH0.kD82l_y99mgvID8V02sed6XnYJDW...</msg>
<arg>${TOKEN_AUTH_ATUAL}</arg>
<arg>${token}</arg>
<doc>Makes a variable available everywhere within the scope of the current suite.</doc>
<status status="PASS" start="2025-06-05T17:07:08.045119" elapsed="0.000000"/>
</kw>
<kw name="Log To Console" owner="BuiltIn">
<arg>Token atual: ${TOKEN_AUTH_ATUAL}</arg>
<doc>Logs the given message to the console.</doc>
<status status="PASS" start="2025-06-05T17:07:08.045119" elapsed="0.001124"/>
</kw>
<status status="PASS" start="2025-06-05T17:07:07.864734" elapsed="0.181509"/>
</kw>
<kw name="Validar Ter Logado" owner="login_keywords">
<kw name="Should Be Equal" owner="BuiltIn">
<arg>${response.json()["message"]}</arg>
<arg>Login realizado com sucesso</arg>
<doc>Fails if the given objects are unequal.</doc>
<status status="PASS" start="2025-06-05T17:07:08.046243" elapsed="0.000000"/>
</kw>
<kw name="Should Not Be Empty" owner="BuiltIn">
<msg time="2025-06-05T17:07:08.047342" level="INFO">Length is 215.</msg>
<arg>${response.json()["authorization"]}</arg>
<doc>Verifies that the given item is not empty.</doc>
<status status="PASS" start="2025-06-05T17:07:08.046243" elapsed="0.001099"/>
</kw>
<status status="PASS" start="2025-06-05T17:07:08.046243" elapsed="0.001099"/>
</kw>
<status status="PASS" start="2025-06-05T17:07:07.488736" elapsed="0.558606"/>
</kw>
<kw name="POST Endpoint /produtos float" owner="produtos_keywords">
<kw name="Criar Produto com Valor Float" owner="dynamics">
<kw name="Gerar Float Aleatório Com Precisão" owner="dynamics">
<kw name="Evaluate" owner="BuiltIn">
<msg time="2025-06-05T17:07:08.048448" level="INFO">${preco_aleatorio} = 265.05</msg>
<var>${preco_aleatorio}</var>
<arg>round(random.uniform(${MIN}, ${MAX}), ${PRECISAO})</arg>
<arg>modules=random</arg>
<doc>Evaluates the given expression in Python and returns the result.</doc>
<status status="PASS" start="2025-06-05T17:07:08.047342" elapsed="0.001106"/>
</kw>
<kw name="Log To Console" owner="BuiltIn">
<arg>Preço aleatório gerado: ${preco_aleatorio}</arg>
<doc>Logs the given message to the console.</doc>
<status status="PASS" start="2025-06-05T17:07:08.048448" elapsed="0.000000"/>
</kw>
<kw name="Set Global Variable" owner="BuiltIn">
<msg time="2025-06-05T17:07:08.048448" level="INFO">${preco_aleatorio} = 265.05</msg>
<arg>${preco_aleatorio}</arg>
<doc>Makes a variable available globally in all tests and suites.</doc>
<status status="PASS" start="2025-06-05T17:07:08.048448" elapsed="0.000000"/>
</kw>
<status status="PASS" start="2025-06-05T17:07:08.047342" elapsed="0.001106"/>
</kw>
<kw name="Cadastrar Produto Valido" owner="dynamics">
<kw name="Company" owner="FakerLibrary">
<msg time="2025-06-05T17:07:08.049455" level="INFO">${nome_produto} = Briggs Ltd</msg>
<var>${nome_produto}</var>
<doc>:example: 'Acme Ltd'</doc>
<status status="PASS" start="2025-06-05T17:07:08.049455" elapsed="0.000000"/>
</kw>
<kw name="Lexify" owner="FakerLibrary">
<msg time="2025-06-05T17:07:08.049455" level="INFO">${marca_produto} = Gcfv</msg>
<var>${marca_produto}</var>
<doc>Generate a string with each question mark ('?') in ``text``
replaced with a random character from ``letters``.</doc>
<status status="PASS" start="2025-06-05T17:07:08.049455" elapsed="0.000000"/>
</kw>
<kw name="Set Variable" owner="BuiltIn">
<msg time="2025-06-05T17:07:08.049455" level="INFO">${nome} = Gcfv Briggs Ltd</msg>
<var>${nome}</var>
<arg>${marca_produto} ${nome_produto}</arg>
<doc>Returns the given values which can then be assigned to a variables.</doc>
<status status="PASS" start="2025-06-05T17:07:08.049455" elapsed="0.000000"/>
</kw>
<kw name="Evaluate" owner="BuiltIn">
<msg time="2025-06-05T17:07:08.050640" level="INFO">${preco} = 186</msg>
<var>${preco}</var>
<arg>random.randint(100, 1000)</arg>
<arg>modules=random</arg>
<doc>Evaluates the given expression in Python and returns the result.</doc>
<status status="PASS" start="2025-06-05T17:07:08.049455" elapsed="0.001185"/>
</kw>
<kw name="Word" owner="FakerLibrary">
<msg time="2025-06-05T17:07:08.050640" level="INFO">${descricao} = project</msg>
<var>${descricao}</var>
<doc>Generate a word.</doc>
<status status="PASS" start="2025-06-05T17:07:08.050640" elapsed="0.000000"/>
</kw>
<kw name="Evaluate" owner="BuiltIn">
<msg time="2025-06-05T17:07:08.050640" level="INFO">${quantidade} = 36</msg>
<var>${quantidade}</var>
<arg>random.randint(1, 100)</arg>
<arg>modules=random</arg>
<doc>Evaluates the given expression in Python and returns the result.</doc>
<status status="PASS" start="2025-06-05T17:07:08.050640" elapsed="0.000000"/>
</kw>
<kw name="Create Dictionary" owner="BuiltIn">
<msg time="2025-06-05T17:07:08.050640" level="INFO">&amp;{produto} = { nome=Gcfv Briggs Ltd | preco=186 | descricao=project | quantidade=36 }</msg>
<var>&amp;{produto}</var>
<arg>nome=${nome}</arg>
<arg>preco=${preco}</arg>
<arg>descricao=${descricao}</arg>
<arg>quantidade=${quantidade}</arg>
<doc>Creates and returns a dictionary based on the given ``items``.</doc>
<status status="PASS" start="2025-06-05T17:07:08.050640" elapsed="0.000000"/>
</kw>
<kw name="Log To Console" owner="BuiltIn">
<arg>${produto}</arg>
<doc>Logs the given message to the console.</doc>
<status status="PASS" start="2025-06-05T17:07:08.050640" elapsed="0.000000"/>
</kw>
<kw name="Set Global Variable" owner="BuiltIn">
<msg time="2025-06-05T17:07:08.052148" level="INFO">&amp;{produto} = { nome=Gcfv Briggs Ltd | preco=186 | descricao=project | quantidade=36 }</msg>
<arg>&amp;{produto}</arg>
<doc>Makes a variable available globally in all tests and suites.</doc>
<status status="PASS" start="2025-06-05T17:07:08.052148" elapsed="0.000000"/>
</kw>
<return>
<value>&amp;{produto}</value>
<status status="PASS" start="2025-06-05T17:07:08.052148" elapsed="0.000000"/>
</return>
<status status="PASS" start="2025-06-05T17:07:08.049455" elapsed="0.002693"/>
</kw>
<kw name="Set To Dictionary" owner="Collections">
<arg>${produto}</arg>
<arg>preco=${preco_aleatorio}</arg>
<doc>Adds the given ``key_value_pairs`` and/or ``items`` to the ``dictionary``.</doc>
<status status="PASS" start="2025-06-05T17:07:08.052148" elapsed="0.000000"/>
</kw>
<kw name="Log To Console" owner="BuiltIn">
<arg>Preço aleatório gerado: ${preco_aleatorio}</arg>
<doc>Logs the given message to the console.</doc>
<status status="PASS" start="2025-06-05T17:07:08.052148" elapsed="0.000000"/>
</kw>
<kw name="Log To Console" owner="BuiltIn">
<arg>${produto}</arg>
<doc>Logs the given message to the console.</doc>
<status status="PASS" start="2025-06-05T17:07:08.052148" elapsed="0.001488"/>
</kw>
<status status="PASS" start="2025-06-05T17:07:08.047342" elapsed="0.006294"/>
</kw>
<kw name="Create Dictionary" owner="BuiltIn">
<msg time="2025-06-05T17:07:08.053636" level="INFO">&amp;{header} = { Authorization=Bearer eyJhbGciOiJIUzI1NiIsInR5cCI6IkpXVCJ9.eyJlbWFpbCI6ImRvcm90aHllc3Bpbm96YUBleGFtcGxlLmNvbSIsInBhc3N3b3JkIjoic2VuaGExMjMiLCJpYXQiOjE3NDkxNTQwMjgsImV4cCI6MTc0OTE1NDYyOH0.kD82l_y99mgv...</msg>
<var>&amp;{header}</var>
<arg>Authorization=${TOKEN_AUTH_ATUAL}</arg>
<doc>Creates and returns a dictionary based on the given ``items``.</doc>
<status status="PASS" start="2025-06-05T17:07:08.053636" elapsed="0.000000"/>
</kw>
<kw name="POST On Session" owner="RequestsLibrary">
<msg time="2025-06-05T17:07:08.237199" level="INFO">POST Request : url=https://serverest.dev/produtos 
 path_url=/produtos 
 headers={'User-Agent': 'python-requests/2.32.3', 'Accept-Encoding': 'gzip, deflate', 'Accept': '*/*', 'Connection': 'keep-alive', 'Authorization': 'Bearer eyJhbGciOiJIUzI1NiIsInR5cCI6IkpXVCJ9.eyJlbWFpbCI6ImRvcm90aHllc3Bpbm96YUBleGFtcGxlLmNvbSIsInBhc3N3b3JkIjoic2VuaGExMjMiLCJpYXQiOjE3NDkxNTQwMjgsImV4cCI6MTc0OTE1NDYyOH0.kD82l_y99mgvID8V02sed6XnYJDWEfmfwdWRBGRr978', 'Content-Length': '86', 'Content-Type': 'application/json'} 
 body=b'{"nome": "Gcfv Briggs Ltd", "preco": 265.05, "descricao": "project", "quantidade": 36}' 
 </msg>
<msg time="2025-06-05T17:07:08.238343" level="INFO">POST Response : url=https://serverest.dev/produtos 
 status=400, reason=Bad Request 
 headers={'access-control-allow-origin': '*', 'x-dns-prefetch-control': 'off', 'x-frame-options': 'SAMEORIGIN', 'strict-transport-security': 'max-age=15552000; includeSubDomains', 'x-download-options': 'noopen', 'x-content-type-options': 'nosniff', 'x-xss-protection': '1; mode=block', 'content-type': 'application/json; charset=utf-8', 'x-cloud-trace-context': '739304584e17dab63779514016ed2f7c', 'date': 'Thu, 05 Jun 2025 20:07:08 GMT', 'server': 'Google Frontend', 'Content-Length': '44'} 
 body={
    "preco": "preco deve ser um inteiro"
} 
 </msg>
<msg time="2025-06-05T17:07:08.238343" level="INFO">C:\Users\rapha\AppData\Local\Packages\PythonSoftwareFoundation.Python.3.11_qbz5n2kfra8p0\LocalCache\local-packages\Python311\site-packages\urllib3\connectionpool.py:1099: InsecureRequestWarning: Unverified HTTPS request is being made to host 'serverest.dev'. Adding certificate verification is strongly advised. See: https://urllib3.readthedocs.io/en/latest/advanced-usage.html#tls-warnings
  warnings.warn(</msg>
<msg time="2025-06-05T17:07:08.238805" level="FAIL">HTTPError: 400 Client Error: Bad Request for url: https://serverest.dev/produtos</msg>
<var>${response}</var>
<arg>Serverest</arg>
<arg>${ENDPOINT_PRODUTOS}</arg>
<arg>json=${produto}</arg>
<arg>headers=${header}</arg>
<doc>Sends a POST request on a previously created HTTP Session.</doc>
<status status="FAIL" start="2025-06-05T17:07:08.054745" elapsed="0.264910">HTTPError: 400 Client Error: Bad Request for url: https://serverest.dev/produtos</status>
</kw>
<kw name="Set Global Variable" owner="BuiltIn">
<arg>${response}</arg>
<doc>Makes a variable available globally in all tests and suites.</doc>
<status status="NOT RUN" start="2025-06-05T17:07:08.319655" elapsed="0.000000"/>
</kw>
<kw name="Log To Console" owner="BuiltIn">
<arg>${response.content}</arg>
<doc>Logs the given message to the console.</doc>
<status status="NOT RUN" start="2025-06-05T17:07:08.319655" elapsed="0.000000"/>
</kw>
<status status="FAIL" start="2025-06-05T17:07:08.047342" elapsed="0.273444">HTTPError: 400 Client Error: Bad Request for url: https://serverest.dev/produtos</status>
</kw>
<tag>produto_valor_float</tag>
<tag>todos</tag>
<status status="FAIL" start="2025-06-05T17:07:07.485652" elapsed="0.835134">HTTPError: 400 Client Error: Bad Request for url: https://serverest.dev/produtos</status>
</test>
<status status="FAIL" start="2025-06-05T17:06:52.420483" elapsed="15.902701"/>
</suite>
<statistics>
<total>
<stat pass="17" fail="2" skip="0">All Tests</stat>
</total>
<tag>
<stat pass="1" fail="0" skip="0">auth_invalido</stat>
<stat pass="1" fail="0" skip="0">buscar_carrinhos</stat>
<stat pass="1" fail="0" skip="0">buscar_produtos</stat>
<stat pass="1" fail="0" skip="0">buscar_usuarios</stat>
<stat pass="1" fail="0" skip="0">cadastrar_carrinho</stat>
<stat pass="1" fail="0" skip="0">cadastrar_produto</stat>
<stat pass="1" fail="0" skip="0">cadastrar_usuarios</stat>
<stat pass="0" fail="1" skip="0">conta_gmail</stat>
<stat pass="1" fail="0" skip="0">deletar_usuarios</stat>
<stat pass="1" fail="0" skip="0">delete_carrinhos</stat>
<stat pass="1" fail="0" skip="0">delete_produtos</stat>
<stat pass="1" fail="0" skip="0">editar_produtos</stat>
<stat pass="1" fail="0" skip="0">editar_usuarios</stat>
<stat pass="1" fail="0" skip="0">listar_carrinhos</stat>
<stat pass="1" fail="0" skip="0">listar_produtos</stat>
<stat pass="1" fail="0" skip="0">listar_usuarios</stat>
<stat pass="1" fail="0" skip="0">login_usuarios</stat>
<stat pass="0" fail="1" skip="0">produto_valor_float</stat>
<stat pass="1" fail="0" skip="0">senha_invalida</stat>
<stat pass="17" fail="2" skip="0">todos</stat>
</tag>
<suite>
<stat name="Tests" id="s1" pass="17" fail="2" skip="0">Tests</stat>
</suite>
</statistics>
<errors>
</errors>
</robot>
